05/25/2025 09:58:28 - WARNING - __main__ - Process rank: 0, device: cuda:0, n_gpu: 1, distributed training: False, 16-bits training: False
05/25/2025 09:58:28 - INFO - __main__ - Training/evaluation parameters TrainingArguments(
_n_gpu=1,
accelerator_config={'split_batches': False, 'dispatch_batches': None, 'even_batches': True, 'use_seedable_sampler': True, 'non_blocking': False, 'gradient_accumulation_kwargs': None, 'use_configured_state': False},
adafactor=False,
adam_beta1=0.9,
adam_beta2=0.999,
adam_epsilon=1e-08,
auto_find_batch_size=False,
average_tokens_across_devices=False,
batch_eval_metrics=False,
bf16=False,
bf16_full_eval=False,
data_seed=None,
dataloader_drop_last=False,
dataloader_num_workers=0,
dataloader_persistent_workers=False,
dataloader_pin_memory=True,
dataloader_prefetch_factor=None,
ddp_backend=None,
ddp_broadcast_buffers=None,
ddp_bucket_cap_mb=None,
ddp_find_unused_parameters=None,
ddp_timeout=1800,
debug=[],
deepspeed=None,
disable_tqdm=False,
do_eval=True,
do_predict=True,
do_train=True,
eval_accumulation_steps=None,
eval_delay=0,
eval_do_concat_batches=True,
eval_on_start=False,
eval_steps=None,
eval_strategy=epoch,
eval_use_gather_object=False,
fp16=False,
fp16_backend=auto,
fp16_full_eval=False,
fp16_opt_level=O1,
fsdp=[],
fsdp_config={'min_num_params': 0, 'xla': False, 'xla_fsdp_v2': False, 'xla_fsdp_grad_ckpt': False},
fsdp_min_num_params=0,
fsdp_transformer_layer_cls_to_wrap=None,
full_determinism=False,
gradient_accumulation_steps=1,
gradient_checkpointing=False,
gradient_checkpointing_kwargs=None,
greater_is_better=None,
group_by_length=False,
half_precision_backend=auto,
hub_always_push=False,
hub_model_id=None,
hub_private_repo=None,
hub_strategy=every_save,
hub_token=<HUB_TOKEN>,
ignore_data_skip=False,
include_for_metrics=[],
include_inputs_for_metrics=False,
include_num_input_tokens_seen=False,
include_tokens_per_second=False,
jit_mode_eval=False,
label_names=None,
label_smoothing_factor=0.0,
learning_rate=2e-05,
length_column_name=length,
load_best_model_at_end=False,
local_rank=0,
log_level=info,
log_level_replica=warning,
log_on_each_node=True,
logging_dir=/project/hrao/Meta-Resample/output/mit_movie_trivia_bert_run1/runs/May25_09-58-27_itiger01,
logging_first_step=False,
logging_nan_inf_filter=True,
logging_steps=500,
logging_strategy=epoch,
lr_scheduler_kwargs={},
lr_scheduler_type=linear,
max_grad_norm=1.0,
max_steps=-1,
metric_for_best_model=None,
mp_parameters=,
neftune_noise_alpha=None,
no_cuda=False,
num_train_epochs=8.0,
optim=adamw_torch,
optim_args=None,
optim_target_modules=None,
output_dir=/project/hrao/Meta-Resample/output/mit_movie_trivia_bert_run1,
overwrite_output_dir=True,
past_index=-1,
per_device_eval_batch_size=8,
per_device_train_batch_size=32,
prediction_loss_only=False,
push_to_hub=False,
push_to_hub_model_id=None,
push_to_hub_organization=None,
push_to_hub_token=<PUSH_TO_HUB_TOKEN>,
ray_scope=last,
remove_unused_columns=True,
report_to=['tensorboard'],
restore_callback_states_from_checkpoint=False,
resume_from_checkpoint=None,
run_name=/project/hrao/Meta-Resample/output/mit_movie_trivia_bert_run1,
save_on_each_node=False,
save_only_model=False,
save_safetensors=True,
save_steps=500,
save_strategy=steps,
save_total_limit=None,
seed=42,
skip_memory_metrics=True,
tf32=None,
torch_compile=False,
torch_compile_backend=None,
torch_compile_mode=None,
torch_empty_cache_steps=None,
torchdynamo=None,
tpu_metrics_debug=False,
tpu_num_cores=None,
use_cpu=False,
use_ipex=False,
use_legacy_prediction_loop=False,
use_liger_kernel=False,
use_mps_device=False,
warmup_ratio=0.0,
warmup_steps=0,
weight_decay=0.0,
)
[INFO|configuration_utils.py:698] 2025-05-25 09:58:28,559 >> loading configuration file config.json from cache at /home/hrao/.cache/huggingface/hub/models--google-bert--bert-base-uncased/snapshots/86b5e0934494bd15c9632b12f734a8a67f723594/config.json
[INFO|configuration_utils.py:770] 2025-05-25 09:58:28,563 >> Model config BertConfig {
  "architectures": [
    "BertForMaskedLM"
  ],
  "attention_probs_dropout_prob": 0.1,
  "classifier_dropout": null,
  "finetuning_task": "ner",
  "gradient_checkpointing": false,
  "hidden_act": "gelu",
  "hidden_dropout_prob": 0.1,
  "hidden_size": 768,
  "id2label": {
    "0": "LABEL_0",
    "1": "LABEL_1",
    "2": "LABEL_2",
    "3": "LABEL_3",
    "4": "LABEL_4",
    "5": "LABEL_5",
    "6": "LABEL_6",
    "7": "LABEL_7",
    "8": "LABEL_8",
    "9": "LABEL_9",
    "10": "LABEL_10",
    "11": "LABEL_11",
    "12": "LABEL_12",
    "13": "LABEL_13",
    "14": "LABEL_14",
    "15": "LABEL_15",
    "16": "LABEL_16",
    "17": "LABEL_17",
    "18": "LABEL_18",
    "19": "LABEL_19",
    "20": "LABEL_20",
    "21": "LABEL_21",
    "22": "LABEL_22",
    "23": "LABEL_23",
    "24": "LABEL_24"
  },
  "initializer_range": 0.02,
  "intermediate_size": 3072,
  "label2id": {
    "LABEL_0": 0,
    "LABEL_1": 1,
    "LABEL_10": 10,
    "LABEL_11": 11,
    "LABEL_12": 12,
    "LABEL_13": 13,
    "LABEL_14": 14,
    "LABEL_15": 15,
    "LABEL_16": 16,
    "LABEL_17": 17,
    "LABEL_18": 18,
    "LABEL_19": 19,
    "LABEL_2": 2,
    "LABEL_20": 20,
    "LABEL_21": 21,
    "LABEL_22": 22,
    "LABEL_23": 23,
    "LABEL_24": 24,
    "LABEL_3": 3,
    "LABEL_4": 4,
    "LABEL_5": 5,
    "LABEL_6": 6,
    "LABEL_7": 7,
    "LABEL_8": 8,
    "LABEL_9": 9
  },
  "layer_norm_eps": 1e-12,
  "max_position_embeddings": 512,
  "model_type": "bert",
  "num_attention_heads": 12,
  "num_hidden_layers": 12,
  "pad_token_id": 0,
  "position_embedding_type": "absolute",
  "transformers_version": "4.52.3",
  "type_vocab_size": 2,
  "use_cache": true,
  "vocab_size": 30522
}

[INFO|configuration_utils.py:698] 2025-05-25 09:58:28,624 >> loading configuration file config.json from cache at /home/hrao/.cache/huggingface/hub/models--google-bert--bert-base-uncased/snapshots/86b5e0934494bd15c9632b12f734a8a67f723594/config.json
[INFO|configuration_utils.py:770] 2025-05-25 09:58:28,624 >> Model config BertConfig {
  "architectures": [
    "BertForMaskedLM"
  ],
  "attention_probs_dropout_prob": 0.1,
  "classifier_dropout": null,
  "gradient_checkpointing": false,
  "hidden_act": "gelu",
  "hidden_dropout_prob": 0.1,
  "hidden_size": 768,
  "initializer_range": 0.02,
  "intermediate_size": 3072,
  "layer_norm_eps": 1e-12,
  "max_position_embeddings": 512,
  "model_type": "bert",
  "num_attention_heads": 12,
  "num_hidden_layers": 12,
  "pad_token_id": 0,
  "position_embedding_type": "absolute",
  "transformers_version": "4.52.3",
  "type_vocab_size": 2,
  "use_cache": true,
  "vocab_size": 30522
}

[INFO|tokenization_utils_base.py:2023] 2025-05-25 09:58:28,694 >> loading file vocab.txt from cache at /home/hrao/.cache/huggingface/hub/models--google-bert--bert-base-uncased/snapshots/86b5e0934494bd15c9632b12f734a8a67f723594/vocab.txt
[INFO|tokenization_utils_base.py:2023] 2025-05-25 09:58:28,694 >> loading file tokenizer.json from cache at /home/hrao/.cache/huggingface/hub/models--google-bert--bert-base-uncased/snapshots/86b5e0934494bd15c9632b12f734a8a67f723594/tokenizer.json
[INFO|tokenization_utils_base.py:2023] 2025-05-25 09:58:28,694 >> loading file added_tokens.json from cache at None
[INFO|tokenization_utils_base.py:2023] 2025-05-25 09:58:28,694 >> loading file special_tokens_map.json from cache at None
[INFO|tokenization_utils_base.py:2023] 2025-05-25 09:58:28,694 >> loading file tokenizer_config.json from cache at /home/hrao/.cache/huggingface/hub/models--google-bert--bert-base-uncased/snapshots/86b5e0934494bd15c9632b12f734a8a67f723594/tokenizer_config.json
[INFO|tokenization_utils_base.py:2023] 2025-05-25 09:58:28,694 >> loading file chat_template.jinja from cache at None
[INFO|configuration_utils.py:698] 2025-05-25 09:58:28,695 >> loading configuration file config.json from cache at /home/hrao/.cache/huggingface/hub/models--google-bert--bert-base-uncased/snapshots/86b5e0934494bd15c9632b12f734a8a67f723594/config.json
[INFO|configuration_utils.py:770] 2025-05-25 09:58:28,695 >> Model config BertConfig {
  "architectures": [
    "BertForMaskedLM"
  ],
  "attention_probs_dropout_prob": 0.1,
  "classifier_dropout": null,
  "gradient_checkpointing": false,
  "hidden_act": "gelu",
  "hidden_dropout_prob": 0.1,
  "hidden_size": 768,
  "initializer_range": 0.02,
  "intermediate_size": 3072,
  "layer_norm_eps": 1e-12,
  "max_position_embeddings": 512,
  "model_type": "bert",
  "num_attention_heads": 12,
  "num_hidden_layers": 12,
  "pad_token_id": 0,
  "position_embedding_type": "absolute",
  "transformers_version": "4.52.3",
  "type_vocab_size": 2,
  "use_cache": true,
  "vocab_size": 30522
}

[INFO|modeling_utils.py:1150] 2025-05-25 09:58:28,872 >> loading weights file model.safetensors from cache at /home/hrao/.cache/huggingface/hub/models--google-bert--bert-base-uncased/snapshots/86b5e0934494bd15c9632b12f734a8a67f723594/model.safetensors
[INFO|logging.py:343] 2025-05-25 09:58:28,890 >> A pretrained model of type `BertForTokenClassification` contains parameters that have been renamed internally (a few are listed below but more are present in the model):
* `cls.predictions.transform.LayerNorm.beta` -> `cls.predictions.transform.LayerNorm.bias`
* `cls.predictions.transform.LayerNorm.gamma` -> `cls.predictions.transform.LayerNorm.weight`
If you are using a model from the Hub, consider submitting a PR to adjust these weights and help future users.
[INFO|modeling_utils.py:5120] 2025-05-25 09:58:28,919 >> Some weights of the model checkpoint at google-bert/bert-base-uncased were not used when initializing BertForTokenClassification: ['bert.pooler.dense.bias', 'bert.pooler.dense.weight', 'cls.predictions.bias', 'cls.predictions.transform.LayerNorm.bias', 'cls.predictions.transform.LayerNorm.weight', 'cls.predictions.transform.dense.bias', 'cls.predictions.transform.dense.weight', 'cls.seq_relationship.bias', 'cls.seq_relationship.weight']
- This IS expected if you are initializing BertForTokenClassification from the checkpoint of a model trained on another task or with another architecture (e.g. initializing a BertForSequenceClassification model from a BertForPreTraining model).
- This IS NOT expected if you are initializing BertForTokenClassification from the checkpoint of a model that you expect to be exactly identical (initializing a BertForSequenceClassification model from a BertForSequenceClassification model).
[WARNING|modeling_utils.py:5132] 2025-05-25 09:58:28,919 >> Some weights of BertForTokenClassification were not initialized from the model checkpoint at google-bert/bert-base-uncased and are newly initialized: ['classifier.bias', 'classifier.weight']
You should probably TRAIN this model on a down-stream task to be able to use it for predictions and inference.

Adding original indices to train dataset:   0%|          | 0/6816 [00:00<?, ? examples/s]
Adding original indices to train dataset:  99%|█████████▉| 6756/6816 [00:00<00:00, 67285.74 examples/s]
Adding original indices to train dataset: 100%|██████████| 6816/6816 [00:00<00:00, 64717.36 examples/s]
05/25/2025 09:58:29 - INFO - __main__ - Adding original_idx for hardness-aware sampling.

Running tokenizer on train dataset:   0%|          | 0/6816 [00:00<?, ? examples/s]
Running tokenizer on train dataset:  29%|██▉       | 2000/6816 [00:00<00:00, 19009.93 examples/s]
Running tokenizer on train dataset:  73%|███████▎  | 5000/6816 [00:00<00:00, 19647.49 examples/s]
Running tokenizer on train dataset: 100%|██████████| 6816/6816 [00:00<00:00, 19504.53 examples/s]
05/25/2025 09:58:29 - INFO - __main__ - Train dataset columns after tokenization: ['tokens', 'ner_tags', 'original_idx', 'input_ids', 'token_type_ids', 'attention_mask', 'labels']

Running tokenizer on validation dataset:   0%|          | 0/1000 [00:00<?, ? examples/s]
Running tokenizer on validation dataset: 100%|██████████| 1000/1000 [00:00<00:00, 19316.66 examples/s]

Running tokenizer on prediction dataset:   0%|          | 0/1953 [00:00<?, ? examples/s]
Running tokenizer on prediction dataset: 100%|██████████| 1953/1953 [00:00<00:00, 19811.58 examples/s]
05/25/2025 09:58:29 - INFO - __main__ - Using CustomDataCollatorForTokenClassification for hardness-aware sampling.
05/25/2025 09:58:29 - INFO - __main__ - Enabling HardnessAwareTrainer.
/project/hrao/Meta-Resample/step_1/custom_trainer.py:21: FutureWarning: `tokenizer` is deprecated and will be removed in version 5.0.0 for `HardnessAwareTrainer.__init__`. Use `processing_class` instead.
  super().__init__(*args, **kwargs)
[INFO|trainer.py:934] 2025-05-25 09:58:30,407 >> The following columns in the Training set don't have a corresponding argument in `BertForTokenClassification.forward` and have been ignored: tokens, ner_tags, original_idx. If tokens, ner_tags, original_idx are not expected by `BertForTokenClassification.forward`,  you can safely ignore this message.
[INFO|trainer.py:2409] 2025-05-25 09:58:30,413 >> ***** Running training *****
[INFO|trainer.py:2410] 2025-05-25 09:58:30,413 >>   Num examples = 6,816
[INFO|trainer.py:2411] 2025-05-25 09:58:30,413 >>   Num Epochs = 8
[INFO|trainer.py:2412] 2025-05-25 09:58:30,413 >>   Instantaneous batch size per device = 32
[INFO|trainer.py:2415] 2025-05-25 09:58:30,413 >>   Total train batch size (w. parallel, distributed & accumulation) = 32
[INFO|trainer.py:2416] 2025-05-25 09:58:30,413 >>   Gradient Accumulation steps = 1
[INFO|trainer.py:2417] 2025-05-25 09:58:30,413 >>   Total optimization steps = 1,704
[INFO|trainer.py:2418] 2025-05-25 09:58:30,413 >>   Number of trainable parameters = 108,910,873

  0%|          | 0/1704 [00:00<?, ?it/s]
  0%|          | 1/1704 [00:00<06:45,  4.20it/s]
  0%|          | 3/1704 [00:00<02:54,  9.75it/s]
  0%|          | 6/1704 [00:00<01:58, 14.33it/s]
  0%|          | 8/1704 [00:00<01:46, 15.91it/s]
  1%|          | 11/1704 [00:00<01:35, 17.80it/s]
  1%|          | 14/1704 [00:00<01:31, 18.55it/s]
  1%|          | 16/1704 [00:01<01:31, 18.37it/s]
  1%|          | 19/1704 [00:01<01:27, 19.24it/s]
  1%|          | 21/1704 [00:01<01:27, 19.34it/s]
  1%|▏         | 24/1704 [00:01<01:24, 19.95it/s]
  2%|▏         | 27/1704 [00:01<01:24, 19.92it/s]
  2%|▏         | 29/1704 [00:01<01:26, 19.29it/s]
  2%|▏         | 31/1704 [00:01<01:26, 19.38it/s]
  2%|▏         | 34/1704 [00:01<01:24, 19.66it/s]
  2%|▏         | 37/1704 [00:02<01:22, 20.23it/s]
  2%|▏         | 40/1704 [00:02<01:21, 20.37it/s]
  3%|▎         | 43/1704 [00:02<01:23, 19.92it/s]
  3%|▎         | 45/1704 [00:02<01:23, 19.76it/s]
  3%|▎         | 48/1704 [00:02<01:22, 20.01it/s]
  3%|▎         | 50/1704 [00:02<01:23, 19.88it/s]
  3%|▎         | 53/1704 [00:02<01:21, 20.36it/s]
  3%|▎         | 56/1704 [00:02<01:19, 20.62it/s]
  3%|▎         | 59/1704 [00:03<01:19, 20.59it/s]
  4%|▎         | 62/1704 [00:03<01:19, 20.55it/s]
  4%|▍         | 65/1704 [00:03<01:18, 20.80it/s]
  4%|▍         | 68/1704 [00:03<01:18, 20.90it/s]
  4%|▍         | 71/1704 [00:03<01:18, 20.93it/s]
  4%|▍         | 74/1704 [00:03<01:17, 21.07it/s]
  5%|▍         | 77/1704 [00:03<01:16, 21.25it/s]
  5%|▍         | 80/1704 [00:04<01:16, 21.26it/s]
  5%|▍         | 83/1704 [00:04<01:17, 20.80it/s]
  5%|▌         | 86/1704 [00:04<01:17, 20.79it/s]
  5%|▌         | 89/1704 [00:04<01:17, 20.80it/s]
  5%|▌         | 92/1704 [00:04<01:17, 20.69it/s]
  6%|▌         | 95/1704 [00:04<01:20, 20.09it/s]
  6%|▌         | 98/1704 [00:05<01:18, 20.35it/s]
  6%|▌         | 101/1704 [00:05<01:18, 20.55it/s]
  6%|▌         | 104/1704 [00:05<01:17, 20.77it/s]
  6%|▋         | 107/1704 [00:05<01:17, 20.50it/s]
  6%|▋         | 110/1704 [00:05<01:17, 20.64it/s]
  7%|▋         | 113/1704 [00:05<01:18, 20.37it/s]
  7%|▋         | 116/1704 [00:05<01:17, 20.49it/s]
  7%|▋         | 119/1704 [00:06<01:16, 20.76it/s]
  7%|▋         | 122/1704 [00:06<01:15, 20.84it/s]
  7%|▋         | 125/1704 [00:06<01:16, 20.62it/s]
  8%|▊         | 128/1704 [00:06<01:16, 20.51it/s]
  8%|▊         | 131/1704 [00:06<01:16, 20.46it/s]
  8%|▊         | 134/1704 [00:06<01:18, 19.97it/s]
  8%|▊         | 137/1704 [00:06<01:17, 20.32it/s]
  8%|▊         | 140/1704 [00:07<01:17, 20.22it/s]
  8%|▊         | 143/1704 [00:07<01:17, 20.20it/s]
  9%|▊         | 146/1704 [00:07<01:16, 20.43it/s]
  9%|▊         | 149/1704 [00:07<01:15, 20.62it/s]
  9%|▉         | 152/1704 [00:07<01:18, 19.73it/s]
  9%|▉         | 155/1704 [00:07<01:17, 20.09it/s]
  9%|▉         | 158/1704 [00:07<01:17, 19.86it/s]
  9%|▉         | 161/1704 [00:08<01:16, 20.25it/s]
 10%|▉         | 164/1704 [00:08<01:16, 20.12it/s]
 10%|▉         | 167/1704 [00:08<01:16, 20.10it/s]
 10%|▉         | 170/1704 [00:08<01:16, 20.06it/s]
 10%|█         | 173/1704 [00:08<01:16, 19.94it/s]
 10%|█         | 175/1704 [00:08<01:16, 19.88it/s]
 10%|█         | 178/1704 [00:08<01:16, 20.05it/s]
 11%|█         | 181/1704 [00:09<01:14, 20.32it/s]
 11%|█         | 184/1704 [00:09<01:16, 19.91it/s]
 11%|█         | 187/1704 [00:09<01:14, 20.31it/s]
 11%|█         | 190/1704 [00:09<01:15, 19.92it/s]
 11%|█▏        | 193/1704 [00:09<01:15, 20.06it/s]
 12%|█▏        | 196/1704 [00:09<01:13, 20.42it/s]
 12%|█▏        | 199/1704 [00:09<01:12, 20.66it/s]
 12%|█▏        | 202/1704 [00:10<01:11, 20.87it/s]
 12%|█▏        | 205/1704 [00:10<01:12, 20.71it/s]
 12%|█▏        | 208/1704 [00:10<01:13, 20.42it/s]
 12%|█▏        | 211/1704 [00:10<01:13, 20.26it/s]
                                                  

 12%|█▎        | 213/1704 [00:10<01:13, 20.26it/s][INFO|trainer.py:934] 2025-05-25 09:58:41,093 >> The following columns in the Evaluation set don't have a corresponding argument in `BertForTokenClassification.forward` and have been ignored: tokens, ner_tags. If tokens, ner_tags are not expected by `BertForTokenClassification.forward`,  you can safely ignore this message.
[INFO|trainer.py:4327] 2025-05-25 09:58:41,095 >> 
***** Running Evaluation *****
[INFO|trainer.py:4329] 2025-05-25 09:58:41,095 >>   Num examples = 1000
[INFO|trainer.py:4332] 2025-05-25 09:58:41,095 >>   Batch size = 8
{'loss': 0.7289, 'grad_norm': 1.7465016841888428, 'learning_rate': 1.7511737089201878e-05, 'epoch': 1.0}


  0%|          | 0/125 [00:00<?, ?it/s][A

 10%|▉         | 12/125 [00:00<00:01, 112.47it/s][A

 19%|█▉        | 24/125 [00:00<00:00, 105.66it/s][A

 28%|██▊       | 35/125 [00:00<00:00, 104.90it/s][A

 37%|███▋      | 46/125 [00:00<00:00, 104.42it/s][A

 46%|████▌     | 57/125 [00:00<00:00, 103.91it/s][A

 54%|█████▍    | 68/125 [00:00<00:00, 103.24it/s][A

 63%|██████▎   | 79/125 [00:00<00:00, 103.38it/s][A

 72%|███████▏  | 90/125 [00:00<00:00, 103.22it/s][A

 81%|████████  | 101/125 [00:00<00:00, 103.00it/s][A

 90%|████████▉ | 112/125 [00:01<00:00, 103.24it/s][A

 98%|█████████▊| 123/125 [00:01<00:00, 103.62it/s][A/project/hrao/miniconda3/envs/imbalance_env/lib/python3.10/site-packages/seqeval/metrics/v1.py:57: UndefinedMetricWarning: Precision and F-score are ill-defined and being set to 0.0 in labels with no predicted samples. Use `zero_division` parameter to control this behavior.
  _warn_prf(average, modifier, msg_start, len(result))

                                                  

                                                  
[A
 12%|█▎        | 213/1704 [00:12<01:13, 20.26it/s]

100%|██████████| 125/125 [00:01<00:00, 103.62it/s][A

                                                  [A
 13%|█▎        | 214/1704 [00:12<04:50,  5.13it/s]
 13%|█▎        | 216/1704 [00:12<04:02,  6.14it/s]
 13%|█▎        | 218/1704 [00:12<03:21,  7.36it/s]
 13%|█▎        | 221/1704 [00:12<02:36,  9.46it/s]
 13%|█▎        | 224/1704 [00:12<02:09, 11.47it/s]
 13%|█▎        | 226/1704 [00:12<01:56, 12.65it/s]
 13%|█▎        | 228/1704 [00:12<01:46, 13.90it/s]
 13%|█▎        | 230/1704 [00:12<01:38, 14.97it/s]
 14%|█▎        | 233/1704 [00:13<01:27, 16.80it/s]
 14%|█▍        | 235/1704 [00:13<01:24, 17.47it/s]
 14%|█▍        | 237/1704 [00:13<01:21, 18.05it/s]
 14%|█▍        | 240/1704 [00:13<01:17, 18.80it/s]
 14%|█▍        | 243/1704 [00:13<01:15, 19.37it/s]
 14%|█▍        | 246/1704 [00:13<01:14, 19.66it/s]
 15%|█▍        | 249/1704 [00:13<01:11, 20.23it/s]
 15%|█▍        | 252/1704 [00:14<01:10, 20.60it/s]
 15%|█▍        | 255/1704 [00:14<01:09, 20.90it/s]
 15%|█▌        | 258/1704 [00:14<01:08, 21.02it/s]
 15%|█▌        | 261/1704 [00:14<01:08, 21.06it/s]
 15%|█▌        | 264/1704 [00:14<01:08, 21.03it/s]
 16%|█▌        | 267/1704 [00:14<01:08, 21.12it/s]
 16%|█▌        | 270/1704 [00:14<01:07, 21.15it/s]
 16%|█▌        | 273/1704 [00:15<01:07, 21.16it/s]
 16%|█▌        | 276/1704 [00:15<01:07, 21.09it/s]
 16%|█▋        | 279/1704 [00:15<01:07, 21.17it/s]
 17%|█▋        | 282/1704 [00:15<01:08, 20.90it/s]
 17%|█▋        | 285/1704 [00:15<01:08, 20.78it/s]
 17%|█▋        | 288/1704 [00:15<01:09, 20.51it/s]
 17%|█▋        | 291/1704 [00:15<01:08, 20.76it/s]
 17%|█▋        | 294/1704 [00:16<01:07, 20.95it/s]
 17%|█▋        | 297/1704 [00:16<01:09, 20.27it/s]
 18%|█▊        | 300/1704 [00:16<01:08, 20.44it/s]
 18%|█▊        | 303/1704 [00:16<01:08, 20.38it/s]
 18%|█▊        | 306/1704 [00:16<01:08, 20.34it/s]
 18%|█▊        | 309/1704 [00:16<01:08, 20.25it/s]
 18%|█▊        | 312/1704 [00:16<01:08, 20.18it/s]
 18%|█▊        | 315/1704 [00:17<01:07, 20.49it/s]
 19%|█▊        | 318/1704 [00:17<01:06, 20.75it/s]
 19%|█▉        | 321/1704 [00:17<01:06, 20.84it/s]
 19%|█▉        | 324/1704 [00:17<01:06, 20.66it/s]
 19%|█▉        | 327/1704 [00:17<01:07, 20.34it/s]
 19%|█▉        | 330/1704 [00:17<01:06, 20.55it/s]
 20%|█▉        | 333/1704 [00:17<01:07, 20.45it/s]
 20%|█▉        | 336/1704 [00:18<01:06, 20.44it/s]
 20%|█▉        | 339/1704 [00:18<01:08, 20.06it/s]
 20%|██        | 342/1704 [00:18<01:07, 20.32it/s]
 20%|██        | 345/1704 [00:18<01:07, 20.27it/s]
 20%|██        | 348/1704 [00:18<01:06, 20.52it/s]
 21%|██        | 351/1704 [00:18<01:07, 20.13it/s]
 21%|██        | 354/1704 [00:18<01:06, 20.34it/s]
 21%|██        | 357/1704 [00:19<01:07, 20.05it/s]
 21%|██        | 360/1704 [00:19<01:06, 20.24it/s]
 21%|██▏       | 363/1704 [00:19<01:05, 20.47it/s]
 21%|██▏       | 366/1704 [00:19<01:06, 20.23it/s]
 22%|██▏       | 369/1704 [00:19<01:05, 20.51it/s]
 22%|██▏       | 372/1704 [00:19<01:04, 20.63it/s]
 22%|██▏       | 375/1704 [00:20<01:04, 20.57it/s]
 22%|██▏       | 378/1704 [00:20<01:03, 20.72it/s]
 22%|██▏       | 381/1704 [00:20<01:04, 20.60it/s]
 23%|██▎       | 384/1704 [00:20<01:04, 20.54it/s]
 23%|██▎       | 387/1704 [00:20<01:03, 20.72it/s]
 23%|██▎       | 390/1704 [00:20<01:03, 20.62it/s]
 23%|██▎       | 393/1704 [00:20<01:04, 20.32it/s]
 23%|██▎       | 396/1704 [00:21<01:03, 20.53it/s]
 23%|██▎       | 399/1704 [00:21<01:05, 19.95it/s]
 24%|██▎       | 402/1704 [00:21<01:03, 20.38it/s]
 24%|██▍       | 405/1704 [00:21<01:03, 20.58it/s]
 24%|██▍       | 408/1704 [00:21<01:05, 19.87it/s]
 24%|██▍       | 410/1704 [00:21<01:05, 19.83it/s]
 24%|██▍       | 412/1704 [00:21<01:06, 19.47it/s]
 24%|██▍       | 414/1704 [00:21<01:05, 19.60it/s]
 24%|██▍       | 416/1704 [00:22<01:05, 19.60it/s]
 25%|██▍       | 418/1704 [00:22<01:05, 19.70it/s]
 25%|██▍       | 421/1704 [00:22<01:03, 20.17it/s]
 25%|██▍       | 424/1704 [00:22<01:03, 20.02it/s]
                                                  

 25%|██▌       | 426/1704 [00:22<01:03, 20.02it/s][INFO|trainer.py:934] 2025-05-25 09:58:52,968 >> The following columns in the Evaluation set don't have a corresponding argument in `BertForTokenClassification.forward` and have been ignored: tokens, ner_tags. If tokens, ner_tags are not expected by `BertForTokenClassification.forward`,  you can safely ignore this message.
[INFO|trainer.py:4327] 2025-05-25 09:58:52,970 >> 
***** Running Evaluation *****
[INFO|trainer.py:4329] 2025-05-25 09:58:52,970 >>   Num examples = 1000
[INFO|trainer.py:4332] 2025-05-25 09:58:52,970 >>   Batch size = 8
{'eval_loss': 0.41701266169548035, 'eval_overall_precision': 0.6021366137908708, 'eval_overall_recall': 0.6823184152604549, 'eval_overall_f1': 0.6397248495270851, 'eval_overall_accuracy': 0.8711261725848436, 'eval_runtime': 1.4354, 'eval_samples_per_second': 696.664, 'eval_steps_per_second': 87.083, 'epoch': 1.0}
{'loss': 0.3391, 'grad_norm': 1.7719875574111938, 'learning_rate': 1.5011737089201878e-05, 'epoch': 2.0}


  0%|          | 0/125 [00:00<?, ?it/s][A

 10%|▉         | 12/125 [00:00<00:00, 113.59it/s][A

 19%|█▉        | 24/125 [00:00<00:00, 106.65it/s][A

 28%|██▊       | 35/125 [00:00<00:00, 105.73it/s][A

 37%|███▋      | 46/125 [00:00<00:00, 105.05it/s][A

 46%|████▌     | 57/125 [00:00<00:00, 104.43it/s][A

 54%|█████▍    | 68/125 [00:00<00:00, 103.56it/s][A

 63%|██████▎   | 79/125 [00:00<00:00, 103.26it/s][A

 72%|███████▏  | 90/125 [00:00<00:00, 103.22it/s][A

 81%|████████  | 101/125 [00:00<00:00, 103.05it/s][A

 90%|████████▉ | 112/125 [00:01<00:00, 103.37it/s][A

 98%|█████████▊| 123/125 [00:01<00:00, 103.71it/s][A
                                                  

                                                  
[A
 25%|██▌       | 426/1704 [00:23<01:03, 20.02it/s]

100%|██████████| 125/125 [00:01<00:00, 103.71it/s][A

                                                  [A
 25%|██▌       | 427/1704 [00:24<04:26,  4.79it/s]
 25%|██▌       | 429/1704 [00:24<03:37,  5.86it/s]
 25%|██▌       | 432/1704 [00:24<02:44,  7.74it/s]
 26%|██▌       | 435/1704 [00:24<02:09,  9.77it/s]
 26%|██▌       | 438/1704 [00:24<01:47, 11.81it/s]
 26%|██▌       | 441/1704 [00:24<01:33, 13.51it/s]
 26%|██▌       | 443/1704 [00:24<01:26, 14.50it/s]
 26%|██▌       | 446/1704 [00:24<01:18, 16.03it/s]
 26%|██▋       | 448/1704 [00:25<01:15, 16.61it/s]
 26%|██▋       | 450/1704 [00:25<01:12, 17.27it/s]
 27%|██▋       | 452/1704 [00:25<01:10, 17.81it/s]
 27%|██▋       | 455/1704 [00:25<01:06, 18.66it/s]
 27%|██▋       | 457/1704 [00:25<01:05, 18.97it/s]
 27%|██▋       | 459/1704 [00:25<01:05, 18.91it/s]
 27%|██▋       | 462/1704 [00:25<01:03, 19.61it/s]
 27%|██▋       | 465/1704 [00:25<01:02, 19.87it/s]
 27%|██▋       | 468/1704 [00:26<01:01, 20.08it/s]
 28%|██▊       | 471/1704 [00:26<01:03, 19.49it/s]
 28%|██▊       | 474/1704 [00:26<01:02, 19.78it/s]
 28%|██▊       | 477/1704 [00:26<01:02, 19.78it/s]
 28%|██▊       | 480/1704 [00:26<01:00, 20.21it/s]
 28%|██▊       | 483/1704 [00:26<01:01, 19.79it/s]
 29%|██▊       | 486/1704 [00:26<01:00, 20.13it/s]
 29%|██▊       | 489/1704 [00:27<00:59, 20.43it/s]
 29%|██▉       | 492/1704 [00:27<01:00, 20.12it/s]
 29%|██▉       | 495/1704 [00:27<01:01, 19.54it/s]
 29%|██▉       | 498/1704 [00:27<01:00, 19.95it/s][INFO|trainer.py:3993] 2025-05-25 09:58:58,104 >> Saving model checkpoint to /project/hrao/Meta-Resample/output/mit_movie_trivia_bert_run1/checkpoint-500
[INFO|configuration_utils.py:424] 2025-05-25 09:58:58,106 >> Configuration saved in /project/hrao/Meta-Resample/output/mit_movie_trivia_bert_run1/checkpoint-500/config.json
[INFO|modeling_utils.py:3724] 2025-05-25 09:58:58,975 >> Model weights saved in /project/hrao/Meta-Resample/output/mit_movie_trivia_bert_run1/checkpoint-500/model.safetensors
[INFO|tokenization_utils_base.py:2525] 2025-05-25 09:58:59,001 >> tokenizer config file saved in /project/hrao/Meta-Resample/output/mit_movie_trivia_bert_run1/checkpoint-500/tokenizer_config.json
[INFO|tokenization_utils_base.py:2534] 2025-05-25 09:58:59,016 >> Special tokens file saved in /project/hrao/Meta-Resample/output/mit_movie_trivia_bert_run1/checkpoint-500/special_tokens_map.json

 29%|██▉       | 501/1704 [00:30<07:00,  2.86it/s]
 30%|██▉       | 503/1704 [00:30<05:40,  3.53it/s]
 30%|██▉       | 505/1704 [00:30<04:32,  4.40it/s]
 30%|██▉       | 507/1704 [00:31<03:39,  5.46it/s]
 30%|██▉       | 510/1704 [00:31<02:41,  7.37it/s]
 30%|███       | 513/1704 [00:31<02:06,  9.38it/s]
 30%|███       | 516/1704 [00:31<01:44, 11.39it/s]
 30%|███       | 519/1704 [00:31<01:29, 13.30it/s]
 31%|███       | 522/1704 [00:31<01:18, 15.02it/s]
 31%|███       | 525/1704 [00:31<01:11, 16.55it/s]
 31%|███       | 528/1704 [00:32<01:07, 17.52it/s]
 31%|███       | 531/1704 [00:32<01:03, 18.35it/s]
 31%|███▏      | 534/1704 [00:32<01:02, 18.77it/s]
 32%|███▏      | 537/1704 [00:32<01:00, 19.42it/s]
 32%|███▏      | 540/1704 [00:32<01:00, 19.19it/s]
 32%|███▏      | 542/1704 [00:32<01:00, 19.10it/s]
 32%|███▏      | 545/1704 [00:32<00:58, 19.82it/s]
 32%|███▏      | 548/1704 [00:33<00:57, 20.27it/s]
 32%|███▏      | 551/1704 [00:33<00:57, 20.17it/s]
 33%|███▎      | 554/1704 [00:33<00:57, 20.01it/s]
 33%|███▎      | 557/1704 [00:33<00:57, 20.04it/s]
 33%|███▎      | 560/1704 [00:33<00:56, 20.12it/s]
 33%|███▎      | 563/1704 [00:33<00:56, 20.14it/s]
 33%|███▎      | 566/1704 [00:33<00:55, 20.49it/s]
 33%|███▎      | 569/1704 [00:34<00:55, 20.32it/s]
 34%|███▎      | 572/1704 [00:34<00:55, 20.57it/s]
 34%|███▎      | 575/1704 [00:34<00:56, 20.04it/s]
 34%|███▍      | 578/1704 [00:34<00:56, 20.02it/s]
 34%|███▍      | 581/1704 [00:34<00:55, 20.38it/s]
 34%|███▍      | 584/1704 [00:34<00:54, 20.67it/s]
 34%|███▍      | 587/1704 [00:34<00:54, 20.60it/s]
 35%|███▍      | 590/1704 [00:35<00:54, 20.40it/s]
 35%|███▍      | 593/1704 [00:35<00:54, 20.39it/s]
 35%|███▍      | 596/1704 [00:35<00:53, 20.59it/s]
 35%|███▌      | 599/1704 [00:35<00:54, 20.20it/s]
 35%|███▌      | 602/1704 [00:35<00:54, 20.36it/s]
 36%|███▌      | 605/1704 [00:35<00:53, 20.62it/s]
 36%|███▌      | 608/1704 [00:35<00:53, 20.47it/s]
 36%|███▌      | 611/1704 [00:36<00:53, 20.58it/s]
 36%|███▌      | 614/1704 [00:36<00:53, 20.45it/s]
 36%|███▌      | 617/1704 [00:36<00:52, 20.63it/s]
 36%|███▋      | 620/1704 [00:36<00:52, 20.75it/s]
 37%|███▋      | 623/1704 [00:36<00:52, 20.56it/s]
 37%|███▋      | 626/1704 [00:36<00:52, 20.42it/s]
 37%|███▋      | 629/1704 [00:37<00:53, 20.26it/s]
 37%|███▋      | 632/1704 [00:37<00:53, 20.22it/s]
 37%|███▋      | 635/1704 [00:37<00:52, 20.54it/s]
 37%|███▋      | 638/1704 [00:37<00:51, 20.67it/s]
                                                  

 38%|███▊      | 639/1704 [00:37<00:51, 20.67it/s][INFO|trainer.py:934] 2025-05-25 09:59:07,928 >> The following columns in the Evaluation set don't have a corresponding argument in `BertForTokenClassification.forward` and have been ignored: tokens, ner_tags. If tokens, ner_tags are not expected by `BertForTokenClassification.forward`,  you can safely ignore this message.
[INFO|trainer.py:4327] 2025-05-25 09:59:07,930 >> 
***** Running Evaluation *****
[INFO|trainer.py:4329] 2025-05-25 09:59:07,930 >>   Num examples = 1000
[INFO|trainer.py:4332] 2025-05-25 09:59:07,930 >>   Batch size = 8
{'eval_loss': 0.3848862051963806, 'eval_overall_precision': 0.6346027577150362, 'eval_overall_recall': 0.7090975788701394, 'eval_overall_f1': 0.6697851697851698, 'eval_overall_accuracy': 0.8823731643828888, 'eval_runtime': 1.4294, 'eval_samples_per_second': 699.596, 'eval_steps_per_second': 87.449, 'epoch': 2.0}
{'loss': 0.2761, 'grad_norm': 2.1100993156433105, 'learning_rate': 1.2511737089201879e-05, 'epoch': 3.0}


  0%|          | 0/125 [00:00<?, ?it/s][A

 10%|▉         | 12/125 [00:00<00:00, 113.68it/s][A

 19%|█▉        | 24/125 [00:00<00:00, 106.63it/s][A

 28%|██▊       | 35/125 [00:00<00:00, 105.78it/s][A

 37%|███▋      | 46/125 [00:00<00:00, 105.09it/s][A

 46%|████▌     | 57/125 [00:00<00:00, 104.51it/s][A

 54%|█████▍    | 68/125 [00:00<00:00, 103.84it/s][A

 63%|██████▎   | 79/125 [00:00<00:00, 103.90it/s][A

 72%|███████▏  | 90/125 [00:00<00:00, 103.65it/s][A

 81%|████████  | 101/125 [00:00<00:00, 103.39it/s][A

 90%|████████▉ | 112/125 [00:01<00:00, 103.61it/s][A

 98%|█████████▊| 123/125 [00:01<00:00, 103.94it/s][A/project/hrao/miniconda3/envs/imbalance_env/lib/python3.10/site-packages/seqeval/metrics/v1.py:57: UndefinedMetricWarning: Precision and F-score are ill-defined and being set to 0.0 in labels with no predicted samples. Use `zero_division` parameter to control this behavior.
  _warn_prf(average, modifier, msg_start, len(result))

                                                  

                                                  
[A
 38%|███▊      | 639/1704 [00:38<00:51, 20.67it/s]

100%|██████████| 125/125 [00:01<00:00, 103.94it/s][A

                                                  [A
 38%|███▊      | 641/1704 [00:39<03:26,  5.15it/s]
 38%|███▊      | 643/1704 [00:39<02:52,  6.15it/s]
 38%|███▊      | 646/1704 [00:39<02:12,  7.98it/s]
 38%|███▊      | 648/1704 [00:39<01:53,  9.28it/s]
 38%|███▊      | 651/1704 [00:39<01:31, 11.48it/s]
 38%|███▊      | 654/1704 [00:39<01:18, 13.32it/s]
 38%|███▊      | 656/1704 [00:39<01:12, 14.39it/s]
 39%|███▊      | 658/1704 [00:39<01:09, 15.12it/s]
 39%|███▉      | 661/1704 [00:40<01:01, 16.84it/s]
 39%|███▉      | 664/1704 [00:40<00:57, 18.06it/s]
 39%|███▉      | 667/1704 [00:40<00:54, 18.93it/s]
 39%|███▉      | 670/1704 [00:40<00:54, 18.91it/s]
 39%|███▉      | 672/1704 [00:40<00:54, 19.09it/s]
 40%|███▉      | 675/1704 [00:40<00:52, 19.69it/s]
 40%|███▉      | 678/1704 [00:40<00:50, 20.18it/s]
 40%|███▉      | 681/1704 [00:41<00:50, 20.45it/s]
 40%|████      | 684/1704 [00:41<00:49, 20.70it/s]
 40%|████      | 687/1704 [00:41<00:50, 20.32it/s]
 40%|████      | 690/1704 [00:41<00:50, 20.26it/s]
 41%|████      | 693/1704 [00:41<00:49, 20.31it/s]
 41%|████      | 696/1704 [00:41<00:49, 20.37it/s]
 41%|████      | 699/1704 [00:41<00:49, 20.41it/s]
 41%|████      | 702/1704 [00:42<00:49, 20.43it/s]
 41%|████▏     | 705/1704 [00:42<00:48, 20.72it/s]
 42%|████▏     | 708/1704 [00:42<00:47, 20.82it/s]
 42%|████▏     | 711/1704 [00:42<00:47, 20.95it/s]
 42%|████▏     | 714/1704 [00:42<00:47, 20.93it/s]
 42%|████▏     | 717/1704 [00:42<00:46, 21.05it/s]
 42%|████▏     | 720/1704 [00:42<00:47, 20.93it/s]
 42%|████▏     | 723/1704 [00:43<00:47, 20.83it/s]
 43%|████▎     | 726/1704 [00:43<00:47, 20.54it/s]
 43%|████▎     | 729/1704 [00:43<00:47, 20.53it/s]
 43%|████▎     | 732/1704 [00:43<00:47, 20.38it/s]
 43%|████▎     | 735/1704 [00:43<00:47, 20.25it/s]
 43%|████▎     | 738/1704 [00:43<00:46, 20.59it/s]
 43%|████▎     | 741/1704 [00:43<00:46, 20.57it/s]
 44%|████▎     | 744/1704 [00:44<00:47, 20.18it/s]
 44%|████▍     | 747/1704 [00:44<00:47, 20.01it/s]
 44%|████▍     | 750/1704 [00:44<00:48, 19.77it/s]
 44%|████▍     | 753/1704 [00:44<00:47, 20.00it/s]
 44%|████▍     | 756/1704 [00:44<00:47, 20.11it/s]
 45%|████▍     | 759/1704 [00:44<00:47, 20.07it/s]
 45%|████▍     | 762/1704 [00:44<00:47, 19.70it/s]
 45%|████▍     | 765/1704 [00:45<00:46, 19.99it/s]
 45%|████▌     | 768/1704 [00:45<00:46, 20.01it/s]
 45%|████▌     | 771/1704 [00:45<00:46, 20.18it/s]
 45%|████▌     | 774/1704 [00:45<00:46, 19.95it/s]
 46%|████▌     | 776/1704 [00:45<00:46, 19.87it/s]
 46%|████▌     | 778/1704 [00:45<00:46, 19.84it/s]
 46%|████▌     | 781/1704 [00:45<00:45, 20.26it/s]
 46%|████▌     | 784/1704 [00:46<00:45, 20.29it/s]
 46%|████▌     | 787/1704 [00:46<00:44, 20.47it/s]
 46%|████▋     | 790/1704 [00:46<00:44, 20.65it/s]
 47%|████▋     | 793/1704 [00:46<00:43, 20.78it/s]
 47%|████▋     | 796/1704 [00:46<00:44, 20.41it/s]
 47%|████▋     | 799/1704 [00:46<00:43, 20.68it/s]
 47%|████▋     | 802/1704 [00:46<00:43, 20.58it/s]
 47%|████▋     | 805/1704 [00:47<00:43, 20.70it/s]
 47%|████▋     | 808/1704 [00:47<00:43, 20.80it/s]
 48%|████▊     | 811/1704 [00:47<00:42, 20.79it/s]
 48%|████▊     | 814/1704 [00:47<00:43, 20.53it/s]
 48%|████▊     | 817/1704 [00:47<00:43, 20.53it/s]
 48%|████▊     | 820/1704 [00:47<00:42, 20.70it/s]
 48%|████▊     | 823/1704 [00:47<00:43, 20.49it/s]
 48%|████▊     | 826/1704 [00:48<00:42, 20.86it/s]
 49%|████▊     | 829/1704 [00:48<00:41, 20.95it/s]
 49%|████▉     | 832/1704 [00:48<00:41, 20.85it/s]
 49%|████▉     | 835/1704 [00:48<00:42, 20.44it/s]
 49%|████▉     | 838/1704 [00:48<00:43, 20.13it/s]
 49%|████▉     | 841/1704 [00:48<00:42, 20.49it/s]
 50%|████▉     | 844/1704 [00:48<00:42, 20.09it/s]
 50%|████▉     | 847/1704 [00:49<00:43, 19.88it/s]
 50%|████▉     | 850/1704 [00:49<00:42, 20.32it/s]
                                                  

 50%|█████     | 852/1704 [00:49<00:41, 20.32it/s][INFO|trainer.py:934] 2025-05-25 09:59:19,817 >> The following columns in the Evaluation set don't have a corresponding argument in `BertForTokenClassification.forward` and have been ignored: tokens, ner_tags. If tokens, ner_tags are not expected by `BertForTokenClassification.forward`,  you can safely ignore this message.
[INFO|trainer.py:4327] 2025-05-25 09:59:19,819 >> 
***** Running Evaluation *****
[INFO|trainer.py:4329] 2025-05-25 09:59:19,819 >>   Num examples = 1000
[INFO|trainer.py:4332] 2025-05-25 09:59:19,819 >>   Batch size = 8
{'eval_loss': 0.3625238537788391, 'eval_overall_precision': 0.6479574892062437, 'eval_overall_recall': 0.7157006603081438, 'eval_overall_f1': 0.6801464179884957, 'eval_overall_accuracy': 0.8872845145130396, 'eval_runtime': 1.428, 'eval_samples_per_second': 700.296, 'eval_steps_per_second': 87.537, 'epoch': 3.0}
{'loss': 0.2439, 'grad_norm': 1.916203498840332, 'learning_rate': 1.0011737089201879e-05, 'epoch': 4.0}


  0%|          | 0/125 [00:00<?, ?it/s][A

 10%|▉         | 12/125 [00:00<00:00, 113.63it/s][A

 19%|█▉        | 24/125 [00:00<00:00, 106.91it/s][A

 28%|██▊       | 35/125 [00:00<00:00, 106.07it/s][A

 37%|███▋      | 46/125 [00:00<00:00, 105.36it/s][A

 46%|████▌     | 57/125 [00:00<00:00, 104.81it/s][A

 54%|█████▍    | 68/125 [00:00<00:00, 104.09it/s][A

 63%|██████▎   | 79/125 [00:00<00:00, 103.61it/s][A

 72%|███████▏  | 90/125 [00:00<00:00, 103.42it/s][A

 81%|████████  | 101/125 [00:00<00:00, 103.27it/s][A

 90%|████████▉ | 112/125 [00:01<00:00, 103.62it/s][A

 98%|█████████▊| 123/125 [00:01<00:00, 103.93it/s][A
                                                  

                                                  
[A
 50%|█████     | 852/1704 [00:50<00:41, 20.32it/s]

100%|██████████| 125/125 [00:01<00:00, 103.93it/s][A

                                                  [A
 50%|█████     | 853/1704 [00:50<02:45,  5.14it/s]
 50%|█████     | 856/1704 [00:51<02:09,  6.57it/s]
 50%|█████     | 858/1704 [00:51<01:50,  7.67it/s]
 51%|█████     | 861/1704 [00:51<01:27,  9.64it/s]
 51%|█████     | 863/1704 [00:51<01:16, 10.98it/s]
 51%|█████     | 866/1704 [00:51<01:03, 13.10it/s]
 51%|█████     | 869/1704 [00:51<00:55, 14.93it/s]
 51%|█████     | 871/1704 [00:51<00:54, 15.41it/s]
 51%|█████▏    | 874/1704 [00:51<00:49, 16.94it/s]
 51%|█████▏    | 876/1704 [00:52<00:47, 17.34it/s]
 52%|█████▏    | 879/1704 [00:52<00:44, 18.47it/s]
 52%|█████▏    | 882/1704 [00:52<00:43, 18.83it/s]
 52%|█████▏    | 885/1704 [00:52<00:41, 19.53it/s]
 52%|█████▏    | 888/1704 [00:52<00:41, 19.84it/s]
 52%|█████▏    | 891/1704 [00:52<00:40, 19.96it/s]
 52%|█████▏    | 894/1704 [00:52<00:39, 20.28it/s]
 53%|█████▎    | 897/1704 [00:53<00:39, 20.23it/s]
 53%|█████▎    | 900/1704 [00:53<00:39, 20.50it/s]
 53%|█████▎    | 903/1704 [00:53<00:41, 19.38it/s]
 53%|█████▎    | 906/1704 [00:53<00:40, 19.81it/s]
 53%|█████▎    | 909/1704 [00:53<00:39, 19.92it/s]
 54%|█████▎    | 912/1704 [00:53<00:40, 19.75it/s]
 54%|█████▎    | 914/1704 [00:53<00:40, 19.75it/s]
 54%|█████▍    | 917/1704 [00:54<00:39, 20.12it/s]
 54%|█████▍    | 920/1704 [00:54<00:38, 20.12it/s]
 54%|█████▍    | 923/1704 [00:54<00:38, 20.42it/s]
 54%|█████▍    | 926/1704 [00:54<00:37, 20.63it/s]
 55%|█████▍    | 929/1704 [00:54<00:38, 20.34it/s]
 55%|█████▍    | 932/1704 [00:54<00:37, 20.59it/s]
 55%|█████▍    | 935/1704 [00:54<00:38, 20.13it/s]
 55%|█████▌    | 938/1704 [00:55<00:37, 20.16it/s]
 55%|█████▌    | 941/1704 [00:55<00:37, 20.57it/s]
 55%|█████▌    | 944/1704 [00:55<00:37, 20.40it/s]
 56%|█████▌    | 947/1704 [00:55<00:36, 20.72it/s]
 56%|█████▌    | 950/1704 [00:55<00:37, 20.21it/s]
 56%|█████▌    | 953/1704 [00:55<00:37, 20.07it/s]
 56%|█████▌    | 956/1704 [00:55<00:36, 20.31it/s]
 56%|█████▋    | 959/1704 [00:56<00:36, 20.55it/s]
 56%|█████▋    | 962/1704 [00:56<00:36, 20.13it/s]
 57%|█████▋    | 965/1704 [00:56<00:36, 20.14it/s]
 57%|█████▋    | 968/1704 [00:56<00:36, 20.25it/s]
 57%|█████▋    | 971/1704 [00:56<00:36, 19.99it/s]
 57%|█████▋    | 974/1704 [00:56<00:36, 20.25it/s]
 57%|█████▋    | 977/1704 [00:57<00:35, 20.33it/s]
 58%|█████▊    | 980/1704 [00:57<00:35, 20.67it/s]
 58%|█████▊    | 983/1704 [00:57<00:35, 20.56it/s]
 58%|█████▊    | 986/1704 [00:57<00:34, 20.70it/s]
 58%|█████▊    | 989/1704 [00:57<00:34, 20.52it/s]
 58%|█████▊    | 992/1704 [00:57<00:34, 20.85it/s]
 58%|█████▊    | 995/1704 [00:57<00:34, 20.65it/s]
 59%|█████▊    | 998/1704 [00:58<00:34, 20.71it/s][INFO|trainer.py:3993] 2025-05-25 09:59:28,569 >> Saving model checkpoint to /project/hrao/Meta-Resample/output/mit_movie_trivia_bert_run1/checkpoint-1000
[INFO|configuration_utils.py:424] 2025-05-25 09:59:28,572 >> Configuration saved in /project/hrao/Meta-Resample/output/mit_movie_trivia_bert_run1/checkpoint-1000/config.json
[INFO|modeling_utils.py:3724] 2025-05-25 09:59:29,709 >> Model weights saved in /project/hrao/Meta-Resample/output/mit_movie_trivia_bert_run1/checkpoint-1000/model.safetensors
[INFO|tokenization_utils_base.py:2525] 2025-05-25 09:59:29,741 >> tokenizer config file saved in /project/hrao/Meta-Resample/output/mit_movie_trivia_bert_run1/checkpoint-1000/tokenizer_config.json
[INFO|tokenization_utils_base.py:2534] 2025-05-25 09:59:29,759 >> Special tokens file saved in /project/hrao/Meta-Resample/output/mit_movie_trivia_bert_run1/checkpoint-1000/special_tokens_map.json

 59%|█████▊    | 1001/1704 [01:01<04:32,  2.58it/s]
 59%|█████▉    | 1004/1704 [01:01<03:19,  3.50it/s]
 59%|█████▉    | 1007/1704 [01:01<02:29,  4.67it/s]
 59%|█████▉    | 1010/1704 [01:02<01:54,  6.07it/s]
 59%|█████▉    | 1012/1704 [01:02<01:36,  7.18it/s]
 60%|█████▉    | 1014/1704 [01:02<01:21,  8.45it/s]
 60%|█████▉    | 1016/1704 [01:02<01:09,  9.83it/s]
 60%|█████▉    | 1018/1704 [01:02<01:00, 11.37it/s]
 60%|█████▉    | 1021/1704 [01:02<00:50, 13.59it/s]
 60%|██████    | 1024/1704 [01:02<00:43, 15.49it/s]
 60%|██████    | 1027/1704 [01:02<00:40, 16.69it/s]
 60%|██████    | 1030/1704 [01:03<00:38, 17.55it/s]
 61%|██████    | 1033/1704 [01:03<00:36, 18.41it/s]
 61%|██████    | 1036/1704 [01:03<00:34, 19.11it/s]
 61%|██████    | 1039/1704 [01:03<00:33, 19.68it/s]
 61%|██████    | 1042/1704 [01:03<00:33, 20.00it/s]
 61%|██████▏   | 1045/1704 [01:03<00:32, 20.28it/s]
 62%|██████▏   | 1048/1704 [01:03<00:32, 20.26it/s]
 62%|██████▏   | 1051/1704 [01:04<00:32, 19.96it/s]
 62%|██████▏   | 1054/1704 [01:04<00:32, 19.89it/s]
 62%|██████▏   | 1057/1704 [01:04<00:32, 19.95it/s]
 62%|██████▏   | 1060/1704 [01:04<00:31, 20.43it/s]
 62%|██████▏   | 1063/1704 [01:04<00:31, 20.31it/s]
                                                   

 62%|██████▎   | 1065/1704 [01:04<00:31, 20.31it/s][INFO|trainer.py:934] 2025-05-25 09:59:35,162 >> The following columns in the Evaluation set don't have a corresponding argument in `BertForTokenClassification.forward` and have been ignored: tokens, ner_tags. If tokens, ner_tags are not expected by `BertForTokenClassification.forward`,  you can safely ignore this message.
[INFO|trainer.py:4327] 2025-05-25 09:59:35,163 >> 
***** Running Evaluation *****
[INFO|trainer.py:4329] 2025-05-25 09:59:35,163 >>   Num examples = 1000
[INFO|trainer.py:4332] 2025-05-25 09:59:35,163 >>   Batch size = 8
{'eval_loss': 0.36563965678215027, 'eval_overall_precision': 0.6383957922419461, 'eval_overall_recall': 0.7123991195891416, 'eval_overall_f1': 0.673370319001387, 'eval_overall_accuracy': 0.8859093364765974, 'eval_runtime': 1.4292, 'eval_samples_per_second': 699.712, 'eval_steps_per_second': 87.464, 'epoch': 4.0}
{'loss': 0.2102, 'grad_norm': 1.6697824001312256, 'learning_rate': 7.511737089201878e-06, 'epoch': 5.0}


  0%|          | 0/125 [00:00<?, ?it/s][A

 10%|▉         | 12/125 [00:00<00:00, 113.59it/s][A

 19%|█▉        | 24/125 [00:00<00:00, 106.83it/s][A

 28%|██▊       | 35/125 [00:00<00:00, 106.00it/s][A

 37%|███▋      | 46/125 [00:00<00:00, 105.25it/s][A

 46%|████▌     | 57/125 [00:00<00:00, 104.69it/s][A

 54%|█████▍    | 68/125 [00:00<00:00, 104.02it/s][A

 63%|██████▎   | 79/125 [00:00<00:00, 104.07it/s][A

 72%|███████▏  | 90/125 [00:00<00:00, 103.73it/s][A

 81%|████████  | 101/125 [00:00<00:00, 103.49it/s][A

 90%|████████▉ | 112/125 [00:01<00:00, 103.71it/s][A

 98%|█████████▊| 123/125 [00:01<00:00, 104.07it/s][A
                                                   

                                                  
[A
 62%|██████▎   | 1065/1704 [01:06<00:31, 20.31it/s]

100%|██████████| 125/125 [00:01<00:00, 104.07it/s][A

                                                  [A
 63%|██████▎   | 1066/1704 [01:06<02:04,  5.10it/s]
 63%|██████▎   | 1069/1704 [01:06<01:36,  6.58it/s]
 63%|██████▎   | 1072/1704 [01:06<01:16,  8.27it/s]
 63%|██████▎   | 1075/1704 [01:06<01:02, 10.05it/s]
 63%|██████▎   | 1077/1704 [01:06<00:55, 11.29it/s]
 63%|██████▎   | 1080/1704 [01:06<00:47, 13.10it/s]
 64%|██████▎   | 1083/1704 [01:07<00:41, 14.88it/s]
 64%|██████▎   | 1086/1704 [01:07<00:37, 16.39it/s]
 64%|██████▍   | 1089/1704 [01:07<00:34, 17.64it/s]
 64%|██████▍   | 1092/1704 [01:07<00:33, 18.11it/s]
 64%|██████▍   | 1095/1704 [01:07<00:32, 18.91it/s]
 64%|██████▍   | 1098/1704 [01:07<00:31, 18.99it/s]
 65%|██████▍   | 1101/1704 [01:07<00:32, 18.76it/s]
 65%|██████▍   | 1103/1704 [01:08<00:31, 18.97it/s]
 65%|██████▍   | 1106/1704 [01:08<00:30, 19.70it/s]
 65%|██████▌   | 1109/1704 [01:08<00:29, 19.87it/s]
 65%|██████▌   | 1112/1704 [01:08<00:29, 19.80it/s]
 65%|██████▌   | 1115/1704 [01:08<00:28, 20.32it/s]
 66%|██████▌   | 1118/1704 [01:08<00:28, 20.32it/s]
 66%|██████▌   | 1121/1704 [01:08<00:28, 20.28it/s]
 66%|██████▌   | 1124/1704 [01:09<00:29, 19.95it/s]
 66%|██████▌   | 1127/1704 [01:09<00:29, 19.64it/s]
 66%|██████▋   | 1130/1704 [01:09<00:29, 19.60it/s]
 66%|██████▋   | 1132/1704 [01:09<00:29, 19.67it/s]
 67%|██████▋   | 1134/1704 [01:09<00:28, 19.66it/s]
 67%|██████▋   | 1137/1704 [01:09<00:28, 20.17it/s]
 67%|██████▋   | 1140/1704 [01:09<00:28, 20.10it/s]
 67%|██████▋   | 1143/1704 [01:10<00:27, 20.55it/s]
 67%|██████▋   | 1146/1704 [01:10<00:26, 20.78it/s]
 67%|██████▋   | 1149/1704 [01:10<00:26, 20.87it/s]
 68%|██████▊   | 1152/1704 [01:10<00:26, 20.74it/s]
 68%|██████▊   | 1155/1704 [01:10<00:26, 20.96it/s]
 68%|██████▊   | 1158/1704 [01:10<00:26, 20.61it/s]
 68%|██████▊   | 1161/1704 [01:10<00:26, 20.78it/s]
 68%|██████▊   | 1164/1704 [01:11<00:25, 20.90it/s]
 68%|██████▊   | 1167/1704 [01:11<00:25, 20.67it/s]
 69%|██████▊   | 1170/1704 [01:11<00:25, 20.54it/s]
 69%|██████▉   | 1173/1704 [01:11<00:25, 20.43it/s]
 69%|██████▉   | 1176/1704 [01:11<00:25, 20.48it/s]
 69%|██████▉   | 1179/1704 [01:11<00:25, 20.65it/s]
 69%|██████▉   | 1182/1704 [01:11<00:25, 20.77it/s]
 70%|██████▉   | 1185/1704 [01:12<00:25, 20.67it/s]
 70%|██████▉   | 1188/1704 [01:12<00:25, 20.18it/s]
 70%|██████▉   | 1191/1704 [01:12<00:25, 20.45it/s]
 70%|███████   | 1194/1704 [01:12<00:24, 20.65it/s]
 70%|███████   | 1197/1704 [01:12<00:24, 20.45it/s]
 70%|███████   | 1200/1704 [01:12<00:24, 20.68it/s]
 71%|███████   | 1203/1704 [01:12<00:24, 20.62it/s]
 71%|███████   | 1206/1704 [01:13<00:23, 20.79it/s]
 71%|███████   | 1209/1704 [01:13<00:25, 19.63it/s]
 71%|███████   | 1211/1704 [01:13<00:25, 19.43it/s]
 71%|███████   | 1214/1704 [01:13<00:24, 20.03it/s]
 71%|███████▏  | 1217/1704 [01:13<00:23, 20.52it/s]
 72%|███████▏  | 1220/1704 [01:13<00:23, 20.60it/s]
 72%|███████▏  | 1223/1704 [01:13<00:23, 20.75it/s]
 72%|███████▏  | 1226/1704 [01:14<00:23, 20.19it/s]
 72%|███████▏  | 1229/1704 [01:14<00:23, 20.24it/s]
 72%|███████▏  | 1232/1704 [01:14<00:23, 20.39it/s]
 72%|███████▏  | 1235/1704 [01:14<00:23, 20.29it/s]
 73%|███████▎  | 1238/1704 [01:14<00:23, 19.88it/s]
 73%|███████▎  | 1240/1704 [01:14<00:23, 19.81it/s]
 73%|███████▎  | 1243/1704 [01:14<00:22, 20.21it/s]
 73%|███████▎  | 1246/1704 [01:15<00:22, 20.16it/s]
 73%|███████▎  | 1249/1704 [01:15<00:22, 20.40it/s]
 73%|███████▎  | 1252/1704 [01:15<00:22, 20.37it/s]
 74%|███████▎  | 1255/1704 [01:15<00:22, 20.38it/s]
 74%|███████▍  | 1258/1704 [01:15<00:21, 20.73it/s]
 74%|███████▍  | 1261/1704 [01:15<00:22, 20.06it/s]
 74%|███████▍  | 1264/1704 [01:15<00:21, 20.11it/s]
 74%|███████▍  | 1267/1704 [01:16<00:21, 20.19it/s]
 75%|███████▍  | 1270/1704 [01:16<00:21, 20.42it/s]
 75%|███████▍  | 1273/1704 [01:16<00:20, 20.68it/s]
 75%|███████▍  | 1276/1704 [01:16<00:21, 20.26it/s]
                                                   

 75%|███████▌  | 1278/1704 [01:16<00:21, 20.26it/s][INFO|trainer.py:934] 2025-05-25 09:59:47,086 >> The following columns in the Evaluation set don't have a corresponding argument in `BertForTokenClassification.forward` and have been ignored: tokens, ner_tags. If tokens, ner_tags are not expected by `BertForTokenClassification.forward`,  you can safely ignore this message.
[INFO|trainer.py:4327] 2025-05-25 09:59:47,088 >> 
***** Running Evaluation *****
[INFO|trainer.py:4329] 2025-05-25 09:59:47,088 >>   Num examples = 1000
[INFO|trainer.py:4332] 2025-05-25 09:59:47,088 >>   Batch size = 8
{'eval_loss': 0.37085381150245667, 'eval_overall_precision': 0.6468852459016393, 'eval_overall_recall': 0.7237710931768159, 'eval_overall_f1': 0.6831717451523546, 'eval_overall_accuracy': 0.8875300820195472, 'eval_runtime': 1.4219, 'eval_samples_per_second': 703.268, 'eval_steps_per_second': 87.909, 'epoch': 5.0}
{'loss': 0.1929, 'grad_norm': 2.8078041076660156, 'learning_rate': 5.011737089201878e-06, 'epoch': 6.0}


  0%|          | 0/125 [00:00<?, ?it/s][A

 10%|▉         | 12/125 [00:00<00:00, 113.67it/s][A

 19%|█▉        | 24/125 [00:00<00:00, 106.78it/s][A

 28%|██▊       | 35/125 [00:00<00:00, 105.96it/s][A

 37%|███▋      | 46/125 [00:00<00:00, 105.24it/s][A

 46%|████▌     | 57/125 [00:00<00:00, 104.70it/s][A

 54%|█████▍    | 68/125 [00:00<00:00, 103.94it/s][A

 63%|██████▎   | 79/125 [00:00<00:00, 104.01it/s][A

 72%|███████▏  | 90/125 [00:00<00:00, 103.72it/s][A

 81%|████████  | 101/125 [00:00<00:00, 103.52it/s][A

 90%|████████▉ | 112/125 [00:01<00:00, 103.57it/s][A

 98%|█████████▊| 123/125 [00:01<00:00, 103.55it/s][A
                                                   

                                                  
[A
 75%|███████▌  | 1278/1704 [01:18<00:21, 20.26it/s]

100%|██████████| 125/125 [00:01<00:00, 103.55it/s][A

                                                  [A
 75%|███████▌  | 1279/1704 [01:18<01:22,  5.18it/s]
 75%|███████▌  | 1282/1704 [01:18<01:02,  6.71it/s]
 75%|███████▌  | 1285/1704 [01:18<00:49,  8.44it/s]
 76%|███████▌  | 1287/1704 [01:18<00:43,  9.67it/s]
 76%|███████▌  | 1290/1704 [01:18<00:35, 11.71it/s]
 76%|███████▌  | 1293/1704 [01:18<00:30, 13.43it/s]
 76%|███████▌  | 1296/1704 [01:18<00:26, 15.13it/s]
 76%|███████▌  | 1299/1704 [01:19<00:24, 16.59it/s]
 76%|███████▋  | 1302/1704 [01:19<00:23, 17.43it/s]
 77%|███████▋  | 1305/1704 [01:19<00:21, 18.42it/s]
 77%|███████▋  | 1308/1704 [01:19<00:20, 19.15it/s]
 77%|███████▋  | 1311/1704 [01:19<00:20, 19.24it/s]
 77%|███████▋  | 1314/1704 [01:19<00:19, 19.61it/s]
 77%|███████▋  | 1317/1704 [01:19<00:19, 20.04it/s]
 77%|███████▋  | 1320/1704 [01:20<00:19, 20.09it/s]
 78%|███████▊  | 1323/1704 [01:20<00:18, 20.10it/s]
 78%|███████▊  | 1326/1704 [01:20<00:18, 20.19it/s]
 78%|███████▊  | 1329/1704 [01:20<00:18, 19.85it/s]
 78%|███████▊  | 1332/1704 [01:20<00:18, 20.16it/s]
 78%|███████▊  | 1335/1704 [01:20<00:18, 20.21it/s]
 79%|███████▊  | 1338/1704 [01:21<00:18, 20.06it/s]
 79%|███████▊  | 1341/1704 [01:21<00:17, 20.23it/s]
 79%|███████▉  | 1344/1704 [01:21<00:17, 20.03it/s]
 79%|███████▉  | 1347/1704 [01:21<00:17, 20.18it/s]
 79%|███████▉  | 1350/1704 [01:21<00:17, 19.96it/s]
 79%|███████▉  | 1352/1704 [01:21<00:17, 19.95it/s]
 79%|███████▉  | 1354/1704 [01:21<00:17, 19.89it/s]
 80%|███████▉  | 1356/1704 [01:21<00:17, 19.84it/s]
 80%|███████▉  | 1358/1704 [01:22<00:17, 19.80it/s]
 80%|███████▉  | 1361/1704 [01:22<00:17, 19.89it/s]
 80%|████████  | 1364/1704 [01:22<00:16, 20.11it/s]
 80%|████████  | 1367/1704 [01:22<00:16, 20.15it/s]
 80%|████████  | 1370/1704 [01:22<00:16, 20.20it/s]
 81%|████████  | 1373/1704 [01:22<00:16, 20.26it/s]
 81%|████████  | 1376/1704 [01:22<00:16, 20.49it/s]
 81%|████████  | 1379/1704 [01:23<00:15, 20.31it/s]
 81%|████████  | 1382/1704 [01:23<00:15, 20.52it/s]
 81%|████████▏ | 1385/1704 [01:23<00:15, 20.46it/s]
 81%|████████▏ | 1388/1704 [01:23<00:15, 19.98it/s]
 82%|████████▏ | 1391/1704 [01:23<00:15, 20.37it/s]
 82%|████████▏ | 1394/1704 [01:23<00:15, 20.48it/s]
 82%|████████▏ | 1397/1704 [01:23<00:14, 20.72it/s]
 82%|████████▏ | 1400/1704 [01:24<00:14, 20.83it/s]
 82%|████████▏ | 1403/1704 [01:24<00:14, 20.73it/s]
 83%|████████▎ | 1406/1704 [01:24<00:14, 20.83it/s]
 83%|████████▎ | 1409/1704 [01:24<00:14, 20.95it/s]
 83%|████████▎ | 1412/1704 [01:24<00:13, 21.16it/s]
 83%|████████▎ | 1415/1704 [01:24<00:13, 20.89it/s]
 83%|████████▎ | 1418/1704 [01:24<00:13, 20.93it/s]
 83%|████████▎ | 1421/1704 [01:25<00:13, 21.00it/s]
 84%|████████▎ | 1424/1704 [01:25<00:13, 20.93it/s]
 84%|████████▎ | 1427/1704 [01:25<00:13, 21.00it/s]
 84%|████████▍ | 1430/1704 [01:25<00:13, 20.74it/s]
 84%|████████▍ | 1433/1704 [01:25<00:13, 20.54it/s]
 84%|████████▍ | 1436/1704 [01:25<00:13, 20.53it/s]
 84%|████████▍ | 1439/1704 [01:25<00:13, 20.04it/s]
 85%|████████▍ | 1442/1704 [01:26<00:13, 19.61it/s]
 85%|████████▍ | 1445/1704 [01:26<00:12, 20.10it/s]
 85%|████████▍ | 1448/1704 [01:26<00:12, 20.11it/s]
 85%|████████▌ | 1451/1704 [01:26<00:12, 20.10it/s]
 85%|████████▌ | 1454/1704 [01:26<00:12, 20.14it/s]
 86%|████████▌ | 1457/1704 [01:26<00:12, 20.09it/s]
 86%|████████▌ | 1460/1704 [01:27<00:11, 20.46it/s]
 86%|████████▌ | 1463/1704 [01:27<00:11, 20.14it/s]
 86%|████████▌ | 1466/1704 [01:27<00:11, 20.41it/s]
 86%|████████▌ | 1469/1704 [01:27<00:11, 20.10it/s]
 86%|████████▋ | 1472/1704 [01:27<00:11, 20.39it/s]
 87%|████████▋ | 1475/1704 [01:27<00:11, 20.21it/s]
 87%|████████▋ | 1478/1704 [01:27<00:11, 20.31it/s]
 87%|████████▋ | 1481/1704 [01:28<00:11, 20.25it/s]
 87%|████████▋ | 1484/1704 [01:28<00:11, 19.75it/s]
 87%|████████▋ | 1487/1704 [01:28<00:10, 20.21it/s]
 87%|████████▋ | 1490/1704 [01:28<00:10, 19.99it/s]
                                                   

 88%|████████▊ | 1491/1704 [01:28<00:10, 19.99it/s][INFO|trainer.py:934] 2025-05-25 09:59:58,987 >> The following columns in the Evaluation set don't have a corresponding argument in `BertForTokenClassification.forward` and have been ignored: tokens, ner_tags. If tokens, ner_tags are not expected by `BertForTokenClassification.forward`,  you can safely ignore this message.
[INFO|trainer.py:4327] 2025-05-25 09:59:58,988 >> 
***** Running Evaluation *****
[INFO|trainer.py:4329] 2025-05-25 09:59:58,988 >>   Num examples = 1000
[INFO|trainer.py:4332] 2025-05-25 09:59:58,988 >>   Batch size = 8
{'eval_loss': 0.40568041801452637, 'eval_overall_precision': 0.6625251846877098, 'eval_overall_recall': 0.7237710931768159, 'eval_overall_f1': 0.6917952314165497, 'eval_overall_accuracy': 0.8847306124453612, 'eval_runtime': 1.428, 'eval_samples_per_second': 700.278, 'eval_steps_per_second': 87.535, 'epoch': 6.0}
{'loss': 0.179, 'grad_norm': 2.5306007862091064, 'learning_rate': 2.5117370892018782e-06, 'epoch': 7.0}


  0%|          | 0/125 [00:00<?, ?it/s][A

 10%|▉         | 12/125 [00:00<00:00, 113.62it/s][A

 19%|█▉        | 24/125 [00:00<00:00, 106.75it/s][A

 28%|██▊       | 35/125 [00:00<00:00, 105.92it/s][A

 37%|███▋      | 46/125 [00:00<00:00, 105.16it/s][A

 46%|████▌     | 57/125 [00:00<00:00, 104.60it/s][A

 54%|█████▍    | 68/125 [00:00<00:00, 103.93it/s][A

 63%|██████▎   | 79/125 [00:00<00:00, 104.20it/s][A

 72%|███████▏  | 90/125 [00:00<00:00, 104.06it/s][A

 81%|████████  | 101/125 [00:00<00:00, 103.88it/s][A

 90%|████████▉ | 112/125 [00:01<00:00, 104.25it/s][A

 98%|█████████▊| 123/125 [00:01<00:00, 104.57it/s][A
                                                   

                                                  
[A
 88%|████████▊ | 1491/1704 [01:29<00:10, 19.99it/s]

100%|██████████| 125/125 [00:01<00:00, 104.57it/s][A

                                                  [A
 88%|████████▊ | 1493/1704 [01:30<00:40,  5.16it/s]
 88%|████████▊ | 1496/1704 [01:30<00:31,  6.66it/s]
 88%|████████▊ | 1498/1704 [01:30<00:26,  7.81it/s][INFO|trainer.py:3993] 2025-05-25 10:00:00,863 >> Saving model checkpoint to /project/hrao/Meta-Resample/output/mit_movie_trivia_bert_run1/checkpoint-1500
[INFO|configuration_utils.py:424] 2025-05-25 10:00:00,867 >> Configuration saved in /project/hrao/Meta-Resample/output/mit_movie_trivia_bert_run1/checkpoint-1500/config.json
[INFO|modeling_utils.py:3724] 2025-05-25 10:00:01,906 >> Model weights saved in /project/hrao/Meta-Resample/output/mit_movie_trivia_bert_run1/checkpoint-1500/model.safetensors
[INFO|tokenization_utils_base.py:2525] 2025-05-25 10:00:01,937 >> tokenizer config file saved in /project/hrao/Meta-Resample/output/mit_movie_trivia_bert_run1/checkpoint-1500/tokenizer_config.json
[INFO|tokenization_utils_base.py:2534] 2025-05-25 10:00:01,955 >> Special tokens file saved in /project/hrao/Meta-Resample/output/mit_movie_trivia_bert_run1/checkpoint-1500/special_tokens_map.json

 88%|████████▊ | 1501/1704 [01:33<01:33,  2.18it/s]
 88%|████████▊ | 1504/1704 [01:33<01:05,  3.03it/s]
 88%|████████▊ | 1507/1704 [01:34<00:47,  4.13it/s]
 89%|████████▊ | 1510/1704 [01:34<00:35,  5.49it/s]
 89%|████████▉ | 1513/1704 [01:34<00:27,  7.07it/s]
 89%|████████▉ | 1515/1704 [01:34<00:22,  8.27it/s]
 89%|████████▉ | 1518/1704 [01:34<00:17, 10.34it/s]
 89%|████████▉ | 1521/1704 [01:34<00:14, 12.28it/s]
 89%|████████▉ | 1524/1704 [01:34<00:12, 14.10it/s]
 90%|████████▉ | 1527/1704 [01:35<00:11, 15.47it/s]
 90%|████████▉ | 1530/1704 [01:35<00:10, 16.61it/s]
 90%|████████▉ | 1533/1704 [01:35<00:09, 17.53it/s]
 90%|█████████ | 1536/1704 [01:35<00:09, 18.30it/s]
 90%|█████████ | 1539/1704 [01:35<00:08, 18.95it/s]
 90%|█████████ | 1542/1704 [01:35<00:08, 19.35it/s]
 91%|█████████ | 1545/1704 [01:35<00:08, 19.72it/s]
 91%|█████████ | 1548/1704 [01:36<00:08, 19.45it/s]
 91%|█████████ | 1550/1704 [01:36<00:08, 19.04it/s]
 91%|█████████ | 1553/1704 [01:36<00:07, 19.55it/s]
 91%|█████████▏| 1556/1704 [01:36<00:07, 20.09it/s]
 91%|█████████▏| 1559/1704 [01:36<00:07, 20.18it/s]
 92%|█████████▏| 1562/1704 [01:36<00:07, 19.99it/s]
 92%|█████████▏| 1565/1704 [01:36<00:06, 20.30it/s]
 92%|█████████▏| 1568/1704 [01:37<00:06, 20.26it/s]
 92%|█████████▏| 1571/1704 [01:37<00:06, 19.87it/s]
 92%|█████████▏| 1573/1704 [01:37<00:06, 19.84it/s]
 92%|█████████▏| 1576/1704 [01:37<00:06, 19.41it/s]
 93%|█████████▎| 1578/1704 [01:37<00:06, 19.25it/s]
 93%|█████████▎| 1580/1704 [01:37<00:06, 19.10it/s]
 93%|█████████▎| 1583/1704 [01:37<00:06, 19.20it/s]
 93%|█████████▎| 1586/1704 [01:38<00:06, 19.53it/s]
 93%|█████████▎| 1589/1704 [01:38<00:05, 19.69it/s]
 93%|█████████▎| 1592/1704 [01:38<00:05, 20.13it/s]
 94%|█████████▎| 1595/1704 [01:38<00:05, 20.25it/s]
 94%|█████████▍| 1598/1704 [01:38<00:05, 20.52it/s]
 94%|█████████▍| 1601/1704 [01:38<00:05, 20.51it/s]
 94%|█████████▍| 1604/1704 [01:38<00:04, 20.55it/s]
 94%|█████████▍| 1607/1704 [01:39<00:04, 20.19it/s]
 94%|█████████▍| 1610/1704 [01:39<00:04, 20.33it/s]
 95%|█████████▍| 1613/1704 [01:39<00:04, 19.93it/s]
 95%|█████████▍| 1616/1704 [01:39<00:04, 20.06it/s]
 95%|█████████▌| 1619/1704 [01:39<00:04, 20.28it/s]
 95%|█████████▌| 1622/1704 [01:39<00:04, 20.20it/s]
 95%|█████████▌| 1625/1704 [01:39<00:03, 20.23it/s]
 96%|█████████▌| 1628/1704 [01:40<00:03, 20.28it/s]
 96%|█████████▌| 1631/1704 [01:40<00:03, 20.52it/s]
 96%|█████████▌| 1634/1704 [01:40<00:03, 20.79it/s]
 96%|█████████▌| 1637/1704 [01:40<00:03, 20.49it/s]
 96%|█████████▌| 1640/1704 [01:40<00:03, 20.69it/s]
 96%|█████████▋| 1643/1704 [01:40<00:03, 20.24it/s]
 97%|█████████▋| 1646/1704 [01:40<00:02, 20.21it/s]
 97%|█████████▋| 1649/1704 [01:41<00:02, 20.45it/s]
 97%|█████████▋| 1652/1704 [01:41<00:02, 20.29it/s]
 97%|█████████▋| 1655/1704 [01:41<00:02, 20.21it/s]
 97%|█████████▋| 1658/1704 [01:41<00:02, 20.27it/s]
 97%|█████████▋| 1661/1704 [01:41<00:02, 20.09it/s]
 98%|█████████▊| 1664/1704 [01:41<00:01, 20.19it/s]
 98%|█████████▊| 1667/1704 [01:42<00:01, 20.07it/s]
 98%|█████████▊| 1670/1704 [01:42<00:01, 20.54it/s]
 98%|█████████▊| 1673/1704 [01:42<00:01, 20.57it/s]
 98%|█████████▊| 1676/1704 [01:42<00:01, 20.03it/s]
 99%|█████████▊| 1679/1704 [01:42<00:01, 20.26it/s]
 99%|█████████▊| 1682/1704 [01:42<00:01, 20.17it/s]
 99%|█████████▉| 1685/1704 [01:42<00:00, 20.32it/s]
 99%|█████████▉| 1688/1704 [01:43<00:00, 20.40it/s]
 99%|█████████▉| 1691/1704 [01:43<00:00, 20.46it/s]
 99%|█████████▉| 1694/1704 [01:43<00:00, 20.38it/s]
100%|█████████▉| 1697/1704 [01:43<00:00, 20.19it/s]
100%|█████████▉| 1700/1704 [01:43<00:00, 20.46it/s]
100%|█████████▉| 1703/1704 [01:43<00:00, 20.44it/s][INFO|trainer.py:3993] 2025-05-25 10:00:14,257 >> Saving model checkpoint to /project/hrao/Meta-Resample/output/mit_movie_trivia_bert_run1/checkpoint-1704
[INFO|configuration_utils.py:424] 2025-05-25 10:00:14,265 >> Configuration saved in /project/hrao/Meta-Resample/output/mit_movie_trivia_bert_run1/checkpoint-1704/config.json
[INFO|modeling_utils.py:3724] 2025-05-25 10:00:15,215 >> Model weights saved in /project/hrao/Meta-Resample/output/mit_movie_trivia_bert_run1/checkpoint-1704/model.safetensors
[INFO|tokenization_utils_base.py:2525] 2025-05-25 10:00:15,240 >> tokenizer config file saved in /project/hrao/Meta-Resample/output/mit_movie_trivia_bert_run1/checkpoint-1704/tokenizer_config.json
[INFO|tokenization_utils_base.py:2534] 2025-05-25 10:00:15,254 >> Special tokens file saved in /project/hrao/Meta-Resample/output/mit_movie_trivia_bert_run1/checkpoint-1704/special_tokens_map.json

                                                   

100%|██████████| 1704/1704 [01:47<00:00, 20.44it/s][INFO|trainer.py:934] 2025-05-25 10:00:17,477 >> The following columns in the Evaluation set don't have a corresponding argument in `BertForTokenClassification.forward` and have been ignored: tokens, ner_tags. If tokens, ner_tags are not expected by `BertForTokenClassification.forward`,  you can safely ignore this message.
[INFO|trainer.py:4327] 2025-05-25 10:00:17,479 >> 
***** Running Evaluation *****
[INFO|trainer.py:4329] 2025-05-25 10:00:17,479 >>   Num examples = 1000
[INFO|trainer.py:4332] 2025-05-25 10:00:17,479 >>   Batch size = 8
{'eval_loss': 0.3929895758628845, 'eval_overall_precision': 0.6585690515806988, 'eval_overall_recall': 0.7259721203228173, 'eval_overall_f1': 0.6906299075205026, 'eval_overall_accuracy': 0.8876774225234517, 'eval_runtime': 1.4232, 'eval_samples_per_second': 702.626, 'eval_steps_per_second': 87.828, 'epoch': 7.0}
{'loss': 0.1703, 'grad_norm': 2.2608156204223633, 'learning_rate': 1.1737089201877935e-08, 'epoch': 8.0}


  0%|          | 0/125 [00:00<?, ?it/s][A

 10%|▉         | 12/125 [00:00<00:00, 113.73it/s][A

 19%|█▉        | 24/125 [00:00<00:00, 106.91it/s][A

 28%|██▊       | 35/125 [00:00<00:00, 106.09it/s][A

 37%|███▋      | 46/125 [00:00<00:00, 105.56it/s][A

 46%|████▌     | 57/125 [00:00<00:00, 104.90it/s][A

 54%|█████▍    | 68/125 [00:00<00:00, 104.05it/s][A

 63%|██████▎   | 79/125 [00:00<00:00, 104.06it/s][A

 72%|███████▏  | 90/125 [00:00<00:00, 103.73it/s][A

 81%|████████  | 101/125 [00:00<00:00, 103.47it/s][A

 90%|████████▉ | 112/125 [00:01<00:00, 103.82it/s][A

 98%|█████████▊| 123/125 [00:01<00:00, 104.17it/s][A
                                                   

                                                  
[A
100%|██████████| 1704/1704 [01:48<00:00, 20.44it/s]

100%|██████████| 125/125 [00:01<00:00, 104.17it/s][A

                                                  [A[INFO|trainer.py:2676] 2025-05-25 10:00:18,917 >> 

Training completed. Do not forget to share your model on huggingface.co/models =)



                                                   

100%|██████████| 1704/1704 [01:48<00:00, 20.44it/s]
100%|██████████| 1704/1704 [01:48<00:00, 15.70it/s]
[INFO|trainer.py:3993] 2025-05-25 10:00:18,922 >> Saving model checkpoint to /project/hrao/Meta-Resample/output/mit_movie_trivia_bert_run1
[INFO|configuration_utils.py:424] 2025-05-25 10:00:18,923 >> Configuration saved in /project/hrao/Meta-Resample/output/mit_movie_trivia_bert_run1/config.json
[INFO|modeling_utils.py:3724] 2025-05-25 10:00:19,937 >> Model weights saved in /project/hrao/Meta-Resample/output/mit_movie_trivia_bert_run1/model.safetensors
[INFO|tokenization_utils_base.py:2525] 2025-05-25 10:00:19,962 >> tokenizer config file saved in /project/hrao/Meta-Resample/output/mit_movie_trivia_bert_run1/tokenizer_config.json
[INFO|tokenization_utils_base.py:2534] 2025-05-25 10:00:19,975 >> Special tokens file saved in /project/hrao/Meta-Resample/output/mit_movie_trivia_bert_run1/special_tokens_map.json
{'eval_loss': 0.3913092315196991, 'eval_overall_precision': 0.6550348953140578, 'eval_overall_recall': 0.723037417461482, 'eval_overall_f1': 0.6873583260680035, 'eval_overall_accuracy': 0.8878247630273562, 'eval_runtime': 1.4267, 'eval_samples_per_second': 700.908, 'eval_steps_per_second': 87.614, 'epoch': 8.0}
{'train_runtime': 108.504, 'train_samples_per_second': 502.544, 'train_steps_per_second': 15.704, 'train_loss': 0.29255948044324703, 'epoch': 8.0}
***** train metrics *****
  epoch                    =        8.0
  total_flos               =  1065203GF
  train_loss               =     0.2926
  train_runtime            = 0:01:48.50
  train_samples            =       6816
  train_samples_per_second =    502.544
  train_steps_per_second   =     15.704
05/25/2025 10:00:19 - INFO - __main__ - *** Evaluate ***
[INFO|trainer.py:934] 2025-05-25 10:00:19,999 >> The following columns in the Evaluation set don't have a corresponding argument in `BertForTokenClassification.forward` and have been ignored: tokens, ner_tags. If tokens, ner_tags are not expected by `BertForTokenClassification.forward`,  you can safely ignore this message.
[INFO|trainer.py:4327] 2025-05-25 10:00:20,001 >> 
***** Running Evaluation *****
[INFO|trainer.py:4329] 2025-05-25 10:00:20,001 >>   Num examples = 1000
[INFO|trainer.py:4332] 2025-05-25 10:00:20,001 >>   Batch size = 8

  0%|          | 0/125 [00:00<?, ?it/s]
 10%|▉         | 12/125 [00:00<00:00, 113.86it/s]
 19%|█▉        | 24/125 [00:00<00:00, 106.84it/s]
 28%|██▊       | 35/125 [00:00<00:00, 106.05it/s]
 37%|███▋      | 46/125 [00:00<00:00, 105.33it/s]
 46%|████▌     | 57/125 [00:00<00:00, 104.78it/s]
 54%|█████▍    | 68/125 [00:00<00:00, 103.45it/s]
 63%|██████▎   | 79/125 [00:00<00:00, 103.72it/s]
 72%|███████▏  | 90/125 [00:00<00:00, 103.59it/s]
 81%|████████  | 101/125 [00:00<00:00, 103.43it/s]
 90%|████████▉ | 112/125 [00:01<00:00, 103.71it/s]
 98%|█████████▊| 123/125 [00:01<00:00, 104.05it/s]
100%|██████████| 125/125 [00:01<00:00, 88.12it/s] 
***** eval metrics *****
  epoch                   =        8.0
  eval_loss               =     0.3913
  eval_overall_accuracy   =     0.8878
  eval_overall_f1         =     0.6874
  eval_overall_precision  =      0.655
  eval_overall_recall     =      0.723
  eval_runtime            = 0:00:01.42
  eval_samples            =       1000
  eval_samples_per_second =    701.897
  eval_steps_per_second   =     87.737
05/25/2025 10:00:21 - INFO - __main__ - *** Predict ***
[INFO|trainer.py:934] 2025-05-25 10:00:21,433 >> The following columns in the test set don't have a corresponding argument in `BertForTokenClassification.forward` and have been ignored: tokens, ner_tags. If tokens, ner_tags are not expected by `BertForTokenClassification.forward`,  you can safely ignore this message.
[INFO|trainer.py:4327] 2025-05-25 10:00:21,434 >> 
***** Running Prediction *****
[INFO|trainer.py:4329] 2025-05-25 10:00:21,435 >>   Num examples = 1953
[INFO|trainer.py:4332] 2025-05-25 10:00:21,435 >>   Batch size = 8

  0%|          | 0/245 [00:00<?, ?it/s]
  5%|▍         | 12/245 [00:00<00:02, 112.90it/s]
 10%|▉         | 24/245 [00:00<00:02, 108.10it/s]
 14%|█▍        | 35/245 [00:00<00:01, 106.35it/s]
 19%|█▉        | 46/245 [00:00<00:01, 105.95it/s]
 23%|██▎       | 57/245 [00:00<00:01, 105.42it/s]
 28%|██▊       | 68/245 [00:00<00:01, 105.14it/s]
 32%|███▏      | 79/245 [00:00<00:01, 104.03it/s]
 37%|███▋      | 90/245 [00:00<00:01, 103.11it/s]
 41%|████      | 101/245 [00:00<00:01, 103.29it/s]
 46%|████▌     | 112/245 [00:01<00:01, 103.20it/s]
 50%|█████     | 123/245 [00:01<00:01, 103.61it/s]
 55%|█████▍    | 134/245 [00:01<00:01, 103.69it/s]
 59%|█████▉    | 145/245 [00:01<00:00, 103.43it/s]
 64%|██████▎   | 156/245 [00:01<00:00, 104.05it/s]
 68%|██████▊   | 167/245 [00:01<00:00, 104.20it/s]
 73%|███████▎  | 178/245 [00:01<00:00, 102.85it/s]
 77%|███████▋  | 189/245 [00:01<00:00, 102.62it/s]
 82%|████████▏ | 200/245 [00:01<00:00, 102.73it/s]
 86%|████████▌ | 211/245 [00:02<00:00, 103.05it/s]
 91%|█████████ | 222/245 [00:02<00:00, 103.29it/s]
 95%|█████████▌| 233/245 [00:02<00:00, 103.61it/s]
100%|█████████▉| 244/245 [00:02<00:00, 104.02it/s]
100%|██████████| 245/245 [00:02<00:00, 88.37it/s] 
[INFO|modelcard.py:450] 2025-05-25 10:00:24,306 >> Dropping the following result as it does not have all the necessary fields:
{'task': {'name': 'Token Classification', 'type': 'token-classification'}}
***** predict metrics *****
  predict_loss               =     0.3997
  predict_overall_accuracy   =     0.8864
  predict_overall_f1         =     0.7019 ✅ 没变化 训练8轮
  predict_overall_precision  =     0.6752
  predict_overall_recall     =     0.7307
  predict_runtime            = 0:00:02.78
  predict_samples_per_second =    701.429
  predict_steps_per_second   =     87.993

✅ HARDNESS_ALPHA=1