05/25/2025 09:28:00 - WARNING - __main__ - Process rank: 0, device: cuda:0, n_gpu: 1, distributed training: False, 16-bits training: False
05/25/2025 09:28:00 - INFO - __main__ - Training/evaluation parameters TrainingArguments(
_n_gpu=1,
accelerator_config={'split_batches': False, 'dispatch_batches': None, 'even_batches': True, 'use_seedable_sampler': True, 'non_blocking': False, 'gradient_accumulation_kwargs': None, 'use_configured_state': False},
adafactor=False,
adam_beta1=0.9,
adam_beta2=0.999,
adam_epsilon=1e-08,
auto_find_batch_size=False,
average_tokens_across_devices=False,
batch_eval_metrics=False,
bf16=False,
bf16_full_eval=False,
data_seed=None,
dataloader_drop_last=False,
dataloader_num_workers=0,
dataloader_persistent_workers=False,
dataloader_pin_memory=True,
dataloader_prefetch_factor=None,
ddp_backend=None,
ddp_broadcast_buffers=None,
ddp_bucket_cap_mb=None,
ddp_find_unused_parameters=None,
ddp_timeout=1800,
debug=[],
deepspeed=None,
disable_tqdm=False,
do_eval=True,
do_predict=True,
do_train=True,
eval_accumulation_steps=None,
eval_delay=0,
eval_do_concat_batches=True,
eval_on_start=False,
eval_steps=None,
eval_strategy=epoch,
eval_use_gather_object=False,
fp16=False,
fp16_backend=auto,
fp16_full_eval=False,
fp16_opt_level=O1,
fsdp=[],
fsdp_config={'min_num_params': 0, 'xla': False, 'xla_fsdp_v2': False, 'xla_fsdp_grad_ckpt': False},
fsdp_min_num_params=0,
fsdp_transformer_layer_cls_to_wrap=None,
full_determinism=False,
gradient_accumulation_steps=1,
gradient_checkpointing=False,
gradient_checkpointing_kwargs=None,
greater_is_better=None,
group_by_length=False,
half_precision_backend=auto,
hub_always_push=False,
hub_model_id=None,
hub_private_repo=None,
hub_strategy=every_save,
hub_token=<HUB_TOKEN>,
ignore_data_skip=False,
include_for_metrics=[],
include_inputs_for_metrics=False,
include_num_input_tokens_seen=False,
include_tokens_per_second=False,
jit_mode_eval=False,
label_names=None,
label_smoothing_factor=0.0,
learning_rate=2e-05,
length_column_name=length,
load_best_model_at_end=False,
local_rank=0,
log_level=info,
log_level_replica=warning,
log_on_each_node=True,
logging_dir=/project/hrao/Meta-Resample/output/mit_movie_trivia_bert_run1/runs/May25_09-28-00_itiger01,
logging_first_step=False,
logging_nan_inf_filter=True,
logging_steps=500,
logging_strategy=epoch,
lr_scheduler_kwargs={},
lr_scheduler_type=linear,
max_grad_norm=1.0,
max_steps=-1,
metric_for_best_model=None,
mp_parameters=,
neftune_noise_alpha=None,
no_cuda=False,
num_train_epochs=8.0,
optim=adamw_torch,
optim_args=None,
optim_target_modules=None,
output_dir=/project/hrao/Meta-Resample/output/mit_movie_trivia_bert_run1,
overwrite_output_dir=True,
past_index=-1,
per_device_eval_batch_size=8,
per_device_train_batch_size=32,
prediction_loss_only=False,
push_to_hub=False,
push_to_hub_model_id=None,
push_to_hub_organization=None,
push_to_hub_token=<PUSH_TO_HUB_TOKEN>,
ray_scope=last,
remove_unused_columns=True,
report_to=['tensorboard'],
restore_callback_states_from_checkpoint=False,
resume_from_checkpoint=None,
run_name=/project/hrao/Meta-Resample/output/mit_movie_trivia_bert_run1,
save_on_each_node=False,
save_only_model=False,
save_safetensors=True,
save_steps=500,
save_strategy=steps,
save_total_limit=None,
seed=42,
skip_memory_metrics=True,
tf32=None,
torch_compile=False,
torch_compile_backend=None,
torch_compile_mode=None,
torch_empty_cache_steps=None,
torchdynamo=None,
tpu_metrics_debug=False,
tpu_num_cores=None,
use_cpu=False,
use_ipex=False,
use_legacy_prediction_loop=False,
use_liger_kernel=False,
use_mps_device=False,
warmup_ratio=0.0,
warmup_steps=0,
weight_decay=0.0,
)
[INFO|configuration_utils.py:698] 2025-05-25 09:28:00,894 >> loading configuration file config.json from cache at /home/hrao/.cache/huggingface/hub/models--google-bert--bert-base-uncased/snapshots/86b5e0934494bd15c9632b12f734a8a67f723594/config.json
[INFO|configuration_utils.py:770] 2025-05-25 09:28:00,898 >> Model config BertConfig {
  "architectures": [
    "BertForMaskedLM"
  ],
  "attention_probs_dropout_prob": 0.1,
  "classifier_dropout": null,
  "finetuning_task": "ner",
  "gradient_checkpointing": false,
  "hidden_act": "gelu",
  "hidden_dropout_prob": 0.1,
  "hidden_size": 768,
  "id2label": {
    "0": "LABEL_0",
    "1": "LABEL_1",
    "2": "LABEL_2",
    "3": "LABEL_3",
    "4": "LABEL_4",
    "5": "LABEL_5",
    "6": "LABEL_6",
    "7": "LABEL_7",
    "8": "LABEL_8",
    "9": "LABEL_9",
    "10": "LABEL_10",
    "11": "LABEL_11",
    "12": "LABEL_12",
    "13": "LABEL_13",
    "14": "LABEL_14",
    "15": "LABEL_15",
    "16": "LABEL_16",
    "17": "LABEL_17",
    "18": "LABEL_18",
    "19": "LABEL_19",
    "20": "LABEL_20",
    "21": "LABEL_21",
    "22": "LABEL_22",
    "23": "LABEL_23",
    "24": "LABEL_24"
  },
  "initializer_range": 0.02,
  "intermediate_size": 3072,
  "label2id": {
    "LABEL_0": 0,
    "LABEL_1": 1,
    "LABEL_10": 10,
    "LABEL_11": 11,
    "LABEL_12": 12,
    "LABEL_13": 13,
    "LABEL_14": 14,
    "LABEL_15": 15,
    "LABEL_16": 16,
    "LABEL_17": 17,
    "LABEL_18": 18,
    "LABEL_19": 19,
    "LABEL_2": 2,
    "LABEL_20": 20,
    "LABEL_21": 21,
    "LABEL_22": 22,
    "LABEL_23": 23,
    "LABEL_24": 24,
    "LABEL_3": 3,
    "LABEL_4": 4,
    "LABEL_5": 5,
    "LABEL_6": 6,
    "LABEL_7": 7,
    "LABEL_8": 8,
    "LABEL_9": 9
  },
  "layer_norm_eps": 1e-12,
  "max_position_embeddings": 512,
  "model_type": "bert",
  "num_attention_heads": 12,
  "num_hidden_layers": 12,
  "pad_token_id": 0,
  "position_embedding_type": "absolute",
  "transformers_version": "4.52.3",
  "type_vocab_size": 2,
  "use_cache": true,
  "vocab_size": 30522
}

[INFO|configuration_utils.py:698] 2025-05-25 09:28:00,960 >> loading configuration file config.json from cache at /home/hrao/.cache/huggingface/hub/models--google-bert--bert-base-uncased/snapshots/86b5e0934494bd15c9632b12f734a8a67f723594/config.json
[INFO|configuration_utils.py:770] 2025-05-25 09:28:00,960 >> Model config BertConfig {
  "architectures": [
    "BertForMaskedLM"
  ],
  "attention_probs_dropout_prob": 0.1,
  "classifier_dropout": null,
  "gradient_checkpointing": false,
  "hidden_act": "gelu",
  "hidden_dropout_prob": 0.1,
  "hidden_size": 768,
  "initializer_range": 0.02,
  "intermediate_size": 3072,
  "layer_norm_eps": 1e-12,
  "max_position_embeddings": 512,
  "model_type": "bert",
  "num_attention_heads": 12,
  "num_hidden_layers": 12,
  "pad_token_id": 0,
  "position_embedding_type": "absolute",
  "transformers_version": "4.52.3",
  "type_vocab_size": 2,
  "use_cache": true,
  "vocab_size": 30522
}

[INFO|tokenization_utils_base.py:2023] 2025-05-25 09:28:01,022 >> loading file vocab.txt from cache at /home/hrao/.cache/huggingface/hub/models--google-bert--bert-base-uncased/snapshots/86b5e0934494bd15c9632b12f734a8a67f723594/vocab.txt
[INFO|tokenization_utils_base.py:2023] 2025-05-25 09:28:01,022 >> loading file tokenizer.json from cache at /home/hrao/.cache/huggingface/hub/models--google-bert--bert-base-uncased/snapshots/86b5e0934494bd15c9632b12f734a8a67f723594/tokenizer.json
[INFO|tokenization_utils_base.py:2023] 2025-05-25 09:28:01,022 >> loading file added_tokens.json from cache at None
[INFO|tokenization_utils_base.py:2023] 2025-05-25 09:28:01,022 >> loading file special_tokens_map.json from cache at None
[INFO|tokenization_utils_base.py:2023] 2025-05-25 09:28:01,022 >> loading file tokenizer_config.json from cache at /home/hrao/.cache/huggingface/hub/models--google-bert--bert-base-uncased/snapshots/86b5e0934494bd15c9632b12f734a8a67f723594/tokenizer_config.json
[INFO|tokenization_utils_base.py:2023] 2025-05-25 09:28:01,022 >> loading file chat_template.jinja from cache at None
[INFO|configuration_utils.py:698] 2025-05-25 09:28:01,023 >> loading configuration file config.json from cache at /home/hrao/.cache/huggingface/hub/models--google-bert--bert-base-uncased/snapshots/86b5e0934494bd15c9632b12f734a8a67f723594/config.json
[INFO|configuration_utils.py:770] 2025-05-25 09:28:01,024 >> Model config BertConfig {
  "architectures": [
    "BertForMaskedLM"
  ],
  "attention_probs_dropout_prob": 0.1,
  "classifier_dropout": null,
  "gradient_checkpointing": false,
  "hidden_act": "gelu",
  "hidden_dropout_prob": 0.1,
  "hidden_size": 768,
  "initializer_range": 0.02,
  "intermediate_size": 3072,
  "layer_norm_eps": 1e-12,
  "max_position_embeddings": 512,
  "model_type": "bert",
  "num_attention_heads": 12,
  "num_hidden_layers": 12,
  "pad_token_id": 0,
  "position_embedding_type": "absolute",
  "transformers_version": "4.52.3",
  "type_vocab_size": 2,
  "use_cache": true,
  "vocab_size": 30522
}

[INFO|modeling_utils.py:1150] 2025-05-25 09:28:01,224 >> loading weights file model.safetensors from cache at /home/hrao/.cache/huggingface/hub/models--google-bert--bert-base-uncased/snapshots/86b5e0934494bd15c9632b12f734a8a67f723594/model.safetensors
[INFO|logging.py:343] 2025-05-25 09:28:01,242 >> A pretrained model of type `BertForTokenClassification` contains parameters that have been renamed internally (a few are listed below but more are present in the model):
* `cls.predictions.transform.LayerNorm.beta` -> `cls.predictions.transform.LayerNorm.bias`
* `cls.predictions.transform.LayerNorm.gamma` -> `cls.predictions.transform.LayerNorm.weight`
If you are using a model from the Hub, consider submitting a PR to adjust these weights and help future users.
[INFO|modeling_utils.py:5120] 2025-05-25 09:28:01,271 >> Some weights of the model checkpoint at google-bert/bert-base-uncased were not used when initializing BertForTokenClassification: ['bert.pooler.dense.bias', 'bert.pooler.dense.weight', 'cls.predictions.bias', 'cls.predictions.transform.LayerNorm.bias', 'cls.predictions.transform.LayerNorm.weight', 'cls.predictions.transform.dense.bias', 'cls.predictions.transform.dense.weight', 'cls.seq_relationship.bias', 'cls.seq_relationship.weight']
- This IS expected if you are initializing BertForTokenClassification from the checkpoint of a model trained on another task or with another architecture (e.g. initializing a BertForSequenceClassification model from a BertForPreTraining model).
- This IS NOT expected if you are initializing BertForTokenClassification from the checkpoint of a model that you expect to be exactly identical (initializing a BertForSequenceClassification model from a BertForSequenceClassification model).
[WARNING|modeling_utils.py:5132] 2025-05-25 09:28:01,271 >> Some weights of BertForTokenClassification were not initialized from the model checkpoint at google-bert/bert-base-uncased and are newly initialized: ['classifier.bias', 'classifier.weight']
You should probably TRAIN this model on a down-stream task to be able to use it for predictions and inference.

Adding original indices to train dataset:   0%|          | 0/6816 [00:00<?, ? examples/s]
Adding original indices to train dataset: 100%|██████████| 6816/6816 [00:00<00:00, 67866.06 examples/s]
Adding original indices to train dataset: 100%|██████████| 6816/6816 [00:00<00:00, 67080.68 examples/s]
05/25/2025 09:28:01 - INFO - __main__ - Adding original_idx for hardness-aware sampling.

Running tokenizer on train dataset:   0%|          | 0/6816 [00:00<?, ? examples/s]
Running tokenizer on train dataset:  29%|██▉       | 2000/6816 [00:00<00:00, 19255.52 examples/s]
Running tokenizer on train dataset:  88%|████████▊ | 6000/6816 [00:00<00:00, 20299.51 examples/s]
Running tokenizer on train dataset: 100%|██████████| 6816/6816 [00:00<00:00, 20135.37 examples/s]
05/25/2025 09:28:01 - INFO - __main__ - Train dataset columns after tokenization: ['tokens', 'ner_tags', 'original_idx', 'input_ids', 'token_type_ids', 'attention_mask', 'labels']

Running tokenizer on validation dataset:   0%|          | 0/1000 [00:00<?, ? examples/s]
Running tokenizer on validation dataset: 100%|██████████| 1000/1000 [00:00<00:00, 19920.04 examples/s]

Running tokenizer on prediction dataset:   0%|          | 0/1953 [00:00<?, ? examples/s]
Running tokenizer on prediction dataset: 100%|██████████| 1953/1953 [00:00<00:00, 20587.55 examples/s]
05/25/2025 09:28:01 - INFO - __main__ - Using CustomDataCollatorForTokenClassification for hardness-aware sampling.
05/25/2025 09:28:02 - INFO - __main__ - Enabling HardnessAwareTrainer.
/project/hrao/Meta-Resample/step_1/custom_trainer.py:21: FutureWarning: `tokenizer` is deprecated and will be removed in version 5.0.0 for `HardnessAwareTrainer.__init__`. Use `processing_class` instead.
  super().__init__(*args, **kwargs)
[INFO|trainer.py:934] 2025-05-25 09:28:02,689 >> The following columns in the Training set don't have a corresponding argument in `BertForTokenClassification.forward` and have been ignored: ner_tags, tokens, original_idx. If ner_tags, tokens, original_idx are not expected by `BertForTokenClassification.forward`,  you can safely ignore this message.
[INFO|trainer.py:2409] 2025-05-25 09:28:02,695 >> ***** Running training *****
[INFO|trainer.py:2410] 2025-05-25 09:28:02,695 >>   Num examples = 6,816
[INFO|trainer.py:2411] 2025-05-25 09:28:02,695 >>   Num Epochs = 8
[INFO|trainer.py:2412] 2025-05-25 09:28:02,695 >>   Instantaneous batch size per device = 32
[INFO|trainer.py:2415] 2025-05-25 09:28:02,695 >>   Total train batch size (w. parallel, distributed & accumulation) = 32
[INFO|trainer.py:2416] 2025-05-25 09:28:02,695 >>   Gradient Accumulation steps = 1
[INFO|trainer.py:2417] 2025-05-25 09:28:02,695 >>   Total optimization steps = 1,704
[INFO|trainer.py:2418] 2025-05-25 09:28:02,696 >>   Number of trainable parameters = 108,910,873

  0%|          | 0/1704 [00:00<?, ?it/s]
  0%|          | 1/1704 [00:00<12:42,  2.23it/s]
  0%|          | 3/1704 [00:00<04:26,  6.37it/s]
  0%|          | 6/1704 [00:00<02:33, 11.03it/s]
  0%|          | 8/1704 [00:00<02:08, 13.16it/s]
  1%|          | 11/1704 [00:00<01:47, 15.77it/s]
  1%|          | 14/1704 [00:01<01:38, 17.16it/s]
  1%|          | 16/1704 [00:01<01:37, 17.37it/s]
  1%|          | 19/1704 [00:01<01:30, 18.55it/s]
  1%|          | 21/1704 [00:01<01:29, 18.84it/s]
  1%|▏         | 24/1704 [00:01<01:25, 19.65it/s]
  2%|▏         | 27/1704 [00:01<01:24, 19.77it/s]
  2%|▏         | 30/1704 [00:01<01:26, 19.41it/s]
  2%|▏         | 32/1704 [00:02<01:26, 19.42it/s]
  2%|▏         | 34/1704 [00:02<01:25, 19.56it/s]
  2%|▏         | 37/1704 [00:02<01:22, 20.22it/s]
  2%|▏         | 40/1704 [00:02<01:21, 20.39it/s]
  3%|▎         | 43/1704 [00:02<01:22, 20.06it/s]
  3%|▎         | 46/1704 [00:02<01:22, 20.04it/s]
  3%|▎         | 49/1704 [00:02<01:23, 19.89it/s]
  3%|▎         | 52/1704 [00:02<01:21, 20.28it/s]
  3%|▎         | 55/1704 [00:03<01:20, 20.59it/s]
  3%|▎         | 58/1704 [00:03<01:20, 20.57it/s]
  4%|▎         | 61/1704 [00:03<01:20, 20.52it/s]
  4%|▍         | 64/1704 [00:03<01:19, 20.70it/s]
  4%|▍         | 67/1704 [00:03<01:18, 20.84it/s]
  4%|▍         | 70/1704 [00:03<01:18, 20.91it/s]
  4%|▍         | 73/1704 [00:03<01:17, 21.06it/s]
  4%|▍         | 76/1704 [00:04<01:16, 21.18it/s]
  5%|▍         | 79/1704 [00:04<01:16, 21.30it/s]
  5%|▍         | 82/1704 [00:04<01:16, 21.11it/s]
  5%|▍         | 85/1704 [00:04<01:17, 20.80it/s]
  5%|▌         | 88/1704 [00:04<01:17, 20.79it/s]
  5%|▌         | 91/1704 [00:04<01:16, 20.98it/s]
  6%|▌         | 94/1704 [00:05<01:18, 20.39it/s]
  6%|▌         | 97/1704 [00:05<01:19, 20.31it/s]
  6%|▌         | 100/1704 [00:05<01:17, 20.57it/s]
  6%|▌         | 103/1704 [00:05<01:17, 20.73it/s]
  6%|▌         | 106/1704 [00:05<01:16, 20.95it/s]
  6%|▋         | 109/1704 [00:05<01:17, 20.46it/s]
  7%|▋         | 112/1704 [00:05<01:17, 20.46it/s]
  7%|▋         | 115/1704 [00:06<01:18, 20.35it/s]
  7%|▋         | 118/1704 [00:06<01:16, 20.73it/s]
  7%|▋         | 121/1704 [00:06<01:16, 20.83it/s]
  7%|▋         | 124/1704 [00:06<01:15, 20.92it/s]
  7%|▋         | 127/1704 [00:06<01:16, 20.72it/s]
  8%|▊         | 130/1704 [00:06<01:17, 20.36it/s]
  8%|▊         | 133/1704 [00:06<01:18, 20.09it/s]
  8%|▊         | 136/1704 [00:07<01:17, 20.22it/s]
  8%|▊         | 139/1704 [00:07<01:17, 20.22it/s]
  8%|▊         | 142/1704 [00:07<01:17, 20.23it/s]
  9%|▊         | 145/1704 [00:07<01:16, 20.51it/s]
  9%|▊         | 148/1704 [00:07<01:15, 20.72it/s]
  9%|▉         | 151/1704 [00:07<01:18, 19.81it/s]
  9%|▉         | 154/1704 [00:07<01:16, 20.19it/s]
  9%|▉         | 157/1704 [00:08<01:17, 19.95it/s]
  9%|▉         | 160/1704 [00:08<01:16, 20.28it/s]
 10%|▉         | 163/1704 [00:08<01:15, 20.40it/s]
 10%|▉         | 166/1704 [00:08<01:15, 20.42it/s]
 10%|▉         | 169/1704 [00:08<01:16, 20.06it/s]
 10%|█         | 172/1704 [00:08<01:16, 20.11it/s]
 10%|█         | 175/1704 [00:08<01:16, 19.94it/s]
 10%|█         | 178/1704 [00:09<01:15, 20.11it/s]
 11%|█         | 181/1704 [00:09<01:14, 20.37it/s]
 11%|█         | 184/1704 [00:09<01:16, 19.97it/s]
 11%|█         | 187/1704 [00:09<01:14, 20.35it/s]
 11%|█         | 190/1704 [00:09<01:15, 19.95it/s]
 11%|█▏        | 193/1704 [00:09<01:15, 20.12it/s]
 12%|█▏        | 196/1704 [00:10<01:13, 20.49it/s]
 12%|█▏        | 199/1704 [00:10<01:12, 20.73it/s]
 12%|█▏        | 202/1704 [00:10<01:11, 20.96it/s]
 12%|█▏        | 205/1704 [00:10<01:12, 20.82it/s]
 12%|█▏        | 208/1704 [00:10<01:12, 20.53it/s]
 12%|█▏        | 211/1704 [00:10<01:13, 20.37it/s]
                                                  

 12%|█▎        | 213/1704 [00:10<01:13, 20.37it/s][INFO|trainer.py:934] 2025-05-25 09:28:13,553 >> The following columns in the Evaluation set don't have a corresponding argument in `BertForTokenClassification.forward` and have been ignored: ner_tags, tokens. If ner_tags, tokens are not expected by `BertForTokenClassification.forward`,  you can safely ignore this message.
[INFO|trainer.py:4327] 2025-05-25 09:28:13,554 >> 
***** Running Evaluation *****
[INFO|trainer.py:4329] 2025-05-25 09:28:13,554 >>   Num examples = 1000
[INFO|trainer.py:4332] 2025-05-25 09:28:13,554 >>   Batch size = 8
{'loss': 0.7289, 'grad_norm': 1.7465016841888428, 'learning_rate': 1.7511737089201878e-05, 'epoch': 1.0}


  0%|          | 0/125 [00:00<?, ?it/s][A

 10%|▉         | 12/125 [00:00<00:00, 113.11it/s][A

 19%|█▉        | 24/125 [00:00<00:00, 106.50it/s][A

 28%|██▊       | 35/125 [00:00<00:00, 105.94it/s][A

 37%|███▋      | 46/125 [00:00<00:00, 105.31it/s][A

 46%|████▌     | 57/125 [00:00<00:00, 104.78it/s][A

 54%|█████▍    | 68/125 [00:00<00:00, 104.03it/s][A

 63%|██████▎   | 79/125 [00:00<00:00, 104.14it/s][A

 72%|███████▏  | 90/125 [00:00<00:00, 103.90it/s][A

 81%|████████  | 101/125 [00:00<00:00, 103.67it/s][A

 90%|████████▉ | 112/125 [00:01<00:00, 103.95it/s][A

 98%|█████████▊| 123/125 [00:01<00:00, 104.33it/s][A/project/hrao/miniconda3/envs/imbalance_env/lib/python3.10/site-packages/seqeval/metrics/v1.py:57: UndefinedMetricWarning: Precision and F-score are ill-defined and being set to 0.0 in labels with no predicted samples. Use `zero_division` parameter to control this behavior.
  _warn_prf(average, modifier, msg_start, len(result))

                                                  

                                                  
[A
 12%|█▎        | 213/1704 [00:12<01:13, 20.37it/s]

100%|██████████| 125/125 [00:01<00:00, 104.33it/s][A

                                                  [A
 13%|█▎        | 214/1704 [00:12<04:49,  5.15it/s]
 13%|█▎        | 216/1704 [00:12<04:01,  6.17it/s]
 13%|█▎        | 218/1704 [00:12<03:21,  7.39it/s]
 13%|█▎        | 221/1704 [00:12<02:36,  9.50it/s]
 13%|█▎        | 224/1704 [00:12<02:08, 11.52it/s]
 13%|█▎        | 226/1704 [00:12<01:56, 12.72it/s]
 13%|█▎        | 228/1704 [00:13<01:45, 13.98it/s]
 13%|█▎        | 230/1704 [00:13<01:37, 15.07it/s]
 14%|█▎        | 233/1704 [00:13<01:26, 16.92it/s]
 14%|█▍        | 235/1704 [00:13<01:23, 17.61it/s]
 14%|█▍        | 237/1704 [00:13<01:20, 18.19it/s]
 14%|█▍        | 240/1704 [00:13<01:17, 18.94it/s]
 14%|█▍        | 243/1704 [00:13<01:14, 19.50it/s]
 14%|█▍        | 246/1704 [00:13<01:13, 19.80it/s]
 15%|█▍        | 249/1704 [00:14<01:11, 20.37it/s]
 15%|█▍        | 252/1704 [00:14<01:10, 20.74it/s]
 15%|█▍        | 255/1704 [00:14<01:08, 21.07it/s]
 15%|█▌        | 258/1704 [00:14<01:08, 21.19it/s]
 15%|█▌        | 261/1704 [00:14<01:08, 21.21it/s]
 15%|█▌        | 264/1704 [00:14<01:08, 21.18it/s]
 16%|█▌        | 267/1704 [00:14<01:07, 21.26it/s]
 16%|█▌        | 270/1704 [00:15<01:07, 21.29it/s]
 16%|█▌        | 273/1704 [00:15<01:07, 21.24it/s]
 16%|█▌        | 276/1704 [00:15<01:07, 21.18it/s]
 16%|█▋        | 279/1704 [00:15<01:06, 21.28it/s]
 17%|█▋        | 282/1704 [00:15<01:07, 21.00it/s]
 17%|█▋        | 285/1704 [00:15<01:07, 20.90it/s]
 17%|█▋        | 288/1704 [00:15<01:08, 20.63it/s]
 17%|█▋        | 291/1704 [00:16<01:07, 20.89it/s]
 17%|█▋        | 294/1704 [00:16<01:06, 21.08it/s]
 17%|█▋        | 297/1704 [00:16<01:08, 20.40it/s]
 18%|█▊        | 300/1704 [00:16<01:08, 20.58it/s]
 18%|█▊        | 303/1704 [00:16<01:08, 20.52it/s]
 18%|█▊        | 306/1704 [00:16<01:08, 20.48it/s]
 18%|█▊        | 309/1704 [00:16<01:08, 20.41it/s]
 18%|█▊        | 312/1704 [00:17<01:08, 20.31it/s]
 18%|█▊        | 315/1704 [00:17<01:07, 20.62it/s]
 19%|█▊        | 318/1704 [00:17<01:06, 20.90it/s]
 19%|█▉        | 321/1704 [00:17<01:05, 20.98it/s]
 19%|█▉        | 324/1704 [00:17<01:06, 20.80it/s]
 19%|█▉        | 327/1704 [00:17<01:07, 20.46it/s]
 19%|█▉        | 330/1704 [00:17<01:06, 20.69it/s]
 20%|█▉        | 333/1704 [00:18<01:06, 20.58it/s]
 20%|█▉        | 336/1704 [00:18<01:06, 20.57it/s]
 20%|█▉        | 339/1704 [00:18<01:07, 20.19it/s]
 20%|██        | 342/1704 [00:18<01:06, 20.45it/s]
 20%|██        | 345/1704 [00:18<01:06, 20.41it/s]
 20%|██        | 348/1704 [00:18<01:05, 20.65it/s]
 21%|██        | 351/1704 [00:18<01:06, 20.26it/s]
 21%|██        | 354/1704 [00:19<01:05, 20.56it/s]
 21%|██        | 357/1704 [00:19<01:06, 20.24it/s]
 21%|██        | 360/1704 [00:19<01:06, 20.33it/s]
 21%|██▏       | 363/1704 [00:19<01:05, 20.54it/s]
 21%|██▏       | 366/1704 [00:19<01:05, 20.33it/s]
 22%|██▏       | 369/1704 [00:19<01:04, 20.62it/s]
 22%|██▏       | 372/1704 [00:19<01:04, 20.74it/s]
 22%|██▏       | 375/1704 [00:20<01:04, 20.67it/s]
 22%|██▏       | 378/1704 [00:20<01:03, 20.83it/s]
 22%|██▏       | 381/1704 [00:20<01:03, 20.71it/s]
 23%|██▎       | 384/1704 [00:20<01:03, 20.65it/s]
 23%|██▎       | 387/1704 [00:20<01:03, 20.82it/s]
 23%|██▎       | 390/1704 [00:20<01:03, 20.74it/s]
 23%|██▎       | 393/1704 [00:21<01:04, 20.45it/s]
 23%|██▎       | 396/1704 [00:21<01:03, 20.70it/s]
 23%|██▎       | 399/1704 [00:21<01:04, 20.13it/s]
 24%|██▎       | 402/1704 [00:21<01:03, 20.56it/s]
 24%|██▍       | 405/1704 [00:21<01:02, 20.74it/s]
 24%|██▍       | 408/1704 [00:21<01:04, 20.03it/s]
 24%|██▍       | 411/1704 [00:21<01:05, 19.81it/s]
 24%|██▍       | 413/1704 [00:22<01:05, 19.81it/s]
 24%|██▍       | 416/1704 [00:22<01:05, 19.72it/s]
 25%|██▍       | 418/1704 [00:22<01:05, 19.74it/s]
 25%|██▍       | 421/1704 [00:22<01:03, 20.18it/s]
 25%|██▍       | 424/1704 [00:22<01:03, 20.07it/s]
                                                  

 25%|██▌       | 426/1704 [00:22<01:03, 20.07it/s][INFO|trainer.py:934] 2025-05-25 09:28:25,354 >> The following columns in the Evaluation set don't have a corresponding argument in `BertForTokenClassification.forward` and have been ignored: ner_tags, tokens. If ner_tags, tokens are not expected by `BertForTokenClassification.forward`,  you can safely ignore this message.
[INFO|trainer.py:4327] 2025-05-25 09:28:25,356 >> 
***** Running Evaluation *****
[INFO|trainer.py:4329] 2025-05-25 09:28:25,356 >>   Num examples = 1000
[INFO|trainer.py:4332] 2025-05-25 09:28:25,356 >>   Batch size = 8
{'eval_loss': 0.41701266169548035, 'eval_overall_precision': 0.6021366137908708, 'eval_overall_recall': 0.6823184152604549, 'eval_overall_f1': 0.6397248495270851, 'eval_overall_accuracy': 0.8711261725848436, 'eval_runtime': 1.4237, 'eval_samples_per_second': 702.416, 'eval_steps_per_second': 87.802, 'epoch': 1.0}
{'loss': 0.3391, 'grad_norm': 1.7719875574111938, 'learning_rate': 1.5011737089201878e-05, 'epoch': 2.0}


  0%|          | 0/125 [00:00<?, ?it/s][A

 10%|▉         | 12/125 [00:00<00:00, 114.17it/s][A

 19%|█▉        | 24/125 [00:00<00:00, 107.30it/s][A

 28%|██▊       | 35/125 [00:00<00:00, 106.52it/s][A

 37%|███▋      | 46/125 [00:00<00:00, 105.80it/s][A

 46%|████▌     | 57/125 [00:00<00:00, 105.27it/s][A

 54%|█████▍    | 68/125 [00:00<00:00, 104.49it/s][A

 63%|██████▎   | 79/125 [00:00<00:00, 104.60it/s][A

 72%|███████▏  | 90/125 [00:00<00:00, 104.32it/s][A

 81%|████████  | 101/125 [00:00<00:00, 104.07it/s][A

 90%|████████▉ | 112/125 [00:01<00:00, 104.25it/s][A

 98%|█████████▊| 123/125 [00:01<00:00, 104.60it/s][A
                                                  

                                                  
[A
 25%|██▌       | 426/1704 [00:24<01:03, 20.07it/s]

100%|██████████| 125/125 [00:01<00:00, 104.60it/s][A

                                                  [A
 25%|██▌       | 427/1704 [00:24<04:15,  5.00it/s]
 25%|██▌       | 429/1704 [00:24<03:30,  6.05it/s]
 25%|██▌       | 432/1704 [00:24<02:41,  7.90it/s]
 26%|██▌       | 435/1704 [00:24<02:08,  9.90it/s]
 26%|██▌       | 438/1704 [00:24<01:46, 11.93it/s]
 26%|██▌       | 441/1704 [00:24<01:32, 13.61it/s]
 26%|██▌       | 443/1704 [00:24<01:26, 14.60it/s]
 26%|██▌       | 446/1704 [00:25<01:18, 16.12it/s]
 26%|██▋       | 448/1704 [00:25<01:15, 16.69it/s]
 26%|██▋       | 450/1704 [00:25<01:12, 17.34it/s]
 27%|██▋       | 452/1704 [00:25<01:10, 17.83it/s]
 27%|██▋       | 455/1704 [00:25<01:06, 18.70it/s]
 27%|██▋       | 458/1704 [00:25<01:05, 19.02it/s]
 27%|██▋       | 460/1704 [00:25<01:04, 19.20it/s]
 27%|██▋       | 463/1704 [00:25<01:02, 19.82it/s]
 27%|██▋       | 466/1704 [00:26<01:01, 19.98it/s]
 28%|██▊       | 469/1704 [00:26<01:02, 19.86it/s]
 28%|██▊       | 472/1704 [00:26<01:02, 19.66it/s]
 28%|██▊       | 475/1704 [00:26<01:01, 19.92it/s]
 28%|██▊       | 478/1704 [00:26<01:01, 19.87it/s]
 28%|██▊       | 481/1704 [00:26<01:01, 19.93it/s]
 28%|██▊       | 483/1704 [00:26<01:01, 19.83it/s]
 29%|██▊       | 486/1704 [00:27<01:00, 20.21it/s]
 29%|██▊       | 489/1704 [00:27<00:59, 20.52it/s]
 29%|██▉       | 492/1704 [00:27<01:00, 20.16it/s]
 29%|██▉       | 495/1704 [00:27<01:01, 19.57it/s]
 29%|██▉       | 498/1704 [00:27<01:00, 19.99it/s][INFO|trainer.py:3993] 2025-05-25 09:28:30,469 >> Saving model checkpoint to /project/hrao/Meta-Resample/output/mit_movie_trivia_bert_run1/checkpoint-500
[INFO|configuration_utils.py:424] 2025-05-25 09:28:30,472 >> Configuration saved in /project/hrao/Meta-Resample/output/mit_movie_trivia_bert_run1/checkpoint-500/config.json
[INFO|modeling_utils.py:3724] 2025-05-25 09:28:31,539 >> Model weights saved in /project/hrao/Meta-Resample/output/mit_movie_trivia_bert_run1/checkpoint-500/model.safetensors
[INFO|tokenization_utils_base.py:2525] 2025-05-25 09:28:31,566 >> tokenizer config file saved in /project/hrao/Meta-Resample/output/mit_movie_trivia_bert_run1/checkpoint-500/tokenizer_config.json
[INFO|tokenization_utils_base.py:2534] 2025-05-25 09:28:31,581 >> Special tokens file saved in /project/hrao/Meta-Resample/output/mit_movie_trivia_bert_run1/checkpoint-500/special_tokens_map.json

 29%|██▉       | 501/1704 [00:31<07:49,  2.56it/s]
 30%|██▉       | 503/1704 [00:31<06:16,  3.19it/s]
 30%|██▉       | 505/1704 [00:31<04:59,  4.00it/s]
 30%|██▉       | 507/1704 [00:31<03:58,  5.01it/s]
 30%|██▉       | 510/1704 [00:31<02:54,  6.84it/s]
 30%|███       | 513/1704 [00:31<02:15,  8.82it/s]
 30%|███       | 516/1704 [00:31<01:49, 10.83it/s]
 30%|███       | 519/1704 [00:32<01:32, 12.78it/s]
 31%|███       | 522/1704 [00:32<01:21, 14.54it/s]
 31%|███       | 525/1704 [00:32<01:12, 16.15it/s]
 31%|███       | 528/1704 [00:32<01:08, 17.22it/s]
 31%|███       | 531/1704 [00:32<01:04, 18.12it/s]
 31%|███▏      | 534/1704 [00:32<01:02, 18.62it/s]
 32%|███▏      | 537/1704 [00:32<01:00, 19.32it/s]
 32%|███▏      | 540/1704 [00:33<01:00, 19.14it/s]
 32%|███▏      | 543/1704 [00:33<01:00, 19.31it/s]
 32%|███▏      | 546/1704 [00:33<00:58, 19.92it/s]
 32%|███▏      | 549/1704 [00:33<00:56, 20.27it/s]
 32%|███▏      | 552/1704 [00:33<00:57, 20.02it/s]
 33%|███▎      | 555/1704 [00:33<00:57, 19.85it/s]
 33%|███▎      | 558/1704 [00:33<00:56, 20.17it/s]
 33%|███▎      | 561/1704 [00:34<00:57, 19.96it/s]
 33%|███▎      | 564/1704 [00:34<00:56, 20.31it/s]
 33%|███▎      | 567/1704 [00:34<00:55, 20.62it/s]
 33%|███▎      | 570/1704 [00:34<00:55, 20.54it/s]
 34%|███▎      | 573/1704 [00:34<00:54, 20.73it/s]
 34%|███▍      | 576/1704 [00:34<00:56, 19.90it/s]
 34%|███▍      | 579/1704 [00:35<00:55, 20.26it/s]
 34%|███▍      | 582/1704 [00:35<00:54, 20.53it/s]
 34%|███▍      | 585/1704 [00:35<00:53, 20.86it/s]
 35%|███▍      | 588/1704 [00:35<00:53, 20.77it/s]
 35%|███▍      | 591/1704 [00:35<00:54, 20.44it/s]
 35%|███▍      | 594/1704 [00:35<00:54, 20.50it/s]
 35%|███▌      | 597/1704 [00:35<00:54, 20.49it/s]
 35%|███▌      | 600/1704 [00:36<00:54, 20.42it/s]
 35%|███▌      | 603/1704 [00:36<00:53, 20.54it/s]
 36%|███▌      | 606/1704 [00:36<00:53, 20.42it/s]
 36%|███▌      | 609/1704 [00:36<00:52, 20.79it/s]
 36%|███▌      | 612/1704 [00:36<00:52, 20.72it/s]
 36%|███▌      | 615/1704 [00:36<00:52, 20.57it/s]
 36%|███▋      | 618/1704 [00:36<00:52, 20.68it/s]
 36%|███▋      | 621/1704 [00:37<00:52, 20.77it/s]
 37%|███▋      | 624/1704 [00:37<00:52, 20.59it/s]
 37%|███▋      | 627/1704 [00:37<00:53, 20.26it/s]
 37%|███▋      | 630/1704 [00:37<00:52, 20.37it/s]
 37%|███▋      | 633/1704 [00:37<00:52, 20.35it/s]
 37%|███▋      | 636/1704 [00:37<00:51, 20.60it/s]
 38%|███▊      | 639/1704 [00:37<00:51, 20.62it/s]
                                                  

 38%|███▊      | 639/1704 [00:37<00:51, 20.62it/s][INFO|trainer.py:934] 2025-05-25 09:28:40,628 >> The following columns in the Evaluation set don't have a corresponding argument in `BertForTokenClassification.forward` and have been ignored: ner_tags, tokens. If ner_tags, tokens are not expected by `BertForTokenClassification.forward`,  you can safely ignore this message.
[INFO|trainer.py:4327] 2025-05-25 09:28:40,630 >> 
***** Running Evaluation *****
[INFO|trainer.py:4329] 2025-05-25 09:28:40,630 >>   Num examples = 1000
[INFO|trainer.py:4332] 2025-05-25 09:28:40,630 >>   Batch size = 8
{'eval_loss': 0.3848862051963806, 'eval_overall_precision': 0.6346027577150362, 'eval_overall_recall': 0.7090975788701394, 'eval_overall_f1': 0.6697851697851698, 'eval_overall_accuracy': 0.8823731643828888, 'eval_runtime': 1.4135, 'eval_samples_per_second': 707.442, 'eval_steps_per_second': 88.43, 'epoch': 2.0}
{'loss': 0.2761, 'grad_norm': 2.1100993156433105, 'learning_rate': 1.2511737089201879e-05, 'epoch': 3.0}


  0%|          | 0/125 [00:00<?, ?it/s][A

 10%|▉         | 12/125 [00:00<00:00, 114.10it/s][A

 19%|█▉        | 24/125 [00:00<00:00, 106.98it/s][A

 28%|██▊       | 35/125 [00:00<00:00, 106.23it/s][A

 37%|███▋      | 46/125 [00:00<00:00, 105.49it/s][A

 46%|████▌     | 57/125 [00:00<00:00, 104.91it/s][A

 54%|█████▍    | 68/125 [00:00<00:00, 104.21it/s][A

 63%|██████▎   | 79/125 [00:00<00:00, 104.31it/s][A

 72%|███████▏  | 90/125 [00:00<00:00, 104.04it/s][A

 81%|████████  | 101/125 [00:00<00:00, 103.70it/s][A

 90%|████████▉ | 112/125 [00:01<00:00, 103.94it/s][A

 98%|█████████▊| 123/125 [00:01<00:00, 104.25it/s][A/project/hrao/miniconda3/envs/imbalance_env/lib/python3.10/site-packages/seqeval/metrics/v1.py:57: UndefinedMetricWarning: Precision and F-score are ill-defined and being set to 0.0 in labels with no predicted samples. Use `zero_division` parameter to control this behavior.
  _warn_prf(average, modifier, msg_start, len(result))

                                                  

                                                  
[A
 38%|███▊      | 639/1704 [00:39<00:51, 20.62it/s]

100%|██████████| 125/125 [00:01<00:00, 104.25it/s][A

                                                  [A
 38%|███▊      | 642/1704 [00:39<03:36,  4.90it/s]
 38%|███▊      | 644/1704 [00:39<03:00,  5.88it/s]
 38%|███▊      | 647/1704 [00:39<02:18,  7.63it/s]
 38%|███▊      | 650/1704 [00:40<01:50,  9.58it/s]
 38%|███▊      | 653/1704 [00:40<01:30, 11.57it/s]
 38%|███▊      | 655/1704 [00:40<01:22, 12.74it/s]
 39%|███▊      | 657/1704 [00:40<01:15, 13.93it/s]
 39%|███▊      | 659/1704 [00:40<01:10, 14.84it/s]
 39%|███▉      | 662/1704 [00:40<01:02, 16.64it/s]
 39%|███▉      | 665/1704 [00:40<00:57, 17.95it/s]
 39%|███▉      | 668/1704 [00:40<00:55, 18.69it/s]
 39%|███▉      | 671/1704 [00:41<00:54, 18.94it/s]
 40%|███▉      | 674/1704 [00:41<00:53, 19.31it/s]
 40%|███▉      | 677/1704 [00:41<00:51, 19.79it/s]
 40%|███▉      | 680/1704 [00:41<00:50, 20.30it/s]
 40%|████      | 683/1704 [00:41<00:49, 20.57it/s]
 40%|████      | 686/1704 [00:41<00:49, 20.59it/s]
 40%|████      | 689/1704 [00:41<00:50, 20.16it/s]
 41%|████      | 692/1704 [00:42<00:49, 20.49it/s]
 41%|████      | 695/1704 [00:42<00:49, 20.50it/s]
 41%|████      | 698/1704 [00:42<00:49, 20.53it/s]
 41%|████      | 701/1704 [00:42<00:49, 20.32it/s]
 41%|████▏     | 704/1704 [00:42<00:48, 20.66it/s]
 41%|████▏     | 707/1704 [00:42<00:47, 20.82it/s]
 42%|████▏     | 710/1704 [00:42<00:47, 20.91it/s]
 42%|████▏     | 713/1704 [00:43<00:47, 20.97it/s]
 42%|████▏     | 716/1704 [00:43<00:46, 21.04it/s]
 42%|████▏     | 719/1704 [00:43<00:47, 20.85it/s]
 42%|████▏     | 722/1704 [00:43<00:47, 20.78it/s]
 43%|████▎     | 725/1704 [00:43<00:47, 20.62it/s]
 43%|████▎     | 728/1704 [00:43<00:47, 20.56it/s]
 43%|████▎     | 731/1704 [00:43<00:47, 20.49it/s]
 43%|████▎     | 734/1704 [00:44<00:47, 20.38it/s]
 43%|████▎     | 737/1704 [00:44<00:46, 20.67it/s]
 43%|████▎     | 740/1704 [00:44<00:46, 20.93it/s]
 44%|████▎     | 743/1704 [00:44<00:47, 20.17it/s]
 44%|████▍     | 746/1704 [00:44<00:47, 20.04it/s]
 44%|████▍     | 749/1704 [00:44<00:48, 19.79it/s]
 44%|████▍     | 752/1704 [00:44<00:47, 20.02it/s]
 44%|████▍     | 755/1704 [00:45<00:47, 20.19it/s]
 44%|████▍     | 758/1704 [00:45<00:47, 20.07it/s]
 45%|████▍     | 761/1704 [00:45<00:47, 20.03it/s]
 45%|████▍     | 764/1704 [00:45<00:46, 20.19it/s]
 45%|████▌     | 767/1704 [00:45<00:47, 19.93it/s]
 45%|████▌     | 770/1704 [00:45<00:45, 20.39it/s]
 45%|████▌     | 773/1704 [00:46<00:46, 20.11it/s]
 46%|████▌     | 776/1704 [00:46<00:46, 19.91it/s]
 46%|████▌     | 778/1704 [00:46<00:46, 19.88it/s]
 46%|████▌     | 781/1704 [00:46<00:45, 20.29it/s]
 46%|████▌     | 784/1704 [00:46<00:45, 20.32it/s]
 46%|████▌     | 787/1704 [00:46<00:44, 20.60it/s]
 46%|████▋     | 790/1704 [00:46<00:44, 20.66it/s]
 47%|████▋     | 793/1704 [00:47<00:43, 20.80it/s]
 47%|████▋     | 796/1704 [00:47<00:44, 20.43it/s]
 47%|████▋     | 799/1704 [00:47<00:43, 20.72it/s]
 47%|████▋     | 802/1704 [00:47<00:43, 20.63it/s]
 47%|████▋     | 805/1704 [00:47<00:43, 20.76it/s]
 47%|████▋     | 808/1704 [00:47<00:42, 20.86it/s]
 48%|████▊     | 811/1704 [00:47<00:42, 20.85it/s]
 48%|████▊     | 814/1704 [00:48<00:43, 20.60it/s]
 48%|████▊     | 817/1704 [00:48<00:43, 20.60it/s]
 48%|████▊     | 820/1704 [00:48<00:42, 20.76it/s]
 48%|████▊     | 823/1704 [00:48<00:42, 20.56it/s]
 48%|████▊     | 826/1704 [00:48<00:41, 20.93it/s]
 49%|████▊     | 829/1704 [00:48<00:41, 21.01it/s]
 49%|████▉     | 832/1704 [00:48<00:41, 20.91it/s]
 49%|████▉     | 835/1704 [00:49<00:42, 20.50it/s]
 49%|████▉     | 838/1704 [00:49<00:42, 20.19it/s]
 49%|████▉     | 841/1704 [00:49<00:42, 20.54it/s]
 50%|████▉     | 844/1704 [00:49<00:42, 20.15it/s]
 50%|████▉     | 847/1704 [00:49<00:43, 19.93it/s]
 50%|████▉     | 850/1704 [00:49<00:41, 20.38it/s]
                                                  

 50%|█████     | 852/1704 [00:49<00:41, 20.38it/s][INFO|trainer.py:934] 2025-05-25 09:28:52,598 >> The following columns in the Evaluation set don't have a corresponding argument in `BertForTokenClassification.forward` and have been ignored: ner_tags, tokens. If ner_tags, tokens are not expected by `BertForTokenClassification.forward`,  you can safely ignore this message.
[INFO|trainer.py:4327] 2025-05-25 09:28:52,599 >> 
***** Running Evaluation *****
[INFO|trainer.py:4329] 2025-05-25 09:28:52,599 >>   Num examples = 1000
[INFO|trainer.py:4332] 2025-05-25 09:28:52,599 >>   Batch size = 8
{'eval_loss': 0.3625238537788391, 'eval_overall_precision': 0.6479574892062437, 'eval_overall_recall': 0.7157006603081438, 'eval_overall_f1': 0.6801464179884957, 'eval_overall_accuracy': 0.8872845145130396, 'eval_runtime': 1.4239, 'eval_samples_per_second': 702.289, 'eval_steps_per_second': 87.786, 'epoch': 3.0}
{'loss': 0.2439, 'grad_norm': 1.916203498840332, 'learning_rate': 1.0011737089201879e-05, 'epoch': 4.0}


  0%|          | 0/125 [00:00<?, ?it/s][A

 10%|▉         | 12/125 [00:00<00:00, 114.31it/s][A

 19%|█▉        | 24/125 [00:00<00:00, 107.37it/s][A

 28%|██▊       | 35/125 [00:00<00:00, 105.89it/s][A

 37%|███▋      | 46/125 [00:00<00:00, 105.37it/s][A

 46%|████▌     | 57/125 [00:00<00:00, 104.99it/s][A

 54%|█████▍    | 68/125 [00:00<00:00, 104.31it/s][A

 63%|██████▎   | 79/125 [00:00<00:00, 104.41it/s][A

 72%|███████▏  | 90/125 [00:00<00:00, 104.18it/s][A

 81%|████████  | 101/125 [00:00<00:00, 103.94it/s][A

 90%|████████▉ | 112/125 [00:01<00:00, 104.19it/s][A

 98%|█████████▊| 123/125 [00:01<00:00, 104.52it/s][A
                                                  

                                                  
[A
 50%|█████     | 852/1704 [00:51<00:41, 20.38it/s]

100%|██████████| 125/125 [00:01<00:00, 104.52it/s][A

                                                  [A
 50%|█████     | 853/1704 [00:51<02:45,  5.14it/s]
 50%|█████     | 856/1704 [00:51<02:08,  6.58it/s]
 50%|█████     | 858/1704 [00:51<01:50,  7.67it/s]
 51%|█████     | 861/1704 [00:51<01:27,  9.66it/s]
 51%|█████     | 864/1704 [00:51<01:12, 11.59it/s]
 51%|█████     | 867/1704 [00:52<01:01, 13.51it/s]
 51%|█████     | 870/1704 [00:52<00:55, 15.01it/s]
 51%|█████     | 872/1704 [00:52<00:52, 15.71it/s]
 51%|█████▏    | 875/1704 [00:52<00:48, 16.96it/s]
 51%|█████▏    | 877/1704 [00:52<00:47, 17.53it/s]
 52%|█████▏    | 880/1704 [00:52<00:44, 18.43it/s]
 52%|█████▏    | 882/1704 [00:52<00:43, 18.78it/s]
 52%|█████▏    | 885/1704 [00:52<00:41, 19.57it/s]
 52%|█████▏    | 888/1704 [00:53<00:41, 19.90it/s]
 52%|█████▏    | 891/1704 [00:53<00:40, 19.99it/s]
 52%|█████▏    | 894/1704 [00:53<00:39, 20.33it/s]
 53%|█████▎    | 897/1704 [00:53<00:39, 20.30it/s]
 53%|█████▎    | 900/1704 [00:53<00:39, 20.56it/s]
 53%|█████▎    | 903/1704 [00:53<00:41, 19.35it/s]
 53%|█████▎    | 906/1704 [00:54<00:40, 19.88it/s]
 53%|█████▎    | 909/1704 [00:54<00:39, 19.97it/s]
 54%|█████▎    | 912/1704 [00:54<00:39, 19.80it/s]
 54%|█████▎    | 914/1704 [00:54<00:39, 19.79it/s]
 54%|█████▍    | 917/1704 [00:54<00:39, 20.16it/s]
 54%|█████▍    | 920/1704 [00:54<00:38, 20.16it/s]
 54%|█████▍    | 923/1704 [00:54<00:38, 20.47it/s]
 54%|█████▍    | 926/1704 [00:54<00:37, 20.68it/s]
 55%|█████▍    | 929/1704 [00:55<00:38, 20.39it/s]
 55%|█████▍    | 932/1704 [00:55<00:37, 20.63it/s]
 55%|█████▍    | 935/1704 [00:55<00:38, 20.18it/s]
 55%|█████▌    | 938/1704 [00:55<00:37, 20.20it/s]
 55%|█████▌    | 941/1704 [00:55<00:37, 20.62it/s]
 55%|█████▌    | 944/1704 [00:55<00:37, 20.45it/s]
 56%|█████▌    | 947/1704 [00:56<00:36, 20.76it/s]
 56%|█████▌    | 950/1704 [00:56<00:37, 20.25it/s]
 56%|█████▌    | 953/1704 [00:56<00:37, 20.12it/s]
 56%|█████▌    | 956/1704 [00:56<00:36, 20.39it/s]
 56%|█████▋    | 959/1704 [00:56<00:36, 20.62it/s]
 56%|█████▋    | 962/1704 [00:56<00:36, 20.20it/s]
 57%|█████▋    | 965/1704 [00:56<00:36, 20.19it/s]
 57%|█████▋    | 968/1704 [00:57<00:36, 20.30it/s]
 57%|█████▋    | 971/1704 [00:57<00:36, 20.03it/s]
 57%|█████▋    | 974/1704 [00:57<00:36, 20.26it/s]
 57%|█████▋    | 977/1704 [00:57<00:35, 20.34it/s]
 58%|█████▊    | 980/1704 [00:57<00:34, 20.70it/s]
 58%|█████▊    | 983/1704 [00:57<00:34, 20.61it/s]
 58%|█████▊    | 986/1704 [00:57<00:34, 20.79it/s]
 58%|█████▊    | 989/1704 [00:58<00:34, 20.60it/s]
 58%|█████▊    | 992/1704 [00:58<00:34, 20.93it/s]
 58%|█████▊    | 995/1704 [00:58<00:34, 20.72it/s]
 59%|█████▊    | 998/1704 [00:58<00:33, 20.77it/s][INFO|trainer.py:3993] 2025-05-25 09:29:01,328 >> Saving model checkpoint to /project/hrao/Meta-Resample/output/mit_movie_trivia_bert_run1/checkpoint-1000
[INFO|configuration_utils.py:424] 2025-05-25 09:29:01,331 >> Configuration saved in /project/hrao/Meta-Resample/output/mit_movie_trivia_bert_run1/checkpoint-1000/config.json
[INFO|modeling_utils.py:3724] 2025-05-25 09:29:02,297 >> Model weights saved in /project/hrao/Meta-Resample/output/mit_movie_trivia_bert_run1/checkpoint-1000/model.safetensors
[INFO|tokenization_utils_base.py:2525] 2025-05-25 09:29:02,329 >> tokenizer config file saved in /project/hrao/Meta-Resample/output/mit_movie_trivia_bert_run1/checkpoint-1000/tokenizer_config.json
[INFO|tokenization_utils_base.py:2534] 2025-05-25 09:29:02,347 >> Special tokens file saved in /project/hrao/Meta-Resample/output/mit_movie_trivia_bert_run1/checkpoint-1000/special_tokens_map.json

 59%|█████▊    | 1001/1704 [01:01<04:13,  2.77it/s]
 59%|█████▉    | 1004/1704 [01:01<03:06,  3.75it/s]
 59%|█████▉    | 1007/1704 [01:02<02:20,  4.97it/s]
 59%|█████▉    | 1010/1704 [01:02<01:47,  6.44it/s]
 59%|█████▉    | 1012/1704 [01:02<01:31,  7.57it/s]
 60%|█████▉    | 1014/1704 [01:02<01:17,  8.87it/s]
 60%|█████▉    | 1016/1704 [01:02<01:07, 10.25it/s]
 60%|█████▉    | 1018/1704 [01:02<00:58, 11.79it/s]
 60%|█████▉    | 1021/1704 [01:02<00:48, 13.97it/s]
 60%|██████    | 1024/1704 [01:02<00:42, 15.83it/s]
 60%|██████    | 1027/1704 [01:03<00:39, 17.00it/s]
 60%|██████    | 1030/1704 [01:03<00:37, 17.79it/s]
 61%|██████    | 1033/1704 [01:03<00:36, 18.61it/s]
 61%|██████    | 1036/1704 [01:03<00:34, 19.23it/s]
 61%|██████    | 1039/1704 [01:03<00:33, 19.79it/s]
 61%|██████    | 1042/1704 [01:03<00:32, 20.09it/s]
 61%|██████▏   | 1045/1704 [01:03<00:32, 20.37it/s]
 62%|██████▏   | 1048/1704 [01:04<00:32, 20.36it/s]
 62%|██████▏   | 1051/1704 [01:04<00:32, 20.05it/s]
 62%|██████▏   | 1054/1704 [01:04<00:32, 19.97it/s]
 62%|██████▏   | 1057/1704 [01:04<00:32, 20.02it/s]
 62%|██████▏   | 1060/1704 [01:04<00:31, 20.51it/s]
 62%|██████▏   | 1063/1704 [01:04<00:31, 20.38it/s]
                                                   

 62%|██████▎   | 1065/1704 [01:04<00:31, 20.38it/s][INFO|trainer.py:934] 2025-05-25 09:29:07,638 >> The following columns in the Evaluation set don't have a corresponding argument in `BertForTokenClassification.forward` and have been ignored: ner_tags, tokens. If ner_tags, tokens are not expected by `BertForTokenClassification.forward`,  you can safely ignore this message.
[INFO|trainer.py:4327] 2025-05-25 09:29:07,639 >> 
***** Running Evaluation *****
[INFO|trainer.py:4329] 2025-05-25 09:29:07,639 >>   Num examples = 1000
[INFO|trainer.py:4332] 2025-05-25 09:29:07,639 >>   Batch size = 8
{'eval_loss': 0.36563965678215027, 'eval_overall_precision': 0.6383957922419461, 'eval_overall_recall': 0.7123991195891416, 'eval_overall_f1': 0.673370319001387, 'eval_overall_accuracy': 0.8859093364765974, 'eval_runtime': 1.4218, 'eval_samples_per_second': 703.35, 'eval_steps_per_second': 87.919, 'epoch': 4.0}
{'loss': 0.2102, 'grad_norm': 1.6697824001312256, 'learning_rate': 7.511737089201878e-06, 'epoch': 5.0}


  0%|          | 0/125 [00:00<?, ?it/s][A

 10%|▉         | 12/125 [00:00<00:00, 114.41it/s][A

 19%|█▉        | 24/125 [00:00<00:00, 107.41it/s][A

 28%|██▊       | 35/125 [00:00<00:00, 106.63it/s][A

 37%|███▋      | 46/125 [00:00<00:00, 105.85it/s][A

 46%|████▌     | 57/125 [00:00<00:00, 105.26it/s][A

 54%|█████▍    | 68/125 [00:00<00:00, 104.56it/s][A

 63%|██████▎   | 79/125 [00:00<00:00, 104.65it/s][A

 72%|███████▏  | 90/125 [00:00<00:00, 104.40it/s][A

 81%|████████  | 101/125 [00:00<00:00, 104.14it/s][A

 90%|████████▉ | 112/125 [00:01<00:00, 104.31it/s][A

 98%|█████████▊| 123/125 [00:01<00:00, 104.65it/s][A
                                                   

                                                  
[A
 62%|██████▎   | 1065/1704 [01:06<00:31, 20.38it/s]

100%|██████████| 125/125 [00:01<00:00, 104.65it/s][A

                                                  [A
 63%|██████▎   | 1066/1704 [01:06<02:03,  5.15it/s]
 63%|██████▎   | 1069/1704 [01:06<01:35,  6.64it/s]
 63%|██████▎   | 1072/1704 [01:06<01:15,  8.34it/s]
 63%|██████▎   | 1075/1704 [01:06<01:02, 10.13it/s]
 63%|██████▎   | 1077/1704 [01:06<00:55, 11.34it/s]
 63%|██████▎   | 1080/1704 [01:07<00:47, 13.15it/s]
 64%|██████▎   | 1083/1704 [01:07<00:41, 14.94it/s]
 64%|██████▎   | 1086/1704 [01:07<00:37, 16.45it/s]
 64%|██████▍   | 1089/1704 [01:07<00:34, 17.70it/s]
 64%|██████▍   | 1092/1704 [01:07<00:33, 18.18it/s]
 64%|██████▍   | 1095/1704 [01:07<00:32, 18.98it/s]
 64%|██████▍   | 1098/1704 [01:07<00:31, 19.06it/s]
 65%|██████▍   | 1101/1704 [01:08<00:31, 18.90it/s]
 65%|██████▍   | 1103/1704 [01:08<00:31, 19.09it/s]
 65%|██████▍   | 1106/1704 [01:08<00:30, 19.81it/s]
 65%|██████▌   | 1109/1704 [01:08<00:29, 19.96it/s]
 65%|██████▌   | 1112/1704 [01:08<00:29, 19.88it/s]
 65%|██████▌   | 1115/1704 [01:08<00:28, 20.40it/s]
 66%|██████▌   | 1118/1704 [01:08<00:28, 20.40it/s]
 66%|██████▌   | 1121/1704 [01:09<00:28, 20.35it/s]
 66%|██████▌   | 1124/1704 [01:09<00:28, 20.00it/s]
 66%|██████▌   | 1127/1704 [01:09<00:29, 19.69it/s]
 66%|██████▋   | 1130/1704 [01:09<00:29, 19.65it/s]
 66%|██████▋   | 1132/1704 [01:09<00:29, 19.72it/s]
 67%|██████▋   | 1134/1704 [01:09<00:28, 19.70it/s]
 67%|██████▋   | 1137/1704 [01:09<00:28, 20.21it/s]
 67%|██████▋   | 1140/1704 [01:10<00:27, 20.15it/s]
 67%|██████▋   | 1143/1704 [01:10<00:27, 20.60it/s]
 67%|██████▋   | 1146/1704 [01:10<00:26, 20.84it/s]
 67%|██████▋   | 1149/1704 [01:10<00:26, 20.94it/s]
 68%|██████▊   | 1152/1704 [01:10<00:26, 20.81it/s]
 68%|██████▊   | 1155/1704 [01:10<00:26, 21.04it/s]
 68%|██████▊   | 1158/1704 [01:10<00:26, 20.68it/s]
 68%|██████▊   | 1161/1704 [01:11<00:26, 20.84it/s]
 68%|██████▊   | 1164/1704 [01:11<00:25, 20.96it/s]
 68%|██████▊   | 1167/1704 [01:11<00:26, 20.64it/s]
 69%|██████▊   | 1170/1704 [01:11<00:26, 20.54it/s]
 69%|██████▉   | 1173/1704 [01:11<00:25, 20.44it/s]
 69%|██████▉   | 1176/1704 [01:11<00:25, 20.50it/s]
 69%|██████▉   | 1179/1704 [01:11<00:25, 20.68it/s]
 69%|██████▉   | 1182/1704 [01:12<00:25, 20.82it/s]
 70%|██████▉   | 1185/1704 [01:12<00:25, 20.72it/s]
 70%|██████▉   | 1188/1704 [01:12<00:25, 20.21it/s]
 70%|██████▉   | 1191/1704 [01:12<00:25, 20.49it/s]
 70%|███████   | 1194/1704 [01:12<00:24, 20.70it/s]
 70%|███████   | 1197/1704 [01:12<00:24, 20.57it/s]
 70%|███████   | 1200/1704 [01:12<00:24, 20.79it/s]
 71%|███████   | 1203/1704 [01:13<00:24, 20.71it/s]
 71%|███████   | 1206/1704 [01:13<00:23, 20.88it/s]
 71%|███████   | 1209/1704 [01:13<00:25, 19.70it/s]
 71%|███████   | 1211/1704 [01:13<00:25, 19.49it/s]
 71%|███████   | 1214/1704 [01:13<00:24, 20.10it/s]
 71%|███████▏  | 1217/1704 [01:13<00:23, 20.59it/s]
 72%|███████▏  | 1220/1704 [01:13<00:23, 20.67it/s]
 72%|███████▏  | 1223/1704 [01:14<00:23, 20.81it/s]
 72%|███████▏  | 1226/1704 [01:14<00:23, 20.24it/s]
 72%|███████▏  | 1229/1704 [01:14<00:23, 20.29it/s]
 72%|███████▏  | 1232/1704 [01:14<00:23, 20.45it/s]
 72%|███████▏  | 1235/1704 [01:14<00:23, 20.36it/s]
 73%|███████▎  | 1238/1704 [01:14<00:23, 19.94it/s]
 73%|███████▎  | 1240/1704 [01:14<00:23, 19.86it/s]
 73%|███████▎  | 1243/1704 [01:15<00:22, 20.27it/s]
 73%|███████▎  | 1246/1704 [01:15<00:22, 20.21it/s]
 73%|███████▎  | 1249/1704 [01:15<00:22, 20.45it/s]
 73%|███████▎  | 1252/1704 [01:15<00:22, 20.42it/s]
 74%|███████▎  | 1255/1704 [01:15<00:21, 20.42it/s]
 74%|███████▍  | 1258/1704 [01:15<00:21, 20.79it/s]
 74%|███████▍  | 1261/1704 [01:15<00:22, 20.11it/s]
 74%|███████▍  | 1264/1704 [01:16<00:21, 20.18it/s]
 74%|███████▍  | 1267/1704 [01:16<00:21, 20.26it/s]
 75%|███████▍  | 1270/1704 [01:16<00:21, 20.48it/s]
 75%|███████▍  | 1273/1704 [01:16<00:20, 20.74it/s]
 75%|███████▍  | 1276/1704 [01:16<00:21, 20.32it/s]
                                                   

 75%|███████▌  | 1278/1704 [01:16<00:20, 20.32it/s][INFO|trainer.py:934] 2025-05-25 09:29:19,520 >> The following columns in the Evaluation set don't have a corresponding argument in `BertForTokenClassification.forward` and have been ignored: ner_tags, tokens. If ner_tags, tokens are not expected by `BertForTokenClassification.forward`,  you can safely ignore this message.
[INFO|trainer.py:4327] 2025-05-25 09:29:19,521 >> 
***** Running Evaluation *****
[INFO|trainer.py:4329] 2025-05-25 09:29:19,521 >>   Num examples = 1000
[INFO|trainer.py:4332] 2025-05-25 09:29:19,521 >>   Batch size = 8
{'eval_loss': 0.37085381150245667, 'eval_overall_precision': 0.6468852459016393, 'eval_overall_recall': 0.7237710931768159, 'eval_overall_f1': 0.6831717451523546, 'eval_overall_accuracy': 0.8875300820195472, 'eval_runtime': 1.4145, 'eval_samples_per_second': 706.986, 'eval_steps_per_second': 88.373, 'epoch': 5.0}
{'loss': 0.1929, 'grad_norm': 2.8078041076660156, 'learning_rate': 5.011737089201878e-06, 'epoch': 6.0}


  0%|          | 0/125 [00:00<?, ?it/s][A

 10%|▉         | 12/125 [00:00<00:00, 114.49it/s][A

 19%|█▉        | 24/125 [00:00<00:00, 107.51it/s][A

 28%|██▊       | 35/125 [00:00<00:00, 106.76it/s][A

 37%|███▋      | 46/125 [00:00<00:00, 106.01it/s][A

 46%|████▌     | 57/125 [00:00<00:00, 105.36it/s][A

 54%|█████▍    | 68/125 [00:00<00:00, 104.60it/s][A

 63%|██████▎   | 79/125 [00:00<00:00, 104.66it/s][A

 72%|███████▏  | 90/125 [00:00<00:00, 104.38it/s][A

 81%|████████  | 101/125 [00:00<00:00, 104.14it/s][A

 90%|████████▉ | 112/125 [00:01<00:00, 104.38it/s][A

 98%|█████████▊| 123/125 [00:01<00:00, 104.72it/s][A
                                                   

                                                  
[A
 75%|███████▌  | 1278/1704 [01:18<00:20, 20.32it/s]

100%|██████████| 125/125 [00:01<00:00, 104.72it/s][A

                                                  [A
 75%|███████▌  | 1279/1704 [01:18<01:21,  5.22it/s]
 75%|███████▌  | 1282/1704 [01:18<01:02,  6.77it/s]
 75%|███████▌  | 1285/1704 [01:18<00:49,  8.50it/s]
 76%|███████▌  | 1287/1704 [01:18<00:42,  9.73it/s]
 76%|███████▌  | 1290/1704 [01:18<00:35, 11.78it/s]
 76%|███████▌  | 1293/1704 [01:18<00:30, 13.50it/s]
 76%|███████▌  | 1296/1704 [01:19<00:26, 15.21it/s]
 76%|███████▌  | 1299/1704 [01:19<00:24, 16.67it/s]
 76%|███████▋  | 1302/1704 [01:19<00:22, 17.51it/s]
 77%|███████▋  | 1305/1704 [01:19<00:21, 18.49it/s]
 77%|███████▋  | 1308/1704 [01:19<00:20, 19.23it/s]
 77%|███████▋  | 1311/1704 [01:19<00:20, 19.31it/s]
 77%|███████▋  | 1314/1704 [01:19<00:19, 19.68it/s]
 77%|███████▋  | 1317/1704 [01:20<00:19, 20.11it/s]
 77%|███████▋  | 1320/1704 [01:20<00:19, 20.16it/s]
 78%|███████▊  | 1323/1704 [01:20<00:18, 20.18it/s]
 78%|███████▊  | 1326/1704 [01:20<00:18, 20.27it/s]
 78%|███████▊  | 1329/1704 [01:20<00:18, 19.92it/s]
 78%|███████▊  | 1332/1704 [01:20<00:18, 20.23it/s]
 78%|███████▊  | 1335/1704 [01:21<00:18, 20.27it/s]
 79%|███████▊  | 1338/1704 [01:21<00:18, 20.12it/s]
 79%|███████▊  | 1341/1704 [01:21<00:17, 20.30it/s]
 79%|███████▉  | 1344/1704 [01:21<00:17, 20.10it/s]
 79%|███████▉  | 1347/1704 [01:21<00:17, 20.25it/s]
 79%|███████▉  | 1350/1704 [01:21<00:17, 20.02it/s]
 79%|███████▉  | 1353/1704 [01:21<00:17, 19.85it/s]
 80%|███████▉  | 1356/1704 [01:22<00:17, 19.96it/s]
 80%|███████▉  | 1358/1704 [01:22<00:17, 19.92it/s]
 80%|███████▉  | 1361/1704 [01:22<00:17, 19.98it/s]
 80%|████████  | 1364/1704 [01:22<00:16, 20.17it/s]
 80%|████████  | 1367/1704 [01:22<00:16, 20.21it/s]
 80%|████████  | 1370/1704 [01:22<00:16, 20.28it/s]
 81%|████████  | 1373/1704 [01:22<00:16, 20.33it/s]
 81%|████████  | 1376/1704 [01:23<00:15, 20.55it/s]
 81%|████████  | 1379/1704 [01:23<00:15, 20.38it/s]
 81%|████████  | 1382/1704 [01:23<00:15, 20.60it/s]
 81%|████████▏ | 1385/1704 [01:23<00:15, 20.53it/s]
 81%|████████▏ | 1388/1704 [01:23<00:15, 20.04it/s]
 82%|████████▏ | 1391/1704 [01:23<00:15, 20.45it/s]
 82%|████████▏ | 1394/1704 [01:23<00:15, 20.56it/s]
 82%|████████▏ | 1397/1704 [01:24<00:14, 20.78it/s]
 82%|████████▏ | 1400/1704 [01:24<00:14, 20.94it/s]
 82%|████████▏ | 1403/1704 [01:24<00:14, 20.83it/s]
 83%|████████▎ | 1406/1704 [01:24<00:14, 20.93it/s]
 83%|████████▎ | 1409/1704 [01:24<00:14, 21.04it/s]
 83%|████████▎ | 1412/1704 [01:24<00:13, 21.26it/s]
 83%|████████▎ | 1415/1704 [01:24<00:13, 20.98it/s]
 83%|████████▎ | 1418/1704 [01:25<00:13, 21.02it/s]
 83%|████████▎ | 1421/1704 [01:25<00:13, 21.09it/s]
 84%|████████▎ | 1424/1704 [01:25<00:13, 21.02it/s]
 84%|████████▎ | 1427/1704 [01:25<00:13, 21.08it/s]
 84%|████████▍ | 1430/1704 [01:25<00:13, 20.82it/s]
 84%|████████▍ | 1433/1704 [01:25<00:13, 20.61it/s]
 84%|████████▍ | 1436/1704 [01:25<00:13, 20.60it/s]
 84%|████████▍ | 1439/1704 [01:26<00:13, 20.10it/s]
 85%|████████▍ | 1442/1704 [01:26<00:13, 19.67it/s]
 85%|████████▍ | 1445/1704 [01:26<00:12, 20.16it/s]
 85%|████████▍ | 1448/1704 [01:26<00:12, 20.18it/s]
 85%|████████▌ | 1451/1704 [01:26<00:12, 20.17it/s]
 85%|████████▌ | 1454/1704 [01:26<00:12, 20.20it/s]
 86%|████████▌ | 1457/1704 [01:26<00:12, 20.16it/s]
 86%|████████▌ | 1460/1704 [01:27<00:11, 20.53it/s]
 86%|████████▌ | 1463/1704 [01:27<00:11, 20.25it/s]
 86%|████████▌ | 1466/1704 [01:27<00:11, 20.51it/s]
 86%|████████▌ | 1469/1704 [01:27<00:11, 20.18it/s]
 86%|████████▋ | 1472/1704 [01:27<00:11, 20.47it/s]
 87%|████████▋ | 1475/1704 [01:27<00:11, 20.29it/s]
 87%|████████▋ | 1478/1704 [01:28<00:11, 20.38it/s]
 87%|████████▋ | 1481/1704 [01:28<00:10, 20.28it/s]
 87%|████████▋ | 1484/1704 [01:28<00:11, 19.80it/s]
 87%|████████▋ | 1487/1704 [01:28<00:10, 20.26it/s]
 87%|████████▋ | 1490/1704 [01:28<00:10, 20.04it/s]
                                                   

 88%|████████▊ | 1491/1704 [01:28<00:10, 20.04it/s][INFO|trainer.py:934] 2025-05-25 09:29:31,371 >> The following columns in the Evaluation set don't have a corresponding argument in `BertForTokenClassification.forward` and have been ignored: ner_tags, tokens. If ner_tags, tokens are not expected by `BertForTokenClassification.forward`,  you can safely ignore this message.
[INFO|trainer.py:4327] 2025-05-25 09:29:31,372 >> 
***** Running Evaluation *****
[INFO|trainer.py:4329] 2025-05-25 09:29:31,372 >>   Num examples = 1000
[INFO|trainer.py:4332] 2025-05-25 09:29:31,372 >>   Batch size = 8
{'eval_loss': 0.40568041801452637, 'eval_overall_precision': 0.6625251846877098, 'eval_overall_recall': 0.7237710931768159, 'eval_overall_f1': 0.6917952314165497, 'eval_overall_accuracy': 0.8847306124453612, 'eval_runtime': 1.4147, 'eval_samples_per_second': 706.866, 'eval_steps_per_second': 88.358, 'epoch': 6.0}
{'loss': 0.179, 'grad_norm': 2.5306007862091064, 'learning_rate': 2.5117370892018782e-06, 'epoch': 7.0}


  0%|          | 0/125 [00:00<?, ?it/s][A

 10%|▉         | 12/125 [00:00<00:00, 114.20it/s][A

 19%|█▉        | 24/125 [00:00<00:00, 107.23it/s][A

 28%|██▊       | 35/125 [00:00<00:00, 106.44it/s][A

 37%|███▋      | 46/125 [00:00<00:00, 105.68it/s][A

 46%|████▌     | 57/125 [00:00<00:00, 105.18it/s][A

 54%|█████▍    | 68/125 [00:00<00:00, 104.46it/s][A

 63%|██████▎   | 79/125 [00:00<00:00, 104.61it/s][A

 72%|███████▏  | 90/125 [00:00<00:00, 104.38it/s][A

 81%|████████  | 101/125 [00:00<00:00, 104.01it/s][A

 90%|████████▉ | 112/125 [00:01<00:00, 104.22it/s][A

 98%|█████████▊| 123/125 [00:01<00:00, 104.57it/s][A
                                                   

                                                  
[A
 88%|████████▊ | 1491/1704 [01:30<00:10, 20.04it/s]

100%|██████████| 125/125 [00:01<00:00, 104.57it/s][A

                                                  [A
 88%|████████▊ | 1493/1704 [01:30<00:40,  5.18it/s]
 88%|████████▊ | 1496/1704 [01:30<00:31,  6.69it/s]
 88%|████████▊ | 1498/1704 [01:30<00:26,  7.84it/s][INFO|trainer.py:3993] 2025-05-25 09:29:33,238 >> Saving model checkpoint to /project/hrao/Meta-Resample/output/mit_movie_trivia_bert_run1/checkpoint-1500
[INFO|configuration_utils.py:424] 2025-05-25 09:29:33,240 >> Configuration saved in /project/hrao/Meta-Resample/output/mit_movie_trivia_bert_run1/checkpoint-1500/config.json
[INFO|modeling_utils.py:3724] 2025-05-25 09:29:34,448 >> Model weights saved in /project/hrao/Meta-Resample/output/mit_movie_trivia_bert_run1/checkpoint-1500/model.safetensors
[INFO|tokenization_utils_base.py:2525] 2025-05-25 09:29:34,479 >> tokenizer config file saved in /project/hrao/Meta-Resample/output/mit_movie_trivia_bert_run1/checkpoint-1500/tokenizer_config.json
[INFO|tokenization_utils_base.py:2534] 2025-05-25 09:29:34,496 >> Special tokens file saved in /project/hrao/Meta-Resample/output/mit_movie_trivia_bert_run1/checkpoint-1500/special_tokens_map.json

 88%|████████▊ | 1501/1704 [01:34<01:37,  2.07it/s]
 88%|████████▊ | 1504/1704 [01:34<01:09,  2.89it/s]
 88%|████████▊ | 1507/1704 [01:34<00:49,  3.96it/s]
 89%|████████▊ | 1510/1704 [01:34<00:36,  5.27it/s]
 89%|████████▉ | 1513/1704 [01:34<00:27,  6.82it/s]
 89%|████████▉ | 1515/1704 [01:34<00:23,  8.01it/s]
 89%|████████▉ | 1518/1704 [01:34<00:18, 10.07it/s]
 89%|████████▉ | 1521/1704 [01:35<00:15, 12.02it/s]
 89%|████████▉ | 1524/1704 [01:35<00:12, 13.88it/s]
 90%|████████▉ | 1527/1704 [01:35<00:11, 15.30it/s]
 90%|████████▉ | 1530/1704 [01:35<00:10, 16.51it/s]
 90%|████████▉ | 1533/1704 [01:35<00:09, 17.45it/s]
 90%|█████████ | 1536/1704 [01:35<00:09, 18.25it/s]
 90%|█████████ | 1539/1704 [01:35<00:08, 18.92it/s]
 90%|█████████ | 1542/1704 [01:36<00:08, 19.35it/s]
 91%|█████████ | 1545/1704 [01:36<00:08, 19.73it/s]
 91%|█████████ | 1548/1704 [01:36<00:08, 19.47it/s]
 91%|█████████ | 1551/1704 [01:36<00:07, 19.30it/s]
 91%|█████████ | 1554/1704 [01:36<00:07, 19.77it/s]
 91%|█████████▏| 1557/1704 [01:36<00:07, 20.14it/s]
 92%|█████████▏| 1560/1704 [01:37<00:07, 20.03it/s]
 92%|█████████▏| 1563/1704 [01:37<00:07, 20.07it/s]
 92%|█████████▏| 1566/1704 [01:37<00:06, 20.20it/s]
 92%|█████████▏| 1569/1704 [01:37<00:06, 20.45it/s]
 92%|█████████▏| 1572/1704 [01:37<00:06, 19.78it/s]
 92%|█████████▏| 1574/1704 [01:37<00:06, 19.78it/s]
 92%|█████████▏| 1576/1704 [01:37<00:06, 19.41it/s]
 93%|█████████▎| 1578/1704 [01:37<00:06, 19.25it/s]
 93%|█████████▎| 1580/1704 [01:38<00:06, 19.10it/s]
 93%|█████████▎| 1583/1704 [01:38<00:06, 19.24it/s]
 93%|█████████▎| 1586/1704 [01:38<00:06, 19.57it/s]
 93%|█████████▎| 1589/1704 [01:38<00:05, 19.75it/s]
 93%|█████████▎| 1592/1704 [01:38<00:05, 20.21it/s]
 94%|█████████▎| 1595/1704 [01:38<00:05, 20.32it/s]
 94%|█████████▍| 1598/1704 [01:38<00:05, 20.59it/s]
 94%|█████████▍| 1601/1704 [01:39<00:05, 20.58it/s]
 94%|█████████▍| 1604/1704 [01:39<00:04, 20.63it/s]
 94%|█████████▍| 1607/1704 [01:39<00:04, 20.27it/s]
 94%|█████████▍| 1610/1704 [01:39<00:04, 20.40it/s]
 95%|█████████▍| 1613/1704 [01:39<00:04, 19.99it/s]
 95%|█████████▍| 1616/1704 [01:39<00:04, 20.12it/s]
 95%|█████████▌| 1619/1704 [01:39<00:04, 20.41it/s]
 95%|█████████▌| 1622/1704 [01:40<00:04, 20.31it/s]
 95%|█████████▌| 1625/1704 [01:40<00:03, 20.33it/s]
 96%|█████████▌| 1628/1704 [01:40<00:03, 20.37it/s]
 96%|█████████▌| 1631/1704 [01:40<00:03, 20.61it/s]
 96%|█████████▌| 1634/1704 [01:40<00:03, 20.89it/s]
 96%|█████████▌| 1637/1704 [01:40<00:03, 20.52it/s]
 96%|█████████▌| 1640/1704 [01:40<00:03, 20.70it/s]
 96%|█████████▋| 1643/1704 [01:41<00:03, 20.27it/s]
 97%|█████████▋| 1646/1704 [01:41<00:02, 20.24it/s]
 97%|█████████▋| 1649/1704 [01:41<00:02, 20.49it/s]
 97%|█████████▋| 1652/1704 [01:41<00:02, 20.33it/s]
 97%|█████████▋| 1655/1704 [01:41<00:02, 20.25it/s]
 97%|█████████▋| 1658/1704 [01:41<00:02, 20.31it/s]
 97%|█████████▋| 1661/1704 [01:42<00:02, 20.14it/s]
 98%|█████████▊| 1664/1704 [01:42<00:01, 20.23it/s]
 98%|█████████▊| 1667/1704 [01:42<00:01, 20.12it/s]
 98%|█████████▊| 1670/1704 [01:42<00:01, 20.60it/s]
 98%|█████████▊| 1673/1704 [01:42<00:01, 20.63it/s]
 98%|█████████▊| 1676/1704 [01:42<00:01, 20.09it/s]
 99%|█████████▊| 1679/1704 [01:42<00:01, 20.32it/s]
 99%|█████████▊| 1682/1704 [01:43<00:01, 20.22it/s]
 99%|█████████▉| 1685/1704 [01:43<00:00, 20.37it/s]
 99%|█████████▉| 1688/1704 [01:43<00:00, 20.45it/s]
 99%|█████████▉| 1691/1704 [01:43<00:00, 20.52it/s]
 99%|█████████▉| 1694/1704 [01:43<00:00, 20.44it/s]
100%|█████████▉| 1697/1704 [01:43<00:00, 20.25it/s]
100%|█████████▉| 1700/1704 [01:43<00:00, 20.52it/s]
100%|█████████▉| 1703/1704 [01:44<00:00, 20.51it/s][INFO|trainer.py:3993] 2025-05-25 09:29:46,818 >> Saving model checkpoint to /project/hrao/Meta-Resample/output/mit_movie_trivia_bert_run1/checkpoint-1704
[INFO|configuration_utils.py:424] 2025-05-25 09:29:46,830 >> Configuration saved in /project/hrao/Meta-Resample/output/mit_movie_trivia_bert_run1/checkpoint-1704/config.json
[INFO|modeling_utils.py:3724] 2025-05-25 09:29:48,205 >> Model weights saved in /project/hrao/Meta-Resample/output/mit_movie_trivia_bert_run1/checkpoint-1704/model.safetensors
[INFO|tokenization_utils_base.py:2525] 2025-05-25 09:29:48,230 >> tokenizer config file saved in /project/hrao/Meta-Resample/output/mit_movie_trivia_bert_run1/checkpoint-1704/tokenizer_config.json
[INFO|tokenization_utils_base.py:2534] 2025-05-25 09:29:48,244 >> Special tokens file saved in /project/hrao/Meta-Resample/output/mit_movie_trivia_bert_run1/checkpoint-1704/special_tokens_map.json

                                                   

100%|██████████| 1704/1704 [01:47<00:00, 20.51it/s][INFO|trainer.py:934] 2025-05-25 09:29:50,666 >> The following columns in the Evaluation set don't have a corresponding argument in `BertForTokenClassification.forward` and have been ignored: ner_tags, tokens. If ner_tags, tokens are not expected by `BertForTokenClassification.forward`,  you can safely ignore this message.
[INFO|trainer.py:4327] 2025-05-25 09:29:50,667 >> 
***** Running Evaluation *****
[INFO|trainer.py:4329] 2025-05-25 09:29:50,667 >>   Num examples = 1000
[INFO|trainer.py:4332] 2025-05-25 09:29:50,667 >>   Batch size = 8
{'eval_loss': 0.3929895758628845, 'eval_overall_precision': 0.6585690515806988, 'eval_overall_recall': 0.7259721203228173, 'eval_overall_f1': 0.6906299075205026, 'eval_overall_accuracy': 0.8876774225234517, 'eval_runtime': 1.4158, 'eval_samples_per_second': 706.315, 'eval_steps_per_second': 88.289, 'epoch': 7.0}
{'loss': 0.1703, 'grad_norm': 2.2608156204223633, 'learning_rate': 1.1737089201877935e-08, 'epoch': 8.0}


  0%|          | 0/125 [00:00<?, ?it/s][A

 10%|▉         | 12/125 [00:00<00:00, 114.44it/s][A

 19%|█▉        | 24/125 [00:00<00:00, 107.33it/s][A

 28%|██▊       | 35/125 [00:00<00:00, 106.53it/s][A

 37%|███▋      | 46/125 [00:00<00:00, 105.77it/s][A

 46%|████▌     | 57/125 [00:00<00:00, 105.17it/s][A

 54%|█████▍    | 68/125 [00:00<00:00, 104.42it/s][A

 63%|██████▎   | 79/125 [00:00<00:00, 104.55it/s][A

 72%|███████▏  | 90/125 [00:00<00:00, 104.30it/s][A

 81%|████████  | 101/125 [00:00<00:00, 104.07it/s][A

 90%|████████▉ | 112/125 [00:01<00:00, 104.22it/s][A

 98%|█████████▊| 123/125 [00:01<00:00, 104.54it/s][A
                                                   

                                                  
[A
100%|██████████| 1704/1704 [01:49<00:00, 20.51it/s]

100%|██████████| 125/125 [00:01<00:00, 104.54it/s][A

                                                  [A[INFO|trainer.py:2676] 2025-05-25 09:29:52,094 >> 

Training completed. Do not forget to share your model on huggingface.co/models =)



                                                   

100%|██████████| 1704/1704 [01:49<00:00, 20.51it/s]
100%|██████████| 1704/1704 [01:49<00:00, 15.58it/s]
[INFO|trainer.py:3993] 2025-05-25 09:29:52,098 >> Saving model checkpoint to /project/hrao/Meta-Resample/output/mit_movie_trivia_bert_run1
[INFO|configuration_utils.py:424] 2025-05-25 09:29:52,100 >> Configuration saved in /project/hrao/Meta-Resample/output/mit_movie_trivia_bert_run1/config.json
[INFO|modeling_utils.py:3724] 2025-05-25 09:29:53,165 >> Model weights saved in /project/hrao/Meta-Resample/output/mit_movie_trivia_bert_run1/model.safetensors
[INFO|tokenization_utils_base.py:2525] 2025-05-25 09:29:53,193 >> tokenizer config file saved in /project/hrao/Meta-Resample/output/mit_movie_trivia_bert_run1/tokenizer_config.json
[INFO|tokenization_utils_base.py:2534] 2025-05-25 09:29:53,208 >> Special tokens file saved in /project/hrao/Meta-Resample/output/mit_movie_trivia_bert_run1/special_tokens_map.json
{'eval_loss': 0.3913092315196991, 'eval_overall_precision': 0.6550348953140578, 'eval_overall_recall': 0.723037417461482, 'eval_overall_f1': 0.6873583260680035, 'eval_overall_accuracy': 0.8878247630273562, 'eval_runtime': 1.4145, 'eval_samples_per_second': 706.949, 'eval_steps_per_second': 88.369, 'epoch': 8.0}
{'train_runtime': 109.3986, 'train_samples_per_second': 498.434, 'train_steps_per_second': 15.576, 'train_loss': 0.29255948044324703, 'epoch': 8.0}
***** train metrics *****
  epoch                    =        8.0
  total_flos               =  1065203GF
  train_loss               =     0.2926
  train_runtime            = 0:01:49.39
  train_samples            =       6816
  train_samples_per_second =    498.434
  train_steps_per_second   =     15.576
05/25/2025 09:29:53 - INFO - __main__ - *** Evaluate ***
[INFO|trainer.py:934] 2025-05-25 09:29:53,237 >> The following columns in the Evaluation set don't have a corresponding argument in `BertForTokenClassification.forward` and have been ignored: ner_tags, tokens. If ner_tags, tokens are not expected by `BertForTokenClassification.forward`,  you can safely ignore this message.
[INFO|trainer.py:4327] 2025-05-25 09:29:53,238 >> 
***** Running Evaluation *****
[INFO|trainer.py:4329] 2025-05-25 09:29:53,238 >>   Num examples = 1000
[INFO|trainer.py:4332] 2025-05-25 09:29:53,238 >>   Batch size = 8

  0%|          | 0/125 [00:00<?, ?it/s]
 10%|▉         | 12/125 [00:00<00:00, 114.15it/s]
 19%|█▉        | 24/125 [00:00<00:00, 107.29it/s]
 28%|██▊       | 35/125 [00:00<00:00, 106.44it/s]
 37%|███▋      | 46/125 [00:00<00:00, 105.27it/s]
 46%|████▌     | 57/125 [00:00<00:00, 104.64it/s]
 54%|█████▍    | 68/125 [00:00<00:00, 104.03it/s]
 63%|██████▎   | 79/125 [00:00<00:00, 104.20it/s]
 72%|███████▏  | 90/125 [00:00<00:00, 103.92it/s]
 81%|████████  | 101/125 [00:00<00:00, 103.73it/s]
 90%|████████▉ | 112/125 [00:01<00:00, 104.05it/s]
 98%|█████████▊| 123/125 [00:01<00:00, 104.41it/s]
100%|██████████| 125/125 [00:01<00:00, 88.53it/s] 
***** eval metrics *****
  epoch                   =        8.0
  eval_loss               =     0.3913
  eval_overall_accuracy   =     0.8878
  eval_overall_f1         =     0.6874
  eval_overall_precision  =      0.655
  eval_overall_recall     =      0.723
  eval_runtime            = 0:00:01.41
  eval_samples            =       1000
  eval_samples_per_second =    705.277
  eval_steps_per_second   =      88.16
05/25/2025 09:29:54 - INFO - __main__ - *** Predict ***
[INFO|trainer.py:934] 2025-05-25 09:29:54,664 >> The following columns in the test set don't have a corresponding argument in `BertForTokenClassification.forward` and have been ignored: ner_tags, tokens. If ner_tags, tokens are not expected by `BertForTokenClassification.forward`,  you can safely ignore this message.
[INFO|trainer.py:4327] 2025-05-25 09:29:54,666 >> 
***** Running Prediction *****
[INFO|trainer.py:4329] 2025-05-25 09:29:54,666 >>   Num examples = 1953
[INFO|trainer.py:4332] 2025-05-25 09:29:54,666 >>   Batch size = 8

  0%|          | 0/245 [00:00<?, ?it/s]
  5%|▍         | 12/245 [00:00<00:02, 113.46it/s]
 10%|▉         | 24/245 [00:00<00:02, 108.67it/s]
 14%|█▍        | 35/245 [00:00<00:01, 106.88it/s]
 19%|█▉        | 46/245 [00:00<00:01, 106.36it/s]
 23%|██▎       | 57/245 [00:00<00:01, 105.94it/s]
 28%|██▊       | 68/245 [00:00<00:01, 105.61it/s]
 32%|███▏      | 79/245 [00:00<00:01, 104.48it/s]
 37%|███▋      | 90/245 [00:00<00:01, 103.51it/s]
 41%|████      | 101/245 [00:00<00:01, 103.61it/s]
 46%|████▌     | 112/245 [00:01<00:01, 103.52it/s]
 50%|█████     | 123/245 [00:01<00:01, 103.97it/s]
 55%|█████▍    | 134/245 [00:01<00:01, 104.18it/s]
 59%|█████▉    | 145/245 [00:01<00:00, 103.90it/s]
 64%|██████▎   | 156/245 [00:01<00:00, 104.54it/s]
 68%|██████▊   | 167/245 [00:01<00:00, 104.70it/s]
 73%|███████▎  | 178/245 [00:01<00:00, 103.28it/s]
 77%|███████▋  | 189/245 [00:01<00:00, 103.08it/s]
 82%|████████▏ | 200/245 [00:01<00:00, 103.20it/s]
 86%|████████▌ | 211/245 [00:02<00:00, 103.46it/s]
 91%|█████████ | 222/245 [00:02<00:00, 103.72it/s]
 95%|█████████▌| 233/245 [00:02<00:00, 104.00it/s]
100%|█████████▉| 244/245 [00:02<00:00, 104.42it/s]
100%|██████████| 245/245 [00:02<00:00, 89.24it/s] 
[INFO|modelcard.py:450] 2025-05-25 09:29:57,514 >> Dropping the following result as it does not have all the necessary fields:
{'task': {'name': 'Token Classification', 'type': 'token-classification'}}
***** predict metrics *****
  predict_loss               =     0.3997
  predict_overall_accuracy   =     0.8864
  predict_overall_f1         =     0.7019 ✅ 比基线高了0.03%
  predict_overall_precision  =     0.6752
  predict_overall_recall     =     0.7307
  predict_runtime            = 0:00:02.75
  predict_samples_per_second =    708.291
  predict_steps_per_second   =     88.854

  ✅ HARDNESS_ALPHA=0.5
