05/25/2025 09:24:09 - WARNING - __main__ - Process rank: 0, device: cuda:0, n_gpu: 1, distributed training: False, 16-bits training: False
05/25/2025 09:24:09 - INFO - __main__ - Training/evaluation parameters TrainingArguments(
_n_gpu=1,
accelerator_config={'split_batches': False, 'dispatch_batches': None, 'even_batches': True, 'use_seedable_sampler': True, 'non_blocking': False, 'gradient_accumulation_kwargs': None, 'use_configured_state': False},
adafactor=False,
adam_beta1=0.9,
adam_beta2=0.999,
adam_epsilon=1e-08,
auto_find_batch_size=False,
average_tokens_across_devices=False,
batch_eval_metrics=False,
bf16=False,
bf16_full_eval=False,
data_seed=None,
dataloader_drop_last=False,
dataloader_num_workers=0,
dataloader_persistent_workers=False,
dataloader_pin_memory=True,
dataloader_prefetch_factor=None,
ddp_backend=None,
ddp_broadcast_buffers=None,
ddp_bucket_cap_mb=None,
ddp_find_unused_parameters=None,
ddp_timeout=1800,
debug=[],
deepspeed=None,
disable_tqdm=False,
do_eval=True,
do_predict=True,
do_train=True,
eval_accumulation_steps=None,
eval_delay=0,
eval_do_concat_batches=True,
eval_on_start=False,
eval_steps=None,
eval_strategy=epoch,
eval_use_gather_object=False,
fp16=False,
fp16_backend=auto,
fp16_full_eval=False,
fp16_opt_level=O1,
fsdp=[],
fsdp_config={'min_num_params': 0, 'xla': False, 'xla_fsdp_v2': False, 'xla_fsdp_grad_ckpt': False},
fsdp_min_num_params=0,
fsdp_transformer_layer_cls_to_wrap=None,
full_determinism=False,
gradient_accumulation_steps=1,
gradient_checkpointing=False,
gradient_checkpointing_kwargs=None,
greater_is_better=None,
group_by_length=False,
half_precision_backend=auto,
hub_always_push=False,
hub_model_id=None,
hub_private_repo=None,
hub_strategy=every_save,
hub_token=<HUB_TOKEN>,
ignore_data_skip=False,
include_for_metrics=[],
include_inputs_for_metrics=False,
include_num_input_tokens_seen=False,
include_tokens_per_second=False,
jit_mode_eval=False,
label_names=None,
label_smoothing_factor=0.0,
learning_rate=2e-05,
length_column_name=length,
load_best_model_at_end=False,
local_rank=0,
log_level=info,
log_level_replica=warning,
log_on_each_node=True,
logging_dir=/project/hrao/Meta-Resample/output/mit_movie_trivia_bert_run1/runs/May25_09-24-09_itiger01,
logging_first_step=False,
logging_nan_inf_filter=True,
logging_steps=500,
logging_strategy=epoch,
lr_scheduler_kwargs={},
lr_scheduler_type=linear,
max_grad_norm=1.0,
max_steps=-1,
metric_for_best_model=None,
mp_parameters=,
neftune_noise_alpha=None,
no_cuda=False,
num_train_epochs=8.0,
optim=adamw_torch,
optim_args=None,
optim_target_modules=None,
output_dir=/project/hrao/Meta-Resample/output/mit_movie_trivia_bert_run1,
overwrite_output_dir=True,
past_index=-1,
per_device_eval_batch_size=8,
per_device_train_batch_size=32,
prediction_loss_only=False,
push_to_hub=False,
push_to_hub_model_id=None,
push_to_hub_organization=None,
push_to_hub_token=<PUSH_TO_HUB_TOKEN>,
ray_scope=last,
remove_unused_columns=True,
report_to=['tensorboard'],
restore_callback_states_from_checkpoint=False,
resume_from_checkpoint=None,
run_name=/project/hrao/Meta-Resample/output/mit_movie_trivia_bert_run1,
save_on_each_node=False,
save_only_model=False,
save_safetensors=True,
save_steps=500,
save_strategy=steps,
save_total_limit=None,
seed=42,
skip_memory_metrics=True,
tf32=None,
torch_compile=False,
torch_compile_backend=None,
torch_compile_mode=None,
torch_empty_cache_steps=None,
torchdynamo=None,
tpu_metrics_debug=False,
tpu_num_cores=None,
use_cpu=False,
use_ipex=False,
use_legacy_prediction_loop=False,
use_liger_kernel=False,
use_mps_device=False,
warmup_ratio=0.0,
warmup_steps=0,
weight_decay=0.0,
)
[INFO|configuration_utils.py:698] 2025-05-25 09:24:09,727 >> loading configuration file config.json from cache at /home/hrao/.cache/huggingface/hub/models--google-bert--bert-base-uncased/snapshots/86b5e0934494bd15c9632b12f734a8a67f723594/config.json
[INFO|configuration_utils.py:770] 2025-05-25 09:24:09,731 >> Model config BertConfig {
  "architectures": [
    "BertForMaskedLM"
  ],
  "attention_probs_dropout_prob": 0.1,
  "classifier_dropout": null,
  "finetuning_task": "ner",
  "gradient_checkpointing": false,
  "hidden_act": "gelu",
  "hidden_dropout_prob": 0.1,
  "hidden_size": 768,
  "id2label": {
    "0": "LABEL_0",
    "1": "LABEL_1",
    "2": "LABEL_2",
    "3": "LABEL_3",
    "4": "LABEL_4",
    "5": "LABEL_5",
    "6": "LABEL_6",
    "7": "LABEL_7",
    "8": "LABEL_8",
    "9": "LABEL_9",
    "10": "LABEL_10",
    "11": "LABEL_11",
    "12": "LABEL_12",
    "13": "LABEL_13",
    "14": "LABEL_14",
    "15": "LABEL_15",
    "16": "LABEL_16",
    "17": "LABEL_17",
    "18": "LABEL_18",
    "19": "LABEL_19",
    "20": "LABEL_20",
    "21": "LABEL_21",
    "22": "LABEL_22",
    "23": "LABEL_23",
    "24": "LABEL_24"
  },
  "initializer_range": 0.02,
  "intermediate_size": 3072,
  "label2id": {
    "LABEL_0": 0,
    "LABEL_1": 1,
    "LABEL_10": 10,
    "LABEL_11": 11,
    "LABEL_12": 12,
    "LABEL_13": 13,
    "LABEL_14": 14,
    "LABEL_15": 15,
    "LABEL_16": 16,
    "LABEL_17": 17,
    "LABEL_18": 18,
    "LABEL_19": 19,
    "LABEL_2": 2,
    "LABEL_20": 20,
    "LABEL_21": 21,
    "LABEL_22": 22,
    "LABEL_23": 23,
    "LABEL_24": 24,
    "LABEL_3": 3,
    "LABEL_4": 4,
    "LABEL_5": 5,
    "LABEL_6": 6,
    "LABEL_7": 7,
    "LABEL_8": 8,
    "LABEL_9": 9
  },
  "layer_norm_eps": 1e-12,
  "max_position_embeddings": 512,
  "model_type": "bert",
  "num_attention_heads": 12,
  "num_hidden_layers": 12,
  "pad_token_id": 0,
  "position_embedding_type": "absolute",
  "transformers_version": "4.52.3",
  "type_vocab_size": 2,
  "use_cache": true,
  "vocab_size": 30522
}

[INFO|configuration_utils.py:698] 2025-05-25 09:24:09,791 >> loading configuration file config.json from cache at /home/hrao/.cache/huggingface/hub/models--google-bert--bert-base-uncased/snapshots/86b5e0934494bd15c9632b12f734a8a67f723594/config.json
[INFO|configuration_utils.py:770] 2025-05-25 09:24:09,792 >> Model config BertConfig {
  "architectures": [
    "BertForMaskedLM"
  ],
  "attention_probs_dropout_prob": 0.1,
  "classifier_dropout": null,
  "gradient_checkpointing": false,
  "hidden_act": "gelu",
  "hidden_dropout_prob": 0.1,
  "hidden_size": 768,
  "initializer_range": 0.02,
  "intermediate_size": 3072,
  "layer_norm_eps": 1e-12,
  "max_position_embeddings": 512,
  "model_type": "bert",
  "num_attention_heads": 12,
  "num_hidden_layers": 12,
  "pad_token_id": 0,
  "position_embedding_type": "absolute",
  "transformers_version": "4.52.3",
  "type_vocab_size": 2,
  "use_cache": true,
  "vocab_size": 30522
}

[INFO|tokenization_utils_base.py:2023] 2025-05-25 09:24:09,857 >> loading file vocab.txt from cache at /home/hrao/.cache/huggingface/hub/models--google-bert--bert-base-uncased/snapshots/86b5e0934494bd15c9632b12f734a8a67f723594/vocab.txt
[INFO|tokenization_utils_base.py:2023] 2025-05-25 09:24:09,857 >> loading file tokenizer.json from cache at /home/hrao/.cache/huggingface/hub/models--google-bert--bert-base-uncased/snapshots/86b5e0934494bd15c9632b12f734a8a67f723594/tokenizer.json
[INFO|tokenization_utils_base.py:2023] 2025-05-25 09:24:09,857 >> loading file added_tokens.json from cache at None
[INFO|tokenization_utils_base.py:2023] 2025-05-25 09:24:09,857 >> loading file special_tokens_map.json from cache at None
[INFO|tokenization_utils_base.py:2023] 2025-05-25 09:24:09,857 >> loading file tokenizer_config.json from cache at /home/hrao/.cache/huggingface/hub/models--google-bert--bert-base-uncased/snapshots/86b5e0934494bd15c9632b12f734a8a67f723594/tokenizer_config.json
[INFO|tokenization_utils_base.py:2023] 2025-05-25 09:24:09,857 >> loading file chat_template.jinja from cache at None
[INFO|configuration_utils.py:698] 2025-05-25 09:24:09,858 >> loading configuration file config.json from cache at /home/hrao/.cache/huggingface/hub/models--google-bert--bert-base-uncased/snapshots/86b5e0934494bd15c9632b12f734a8a67f723594/config.json
[INFO|configuration_utils.py:770] 2025-05-25 09:24:09,858 >> Model config BertConfig {
  "architectures": [
    "BertForMaskedLM"
  ],
  "attention_probs_dropout_prob": 0.1,
  "classifier_dropout": null,
  "gradient_checkpointing": false,
  "hidden_act": "gelu",
  "hidden_dropout_prob": 0.1,
  "hidden_size": 768,
  "initializer_range": 0.02,
  "intermediate_size": 3072,
  "layer_norm_eps": 1e-12,
  "max_position_embeddings": 512,
  "model_type": "bert",
  "num_attention_heads": 12,
  "num_hidden_layers": 12,
  "pad_token_id": 0,
  "position_embedding_type": "absolute",
  "transformers_version": "4.52.3",
  "type_vocab_size": 2,
  "use_cache": true,
  "vocab_size": 30522
}

[INFO|modeling_utils.py:1150] 2025-05-25 09:24:10,042 >> loading weights file model.safetensors from cache at /home/hrao/.cache/huggingface/hub/models--google-bert--bert-base-uncased/snapshots/86b5e0934494bd15c9632b12f734a8a67f723594/model.safetensors
[INFO|logging.py:343] 2025-05-25 09:24:10,059 >> A pretrained model of type `BertForTokenClassification` contains parameters that have been renamed internally (a few are listed below but more are present in the model):
* `cls.predictions.transform.LayerNorm.beta` -> `cls.predictions.transform.LayerNorm.bias`
* `cls.predictions.transform.LayerNorm.gamma` -> `cls.predictions.transform.LayerNorm.weight`
If you are using a model from the Hub, consider submitting a PR to adjust these weights and help future users.
[INFO|modeling_utils.py:5120] 2025-05-25 09:24:10,087 >> Some weights of the model checkpoint at google-bert/bert-base-uncased were not used when initializing BertForTokenClassification: ['bert.pooler.dense.bias', 'bert.pooler.dense.weight', 'cls.predictions.bias', 'cls.predictions.transform.LayerNorm.bias', 'cls.predictions.transform.LayerNorm.weight', 'cls.predictions.transform.dense.bias', 'cls.predictions.transform.dense.weight', 'cls.seq_relationship.bias', 'cls.seq_relationship.weight']
- This IS expected if you are initializing BertForTokenClassification from the checkpoint of a model trained on another task or with another architecture (e.g. initializing a BertForSequenceClassification model from a BertForPreTraining model).
- This IS NOT expected if you are initializing BertForTokenClassification from the checkpoint of a model that you expect to be exactly identical (initializing a BertForSequenceClassification model from a BertForSequenceClassification model).
[WARNING|modeling_utils.py:5132] 2025-05-25 09:24:10,087 >> Some weights of BertForTokenClassification were not initialized from the model checkpoint at google-bert/bert-base-uncased and are newly initialized: ['classifier.bias', 'classifier.weight']
You should probably TRAIN this model on a down-stream task to be able to use it for predictions and inference.

Running tokenizer on train dataset:   0%|          | 0/6816 [00:00<?, ? examples/s]
Running tokenizer on train dataset:  29%|██▉       | 2000/6816 [00:00<00:00, 18562.36 examples/s]
Running tokenizer on train dataset:  88%|████████▊ | 6000/6816 [00:00<00:00, 19845.57 examples/s]
Running tokenizer on train dataset: 100%|██████████| 6816/6816 [00:00<00:00, 19622.96 examples/s]

Running tokenizer on validation dataset:   0%|          | 0/1000 [00:00<?, ? examples/s]
Running tokenizer on validation dataset: 100%|██████████| 1000/1000 [00:00<00:00, 19893.68 examples/s]

Running tokenizer on prediction dataset:   0%|          | 0/1953 [00:00<?, ? examples/s]
Running tokenizer on prediction dataset: 100%|██████████| 1953/1953 [00:00<00:00, 20193.85 examples/s]
05/25/2025 09:24:10 - INFO - __main__ - Using standard DataCollatorForTokenClassification.
05/25/2025 09:24:11 - INFO - __main__ - Using standard Trainer.
/project/hrao/Meta-Resample/step_1/meta_aug_run_ner.py:697: FutureWarning: `tokenizer` is deprecated and will be removed in version 5.0.0 for `Trainer.__init__`. Use `processing_class` instead.
  trainer = Trainer(
[INFO|trainer.py:934] 2025-05-25 09:24:11,533 >> The following columns in the Training set don't have a corresponding argument in `BertForTokenClassification.forward` and have been ignored: ner_tags, tokens. If ner_tags, tokens are not expected by `BertForTokenClassification.forward`,  you can safely ignore this message.
[INFO|trainer.py:2409] 2025-05-25 09:24:11,539 >> ***** Running training *****
[INFO|trainer.py:2410] 2025-05-25 09:24:11,539 >>   Num examples = 6,816
[INFO|trainer.py:2411] 2025-05-25 09:24:11,539 >>   Num Epochs = 8
[INFO|trainer.py:2412] 2025-05-25 09:24:11,539 >>   Instantaneous batch size per device = 32
[INFO|trainer.py:2415] 2025-05-25 09:24:11,539 >>   Total train batch size (w. parallel, distributed & accumulation) = 32
[INFO|trainer.py:2416] 2025-05-25 09:24:11,539 >>   Gradient Accumulation steps = 1
[INFO|trainer.py:2417] 2025-05-25 09:24:11,539 >>   Total optimization steps = 1,704
[INFO|trainer.py:2418] 2025-05-25 09:24:11,540 >>   Number of trainable parameters = 108,910,873

  0%|          | 0/1704 [00:00<?, ?it/s]
  0%|          | 1/1704 [00:00<07:15,  3.91it/s]
  0%|          | 4/1704 [00:00<02:31, 11.25it/s]
  0%|          | 7/1704 [00:00<01:55, 14.65it/s]
  1%|          | 10/1704 [00:00<01:40, 16.90it/s]
  1%|          | 13/1704 [00:00<01:34, 17.98it/s]
  1%|          | 16/1704 [00:00<01:28, 18.97it/s]
  1%|          | 19/1704 [00:01<01:26, 19.58it/s]
  1%|▏         | 22/1704 [00:01<01:24, 19.84it/s]
  1%|▏         | 25/1704 [00:01<01:27, 19.09it/s]
  2%|▏         | 27/1704 [00:01<01:27, 19.13it/s]
  2%|▏         | 29/1704 [00:01<01:27, 19.17it/s]
  2%|▏         | 32/1704 [00:01<01:24, 19.76it/s]
  2%|▏         | 35/1704 [00:01<01:23, 19.90it/s]
  2%|▏         | 38/1704 [00:02<01:23, 20.05it/s]
  2%|▏         | 41/1704 [00:02<01:22, 20.26it/s]
  3%|▎         | 44/1704 [00:02<01:22, 20.22it/s]
  3%|▎         | 47/1704 [00:02<01:21, 20.21it/s]
  3%|▎         | 50/1704 [00:02<01:22, 19.99it/s]
  3%|▎         | 52/1704 [00:02<01:23, 19.78it/s]
  3%|▎         | 55/1704 [00:02<01:23, 19.78it/s]
  3%|▎         | 58/1704 [00:03<01:22, 19.88it/s]
  4%|▎         | 61/1704 [00:03<01:22, 19.94it/s]
  4%|▍         | 64/1704 [00:03<01:22, 19.89it/s]
  4%|▍         | 66/1704 [00:03<01:23, 19.69it/s]
  4%|▍         | 68/1704 [00:03<01:23, 19.51it/s]
  4%|▍         | 70/1704 [00:03<01:23, 19.57it/s]
  4%|▍         | 73/1704 [00:03<01:21, 20.00it/s]
  4%|▍         | 76/1704 [00:04<01:20, 20.23it/s]
  5%|▍         | 79/1704 [00:04<01:20, 20.26it/s]
  5%|▍         | 82/1704 [00:04<01:19, 20.37it/s]
  5%|▍         | 85/1704 [00:04<01:19, 20.42it/s]
  5%|▌         | 88/1704 [00:04<01:20, 20.17it/s]
  5%|▌         | 91/1704 [00:04<01:19, 20.25it/s]
  6%|▌         | 94/1704 [00:04<01:19, 20.17it/s]
  6%|▌         | 97/1704 [00:05<01:18, 20.47it/s]
  6%|▌         | 100/1704 [00:05<01:18, 20.35it/s]
  6%|▌         | 103/1704 [00:05<01:19, 20.13it/s]
  6%|▌         | 106/1704 [00:05<01:18, 20.40it/s]
  6%|▋         | 109/1704 [00:05<01:17, 20.45it/s]
  7%|▋         | 112/1704 [00:05<01:17, 20.67it/s]
  7%|▋         | 115/1704 [00:05<01:15, 20.91it/s]
  7%|▋         | 118/1704 [00:06<01:16, 20.65it/s]
  7%|▋         | 121/1704 [00:06<01:16, 20.61it/s]
  7%|▋         | 124/1704 [00:06<01:18, 20.14it/s]
  7%|▋         | 127/1704 [00:06<01:18, 20.15it/s]
  8%|▊         | 130/1704 [00:06<01:17, 20.23it/s]
  8%|▊         | 133/1704 [00:06<01:17, 20.25it/s]
  8%|▊         | 136/1704 [00:06<01:18, 19.90it/s]
  8%|▊         | 138/1704 [00:07<01:20, 19.36it/s]
  8%|▊         | 140/1704 [00:07<01:20, 19.41it/s]
  8%|▊         | 143/1704 [00:07<01:18, 19.80it/s]
  9%|▊         | 146/1704 [00:07<01:18, 19.94it/s]
  9%|▊         | 149/1704 [00:07<01:16, 20.28it/s]
  9%|▉         | 152/1704 [00:07<01:16, 20.35it/s]
  9%|▉         | 155/1704 [00:07<01:15, 20.60it/s]
  9%|▉         | 158/1704 [00:08<01:18, 19.62it/s]
  9%|▉         | 161/1704 [00:08<01:17, 19.87it/s]
 10%|▉         | 164/1704 [00:08<01:16, 20.23it/s]
 10%|▉         | 167/1704 [00:08<01:16, 20.02it/s]
 10%|▉         | 170/1704 [00:08<01:16, 20.03it/s]
 10%|█         | 173/1704 [00:08<01:15, 20.39it/s]
 10%|█         | 176/1704 [00:08<01:15, 20.32it/s]
 11%|█         | 179/1704 [00:09<01:15, 20.27it/s]
 11%|█         | 182/1704 [00:09<01:15, 20.27it/s]
 11%|█         | 185/1704 [00:09<01:13, 20.59it/s]
 11%|█         | 188/1704 [00:09<01:16, 19.87it/s]
 11%|█         | 191/1704 [00:09<01:14, 20.32it/s]
 11%|█▏        | 194/1704 [00:09<01:15, 20.04it/s]
 12%|█▏        | 197/1704 [00:09<01:14, 20.34it/s]
 12%|█▏        | 200/1704 [00:10<01:13, 20.51it/s]
 12%|█▏        | 203/1704 [00:10<01:14, 20.15it/s]
 12%|█▏        | 206/1704 [00:10<01:14, 20.16it/s]
 12%|█▏        | 209/1704 [00:10<01:13, 20.45it/s]
 12%|█▏        | 212/1704 [00:10<01:14, 20.15it/s]
                                                  

 12%|█▎        | 213/1704 [00:10<01:13, 20.15it/s][INFO|trainer.py:934] 2025-05-25 09:24:22,326 >> The following columns in the Evaluation set don't have a corresponding argument in `BertForTokenClassification.forward` and have been ignored: ner_tags, tokens. If ner_tags, tokens are not expected by `BertForTokenClassification.forward`,  you can safely ignore this message.
[INFO|trainer.py:4327] 2025-05-25 09:24:22,328 >> 
***** Running Evaluation *****
[INFO|trainer.py:4329] 2025-05-25 09:24:22,328 >>   Num examples = 1000
[INFO|trainer.py:4332] 2025-05-25 09:24:22,328 >>   Batch size = 8
{'loss': 0.7506, 'grad_norm': 1.8189882040023804, 'learning_rate': 1.7511737089201878e-05, 'epoch': 1.0}


  0%|          | 0/125 [00:00<?, ?it/s][A

 10%|▉         | 12/125 [00:00<00:01, 111.36it/s][A

 19%|█▉        | 24/125 [00:00<00:00, 105.05it/s][A

 28%|██▊       | 35/125 [00:00<00:00, 104.46it/s][A

 37%|███▋      | 46/125 [00:00<00:00, 103.89it/s][A

 46%|████▌     | 57/125 [00:00<00:00, 103.35it/s][A

 54%|█████▍    | 68/125 [00:00<00:00, 102.64it/s][A

 63%|██████▎   | 79/125 [00:00<00:00, 102.77it/s][A

 72%|███████▏  | 90/125 [00:00<00:00, 102.54it/s][A

 81%|████████  | 101/125 [00:00<00:00, 102.26it/s][A

 90%|████████▉ | 112/125 [00:01<00:00, 102.58it/s][A

 98%|█████████▊| 123/125 [00:01<00:00, 102.92it/s][A/project/hrao/miniconda3/envs/imbalance_env/lib/python3.10/site-packages/seqeval/metrics/v1.py:57: UndefinedMetricWarning: Precision and F-score are ill-defined and being set to 0.0 in labels with no predicted samples. Use `zero_division` parameter to control this behavior.
  _warn_prf(average, modifier, msg_start, len(result))

                                                  

                                                  
[A
 12%|█▎        | 213/1704 [00:12<01:13, 20.15it/s]

100%|██████████| 125/125 [00:01<00:00, 102.92it/s][A

                                                  [A
 13%|█▎        | 215/1704 [00:12<04:50,  5.13it/s]
 13%|█▎        | 218/1704 [00:12<03:44,  6.63it/s]
 13%|█▎        | 221/1704 [00:12<02:58,  8.29it/s]
 13%|█▎        | 224/1704 [00:12<02:25, 10.16it/s]
 13%|█▎        | 226/1704 [00:12<02:10, 11.35it/s]
 13%|█▎        | 228/1704 [00:12<01:56, 12.65it/s]
 14%|█▎        | 231/1704 [00:13<01:40, 14.68it/s]
 14%|█▎        | 233/1704 [00:13<01:33, 15.69it/s]
 14%|█▍        | 236/1704 [00:13<01:25, 17.22it/s]
 14%|█▍        | 239/1704 [00:13<01:19, 18.44it/s]
 14%|█▍        | 242/1704 [00:13<01:18, 18.70it/s]
 14%|█▍        | 245/1704 [00:13<01:16, 19.02it/s]
 15%|█▍        | 248/1704 [00:13<01:15, 19.41it/s]
 15%|█▍        | 251/1704 [00:14<01:16, 19.10it/s]
 15%|█▍        | 254/1704 [00:14<01:13, 19.69it/s]
 15%|█▌        | 257/1704 [00:14<01:12, 19.91it/s]
 15%|█▌        | 260/1704 [00:14<01:12, 19.83it/s]
 15%|█▌        | 263/1704 [00:14<01:11, 20.21it/s]
 16%|█▌        | 266/1704 [00:14<01:10, 20.40it/s]
 16%|█▌        | 269/1704 [00:14<01:09, 20.55it/s]
 16%|█▌        | 272/1704 [00:15<01:10, 20.45it/s]
 16%|█▌        | 275/1704 [00:15<01:09, 20.43it/s]
 16%|█▋        | 278/1704 [00:15<01:09, 20.47it/s]
 16%|█▋        | 281/1704 [00:15<01:08, 20.74it/s]
 17%|█▋        | 284/1704 [00:15<01:09, 20.54it/s]
 17%|█▋        | 287/1704 [00:15<01:09, 20.39it/s]
 17%|█▋        | 290/1704 [00:16<01:08, 20.58it/s]
 17%|█▋        | 293/1704 [00:16<01:08, 20.57it/s]
 17%|█▋        | 296/1704 [00:16<01:08, 20.65it/s]
 18%|█▊        | 299/1704 [00:16<01:07, 20.68it/s]
 18%|█▊        | 302/1704 [00:16<01:07, 20.75it/s]
 18%|█▊        | 305/1704 [00:16<01:08, 20.28it/s]
 18%|█▊        | 308/1704 [00:16<01:08, 20.42it/s]
 18%|█▊        | 311/1704 [00:17<01:09, 20.02it/s]
 18%|█▊        | 314/1704 [00:17<01:11, 19.44it/s]
 19%|█▊        | 316/1704 [00:17<01:10, 19.56it/s]
 19%|█▊        | 319/1704 [00:17<01:09, 19.83it/s]
 19%|█▉        | 322/1704 [00:17<01:08, 20.22it/s]
 19%|█▉        | 325/1704 [00:17<01:08, 20.27it/s]
 19%|█▉        | 328/1704 [00:17<01:10, 19.54it/s]
 19%|█▉        | 330/1704 [00:18<01:10, 19.59it/s]
 20%|█▉        | 333/1704 [00:18<01:08, 20.07it/s]
 20%|█▉        | 336/1704 [00:18<01:07, 20.17it/s]
 20%|█▉        | 339/1704 [00:18<01:07, 20.31it/s]
 20%|██        | 342/1704 [00:18<01:06, 20.63it/s]
 20%|██        | 345/1704 [00:18<01:07, 20.21it/s]
 20%|██        | 348/1704 [00:18<01:07, 20.02it/s]
 21%|██        | 351/1704 [00:19<01:07, 20.03it/s]
 21%|██        | 354/1704 [00:19<01:07, 19.95it/s]
 21%|██        | 356/1704 [00:19<01:07, 19.92it/s]
 21%|██        | 358/1704 [00:19<01:07, 19.84it/s]
 21%|██        | 361/1704 [00:19<01:06, 20.24it/s]
 21%|██▏       | 364/1704 [00:19<01:06, 20.22it/s]
 22%|██▏       | 367/1704 [00:19<01:06, 20.15it/s]
 22%|██▏       | 370/1704 [00:19<01:06, 20.11it/s]
 22%|██▏       | 373/1704 [00:20<01:06, 20.04it/s]
 22%|██▏       | 376/1704 [00:20<01:06, 20.02it/s]
 22%|██▏       | 379/1704 [00:20<01:05, 20.08it/s]
 22%|██▏       | 382/1704 [00:20<01:06, 19.77it/s]
 23%|██▎       | 385/1704 [00:20<01:05, 20.13it/s]
 23%|██▎       | 388/1704 [00:20<01:05, 20.04it/s]
 23%|██▎       | 391/1704 [00:21<01:04, 20.38it/s]
 23%|██▎       | 394/1704 [00:21<01:06, 19.81it/s]
 23%|██▎       | 397/1704 [00:21<01:05, 20.01it/s]
 23%|██▎       | 400/1704 [00:21<01:05, 19.99it/s]
 24%|██▎       | 403/1704 [00:21<01:05, 19.81it/s]
 24%|██▍       | 406/1704 [00:21<01:04, 20.02it/s]
 24%|██▍       | 409/1704 [00:21<01:04, 20.15it/s]
 24%|██▍       | 412/1704 [00:22<01:03, 20.33it/s]
 24%|██▍       | 415/1704 [00:22<01:02, 20.47it/s]
 25%|██▍       | 418/1704 [00:22<01:02, 20.62it/s]
 25%|██▍       | 421/1704 [00:22<01:01, 20.72it/s]
 25%|██▍       | 424/1704 [00:22<01:02, 20.49it/s]
                                                  

 25%|██▌       | 426/1704 [00:22<01:02, 20.49it/s][INFO|trainer.py:934] 2025-05-25 09:24:34,303 >> The following columns in the Evaluation set don't have a corresponding argument in `BertForTokenClassification.forward` and have been ignored: ner_tags, tokens. If ner_tags, tokens are not expected by `BertForTokenClassification.forward`,  you can safely ignore this message.
[INFO|trainer.py:4327] 2025-05-25 09:24:34,305 >> 
***** Running Evaluation *****
[INFO|trainer.py:4329] 2025-05-25 09:24:34,305 >>   Num examples = 1000
[INFO|trainer.py:4332] 2025-05-25 09:24:34,305 >>   Batch size = 8
{'eval_loss': 0.40021124482154846, 'eval_overall_precision': 0.6224080267558528, 'eval_overall_recall': 0.6826852531181218, 'eval_overall_f1': 0.6511546536039189, 'eval_overall_accuracy': 0.8744658906733461, 'eval_runtime': 1.4345, 'eval_samples_per_second': 697.091, 'eval_steps_per_second': 87.136, 'epoch': 1.0}
{'loss': 0.3537, 'grad_norm': 2.7021408081054688, 'learning_rate': 1.5011737089201878e-05, 'epoch': 2.0}


  0%|          | 0/125 [00:00<?, ?it/s][A

 10%|▉         | 12/125 [00:00<00:01, 112.85it/s][A

 19%|█▉        | 24/125 [00:00<00:00, 105.95it/s][A

 28%|██▊       | 35/125 [00:00<00:00, 105.14it/s][A

 37%|███▋      | 46/125 [00:00<00:00, 104.18it/s][A

 46%|████▌     | 57/125 [00:00<00:00, 103.71it/s][A

 54%|█████▍    | 68/125 [00:00<00:00, 103.06it/s][A

 63%|██████▎   | 79/125 [00:00<00:00, 103.22it/s][A

 72%|███████▏  | 90/125 [00:00<00:00, 102.98it/s][A

 81%|████████  | 101/125 [00:00<00:00, 102.75it/s][A

 90%|████████▉ | 112/125 [00:01<00:00, 103.01it/s][A

 98%|█████████▊| 123/125 [00:01<00:00, 103.32it/s][A
                                                  

                                                  
[A
 25%|██▌       | 426/1704 [00:24<01:02, 20.49it/s]

100%|██████████| 125/125 [00:01<00:00, 103.32it/s][A

                                                  [A
 25%|██▌       | 427/1704 [00:24<04:05,  5.19it/s]
 25%|██▌       | 430/1704 [00:24<03:09,  6.72it/s]
 25%|██▌       | 433/1704 [00:24<02:30,  8.44it/s]
 26%|██▌       | 436/1704 [00:24<02:03, 10.24it/s]
 26%|██▌       | 439/1704 [00:24<01:45, 12.03it/s]
 26%|██▌       | 442/1704 [00:24<01:31, 13.74it/s]
 26%|██▌       | 445/1704 [00:25<01:22, 15.35it/s]
 26%|██▋       | 448/1704 [00:25<01:16, 16.43it/s]
 26%|██▋       | 451/1704 [00:25<01:12, 17.39it/s]
 27%|██▋       | 454/1704 [00:25<01:10, 17.79it/s]
 27%|██▋       | 457/1704 [00:25<01:07, 18.51it/s]
 27%|██▋       | 460/1704 [00:25<01:05, 19.01it/s]
 27%|██▋       | 463/1704 [00:26<01:04, 19.38it/s]
 27%|██▋       | 466/1704 [00:26<01:03, 19.52it/s]
 28%|██▊       | 469/1704 [00:26<01:01, 20.00it/s]
 28%|██▊       | 472/1704 [00:26<01:02, 19.81it/s]
 28%|██▊       | 475/1704 [00:26<01:01, 19.87it/s]
 28%|██▊       | 478/1704 [00:26<01:00, 20.24it/s]
 28%|██▊       | 481/1704 [00:26<00:59, 20.52it/s]
 28%|██▊       | 484/1704 [00:27<00:59, 20.49it/s]
 29%|██▊       | 487/1704 [00:27<01:00, 20.05it/s]
 29%|██▉       | 490/1704 [00:27<01:00, 20.14it/s]
 29%|██▉       | 493/1704 [00:27<00:59, 20.36it/s]
 29%|██▉       | 496/1704 [00:27<01:00, 20.04it/s]
 29%|██▉       | 499/1704 [00:27<00:59, 20.15it/s][INFO|trainer.py:3993] 2025-05-25 09:24:39,382 >> Saving model checkpoint to /project/hrao/Meta-Resample/output/mit_movie_trivia_bert_run1/checkpoint-500
[INFO|configuration_utils.py:424] 2025-05-25 09:24:39,385 >> Configuration saved in /project/hrao/Meta-Resample/output/mit_movie_trivia_bert_run1/checkpoint-500/config.json
[INFO|modeling_utils.py:3724] 2025-05-25 09:24:40,325 >> Model weights saved in /project/hrao/Meta-Resample/output/mit_movie_trivia_bert_run1/checkpoint-500/model.safetensors
[INFO|tokenization_utils_base.py:2525] 2025-05-25 09:24:40,351 >> tokenizer config file saved in /project/hrao/Meta-Resample/output/mit_movie_trivia_bert_run1/checkpoint-500/tokenizer_config.json
[INFO|tokenization_utils_base.py:2534] 2025-05-25 09:24:40,365 >> Special tokens file saved in /project/hrao/Meta-Resample/output/mit_movie_trivia_bert_run1/checkpoint-500/special_tokens_map.json

 29%|██▉       | 502/1704 [00:31<07:19,  2.73it/s]
 30%|██▉       | 505/1704 [00:31<05:23,  3.70it/s]
 30%|██▉       | 508/1704 [00:31<04:03,  4.90it/s]
 30%|██▉       | 510/1704 [00:31<03:22,  5.88it/s]
 30%|███       | 513/1704 [00:31<02:35,  7.67it/s]
 30%|███       | 515/1704 [00:31<02:13,  8.89it/s]
 30%|███       | 518/1704 [00:31<01:48, 10.97it/s]
 31%|███       | 521/1704 [00:32<01:31, 12.98it/s]
 31%|███       | 524/1704 [00:32<01:21, 14.56it/s]
 31%|███       | 527/1704 [00:32<01:13, 15.96it/s]
 31%|███       | 529/1704 [00:32<01:11, 16.43it/s]
 31%|███       | 531/1704 [00:32<01:09, 16.82it/s]
 31%|███▏      | 533/1704 [00:32<01:09, 16.89it/s]
 31%|███▏      | 535/1704 [00:32<01:06, 17.59it/s]
 32%|███▏      | 537/1704 [00:32<01:05, 17.88it/s]
 32%|███▏      | 540/1704 [00:33<01:01, 18.90it/s]
 32%|███▏      | 542/1704 [00:33<01:01, 18.95it/s]
 32%|███▏      | 544/1704 [00:33<01:00, 19.07it/s]
 32%|███▏      | 546/1704 [00:33<01:00, 19.10it/s]
 32%|███▏      | 549/1704 [00:33<00:58, 19.81it/s]
 32%|███▏      | 551/1704 [00:33<00:58, 19.81it/s]
 32%|███▏      | 553/1704 [00:33<00:57, 19.85it/s]
 33%|███▎      | 556/1704 [00:33<00:56, 20.20it/s]
 33%|███▎      | 559/1704 [00:33<00:55, 20.54it/s]
 33%|███▎      | 562/1704 [00:34<00:55, 20.56it/s]
 33%|███▎      | 565/1704 [00:34<00:54, 20.86it/s]
 33%|███▎      | 568/1704 [00:34<00:54, 20.99it/s]
 34%|███▎      | 571/1704 [00:34<00:54, 20.78it/s]
 34%|███▎      | 574/1704 [00:34<00:53, 21.02it/s]
 34%|███▍      | 577/1704 [00:34<00:53, 20.93it/s]
 34%|███▍      | 580/1704 [00:34<00:53, 20.97it/s]
 34%|███▍      | 583/1704 [00:35<00:53, 20.99it/s]
 34%|███▍      | 586/1704 [00:35<00:53, 20.86it/s]
 35%|███▍      | 589/1704 [00:35<00:54, 20.47it/s]
 35%|███▍      | 592/1704 [00:35<00:54, 20.51it/s]
 35%|███▍      | 595/1704 [00:35<00:53, 20.70it/s]
 35%|███▌      | 598/1704 [00:35<00:53, 20.84it/s]
 35%|███▌      | 601/1704 [00:35<00:53, 20.50it/s]
 35%|███▌      | 604/1704 [00:36<00:55, 19.95it/s]
 36%|███▌      | 606/1704 [00:36<00:55, 19.83it/s]
 36%|███▌      | 608/1704 [00:36<00:55, 19.69it/s]
 36%|███▌      | 611/1704 [00:36<00:54, 20.05it/s]
 36%|███▌      | 613/1704 [00:36<00:54, 19.90it/s]
 36%|███▌      | 616/1704 [00:36<00:54, 19.91it/s]
 36%|███▋      | 619/1704 [00:36<00:53, 20.32it/s]
 37%|███▋      | 622/1704 [00:37<00:53, 20.26it/s]
 37%|███▋      | 625/1704 [00:37<00:53, 20.05it/s]
 37%|███▋      | 628/1704 [00:37<00:53, 19.93it/s]
 37%|███▋      | 630/1704 [00:37<00:53, 19.94it/s]
 37%|███▋      | 633/1704 [00:37<00:52, 20.28it/s]
 37%|███▋      | 636/1704 [00:37<00:51, 20.58it/s]
 38%|███▊      | 639/1704 [00:37<00:52, 20.40it/s]
                                                  

 38%|███▊      | 639/1704 [00:37<00:52, 20.40it/s][INFO|trainer.py:934] 2025-05-25 09:24:49,436 >> The following columns in the Evaluation set don't have a corresponding argument in `BertForTokenClassification.forward` and have been ignored: ner_tags, tokens. If ner_tags, tokens are not expected by `BertForTokenClassification.forward`,  you can safely ignore this message.
[INFO|trainer.py:4327] 2025-05-25 09:24:49,438 >> 
***** Running Evaluation *****
[INFO|trainer.py:4329] 2025-05-25 09:24:49,438 >>   Num examples = 1000
[INFO|trainer.py:4332] 2025-05-25 09:24:49,438 >>   Batch size = 8
{'eval_loss': 0.3566972613334656, 'eval_overall_precision': 0.6287680209698558, 'eval_overall_recall': 0.7039618488628027, 'eval_overall_f1': 0.6642436829352718, 'eval_overall_accuracy': 0.8818329158685723, 'eval_runtime': 1.4264, 'eval_samples_per_second': 701.075, 'eval_steps_per_second': 87.634, 'epoch': 2.0}
{'loss': 0.2861, 'grad_norm': 0.9905685186386108, 'learning_rate': 1.2511737089201879e-05, 'epoch': 3.0}


  0%|          | 0/125 [00:00<?, ?it/s][A

 10%|▉         | 12/125 [00:00<00:01, 112.96it/s][A

 19%|█▉        | 24/125 [00:00<00:00, 106.09it/s][A

 28%|██▊       | 35/125 [00:00<00:00, 105.23it/s][A

 37%|███▋      | 46/125 [00:00<00:00, 104.51it/s][A

 46%|████▌     | 57/125 [00:00<00:00, 103.89it/s][A

 54%|█████▍    | 68/125 [00:00<00:00, 103.18it/s][A

 63%|██████▎   | 79/125 [00:00<00:00, 103.29it/s][A

 72%|███████▏  | 90/125 [00:00<00:00, 103.03it/s][A

 81%|████████  | 101/125 [00:00<00:00, 102.76it/s][A

 90%|████████▉ | 112/125 [00:01<00:00, 102.95it/s][A

 98%|█████████▊| 123/125 [00:01<00:00, 103.28it/s][A
                                                  

                                                  
[A
 38%|███▊      | 639/1704 [00:39<00:52, 20.40it/s]

100%|██████████| 125/125 [00:01<00:00, 103.28it/s][A

                                                  [A
 38%|███▊      | 642/1704 [00:39<03:31,  5.02it/s]
 38%|███▊      | 645/1704 [00:39<02:42,  6.52it/s]
 38%|███▊      | 647/1704 [00:39<02:17,  7.67it/s]
 38%|███▊      | 649/1704 [00:39<01:56,  9.02it/s]
 38%|███▊      | 652/1704 [00:39<01:34, 11.16it/s]
 38%|███▊      | 654/1704 [00:40<01:24, 12.48it/s]
 38%|███▊      | 656/1704 [00:40<01:16, 13.71it/s]
 39%|███▊      | 659/1704 [00:40<01:06, 15.62it/s]
 39%|███▉      | 662/1704 [00:40<01:00, 17.32it/s]
 39%|███▉      | 665/1704 [00:40<00:58, 17.71it/s]
 39%|███▉      | 668/1704 [00:40<00:55, 18.69it/s]
 39%|███▉      | 671/1704 [00:40<00:53, 19.38it/s]
 40%|███▉      | 674/1704 [00:41<00:51, 19.95it/s]
 40%|███▉      | 677/1704 [00:41<00:51, 19.81it/s]
 40%|███▉      | 680/1704 [00:41<00:50, 20.10it/s]
 40%|████      | 683/1704 [00:41<00:50, 20.14it/s]
 40%|████      | 686/1704 [00:41<00:50, 20.03it/s]
 40%|████      | 689/1704 [00:41<00:50, 19.96it/s]
 41%|████      | 692/1704 [00:41<00:50, 20.08it/s]
 41%|████      | 695/1704 [00:42<00:50, 20.14it/s]
 41%|████      | 698/1704 [00:42<00:49, 20.21it/s]
 41%|████      | 701/1704 [00:42<00:48, 20.47it/s]
 41%|████▏     | 704/1704 [00:42<00:48, 20.63it/s]
 41%|████▏     | 707/1704 [00:42<00:48, 20.54it/s]
 42%|████▏     | 710/1704 [00:42<00:48, 20.48it/s]
 42%|████▏     | 713/1704 [00:42<00:49, 19.94it/s]
 42%|████▏     | 716/1704 [00:43<00:48, 20.32it/s]
 42%|████▏     | 719/1704 [00:43<00:48, 20.31it/s]
 42%|████▏     | 722/1704 [00:43<00:47, 20.67it/s]
 43%|████▎     | 725/1704 [00:43<00:48, 20.20it/s]
 43%|████▎     | 728/1704 [00:43<00:48, 20.26it/s]
 43%|████▎     | 731/1704 [00:43<00:48, 20.25it/s]
 43%|████▎     | 734/1704 [00:44<00:47, 20.30it/s]
 43%|████▎     | 737/1704 [00:44<00:47, 20.21it/s]
 43%|████▎     | 740/1704 [00:44<00:47, 20.47it/s]
 44%|████▎     | 743/1704 [00:44<00:46, 20.55it/s]
 44%|████▍     | 746/1704 [00:44<00:47, 20.38it/s]
 44%|████▍     | 749/1704 [00:44<00:46, 20.33it/s]
 44%|████▍     | 752/1704 [00:44<00:46, 20.28it/s]
 44%|████▍     | 755/1704 [00:45<00:46, 20.43it/s]
 44%|████▍     | 758/1704 [00:45<00:46, 20.31it/s]
 45%|████▍     | 761/1704 [00:45<00:47, 19.82it/s]
 45%|████▍     | 763/1704 [00:45<00:47, 19.81it/s]
 45%|████▍     | 765/1704 [00:45<00:47, 19.79it/s]
 45%|████▌     | 768/1704 [00:45<00:46, 20.22it/s]
 45%|████▌     | 771/1704 [00:45<00:45, 20.65it/s]
 45%|████▌     | 774/1704 [00:45<00:46, 19.82it/s]
 46%|████▌     | 776/1704 [00:46<00:47, 19.35it/s]
 46%|████▌     | 778/1704 [00:46<00:47, 19.42it/s]
 46%|████▌     | 781/1704 [00:46<00:46, 19.97it/s]
 46%|████▌     | 783/1704 [00:46<00:46, 19.94it/s]
 46%|████▌     | 785/1704 [00:46<00:46, 19.90it/s]
 46%|████▌     | 788/1704 [00:46<00:46, 19.70it/s]
 46%|████▋     | 791/1704 [00:46<00:45, 20.15it/s]
 47%|████▋     | 794/1704 [00:46<00:45, 20.16it/s]
 47%|████▋     | 797/1704 [00:47<00:45, 20.11it/s]
 47%|████▋     | 800/1704 [00:47<00:44, 20.46it/s]
 47%|████▋     | 803/1704 [00:47<00:43, 20.51it/s]
 47%|████▋     | 806/1704 [00:47<00:43, 20.65it/s]
 47%|████▋     | 809/1704 [00:47<00:43, 20.77it/s]
 48%|████▊     | 812/1704 [00:47<00:43, 20.50it/s]
 48%|████▊     | 815/1704 [00:48<00:43, 20.31it/s]
 48%|████▊     | 818/1704 [00:48<00:43, 20.58it/s]
 48%|████▊     | 821/1704 [00:48<00:42, 20.77it/s]
 48%|████▊     | 824/1704 [00:48<00:42, 20.56it/s]
 49%|████▊     | 827/1704 [00:48<00:43, 20.32it/s]
 49%|████▊     | 830/1704 [00:48<00:43, 20.19it/s]
 49%|████▉     | 833/1704 [00:48<00:44, 19.46it/s]
 49%|████▉     | 835/1704 [00:49<00:45, 19.27it/s]
 49%|████▉     | 838/1704 [00:49<00:44, 19.63it/s]
 49%|████▉     | 840/1704 [00:49<00:44, 19.61it/s]
 49%|████▉     | 843/1704 [00:49<00:42, 20.04it/s]
 50%|████▉     | 845/1704 [00:49<00:42, 20.00it/s]
 50%|████▉     | 848/1704 [00:49<00:42, 20.23it/s]
 50%|████▉     | 851/1704 [00:49<00:41, 20.35it/s]
                                                  

 50%|█████     | 852/1704 [00:49<00:41, 20.35it/s][INFO|trainer.py:934] 2025-05-25 09:25:01,410 >> The following columns in the Evaluation set don't have a corresponding argument in `BertForTokenClassification.forward` and have been ignored: ner_tags, tokens. If ner_tags, tokens are not expected by `BertForTokenClassification.forward`,  you can safely ignore this message.
[INFO|trainer.py:4327] 2025-05-25 09:25:01,412 >> 
***** Running Evaluation *****
[INFO|trainer.py:4329] 2025-05-25 09:25:01,412 >>   Num examples = 1000
[INFO|trainer.py:4332] 2025-05-25 09:25:01,412 >>   Batch size = 8
{'eval_loss': 0.33848652243614197, 'eval_overall_precision': 0.6673553719008265, 'eval_overall_recall': 0.7109317681584739, 'eval_overall_f1': 0.6884547069271759, 'eval_overall_accuracy': 0.8891017140611954, 'eval_runtime': 1.427, 'eval_samples_per_second': 700.747, 'eval_steps_per_second': 87.593, 'epoch': 3.0}
{'loss': 0.2429, 'grad_norm': 1.1505342721939087, 'learning_rate': 1.0011737089201879e-05, 'epoch': 4.0}


  0%|          | 0/125 [00:00<?, ?it/s][A

 10%|▉         | 12/125 [00:00<00:01, 112.95it/s][A

 19%|█▉        | 24/125 [00:00<00:00, 106.08it/s][A

 28%|██▊       | 35/125 [00:00<00:00, 105.33it/s][A

 37%|███▋      | 46/125 [00:00<00:00, 104.60it/s][A

 46%|████▌     | 57/125 [00:00<00:00, 104.00it/s][A

 54%|█████▍    | 68/125 [00:00<00:00, 103.30it/s][A

 63%|██████▎   | 79/125 [00:00<00:00, 103.40it/s][A

 72%|███████▏  | 90/125 [00:00<00:00, 103.20it/s][A

 81%|████████  | 101/125 [00:00<00:00, 102.94it/s][A

 90%|████████▉ | 112/125 [00:01<00:00, 103.11it/s][A

 98%|█████████▊| 123/125 [00:01<00:00, 103.43it/s][A
                                                  

                                                  
[A
 50%|█████     | 852/1704 [00:51<00:41, 20.35it/s]

100%|██████████| 125/125 [00:01<00:00, 103.43it/s][A

                                                  [A
 50%|█████     | 854/1704 [00:51<02:51,  4.95it/s]
 50%|█████     | 856/1704 [00:51<02:21,  6.00it/s]
 50%|█████     | 859/1704 [00:51<01:47,  7.87it/s]
 51%|█████     | 861/1704 [00:51<01:31,  9.21it/s]
 51%|█████     | 864/1704 [00:51<01:13, 11.37it/s]
 51%|█████     | 866/1704 [00:51<01:06, 12.67it/s]
 51%|█████     | 869/1704 [00:52<00:57, 14.55it/s]
 51%|█████     | 872/1704 [00:52<00:52, 15.95it/s]
 51%|█████▏    | 875/1704 [00:52<00:47, 17.34it/s]
 52%|█████▏    | 878/1704 [00:52<00:45, 18.11it/s]
 52%|█████▏    | 881/1704 [00:52<00:44, 18.47it/s]
 52%|█████▏    | 883/1704 [00:52<00:44, 18.32it/s]
 52%|█████▏    | 886/1704 [00:52<00:42, 19.14it/s]
 52%|█████▏    | 888/1704 [00:53<00:43, 18.86it/s]
 52%|█████▏    | 890/1704 [00:53<00:42, 19.01it/s]
 52%|█████▏    | 893/1704 [00:53<00:41, 19.60it/s]
 53%|█████▎    | 896/1704 [00:53<00:40, 19.80it/s]
 53%|█████▎    | 899/1704 [00:53<00:39, 20.21it/s]
 53%|█████▎    | 902/1704 [00:53<00:39, 20.20it/s]
 53%|█████▎    | 905/1704 [00:53<00:39, 19.98it/s]
 53%|█████▎    | 908/1704 [00:54<00:39, 20.31it/s]
 53%|█████▎    | 911/1704 [00:54<00:38, 20.55it/s]
 54%|█████▎    | 914/1704 [00:54<00:38, 20.52it/s]
 54%|█████▍    | 917/1704 [00:54<00:37, 20.74it/s]
 54%|█████▍    | 920/1704 [00:54<00:38, 20.34it/s]
 54%|█████▍    | 923/1704 [00:54<00:39, 19.93it/s]
 54%|█████▍    | 926/1704 [00:54<00:38, 20.28it/s]
 55%|█████▍    | 929/1704 [00:55<00:37, 20.42it/s]
 55%|█████▍    | 932/1704 [00:55<00:37, 20.65it/s]
 55%|█████▍    | 935/1704 [00:55<00:37, 20.49it/s]
 55%|█████▌    | 938/1704 [00:55<00:37, 20.64it/s]
 55%|█████▌    | 941/1704 [00:55<00:37, 20.54it/s]
 55%|█████▌    | 944/1704 [00:55<00:37, 20.22it/s]
 56%|█████▌    | 947/1704 [00:55<00:36, 20.51it/s]
 56%|█████▌    | 950/1704 [00:56<00:36, 20.48it/s]
 56%|█████▌    | 953/1704 [00:56<00:37, 20.28it/s]
 56%|█████▌    | 956/1704 [00:56<00:36, 20.52it/s]
 56%|█████▋    | 959/1704 [00:56<00:36, 20.48it/s]
 56%|█████▋    | 962/1704 [00:56<00:36, 20.16it/s]
 57%|█████▋    | 965/1704 [00:56<00:36, 20.41it/s]
 57%|█████▋    | 968/1704 [00:57<00:36, 20.39it/s]
 57%|█████▋    | 971/1704 [00:57<00:36, 20.30it/s]
 57%|█████▋    | 974/1704 [00:57<00:35, 20.43it/s]
 57%|█████▋    | 977/1704 [00:57<00:35, 20.28it/s]
 58%|█████▊    | 980/1704 [00:57<00:36, 19.96it/s]
 58%|█████▊    | 983/1704 [00:57<00:35, 20.03it/s]
 58%|█████▊    | 986/1704 [00:57<00:35, 19.96it/s]
 58%|█████▊    | 989/1704 [00:58<00:35, 20.30it/s]
 58%|█████▊    | 992/1704 [00:58<00:34, 20.52it/s]
 58%|█████▊    | 995/1704 [00:58<00:34, 20.35it/s]
 59%|█████▊    | 998/1704 [00:58<00:35, 20.09it/s][INFO|trainer.py:3993] 2025-05-25 09:25:10,158 >> Saving model checkpoint to /project/hrao/Meta-Resample/output/mit_movie_trivia_bert_run1/checkpoint-1000
[INFO|configuration_utils.py:424] 2025-05-25 09:25:10,160 >> Configuration saved in /project/hrao/Meta-Resample/output/mit_movie_trivia_bert_run1/checkpoint-1000/config.json
[INFO|modeling_utils.py:3724] 2025-05-25 09:25:11,153 >> Model weights saved in /project/hrao/Meta-Resample/output/mit_movie_trivia_bert_run1/checkpoint-1000/model.safetensors
[INFO|tokenization_utils_base.py:2525] 2025-05-25 09:25:11,184 >> tokenizer config file saved in /project/hrao/Meta-Resample/output/mit_movie_trivia_bert_run1/checkpoint-1000/tokenizer_config.json
[INFO|tokenization_utils_base.py:2534] 2025-05-25 09:25:11,201 >> Special tokens file saved in /project/hrao/Meta-Resample/output/mit_movie_trivia_bert_run1/checkpoint-1000/special_tokens_map.json

 59%|█████▊    | 1001/1704 [01:01<04:16,  2.75it/s]
 59%|█████▉    | 1003/1704 [01:01<03:27,  3.39it/s]
 59%|█████▉    | 1006/1704 [01:02<02:30,  4.63it/s]
 59%|█████▉    | 1008/1704 [01:02<02:03,  5.64it/s]
 59%|█████▉    | 1010/1704 [01:02<01:41,  6.83it/s]
 59%|█████▉    | 1013/1704 [01:02<01:17,  8.88it/s]
 60%|█████▉    | 1016/1704 [01:02<01:03, 10.87it/s]
 60%|█████▉    | 1018/1704 [01:02<00:56, 12.20it/s]
 60%|█████▉    | 1020/1704 [01:02<00:50, 13.55it/s]
 60%|██████    | 1023/1704 [01:02<00:43, 15.53it/s]
 60%|██████    | 1026/1704 [01:03<00:39, 17.09it/s]
 60%|██████    | 1029/1704 [01:03<00:37, 18.24it/s]
 61%|██████    | 1032/1704 [01:03<00:35, 18.72it/s]
 61%|██████    | 1035/1704 [01:03<00:34, 19.31it/s]
 61%|██████    | 1038/1704 [01:03<00:34, 19.55it/s]
 61%|██████    | 1041/1704 [01:03<00:33, 19.84it/s]
 61%|██████▏   | 1044/1704 [01:03<00:33, 19.88it/s]
 61%|██████▏   | 1047/1704 [01:04<00:33, 19.56it/s]
 62%|██████▏   | 1050/1704 [01:04<00:32, 19.99it/s]
 62%|██████▏   | 1053/1704 [01:04<00:32, 20.33it/s]
 62%|██████▏   | 1056/1704 [01:04<00:31, 20.48it/s]
 62%|██████▏   | 1059/1704 [01:04<00:31, 20.50it/s]
 62%|██████▏   | 1062/1704 [01:04<00:31, 20.38it/s]
 62%|██████▎   | 1065/1704 [01:04<00:31, 20.43it/s]
                                                   

 62%|██████▎   | 1065/1704 [01:04<00:31, 20.43it/s][INFO|trainer.py:934] 2025-05-25 09:25:16,531 >> The following columns in the Evaluation set don't have a corresponding argument in `BertForTokenClassification.forward` and have been ignored: ner_tags, tokens. If ner_tags, tokens are not expected by `BertForTokenClassification.forward`,  you can safely ignore this message.
[INFO|trainer.py:4327] 2025-05-25 09:25:16,533 >> 
***** Running Evaluation *****
[INFO|trainer.py:4329] 2025-05-25 09:25:16,533 >>   Num examples = 1000
[INFO|trainer.py:4332] 2025-05-25 09:25:16,533 >>   Batch size = 8
{'eval_loss': 0.35277214646339417, 'eval_overall_precision': 0.6533599467731205, 'eval_overall_recall': 0.7204695524578136, 'eval_overall_f1': 0.6852756454989533, 'eval_overall_accuracy': 0.8882667845390698, 'eval_runtime': 1.4277, 'eval_samples_per_second': 700.413, 'eval_steps_per_second': 87.552, 'epoch': 4.0}
{'loss': 0.2131, 'grad_norm': 1.6405394077301025, 'learning_rate': 7.511737089201878e-06, 'epoch': 5.0}


  0%|          | 0/125 [00:00<?, ?it/s][A

 10%|▉         | 12/125 [00:00<00:00, 113.02it/s][A

 19%|█▉        | 24/125 [00:00<00:00, 106.13it/s][A

 28%|██▊       | 35/125 [00:00<00:00, 105.40it/s][A

 37%|███▋      | 46/125 [00:00<00:00, 104.59it/s][A

 46%|████▌     | 57/125 [00:00<00:00, 103.52it/s][A

 54%|█████▍    | 68/125 [00:00<00:00, 102.86it/s][A

 63%|██████▎   | 79/125 [00:00<00:00, 103.10it/s][A

 72%|███████▏  | 90/125 [00:00<00:00, 102.87it/s][A

 81%|████████  | 101/125 [00:00<00:00, 102.74it/s][A

 90%|████████▉ | 112/125 [00:01<00:00, 103.01it/s][A

 98%|█████████▊| 123/125 [00:01<00:00, 103.42it/s][A
                                                   

                                                  
[A
 62%|██████▎   | 1065/1704 [01:06<00:31, 20.43it/s]

100%|██████████| 125/125 [00:01<00:00, 103.42it/s][A

                                                  [A
 63%|██████▎   | 1068/1704 [01:06<02:03,  5.13it/s]
 63%|██████▎   | 1071/1704 [01:06<01:35,  6.64it/s]
 63%|██████▎   | 1073/1704 [01:06<01:21,  7.79it/s]
 63%|██████▎   | 1075/1704 [01:06<01:09,  9.10it/s]
 63%|██████▎   | 1078/1704 [01:07<00:55, 11.22it/s]
 63%|██████▎   | 1080/1704 [01:07<00:49, 12.51it/s]
 64%|██████▎   | 1083/1704 [01:07<00:42, 14.53it/s]
 64%|██████▎   | 1086/1704 [01:07<00:39, 15.83it/s]
 64%|██████▍   | 1088/1704 [01:07<00:37, 16.49it/s]
 64%|██████▍   | 1091/1704 [01:07<00:35, 17.21it/s]
 64%|██████▍   | 1094/1704 [01:07<00:33, 18.10it/s]
 64%|██████▍   | 1097/1704 [01:08<00:31, 19.01it/s]
 65%|██████▍   | 1100/1704 [01:08<00:31, 19.46it/s]
 65%|██████▍   | 1103/1704 [01:08<00:30, 19.95it/s]
 65%|██████▍   | 1106/1704 [01:08<00:29, 20.33it/s]
 65%|██████▌   | 1109/1704 [01:08<00:29, 20.33it/s]
 65%|██████▌   | 1112/1704 [01:08<00:28, 20.46it/s]
 65%|██████▌   | 1115/1704 [01:08<00:29, 19.92it/s]
 66%|██████▌   | 1118/1704 [01:09<00:28, 20.30it/s]
 66%|██████▌   | 1121/1704 [01:09<00:28, 20.52it/s]
 66%|██████▌   | 1124/1704 [01:09<00:28, 20.19it/s]
 66%|██████▌   | 1127/1704 [01:09<00:28, 20.23it/s]
 66%|██████▋   | 1130/1704 [01:09<00:28, 20.40it/s]
 66%|██████▋   | 1133/1704 [01:09<00:27, 20.75it/s]
 67%|██████▋   | 1136/1704 [01:09<00:27, 20.67it/s]
 67%|██████▋   | 1139/1704 [01:10<00:27, 20.80it/s]
 67%|██████▋   | 1142/1704 [01:10<00:27, 20.29it/s]
 67%|██████▋   | 1145/1704 [01:10<00:27, 20.13it/s]
 67%|██████▋   | 1148/1704 [01:10<00:27, 20.48it/s]
 68%|██████▊   | 1151/1704 [01:10<00:26, 20.73it/s]
 68%|██████▊   | 1154/1704 [01:10<00:26, 20.51it/s]
 68%|██████▊   | 1157/1704 [01:10<00:27, 19.59it/s]
 68%|██████▊   | 1159/1704 [01:11<00:27, 19.54it/s]
 68%|██████▊   | 1162/1704 [01:11<00:27, 19.88it/s]
 68%|██████▊   | 1165/1704 [01:11<00:26, 20.18it/s]
 69%|██████▊   | 1168/1704 [01:11<00:26, 20.31it/s]
 69%|██████▊   | 1171/1704 [01:11<00:26, 19.80it/s]
 69%|██████▉   | 1173/1704 [01:11<00:26, 19.79it/s]
 69%|██████▉   | 1175/1704 [01:11<00:26, 19.79it/s]
 69%|██████▉   | 1178/1704 [01:12<00:26, 19.97it/s]
 69%|██████▉   | 1181/1704 [01:12<00:25, 20.15it/s]
 69%|██████▉   | 1184/1704 [01:12<00:25, 20.50it/s]
 70%|██████▉   | 1187/1704 [01:12<00:25, 20.61it/s]
 70%|██████▉   | 1190/1704 [01:12<00:24, 20.75it/s]
 70%|███████   | 1193/1704 [01:12<00:24, 20.61it/s]
 70%|███████   | 1196/1704 [01:12<00:24, 20.45it/s]
 70%|███████   | 1199/1704 [01:13<00:24, 20.60it/s]
 71%|███████   | 1202/1704 [01:13<00:24, 20.41it/s]
 71%|███████   | 1205/1704 [01:13<00:24, 20.52it/s]
 71%|███████   | 1208/1704 [01:13<00:23, 20.67it/s]
 71%|███████   | 1211/1704 [01:13<00:24, 20.30it/s]
 71%|███████   | 1214/1704 [01:13<00:24, 20.10it/s]
 71%|███████▏  | 1217/1704 [01:13<00:24, 19.62it/s]
 72%|███████▏  | 1219/1704 [01:14<00:24, 19.68it/s]
 72%|███████▏  | 1222/1704 [01:14<00:24, 19.85it/s]
 72%|███████▏  | 1224/1704 [01:14<00:24, 19.88it/s]
 72%|███████▏  | 1227/1704 [01:14<00:23, 20.29it/s]
 72%|███████▏  | 1230/1704 [01:14<00:23, 20.36it/s]
 72%|███████▏  | 1233/1704 [01:14<00:23, 20.13it/s]
 73%|███████▎  | 1236/1704 [01:14<00:23, 20.12it/s]
 73%|███████▎  | 1239/1704 [01:15<00:22, 20.38it/s]
 73%|███████▎  | 1242/1704 [01:15<00:22, 20.13it/s]
 73%|███████▎  | 1245/1704 [01:15<00:22, 20.39it/s]
 73%|███████▎  | 1248/1704 [01:15<00:22, 20.35it/s]
 73%|███████▎  | 1251/1704 [01:15<00:22, 20.32it/s]
 74%|███████▎  | 1254/1704 [01:15<00:22, 20.29it/s]
 74%|███████▍  | 1257/1704 [01:15<00:22, 20.18it/s]
 74%|███████▍  | 1260/1704 [01:16<00:22, 19.93it/s]
 74%|███████▍  | 1263/1704 [01:16<00:22, 19.90it/s]
 74%|███████▍  | 1266/1704 [01:16<00:21, 20.29it/s]
 74%|███████▍  | 1269/1704 [01:16<00:21, 20.33it/s]
 75%|███████▍  | 1272/1704 [01:16<00:21, 20.42it/s]
 75%|███████▍  | 1275/1704 [01:16<00:21, 20.38it/s]
 75%|███████▌  | 1278/1704 [01:16<00:20, 20.44it/s]
                                                   

 75%|███████▌  | 1278/1704 [01:16<00:20, 20.44it/s][INFO|trainer.py:934] 2025-05-25 09:25:28,489 >> The following columns in the Evaluation set don't have a corresponding argument in `BertForTokenClassification.forward` and have been ignored: ner_tags, tokens. If ner_tags, tokens are not expected by `BertForTokenClassification.forward`,  you can safely ignore this message.
[INFO|trainer.py:4327] 2025-05-25 09:25:28,491 >> 
***** Running Evaluation *****
[INFO|trainer.py:4329] 2025-05-25 09:25:28,491 >>   Num examples = 1000
[INFO|trainer.py:4332] 2025-05-25 09:25:28,491 >>   Batch size = 8
{'eval_loss': 0.3712676465511322, 'eval_overall_precision': 0.6538205980066445, 'eval_overall_recall': 0.7219369038884813, 'eval_overall_f1': 0.6861924686192469, 'eval_overall_accuracy': 0.8877265360247532, 'eval_runtime': 1.4278, 'eval_samples_per_second': 700.356, 'eval_steps_per_second': 87.545, 'epoch': 5.0}
{'loss': 0.1902, 'grad_norm': 2.1756985187530518, 'learning_rate': 5.011737089201878e-06, 'epoch': 6.0}


  0%|          | 0/125 [00:00<?, ?it/s][A

 10%|▉         | 12/125 [00:00<00:01, 112.70it/s][A

 19%|█▉        | 24/125 [00:00<00:00, 106.02it/s][A

 28%|██▊       | 35/125 [00:00<00:00, 105.17it/s][A

 37%|███▋      | 46/125 [00:00<00:00, 104.45it/s][A

 46%|████▌     | 57/125 [00:00<00:00, 103.88it/s][A

 54%|█████▍    | 68/125 [00:00<00:00, 103.16it/s][A

 63%|██████▎   | 79/125 [00:00<00:00, 103.27it/s][A

 72%|███████▏  | 90/125 [00:00<00:00, 103.05it/s][A

 81%|████████  | 101/125 [00:00<00:00, 102.75it/s][A

 90%|████████▉ | 112/125 [00:01<00:00, 103.00it/s][A

 98%|█████████▊| 123/125 [00:01<00:00, 103.30it/s][A
                                                   

                                                  
[A
 75%|███████▌  | 1278/1704 [01:18<00:20, 20.44it/s]

100%|██████████| 125/125 [00:01<00:00, 103.30it/s][A

                                                  [A
 75%|███████▌  | 1281/1704 [01:18<01:21,  5.19it/s]
 75%|███████▌  | 1284/1704 [01:18<01:02,  6.71it/s]
 75%|███████▌  | 1286/1704 [01:18<00:53,  7.85it/s]
 76%|███████▌  | 1288/1704 [01:18<00:45,  9.17it/s]
 76%|███████▌  | 1291/1704 [01:19<00:36, 11.37it/s]
 76%|███████▌  | 1294/1704 [01:19<00:30, 13.31it/s]
 76%|███████▌  | 1296/1704 [01:19<00:28, 14.39it/s]
 76%|███████▌  | 1298/1704 [01:19<00:26, 15.45it/s]
 76%|███████▋  | 1301/1704 [01:19<00:23, 17.04it/s]
 77%|███████▋  | 1304/1704 [01:19<00:22, 18.17it/s]
 77%|███████▋  | 1307/1704 [01:19<00:21, 18.81it/s]
 77%|███████▋  | 1310/1704 [01:19<00:20, 19.51it/s]
 77%|███████▋  | 1313/1704 [01:20<00:19, 19.76it/s]
 77%|███████▋  | 1316/1704 [01:20<00:19, 19.84it/s]
 77%|███████▋  | 1319/1704 [01:20<00:19, 19.74it/s]
 78%|███████▊  | 1322/1704 [01:20<00:18, 20.29it/s]
 78%|███████▊  | 1325/1704 [01:20<00:18, 20.45it/s]
 78%|███████▊  | 1328/1704 [01:20<00:18, 20.22it/s]
 78%|███████▊  | 1331/1704 [01:20<00:18, 20.57it/s]
 78%|███████▊  | 1334/1704 [01:21<00:18, 20.38it/s]
 78%|███████▊  | 1337/1704 [01:21<00:18, 20.36it/s]
 79%|███████▊  | 1340/1704 [01:21<00:17, 20.57it/s]
 79%|███████▉  | 1343/1704 [01:21<00:17, 20.86it/s]
 79%|███████▉  | 1346/1704 [01:21<00:17, 20.84it/s]
 79%|███████▉  | 1349/1704 [01:21<00:17, 20.84it/s]
 79%|███████▉  | 1352/1704 [01:21<00:17, 20.08it/s]
 80%|███████▉  | 1355/1704 [01:22<00:17, 20.10it/s]
 80%|███████▉  | 1358/1704 [01:22<00:16, 20.37it/s]
 80%|███████▉  | 1361/1704 [01:22<00:16, 20.50it/s]
 80%|████████  | 1364/1704 [01:22<00:16, 20.32it/s]
 80%|████████  | 1367/1704 [01:22<00:16, 20.34it/s]
 80%|████████  | 1370/1704 [01:22<00:16, 20.27it/s]
 81%|████████  | 1373/1704 [01:23<00:16, 20.31it/s]
 81%|████████  | 1376/1704 [01:23<00:16, 19.85it/s]
 81%|████████  | 1379/1704 [01:23<00:16, 20.21it/s]
 81%|████████  | 1382/1704 [01:23<00:15, 20.48it/s]
 81%|████████▏ | 1385/1704 [01:23<00:15, 20.04it/s]
 81%|████████▏ | 1388/1704 [01:23<00:16, 19.72it/s]
 82%|████████▏ | 1391/1704 [01:23<00:15, 20.07it/s]
 82%|████████▏ | 1394/1704 [01:24<00:15, 19.86it/s]
 82%|████████▏ | 1396/1704 [01:24<00:15, 19.83it/s]
 82%|████████▏ | 1398/1704 [01:24<00:15, 19.73it/s]
 82%|████████▏ | 1400/1704 [01:24<00:15, 19.48it/s]
 82%|████████▏ | 1402/1704 [01:24<00:15, 19.02it/s]
 82%|████████▏ | 1405/1704 [01:24<00:15, 19.83it/s]
 83%|████████▎ | 1408/1704 [01:24<00:14, 20.29it/s]
 83%|████████▎ | 1411/1704 [01:24<00:14, 20.64it/s]
 83%|████████▎ | 1414/1704 [01:25<00:13, 20.76it/s]
 83%|████████▎ | 1417/1704 [01:25<00:13, 20.56it/s]
 83%|████████▎ | 1420/1704 [01:25<00:13, 20.41it/s]
 84%|████████▎ | 1423/1704 [01:25<00:13, 20.11it/s]
 84%|████████▎ | 1426/1704 [01:25<00:13, 20.40it/s]
 84%|████████▍ | 1429/1704 [01:25<00:13, 20.08it/s]
 84%|████████▍ | 1432/1704 [01:25<00:13, 20.06it/s]
 84%|████████▍ | 1435/1704 [01:26<00:13, 20.37it/s]
 84%|████████▍ | 1438/1704 [01:26<00:12, 20.63it/s]
 85%|████████▍ | 1441/1704 [01:26<00:12, 20.45it/s]
 85%|████████▍ | 1444/1704 [01:26<00:12, 20.10it/s]
 85%|████████▍ | 1447/1704 [01:26<00:12, 20.36it/s]
 85%|████████▌ | 1450/1704 [01:26<00:12, 20.46it/s]
 85%|████████▌ | 1453/1704 [01:26<00:12, 20.66it/s]
 85%|████████▌ | 1456/1704 [01:27<00:12, 20.67it/s]
 86%|████████▌ | 1459/1704 [01:27<00:11, 20.82it/s]
 86%|████████▌ | 1462/1704 [01:27<00:11, 20.88it/s]
 86%|████████▌ | 1465/1704 [01:27<00:11, 20.22it/s]
 86%|████████▌ | 1468/1704 [01:27<00:11, 20.00it/s]
 86%|████████▋ | 1471/1704 [01:27<00:11, 19.88it/s]
 86%|████████▋ | 1473/1704 [01:27<00:11, 19.56it/s]
 87%|████████▋ | 1476/1704 [01:28<00:11, 20.05it/s]
 87%|████████▋ | 1479/1704 [01:28<00:11, 20.07it/s]
 87%|████████▋ | 1482/1704 [01:28<00:11, 20.00it/s]
 87%|████████▋ | 1484/1704 [01:28<00:11, 19.96it/s]
 87%|████████▋ | 1487/1704 [01:28<00:10, 20.44it/s]
 87%|████████▋ | 1490/1704 [01:28<00:10, 20.27it/s]
                                                   

 88%|████████▊ | 1491/1704 [01:28<00:10, 20.27it/s][INFO|trainer.py:934] 2025-05-25 09:25:40,417 >> The following columns in the Evaluation set don't have a corresponding argument in `BertForTokenClassification.forward` and have been ignored: ner_tags, tokens. If ner_tags, tokens are not expected by `BertForTokenClassification.forward`,  you can safely ignore this message.
[INFO|trainer.py:4327] 2025-05-25 09:25:40,418 >> 
***** Running Evaluation *****
[INFO|trainer.py:4329] 2025-05-25 09:25:40,418 >>   Num examples = 1000
[INFO|trainer.py:4332] 2025-05-25 09:25:40,418 >>   Batch size = 8
{'eval_loss': 0.3843202292919159, 'eval_overall_precision': 0.652317880794702, 'eval_overall_recall': 0.7226705796038151, 'eval_overall_f1': 0.6856943961016359, 'eval_overall_accuracy': 0.8876774225234517, 'eval_runtime': 1.4269, 'eval_samples_per_second': 700.835, 'eval_steps_per_second': 87.604, 'epoch': 6.0}
{'loss': 0.1752, 'grad_norm': 2.228957414627075, 'learning_rate': 2.5117370892018782e-06, 'epoch': 7.0}


  0%|          | 0/125 [00:00<?, ?it/s][A

 10%|▉         | 12/125 [00:00<00:01, 112.47it/s][A

 19%|█▉        | 24/125 [00:00<00:00, 105.78it/s][A

 28%|██▊       | 35/125 [00:00<00:00, 105.01it/s][A

 37%|███▋      | 46/125 [00:00<00:00, 104.21it/s][A

 46%|████▌     | 57/125 [00:00<00:00, 103.64it/s][A

 54%|█████▍    | 68/125 [00:00<00:00, 102.92it/s][A

 63%|██████▎   | 79/125 [00:00<00:00, 103.03it/s][A

 72%|███████▏  | 90/125 [00:00<00:00, 102.83it/s][A

 81%|████████  | 101/125 [00:00<00:00, 102.61it/s][A

 90%|████████▉ | 112/125 [00:01<00:00, 102.83it/s][A

 98%|█████████▊| 123/125 [00:01<00:00, 103.21it/s][A
                                                   

                                                  
[A
 88%|████████▊ | 1491/1704 [01:30<00:10, 20.27it/s]

100%|██████████| 125/125 [00:01<00:00, 103.21it/s][A

                                                  [A
 88%|████████▊ | 1493/1704 [01:30<00:42,  5.01it/s]
 88%|████████▊ | 1495/1704 [01:30<00:34,  6.04it/s]
 88%|████████▊ | 1498/1704 [01:30<00:26,  7.83it/s]
 88%|████████▊ | 1500/1704 [01:30<00:22,  9.09it/s][INFO|trainer.py:3993] 2025-05-25 09:25:42,317 >> Saving model checkpoint to /project/hrao/Meta-Resample/output/mit_movie_trivia_bert_run1/checkpoint-1500
[INFO|configuration_utils.py:424] 2025-05-25 09:25:42,320 >> Configuration saved in /project/hrao/Meta-Resample/output/mit_movie_trivia_bert_run1/checkpoint-1500/config.json
[INFO|modeling_utils.py:3724] 2025-05-25 09:25:43,296 >> Model weights saved in /project/hrao/Meta-Resample/output/mit_movie_trivia_bert_run1/checkpoint-1500/model.safetensors
[INFO|tokenization_utils_base.py:2525] 2025-05-25 09:25:43,329 >> tokenizer config file saved in /project/hrao/Meta-Resample/output/mit_movie_trivia_bert_run1/checkpoint-1500/tokenizer_config.json
[INFO|tokenization_utils_base.py:2534] 2025-05-25 09:25:43,347 >> Special tokens file saved in /project/hrao/Meta-Resample/output/mit_movie_trivia_bert_run1/checkpoint-1500/special_tokens_map.json

 88%|████████▊ | 1502/1704 [01:34<01:40,  2.01it/s]
 88%|████████▊ | 1504/1704 [01:34<01:15,  2.64it/s]
 88%|████████▊ | 1507/1704 [01:34<00:50,  3.87it/s]
 89%|████████▊ | 1509/1704 [01:34<00:39,  4.89it/s]
 89%|████████▊ | 1512/1704 [01:34<00:28,  6.73it/s]
 89%|████████▉ | 1515/1704 [01:34<00:21,  8.76it/s]
 89%|████████▉ | 1518/1704 [01:34<00:17, 10.84it/s]
 89%|████████▉ | 1521/1704 [01:34<00:14, 12.56it/s]
 89%|████████▉ | 1524/1704 [01:35<00:12, 14.37it/s]
 90%|████████▉ | 1527/1704 [01:35<00:11, 15.65it/s]
 90%|████████▉ | 1529/1704 [01:35<00:10, 16.45it/s]
 90%|████████▉ | 1532/1704 [01:35<00:09, 17.66it/s]
 90%|█████████ | 1535/1704 [01:35<00:09, 18.36it/s]
 90%|█████████ | 1538/1704 [01:35<00:08, 18.89it/s]
 90%|█████████ | 1541/1704 [01:35<00:08, 19.03it/s]
 91%|█████████ | 1544/1704 [01:36<00:08, 19.23it/s]
 91%|█████████ | 1546/1704 [01:36<00:08, 19.36it/s]
 91%|█████████ | 1548/1704 [01:36<00:08, 19.27it/s]
 91%|█████████ | 1550/1704 [01:36<00:08, 18.76it/s]
 91%|█████████ | 1552/1704 [01:36<00:08, 18.81it/s]
 91%|█████████▏| 1555/1704 [01:36<00:07, 19.10it/s]
 91%|█████████▏| 1558/1704 [01:36<00:07, 19.41it/s]
 92%|█████████▏| 1560/1704 [01:36<00:07, 19.47it/s]
 92%|█████████▏| 1563/1704 [01:37<00:07, 19.67it/s]
 92%|█████████▏| 1566/1704 [01:37<00:06, 20.23it/s]
 92%|█████████▏| 1569/1704 [01:37<00:06, 20.55it/s]
 92%|█████████▏| 1572/1704 [01:37<00:06, 20.70it/s]
 92%|█████████▏| 1575/1704 [01:37<00:06, 20.54it/s]
 93%|█████████▎| 1578/1704 [01:37<00:06, 20.26it/s]
 93%|█████████▎| 1581/1704 [01:37<00:06, 20.12it/s]
 93%|█████████▎| 1584/1704 [01:38<00:06, 19.47it/s]
 93%|█████████▎| 1587/1704 [01:38<00:05, 19.95it/s]
 93%|█████████▎| 1590/1704 [01:38<00:05, 20.08it/s]
 93%|█████████▎| 1593/1704 [01:38<00:05, 19.75it/s]
 94%|█████████▎| 1596/1704 [01:38<00:05, 20.01it/s]
 94%|█████████▍| 1599/1704 [01:38<00:05, 20.07it/s]
 94%|█████████▍| 1602/1704 [01:39<00:05, 19.96it/s]
 94%|█████████▍| 1605/1704 [01:39<00:04, 20.38it/s]
 94%|█████████▍| 1608/1704 [01:39<00:04, 20.62it/s]
 95%|█████████▍| 1611/1704 [01:39<00:04, 20.78it/s]
 95%|█████████▍| 1614/1704 [01:39<00:04, 20.21it/s]
 95%|█████████▍| 1617/1704 [01:39<00:04, 20.37it/s]
 95%|█████████▌| 1620/1704 [01:39<00:04, 20.30it/s]
 95%|█████████▌| 1623/1704 [01:40<00:04, 19.85it/s]
 95%|█████████▌| 1625/1704 [01:40<00:03, 19.88it/s]
 95%|█████████▌| 1627/1704 [01:40<00:03, 19.76it/s]
 96%|█████████▌| 1630/1704 [01:40<00:03, 19.97it/s]
 96%|█████████▌| 1632/1704 [01:40<00:03, 19.92it/s]
 96%|█████████▌| 1634/1704 [01:40<00:03, 19.89it/s]
 96%|█████████▌| 1636/1704 [01:40<00:03, 19.83it/s]
 96%|█████████▌| 1639/1704 [01:40<00:03, 20.02it/s]
 96%|█████████▋| 1641/1704 [01:40<00:03, 19.89it/s]
 96%|█████████▋| 1644/1704 [01:41<00:02, 20.15it/s]
 97%|█████████▋| 1647/1704 [01:41<00:02, 20.41it/s]
 97%|█████████▋| 1650/1704 [01:41<00:02, 20.59it/s]
 97%|█████████▋| 1653/1704 [01:41<00:02, 20.73it/s]
 97%|█████████▋| 1656/1704 [01:41<00:02, 20.80it/s]
 97%|█████████▋| 1659/1704 [01:41<00:02, 20.65it/s]
 98%|█████████▊| 1662/1704 [01:41<00:02, 20.67it/s]
 98%|█████████▊| 1665/1704 [01:42<00:01, 20.87it/s]
 98%|█████████▊| 1668/1704 [01:42<00:01, 20.93it/s]
 98%|█████████▊| 1671/1704 [01:42<00:01, 20.95it/s]
 98%|█████████▊| 1674/1704 [01:42<00:01, 20.77it/s]
 98%|█████████▊| 1677/1704 [01:42<00:01, 20.50it/s]
 99%|█████████▊| 1680/1704 [01:42<00:01, 20.20it/s]
 99%|█████████▉| 1683/1704 [01:42<00:01, 20.14it/s]
 99%|█████████▉| 1686/1704 [01:43<00:00, 20.16it/s]
 99%|█████████▉| 1689/1704 [01:43<00:00, 20.48it/s]
 99%|█████████▉| 1692/1704 [01:43<00:00, 20.42it/s]
 99%|█████████▉| 1695/1704 [01:43<00:00, 20.58it/s]
100%|█████████▉| 1698/1704 [01:43<00:00, 20.48it/s]
100%|█████████▉| 1701/1704 [01:43<00:00, 20.59it/s]
100%|██████████| 1704/1704 [01:44<00:00, 20.41it/s][INFO|trainer.py:3993] 2025-05-25 09:25:55,567 >> Saving model checkpoint to /project/hrao/Meta-Resample/output/mit_movie_trivia_bert_run1/checkpoint-1704
[INFO|configuration_utils.py:424] 2025-05-25 09:25:55,576 >> Configuration saved in /project/hrao/Meta-Resample/output/mit_movie_trivia_bert_run1/checkpoint-1704/config.json
[INFO|modeling_utils.py:3724] 2025-05-25 09:25:56,520 >> Model weights saved in /project/hrao/Meta-Resample/output/mit_movie_trivia_bert_run1/checkpoint-1704/model.safetensors
[INFO|tokenization_utils_base.py:2525] 2025-05-25 09:25:56,546 >> tokenizer config file saved in /project/hrao/Meta-Resample/output/mit_movie_trivia_bert_run1/checkpoint-1704/tokenizer_config.json
[INFO|tokenization_utils_base.py:2534] 2025-05-25 09:25:56,561 >> Special tokens file saved in /project/hrao/Meta-Resample/output/mit_movie_trivia_bert_run1/checkpoint-1704/special_tokens_map.json

                                                   

100%|██████████| 1704/1704 [01:47<00:00, 20.41it/s][INFO|trainer.py:934] 2025-05-25 09:25:58,758 >> The following columns in the Evaluation set don't have a corresponding argument in `BertForTokenClassification.forward` and have been ignored: ner_tags, tokens. If ner_tags, tokens are not expected by `BertForTokenClassification.forward`,  you can safely ignore this message.
[INFO|trainer.py:4327] 2025-05-25 09:25:58,760 >> 
***** Running Evaluation *****
[INFO|trainer.py:4329] 2025-05-25 09:25:58,760 >>   Num examples = 1000
[INFO|trainer.py:4332] 2025-05-25 09:25:58,760 >>   Batch size = 8
{'eval_loss': 0.39038413763046265, 'eval_overall_precision': 0.6530679933665008, 'eval_overall_recall': 0.7223037417461482, 'eval_overall_f1': 0.6859432154676885, 'eval_overall_accuracy': 0.8880212170325622, 'eval_runtime': 1.4325, 'eval_samples_per_second': 698.056, 'eval_steps_per_second': 87.257, 'epoch': 7.0}
{'loss': 0.1655, 'grad_norm': 2.5059330463409424, 'learning_rate': 1.1737089201877935e-08, 'epoch': 8.0}


  0%|          | 0/125 [00:00<?, ?it/s][A

 10%|▉         | 12/125 [00:00<00:01, 112.76it/s][A

 19%|█▉        | 24/125 [00:00<00:00, 105.84it/s][A

 28%|██▊       | 35/125 [00:00<00:00, 105.17it/s][A

 37%|███▋      | 46/125 [00:00<00:00, 104.45it/s][A

 46%|████▌     | 57/125 [00:00<00:00, 103.82it/s][A

 54%|█████▍    | 68/125 [00:00<00:00, 102.46it/s][A

 63%|██████▎   | 79/125 [00:00<00:00, 102.79it/s][A

 72%|███████▏  | 90/125 [00:00<00:00, 102.61it/s][A

 81%|████████  | 101/125 [00:00<00:00, 102.45it/s][A

 90%|████████▉ | 112/125 [00:01<00:00, 102.78it/s][A

 98%|█████████▊| 123/125 [00:01<00:00, 103.21it/s][A
                                                   

                                                  
[A
100%|██████████| 1704/1704 [01:48<00:00, 20.41it/s]

100%|██████████| 125/125 [00:01<00:00, 103.21it/s][A

                                                  [A[INFO|trainer.py:2676] 2025-05-25 09:26:00,203 >> 

Training completed. Do not forget to share your model on huggingface.co/models =)



                                                   

100%|██████████| 1704/1704 [01:48<00:00, 20.41it/s]
100%|██████████| 1704/1704 [01:48<00:00, 15.68it/s]
[INFO|trainer.py:3993] 2025-05-25 09:26:00,207 >> Saving model checkpoint to /project/hrao/Meta-Resample/output/mit_movie_trivia_bert_run1
[INFO|configuration_utils.py:424] 2025-05-25 09:26:00,209 >> Configuration saved in /project/hrao/Meta-Resample/output/mit_movie_trivia_bert_run1/config.json
[INFO|modeling_utils.py:3724] 2025-05-25 09:26:01,184 >> Model weights saved in /project/hrao/Meta-Resample/output/mit_movie_trivia_bert_run1/model.safetensors
[INFO|tokenization_utils_base.py:2525] 2025-05-25 09:26:01,208 >> tokenizer config file saved in /project/hrao/Meta-Resample/output/mit_movie_trivia_bert_run1/tokenizer_config.json
[INFO|tokenization_utils_base.py:2534] 2025-05-25 09:26:01,221 >> Special tokens file saved in /project/hrao/Meta-Resample/output/mit_movie_trivia_bert_run1/special_tokens_map.json
{'eval_loss': 0.39865925908088684, 'eval_overall_precision': 0.6511936339522546, 'eval_overall_recall': 0.7204695524578136, 'eval_overall_f1': 0.6840822013235807, 'eval_overall_accuracy': 0.8871371740091352, 'eval_runtime': 1.4322, 'eval_samples_per_second': 698.22, 'eval_steps_per_second': 87.278, 'epoch': 8.0}
{'train_runtime': 108.6637, 'train_samples_per_second': 501.805, 'train_steps_per_second': 15.681, 'train_loss': 0.2971535714019632, 'epoch': 8.0}
***** train metrics *****
  epoch                    =        8.0
  total_flos               =  1074438GF
  train_loss               =     0.2972
  train_runtime            = 0:01:48.66
  train_samples            =       6816
  train_samples_per_second =    501.805
  train_steps_per_second   =     15.681
05/25/2025 09:26:01 - INFO - __main__ - *** Evaluate ***
[INFO|trainer.py:934] 2025-05-25 09:26:01,246 >> The following columns in the Evaluation set don't have a corresponding argument in `BertForTokenClassification.forward` and have been ignored: ner_tags, tokens. If ner_tags, tokens are not expected by `BertForTokenClassification.forward`,  you can safely ignore this message.
[INFO|trainer.py:4327] 2025-05-25 09:26:01,248 >> 
***** Running Evaluation *****
[INFO|trainer.py:4329] 2025-05-25 09:26:01,248 >>   Num examples = 1000
[INFO|trainer.py:4332] 2025-05-25 09:26:01,248 >>   Batch size = 8

  0%|          | 0/125 [00:00<?, ?it/s]
 10%|▉         | 12/125 [00:00<00:01, 112.94it/s]
 19%|█▉        | 24/125 [00:00<00:00, 105.89it/s]
 28%|██▊       | 35/125 [00:00<00:00, 105.27it/s]
 37%|███▋      | 46/125 [00:00<00:00, 104.55it/s]
 46%|████▌     | 57/125 [00:00<00:00, 103.99it/s]
 54%|█████▍    | 68/125 [00:00<00:00, 103.25it/s]
 63%|██████▎   | 79/125 [00:00<00:00, 103.40it/s]
 72%|███████▏  | 90/125 [00:00<00:00, 103.12it/s]
 81%|████████  | 101/125 [00:00<00:00, 102.88it/s]
 90%|████████▉ | 112/125 [00:01<00:00, 103.06it/s]
 98%|█████████▊| 123/125 [00:01<00:00, 103.44it/s]
100%|██████████| 125/125 [00:01<00:00, 87.98it/s] 
***** eval metrics *****
  epoch                   =        8.0
  eval_loss               =     0.3987
  eval_overall_accuracy   =     0.8871
  eval_overall_f1         =     0.6841
  eval_overall_precision  =     0.6512
  eval_overall_recall     =     0.7205
  eval_runtime            = 0:00:01.42
  eval_samples            =       1000
  eval_samples_per_second =    700.752
  eval_steps_per_second   =     87.594
05/25/2025 09:26:02 - INFO - __main__ - *** Predict ***
[INFO|trainer.py:934] 2025-05-25 09:26:02,682 >> The following columns in the test set don't have a corresponding argument in `BertForTokenClassification.forward` and have been ignored: ner_tags, tokens. If ner_tags, tokens are not expected by `BertForTokenClassification.forward`,  you can safely ignore this message.
[INFO|trainer.py:4327] 2025-05-25 09:26:02,684 >> 
***** Running Prediction *****
[INFO|trainer.py:4329] 2025-05-25 09:26:02,684 >>   Num examples = 1953
[INFO|trainer.py:4332] 2025-05-25 09:26:02,684 >>   Batch size = 8

  0%|          | 0/245 [00:00<?, ?it/s]
  5%|▍         | 12/245 [00:00<00:02, 112.01it/s]
 10%|▉         | 24/245 [00:00<00:02, 107.27it/s]
 14%|█▍        | 35/245 [00:00<00:01, 105.55it/s]
 19%|█▉        | 46/245 [00:00<00:01, 105.07it/s]
 23%|██▎       | 57/245 [00:00<00:01, 104.64it/s]
 28%|██▊       | 68/245 [00:00<00:01, 104.30it/s]
 32%|███▏      | 79/245 [00:00<00:01, 103.24it/s]
 37%|███▋      | 90/245 [00:00<00:01, 102.34it/s]
 41%|████      | 101/245 [00:00<00:01, 102.51it/s]
 46%|████▌     | 112/245 [00:01<00:01, 102.39it/s]
 50%|█████     | 123/245 [00:01<00:01, 102.87it/s]
 55%|█████▍    | 134/245 [00:01<00:01, 103.01it/s]
 59%|█████▉    | 145/245 [00:01<00:00, 102.79it/s]
 64%|██████▎   | 156/245 [00:01<00:00, 103.21it/s]
 68%|██████▊   | 167/245 [00:01<00:00, 103.42it/s]
 73%|███████▎  | 178/245 [00:01<00:00, 102.06it/s]
 77%|███████▋  | 189/245 [00:01<00:00, 101.91it/s]
 82%|████████▏ | 200/245 [00:01<00:00, 101.98it/s]
 86%|████████▌ | 211/245 [00:02<00:00, 102.29it/s]
 91%|█████████ | 222/245 [00:02<00:00, 102.48it/s]
 95%|█████████▌| 233/245 [00:02<00:00, 102.76it/s]
100%|█████████▉| 244/245 [00:02<00:00, 103.15it/s]
100%|██████████| 245/245 [00:02<00:00, 88.30it/s] 
[INFO|modelcard.py:450] 2025-05-25 09:26:05,583 >> Dropping the following result as it does not have all the necessary fields:
{'task': {'name': 'Token Classification', 'type': 'token-classification'}}
***** predict metrics *****
  predict_loss               =     0.4117
  predict_overall_accuracy   =     0.8853
  predict_overall_f1         =     0.7016 ✅
  predict_overall_precision  =     0.6737
  predict_overall_recall     =      0.732
  predict_runtime            = 0:00:02.78
  predict_samples_per_second =    700.828
  predict_steps_per_second   =     87.917
