05/25/2025 08:22:26 - WARNING - __main__ - Process rank: 0, device: cuda:0, n_gpu: 1, distributed training: False, 16-bits training: False
05/25/2025 08:22:26 - INFO - __main__ - Training/evaluation parameters TrainingArguments(
_n_gpu=1,
accelerator_config={'split_batches': False, 'dispatch_batches': None, 'even_batches': True, 'use_seedable_sampler': True, 'non_blocking': False, 'gradient_accumulation_kwargs': None, 'use_configured_state': False},
adafactor=False,
adam_beta1=0.9,
adam_beta2=0.999,
adam_epsilon=1e-08,
auto_find_batch_size=False,
average_tokens_across_devices=False,
batch_eval_metrics=False,
bf16=False,
bf16_full_eval=False,
data_seed=None,
dataloader_drop_last=False,
dataloader_num_workers=0,
dataloader_persistent_workers=False,
dataloader_pin_memory=True,
dataloader_prefetch_factor=None,
ddp_backend=None,
ddp_broadcast_buffers=None,
ddp_bucket_cap_mb=None,
ddp_find_unused_parameters=None,
ddp_timeout=1800,
debug=[],
deepspeed=None,
disable_tqdm=False,
do_eval=True,
do_predict=True,
do_train=True,
eval_accumulation_steps=None,
eval_delay=0,
eval_do_concat_batches=True,
eval_on_start=False,
eval_steps=None,
eval_strategy=epoch,
eval_use_gather_object=False,
fp16=False,
fp16_backend=auto,
fp16_full_eval=False,
fp16_opt_level=O1,
fsdp=[],
fsdp_config={'min_num_params': 0, 'xla': False, 'xla_fsdp_v2': False, 'xla_fsdp_grad_ckpt': False},
fsdp_min_num_params=0,
fsdp_transformer_layer_cls_to_wrap=None,
full_determinism=False,
gradient_accumulation_steps=1,
gradient_checkpointing=False,
gradient_checkpointing_kwargs=None,
greater_is_better=None,
group_by_length=False,
half_precision_backend=auto,
hub_always_push=False,
hub_model_id=None,
hub_private_repo=None,
hub_strategy=every_save,
hub_token=<HUB_TOKEN>,
ignore_data_skip=False,
include_for_metrics=[],
include_inputs_for_metrics=False,
include_num_input_tokens_seen=False,
include_tokens_per_second=False,
jit_mode_eval=False,
label_names=None,
label_smoothing_factor=0.0,
learning_rate=2e-05,
length_column_name=length,
load_best_model_at_end=False,
local_rank=0,
log_level=info,
log_level_replica=warning,
log_on_each_node=True,
logging_dir=/project/hrao/Meta-Resample/output/mit_movie_trivia_bert_run1/runs/May25_08-22-26_itiger01,
logging_first_step=False,
logging_nan_inf_filter=True,
logging_steps=500,
logging_strategy=epoch,
lr_scheduler_kwargs={},
lr_scheduler_type=linear,
max_grad_norm=1.0,
max_steps=-1,
metric_for_best_model=None,
mp_parameters=,
neftune_noise_alpha=None,
no_cuda=False,
num_train_epochs=8.0,
optim=adamw_torch,
optim_args=None,
optim_target_modules=None,
output_dir=/project/hrao/Meta-Resample/output/mit_movie_trivia_bert_run1,
overwrite_output_dir=True,
past_index=-1,
per_device_eval_batch_size=8,
per_device_train_batch_size=32,
prediction_loss_only=False,
push_to_hub=False,
push_to_hub_model_id=None,
push_to_hub_organization=None,
push_to_hub_token=<PUSH_TO_HUB_TOKEN>,
ray_scope=last,
remove_unused_columns=True,
report_to=['tensorboard'],
restore_callback_states_from_checkpoint=False,
resume_from_checkpoint=None,
run_name=/project/hrao/Meta-Resample/output/mit_movie_trivia_bert_run1,
save_on_each_node=False,
save_only_model=False,
save_safetensors=True,
save_steps=500,
save_strategy=steps,
save_total_limit=None,
seed=42,
skip_memory_metrics=True,
tf32=None,
torch_compile=False,
torch_compile_backend=None,
torch_compile_mode=None,
torch_empty_cache_steps=None,
torchdynamo=None,
tpu_metrics_debug=False,
tpu_num_cores=None,
use_cpu=False,
use_ipex=False,
use_legacy_prediction_loop=False,
use_liger_kernel=False,
use_mps_device=False,
warmup_ratio=0.0,
warmup_steps=0,
weight_decay=0.0,
)
[INFO|configuration_utils.py:698] 2025-05-25 08:22:27,366 >> loading configuration file config.json from cache at /home/hrao/.cache/huggingface/hub/models--google-bert--bert-base-uncased/snapshots/86b5e0934494bd15c9632b12f734a8a67f723594/config.json
[INFO|configuration_utils.py:770] 2025-05-25 08:22:27,370 >> Model config BertConfig {
  "architectures": [
    "BertForMaskedLM"
  ],
  "attention_probs_dropout_prob": 0.1,
  "classifier_dropout": null,
  "finetuning_task": "ner",
  "gradient_checkpointing": false,
  "hidden_act": "gelu",
  "hidden_dropout_prob": 0.1,
  "hidden_size": 768,
  "id2label": {
    "0": "LABEL_0",
    "1": "LABEL_1",
    "2": "LABEL_2",
    "3": "LABEL_3",
    "4": "LABEL_4",
    "5": "LABEL_5",
    "6": "LABEL_6",
    "7": "LABEL_7",
    "8": "LABEL_8",
    "9": "LABEL_9",
    "10": "LABEL_10",
    "11": "LABEL_11",
    "12": "LABEL_12",
    "13": "LABEL_13",
    "14": "LABEL_14",
    "15": "LABEL_15",
    "16": "LABEL_16",
    "17": "LABEL_17",
    "18": "LABEL_18",
    "19": "LABEL_19",
    "20": "LABEL_20",
    "21": "LABEL_21",
    "22": "LABEL_22",
    "23": "LABEL_23",
    "24": "LABEL_24"
  },
  "initializer_range": 0.02,
  "intermediate_size": 3072,
  "label2id": {
    "LABEL_0": 0,
    "LABEL_1": 1,
    "LABEL_10": 10,
    "LABEL_11": 11,
    "LABEL_12": 12,
    "LABEL_13": 13,
    "LABEL_14": 14,
    "LABEL_15": 15,
    "LABEL_16": 16,
    "LABEL_17": 17,
    "LABEL_18": 18,
    "LABEL_19": 19,
    "LABEL_2": 2,
    "LABEL_20": 20,
    "LABEL_21": 21,
    "LABEL_22": 22,
    "LABEL_23": 23,
    "LABEL_24": 24,
    "LABEL_3": 3,
    "LABEL_4": 4,
    "LABEL_5": 5,
    "LABEL_6": 6,
    "LABEL_7": 7,
    "LABEL_8": 8,
    "LABEL_9": 9
  },
  "layer_norm_eps": 1e-12,
  "max_position_embeddings": 512,
  "model_type": "bert",
  "num_attention_heads": 12,
  "num_hidden_layers": 12,
  "pad_token_id": 0,
  "position_embedding_type": "absolute",
  "transformers_version": "4.52.3",
  "type_vocab_size": 2,
  "use_cache": true,
  "vocab_size": 30522
}

[INFO|configuration_utils.py:698] 2025-05-25 08:22:27,435 >> loading configuration file config.json from cache at /home/hrao/.cache/huggingface/hub/models--google-bert--bert-base-uncased/snapshots/86b5e0934494bd15c9632b12f734a8a67f723594/config.json
[INFO|configuration_utils.py:770] 2025-05-25 08:22:27,435 >> Model config BertConfig {
  "architectures": [
    "BertForMaskedLM"
  ],
  "attention_probs_dropout_prob": 0.1,
  "classifier_dropout": null,
  "gradient_checkpointing": false,
  "hidden_act": "gelu",
  "hidden_dropout_prob": 0.1,
  "hidden_size": 768,
  "initializer_range": 0.02,
  "intermediate_size": 3072,
  "layer_norm_eps": 1e-12,
  "max_position_embeddings": 512,
  "model_type": "bert",
  "num_attention_heads": 12,
  "num_hidden_layers": 12,
  "pad_token_id": 0,
  "position_embedding_type": "absolute",
  "transformers_version": "4.52.3",
  "type_vocab_size": 2,
  "use_cache": true,
  "vocab_size": 30522
}

[INFO|tokenization_utils_base.py:2023] 2025-05-25 08:22:27,498 >> loading file vocab.txt from cache at /home/hrao/.cache/huggingface/hub/models--google-bert--bert-base-uncased/snapshots/86b5e0934494bd15c9632b12f734a8a67f723594/vocab.txt
[INFO|tokenization_utils_base.py:2023] 2025-05-25 08:22:27,498 >> loading file tokenizer.json from cache at /home/hrao/.cache/huggingface/hub/models--google-bert--bert-base-uncased/snapshots/86b5e0934494bd15c9632b12f734a8a67f723594/tokenizer.json
[INFO|tokenization_utils_base.py:2023] 2025-05-25 08:22:27,498 >> loading file added_tokens.json from cache at None
[INFO|tokenization_utils_base.py:2023] 2025-05-25 08:22:27,498 >> loading file special_tokens_map.json from cache at None
[INFO|tokenization_utils_base.py:2023] 2025-05-25 08:22:27,498 >> loading file tokenizer_config.json from cache at /home/hrao/.cache/huggingface/hub/models--google-bert--bert-base-uncased/snapshots/86b5e0934494bd15c9632b12f734a8a67f723594/tokenizer_config.json
[INFO|tokenization_utils_base.py:2023] 2025-05-25 08:22:27,498 >> loading file chat_template.jinja from cache at None
[INFO|configuration_utils.py:698] 2025-05-25 08:22:27,498 >> loading configuration file config.json from cache at /home/hrao/.cache/huggingface/hub/models--google-bert--bert-base-uncased/snapshots/86b5e0934494bd15c9632b12f734a8a67f723594/config.json
[INFO|configuration_utils.py:770] 2025-05-25 08:22:27,499 >> Model config BertConfig {
  "architectures": [
    "BertForMaskedLM"
  ],
  "attention_probs_dropout_prob": 0.1,
  "classifier_dropout": null,
  "gradient_checkpointing": false,
  "hidden_act": "gelu",
  "hidden_dropout_prob": 0.1,
  "hidden_size": 768,
  "initializer_range": 0.02,
  "intermediate_size": 3072,
  "layer_norm_eps": 1e-12,
  "max_position_embeddings": 512,
  "model_type": "bert",
  "num_attention_heads": 12,
  "num_hidden_layers": 12,
  "pad_token_id": 0,
  "position_embedding_type": "absolute",
  "transformers_version": "4.52.3",
  "type_vocab_size": 2,
  "use_cache": true,
  "vocab_size": 30522
}

[INFO|modeling_utils.py:1150] 2025-05-25 08:22:27,678 >> loading weights file model.safetensors from cache at /home/hrao/.cache/huggingface/hub/models--google-bert--bert-base-uncased/snapshots/86b5e0934494bd15c9632b12f734a8a67f723594/model.safetensors
[INFO|logging.py:343] 2025-05-25 08:22:27,698 >> A pretrained model of type `BertForTokenClassification` contains parameters that have been renamed internally (a few are listed below but more are present in the model):
* `cls.predictions.transform.LayerNorm.beta` -> `cls.predictions.transform.LayerNorm.bias`
* `cls.predictions.transform.LayerNorm.gamma` -> `cls.predictions.transform.LayerNorm.weight`
If you are using a model from the Hub, consider submitting a PR to adjust these weights and help future users.
[INFO|modeling_utils.py:5120] 2025-05-25 08:22:27,728 >> Some weights of the model checkpoint at google-bert/bert-base-uncased were not used when initializing BertForTokenClassification: ['bert.pooler.dense.bias', 'bert.pooler.dense.weight', 'cls.predictions.bias', 'cls.predictions.transform.LayerNorm.bias', 'cls.predictions.transform.LayerNorm.weight', 'cls.predictions.transform.dense.bias', 'cls.predictions.transform.dense.weight', 'cls.seq_relationship.bias', 'cls.seq_relationship.weight']
- This IS expected if you are initializing BertForTokenClassification from the checkpoint of a model trained on another task or with another architecture (e.g. initializing a BertForSequenceClassification model from a BertForPreTraining model).
- This IS NOT expected if you are initializing BertForTokenClassification from the checkpoint of a model that you expect to be exactly identical (initializing a BertForSequenceClassification model from a BertForSequenceClassification model).
[WARNING|modeling_utils.py:5132] 2025-05-25 08:22:27,728 >> Some weights of BertForTokenClassification were not initialized from the model checkpoint at google-bert/bert-base-uncased and are newly initialized: ['classifier.bias', 'classifier.weight']
You should probably TRAIN this model on a down-stream task to be able to use it for predictions and inference.

Adding original indices to train dataset:   0%|          | 0/6816 [00:00<?, ? examples/s]
Adding original indices to train dataset: 100%|██████████| 6816/6816 [00:00<00:00, 67106.82 examples/s]
Adding original indices to train dataset: 100%|██████████| 6816/6816 [00:00<00:00, 66293.27 examples/s]

Running tokenizer on train dataset:   0%|          | 0/6816 [00:00<?, ? examples/s]
Running tokenizer on train dataset:  29%|██▉       | 2000/6816 [00:00<00:00, 19151.46 examples/s]
Running tokenizer on train dataset:  88%|████████▊ | 6000/6816 [00:00<00:00, 20117.39 examples/s]
Running tokenizer on train dataset: 100%|██████████| 6816/6816 [00:00<00:00, 19923.48 examples/s]
05/25/2025 08:22:28 - INFO - __main__ - Train dataset columns after tokenization: ['tokens', 'ner_tags', 'original_idx', 'input_ids', 'token_type_ids', 'attention_mask', 'labels']

Running tokenizer on validation dataset:   0%|          | 0/1000 [00:00<?, ? examples/s]
Running tokenizer on validation dataset: 100%|██████████| 1000/1000 [00:00<00:00, 19705.26 examples/s]

Running tokenizer on prediction dataset:   0%|          | 0/1953 [00:00<?, ? examples/s]
Running tokenizer on prediction dataset: 100%|██████████| 1953/1953 [00:00<00:00, 20326.14 examples/s]
05/25/2025 08:22:28 - INFO - __main__ - Using standard Trainer.
/project/hrao/Meta-Resample/step_1/meta_aug_run_ner.py:687: FutureWarning: `tokenizer` is deprecated and will be removed in version 5.0.0 for `Trainer.__init__`. Use `processing_class` instead.
  trainer = Trainer(**trainer_kwargs)
[INFO|trainer.py:934] 2025-05-25 08:22:29,239 >> The following columns in the Training set don't have a corresponding argument in `BertForTokenClassification.forward` and have been ignored: original_idx, ner_tags, tokens. If original_idx, ner_tags, tokens are not expected by `BertForTokenClassification.forward`,  you can safely ignore this message.
[INFO|trainer.py:2409] 2025-05-25 08:22:29,245 >> ***** Running training *****
[INFO|trainer.py:2410] 2025-05-25 08:22:29,245 >>   Num examples = 6,816
[INFO|trainer.py:2411] 2025-05-25 08:22:29,245 >>   Num Epochs = 8
[INFO|trainer.py:2412] 2025-05-25 08:22:29,245 >>   Instantaneous batch size per device = 32
[INFO|trainer.py:2415] 2025-05-25 08:22:29,245 >>   Total train batch size (w. parallel, distributed & accumulation) = 32
[INFO|trainer.py:2416] 2025-05-25 08:22:29,245 >>   Gradient Accumulation steps = 1
[INFO|trainer.py:2417] 2025-05-25 08:22:29,245 >>   Total optimization steps = 1,704
[INFO|trainer.py:2418] 2025-05-25 08:22:29,245 >>   Number of trainable parameters = 108,910,873

  0%|          | 0/1704 [00:00<?, ?it/s]
  0%|          | 1/1704 [00:00<07:26,  3.81it/s]
  0%|          | 4/1704 [00:00<02:33, 11.11it/s]
  0%|          | 7/1704 [00:00<01:56, 14.53it/s]
  1%|          | 10/1704 [00:00<01:40, 16.80it/s]
  1%|          | 13/1704 [00:00<01:34, 17.90it/s]
  1%|          | 16/1704 [00:00<01:29, 18.91it/s]
  1%|          | 19/1704 [00:01<01:26, 19.55it/s]
  1%|▏         | 22/1704 [00:01<01:24, 19.81it/s]
  1%|▏         | 25/1704 [00:01<01:28, 19.07it/s]
  2%|▏         | 27/1704 [00:01<01:27, 19.11it/s]
  2%|▏         | 29/1704 [00:01<01:27, 19.24it/s]
  2%|▏         | 32/1704 [00:01<01:24, 19.81it/s]
  2%|▏         | 35/1704 [00:01<01:23, 19.93it/s]
  2%|▏         | 38/1704 [00:02<01:23, 20.07it/s]
  2%|▏         | 41/1704 [00:02<01:21, 20.28it/s]
  3%|▎         | 44/1704 [00:02<01:22, 20.07it/s]
  3%|▎         | 47/1704 [00:02<01:22, 20.12it/s]
  3%|▎         | 50/1704 [00:02<01:23, 19.93it/s]
  3%|▎         | 52/1704 [00:02<01:23, 19.74it/s]
  3%|▎         | 55/1704 [00:02<01:23, 19.76it/s]
  3%|▎         | 58/1704 [00:03<01:22, 19.89it/s]
  4%|▎         | 61/1704 [00:03<01:22, 19.95it/s]
  4%|▍         | 64/1704 [00:03<01:21, 20.06it/s]
  4%|▍         | 67/1704 [00:03<01:23, 19.69it/s]
  4%|▍         | 69/1704 [00:03<01:24, 19.46it/s]
  4%|▍         | 72/1704 [00:03<01:21, 19.90it/s]
  4%|▍         | 75/1704 [00:03<01:20, 20.22it/s]
  5%|▍         | 78/1704 [00:04<01:20, 20.19it/s]
  5%|▍         | 81/1704 [00:04<01:19, 20.32it/s]
  5%|▍         | 84/1704 [00:04<01:18, 20.51it/s]
  5%|▌         | 87/1704 [00:04<01:19, 20.23it/s]
  5%|▌         | 90/1704 [00:04<01:19, 20.31it/s]
  5%|▌         | 93/1704 [00:04<01:19, 20.22it/s]
  6%|▌         | 96/1704 [00:04<01:18, 20.42it/s]
  6%|▌         | 99/1704 [00:05<01:17, 20.60it/s]
  6%|▌         | 102/1704 [00:05<01:19, 20.21it/s]
  6%|▌         | 105/1704 [00:05<01:19, 20.23it/s]
  6%|▋         | 108/1704 [00:05<01:17, 20.50it/s]
  7%|▋         | 111/1704 [00:05<01:16, 20.70it/s]
  7%|▋         | 114/1704 [00:05<01:15, 20.95it/s]
  7%|▋         | 117/1704 [00:06<01:16, 20.71it/s]
  7%|▋         | 120/1704 [00:06<01:16, 20.60it/s]
  7%|▋         | 123/1704 [00:06<01:16, 20.57it/s]
  7%|▋         | 126/1704 [00:06<01:18, 20.04it/s]
  8%|▊         | 129/1704 [00:06<01:17, 20.20it/s]
  8%|▊         | 132/1704 [00:06<01:16, 20.43it/s]
  8%|▊         | 135/1704 [00:06<01:18, 19.90it/s]
  8%|▊         | 138/1704 [00:07<01:20, 19.46it/s]
  8%|▊         | 140/1704 [00:07<01:20, 19.55it/s]
  8%|▊         | 143/1704 [00:07<01:18, 19.89it/s]
  9%|▊         | 146/1704 [00:07<01:17, 20.00it/s]
  9%|▊         | 149/1704 [00:07<01:16, 20.31it/s]
  9%|▉         | 152/1704 [00:07<01:16, 20.37it/s]
  9%|▉         | 155/1704 [00:07<01:15, 20.46it/s]
  9%|▉         | 158/1704 [00:08<01:19, 19.54it/s]
  9%|▉         | 161/1704 [00:08<01:17, 19.80it/s]
 10%|▉         | 164/1704 [00:08<01:16, 20.19it/s]
 10%|▉         | 167/1704 [00:08<01:16, 19.99it/s]
 10%|▉         | 170/1704 [00:08<01:16, 20.02it/s]
 10%|█         | 173/1704 [00:08<01:15, 20.38it/s]
 10%|█         | 176/1704 [00:08<01:15, 20.32it/s]
 11%|█         | 179/1704 [00:09<01:15, 20.26it/s]
 11%|█         | 182/1704 [00:09<01:15, 20.27it/s]
 11%|█         | 185/1704 [00:09<01:13, 20.61it/s]
 11%|█         | 188/1704 [00:09<01:16, 19.89it/s]
 11%|█         | 191/1704 [00:09<01:14, 20.34it/s]
 11%|█▏        | 194/1704 [00:09<01:15, 20.05it/s]
 12%|█▏        | 197/1704 [00:09<01:14, 20.34it/s]
 12%|█▏        | 200/1704 [00:10<01:13, 20.51it/s]
 12%|█▏        | 203/1704 [00:10<01:14, 20.15it/s]
 12%|█▏        | 206/1704 [00:10<01:14, 20.16it/s]
 12%|█▏        | 209/1704 [00:10<01:13, 20.46it/s]
 12%|█▏        | 212/1704 [00:10<01:14, 20.16it/s]
                                                  

 12%|█▎        | 213/1704 [00:10<01:13, 20.16it/s][INFO|trainer.py:934] 2025-05-25 08:22:40,030 >> The following columns in the Evaluation set don't have a corresponding argument in `BertForTokenClassification.forward` and have been ignored: ner_tags, tokens. If ner_tags, tokens are not expected by `BertForTokenClassification.forward`,  you can safely ignore this message.
[INFO|trainer.py:4327] 2025-05-25 08:22:40,032 >> 
***** Running Evaluation *****
[INFO|trainer.py:4329] 2025-05-25 08:22:40,032 >>   Num examples = 1000
[INFO|trainer.py:4332] 2025-05-25 08:22:40,032 >>   Batch size = 8
{'loss': 0.7506, 'grad_norm': 1.8189882040023804, 'learning_rate': 1.7511737089201878e-05, 'epoch': 1.0}


  0%|          | 0/125 [00:00<?, ?it/s][A

 10%|▉         | 12/125 [00:00<00:01, 111.84it/s][A

 19%|█▉        | 24/125 [00:00<00:00, 105.39it/s][A

 28%|██▊       | 35/125 [00:00<00:00, 104.91it/s][A

 37%|███▋      | 46/125 [00:00<00:00, 104.29it/s][A

 46%|████▌     | 57/125 [00:00<00:00, 103.81it/s][A

 54%|█████▍    | 68/125 [00:00<00:00, 103.12it/s][A

 63%|██████▎   | 79/125 [00:00<00:00, 103.29it/s][A

 72%|███████▏  | 90/125 [00:00<00:00, 103.06it/s][A

 81%|████████  | 101/125 [00:00<00:00, 102.71it/s][A

 90%|████████▉ | 112/125 [00:01<00:00, 102.96it/s][A

 98%|█████████▊| 123/125 [00:01<00:00, 103.32it/s][A/project/hrao/miniconda3/envs/imbalance_env/lib/python3.10/site-packages/seqeval/metrics/v1.py:57: UndefinedMetricWarning: Precision and F-score are ill-defined and being set to 0.0 in labels with no predicted samples. Use `zero_division` parameter to control this behavior.
  _warn_prf(average, modifier, msg_start, len(result))

                                                  

                                                  
[A
 12%|█▎        | 213/1704 [00:12<01:13, 20.16it/s]

100%|██████████| 125/125 [00:01<00:00, 103.32it/s][A

                                                  [A
 13%|█▎        | 215/1704 [00:12<04:50,  5.13it/s]
 13%|█▎        | 218/1704 [00:12<03:43,  6.64it/s]
 13%|█▎        | 221/1704 [00:12<02:58,  8.30it/s]
 13%|█▎        | 224/1704 [00:12<02:25, 10.16it/s]
 13%|█▎        | 226/1704 [00:12<02:09, 11.37it/s]
 13%|█▎        | 228/1704 [00:12<01:56, 12.68it/s]
 14%|█▎        | 231/1704 [00:13<01:40, 14.63it/s]
 14%|█▎        | 233/1704 [00:13<01:34, 15.64it/s]
 14%|█▍        | 236/1704 [00:13<01:25, 17.17it/s]
 14%|█▍        | 239/1704 [00:13<01:19, 18.41it/s]
 14%|█▍        | 242/1704 [00:13<01:18, 18.67it/s]
 14%|█▍        | 245/1704 [00:13<01:16, 19.01it/s]
 15%|█▍        | 248/1704 [00:13<01:15, 19.40it/s]
 15%|█▍        | 251/1704 [00:14<01:15, 19.17it/s]
 15%|█▍        | 254/1704 [00:14<01:13, 19.74it/s]
 15%|█▌        | 257/1704 [00:14<01:12, 19.94it/s]
 15%|█▌        | 260/1704 [00:14<01:12, 19.84it/s]
 15%|█▌        | 263/1704 [00:14<01:11, 20.23it/s]
 16%|█▌        | 266/1704 [00:14<01:10, 20.41it/s]
 16%|█▌        | 269/1704 [00:14<01:09, 20.54it/s]
 16%|█▌        | 272/1704 [00:15<01:10, 20.43it/s]
 16%|█▌        | 275/1704 [00:15<01:10, 20.41it/s]
 16%|█▋        | 278/1704 [00:15<01:09, 20.46it/s]
 16%|█▋        | 281/1704 [00:15<01:08, 20.66it/s]
 17%|█▋        | 284/1704 [00:15<01:09, 20.46it/s]
 17%|█▋        | 287/1704 [00:15<01:09, 20.33it/s]
 17%|█▋        | 290/1704 [00:16<01:08, 20.53it/s]
 17%|█▋        | 293/1704 [00:16<01:08, 20.54it/s]
 17%|█▋        | 296/1704 [00:16<01:08, 20.61it/s]
 18%|█▊        | 299/1704 [00:16<01:08, 20.65it/s]
 18%|█▊        | 302/1704 [00:16<01:07, 20.72it/s]
 18%|█▊        | 305/1704 [00:16<01:08, 20.32it/s]
 18%|█▊        | 308/1704 [00:16<01:08, 20.46it/s]
 18%|█▊        | 311/1704 [00:17<01:09, 20.05it/s]
 18%|█▊        | 314/1704 [00:17<01:11, 19.46it/s]
 19%|█▊        | 316/1704 [00:17<01:10, 19.57it/s]
 19%|█▊        | 319/1704 [00:17<01:09, 19.83it/s]
 19%|█▉        | 322/1704 [00:17<01:08, 20.22it/s]
 19%|█▉        | 325/1704 [00:17<01:08, 20.27it/s]
 19%|█▉        | 328/1704 [00:17<01:10, 19.54it/s]
 19%|█▉        | 330/1704 [00:18<01:10, 19.59it/s]
 20%|█▉        | 333/1704 [00:18<01:08, 20.08it/s]
 20%|█▉        | 336/1704 [00:18<01:07, 20.18it/s]
 20%|█▉        | 339/1704 [00:18<01:07, 20.32it/s]
 20%|██        | 342/1704 [00:18<01:06, 20.63it/s]
 20%|██        | 345/1704 [00:18<01:07, 20.19it/s]
 20%|██        | 348/1704 [00:18<01:07, 20.00it/s]
 21%|██        | 351/1704 [00:19<01:07, 20.01it/s]
 21%|██        | 354/1704 [00:19<01:07, 19.94it/s]
 21%|██        | 356/1704 [00:19<01:07, 19.91it/s]
 21%|██        | 358/1704 [00:19<01:07, 19.83it/s]
 21%|██        | 361/1704 [00:19<01:06, 20.23it/s]
 21%|██▏       | 364/1704 [00:19<01:06, 20.21it/s]
 22%|██▏       | 367/1704 [00:19<01:06, 20.13it/s]
 22%|██▏       | 370/1704 [00:19<01:06, 20.10it/s]
 22%|██▏       | 373/1704 [00:20<01:06, 20.04it/s]
 22%|██▏       | 376/1704 [00:20<01:06, 20.11it/s]
 22%|██▏       | 379/1704 [00:20<01:05, 20.13it/s]
 22%|██▏       | 382/1704 [00:20<01:06, 19.80it/s]
 23%|██▎       | 385/1704 [00:20<01:05, 20.14it/s]
 23%|██▎       | 388/1704 [00:20<01:05, 20.05it/s]
 23%|██▎       | 391/1704 [00:21<01:04, 20.37it/s]
 23%|██▎       | 394/1704 [00:21<01:06, 19.81it/s]
 23%|██▎       | 397/1704 [00:21<01:05, 20.00it/s]
 23%|██▎       | 400/1704 [00:21<01:05, 19.94it/s]
 24%|██▎       | 403/1704 [00:21<01:05, 19.77it/s]
 24%|██▍       | 405/1704 [00:21<01:05, 19.82it/s]
 24%|██▍       | 408/1704 [00:21<01:04, 20.07it/s]
 24%|██▍       | 411/1704 [00:22<01:03, 20.29it/s]
 24%|██▍       | 414/1704 [00:22<01:03, 20.45it/s]
 24%|██▍       | 417/1704 [00:22<01:02, 20.59it/s]
 25%|██▍       | 420/1704 [00:22<01:02, 20.69it/s]
 25%|██▍       | 423/1704 [00:22<01:02, 20.46it/s]
 25%|██▌       | 426/1704 [00:22<01:02, 20.53it/s]
                                                  

 25%|██▌       | 426/1704 [00:22<01:02, 20.53it/s][INFO|trainer.py:934] 2025-05-25 08:22:52,009 >> The following columns in the Evaluation set don't have a corresponding argument in `BertForTokenClassification.forward` and have been ignored: ner_tags, tokens. If ner_tags, tokens are not expected by `BertForTokenClassification.forward`,  you can safely ignore this message.
[INFO|trainer.py:4327] 2025-05-25 08:22:52,011 >> 
***** Running Evaluation *****
[INFO|trainer.py:4329] 2025-05-25 08:22:52,011 >>   Num examples = 1000
[INFO|trainer.py:4332] 2025-05-25 08:22:52,011 >>   Batch size = 8
{'eval_loss': 0.40021124482154846, 'eval_precision': 0.6224080267558528, 'eval_recall': 0.6826852531181218, 'eval_f1': 0.6511546536039189, 'eval_accuracy': 0.8744658906733461, 'eval_runtime': 1.433, 'eval_samples_per_second': 697.855, 'eval_steps_per_second': 87.232, 'epoch': 1.0}
{'loss': 0.3537, 'grad_norm': 2.7021408081054688, 'learning_rate': 1.5011737089201878e-05, 'epoch': 2.0}


  0%|          | 0/125 [00:00<?, ?it/s][A

 10%|▉         | 12/125 [00:00<00:00, 113.11it/s][A

 19%|█▉        | 24/125 [00:00<00:00, 106.13it/s][A

 28%|██▊       | 35/125 [00:00<00:00, 105.26it/s][A

 37%|███▋      | 46/125 [00:00<00:00, 104.54it/s][A

 46%|████▌     | 57/125 [00:00<00:00, 103.98it/s][A

 54%|█████▍    | 68/125 [00:00<00:00, 103.27it/s][A

 63%|██████▎   | 79/125 [00:00<00:00, 102.80it/s][A

 72%|███████▏  | 90/125 [00:00<00:00, 102.70it/s][A

 81%|████████  | 101/125 [00:00<00:00, 102.59it/s][A

 90%|████████▉ | 112/125 [00:01<00:00, 102.92it/s][A

 98%|█████████▊| 123/125 [00:01<00:00, 103.27it/s][A
                                                  

                                                  
[A
 25%|██▌       | 426/1704 [00:24<01:02, 20.53it/s]

100%|██████████| 125/125 [00:01<00:00, 103.27it/s][A

                                                  [A
 25%|██▌       | 429/1704 [00:24<04:06,  5.18it/s]
 25%|██▌       | 432/1704 [00:24<03:09,  6.70it/s]
 26%|██▌       | 435/1704 [00:24<02:30,  8.43it/s]
 26%|██▌       | 438/1704 [00:24<02:04, 10.18it/s]
 26%|██▌       | 441/1704 [00:24<01:45, 12.01it/s]
 26%|██▌       | 444/1704 [00:25<01:31, 13.79it/s]
 26%|██▌       | 447/1704 [00:25<01:22, 15.18it/s]
 26%|██▋       | 450/1704 [00:25<01:16, 16.49it/s]
 27%|██▋       | 453/1704 [00:25<01:13, 17.12it/s]
 27%|██▋       | 455/1704 [00:25<01:11, 17.52it/s]
 27%|██▋       | 458/1704 [00:25<01:07, 18.50it/s]
 27%|██▋       | 460/1704 [00:25<01:06, 18.78it/s]
 27%|██▋       | 462/1704 [00:25<01:05, 19.06it/s]
 27%|██▋       | 465/1704 [00:26<01:03, 19.64it/s]
 27%|██▋       | 468/1704 [00:26<01:02, 19.79it/s]
 28%|██▊       | 471/1704 [00:26<01:02, 19.88it/s]
 28%|██▊       | 474/1704 [00:26<01:02, 19.61it/s]
 28%|██▊       | 477/1704 [00:26<01:00, 20.18it/s]
 28%|██▊       | 480/1704 [00:26<00:59, 20.48it/s]
 28%|██▊       | 483/1704 [00:26<00:59, 20.43it/s]
 29%|██▊       | 486/1704 [00:27<01:01, 19.95it/s]
 29%|██▊       | 489/1704 [00:27<00:59, 20.29it/s]
 29%|██▉       | 492/1704 [00:27<00:59, 20.25it/s]
 29%|██▉       | 495/1704 [00:27<01:00, 19.96it/s]
 29%|██▉       | 498/1704 [00:27<01:00, 20.05it/s][INFO|trainer.py:3993] 2025-05-25 08:22:57,092 >> Saving model checkpoint to /project/hrao/Meta-Resample/output/mit_movie_trivia_bert_run1/checkpoint-500
[INFO|configuration_utils.py:424] 2025-05-25 08:22:57,096 >> Configuration saved in /project/hrao/Meta-Resample/output/mit_movie_trivia_bert_run1/checkpoint-500/config.json
[INFO|modeling_utils.py:3724] 2025-05-25 08:22:58,100 >> Model weights saved in /project/hrao/Meta-Resample/output/mit_movie_trivia_bert_run1/checkpoint-500/model.safetensors
[INFO|tokenization_utils_base.py:2525] 2025-05-25 08:22:58,122 >> tokenizer config file saved in /project/hrao/Meta-Resample/output/mit_movie_trivia_bert_run1/checkpoint-500/tokenizer_config.json
[INFO|tokenization_utils_base.py:2534] 2025-05-25 08:22:58,135 >> Special tokens file saved in /project/hrao/Meta-Resample/output/mit_movie_trivia_bert_run1/checkpoint-500/special_tokens_map.json

 29%|██▉       | 501/1704 [00:31<07:32,  2.66it/s]
 30%|██▉       | 504/1704 [00:31<05:33,  3.60it/s]
 30%|██▉       | 507/1704 [00:31<04:10,  4.79it/s]
 30%|██▉       | 509/1704 [00:31<03:28,  5.74it/s]
 30%|███       | 512/1704 [00:31<02:38,  7.50it/s]
 30%|███       | 515/1704 [00:31<02:07,  9.29it/s]
 30%|███       | 517/1704 [00:31<01:52, 10.60it/s]
 31%|███       | 520/1704 [00:32<01:33, 12.69it/s]
 31%|███       | 522/1704 [00:32<01:25, 13.86it/s]
 31%|███       | 525/1704 [00:32<01:15, 15.67it/s]
 31%|███       | 528/1704 [00:32<01:10, 16.64it/s]
 31%|███       | 530/1704 [00:32<01:08, 17.04it/s]
 31%|███       | 532/1704 [00:32<01:07, 17.30it/s]
 31%|███▏      | 534/1704 [00:32<01:06, 17.48it/s]
 31%|███▏      | 536/1704 [00:32<01:05, 17.71it/s]
 32%|███▏      | 538/1704 [00:33<01:03, 18.22it/s]
 32%|███▏      | 541/1704 [00:33<01:00, 19.33it/s]
 32%|███▏      | 543/1704 [00:33<01:01, 18.89it/s]
 32%|███▏      | 545/1704 [00:33<01:01, 18.91it/s]
 32%|███▏      | 548/1704 [00:33<00:58, 19.67it/s]
 32%|███▏      | 551/1704 [00:33<00:58, 19.85it/s]
 32%|███▏      | 553/1704 [00:33<00:57, 19.87it/s]
 33%|███▎      | 556/1704 [00:33<00:56, 20.20it/s]
 33%|███▎      | 559/1704 [00:34<00:55, 20.52it/s]
 33%|███▎      | 562/1704 [00:34<00:55, 20.53it/s]
 33%|███▎      | 565/1704 [00:34<00:54, 20.82it/s]
 33%|███▎      | 568/1704 [00:34<00:54, 20.95it/s]
 34%|███▎      | 571/1704 [00:34<00:54, 20.74it/s]
 34%|███▎      | 574/1704 [00:34<00:53, 20.99it/s]
 34%|███▍      | 577/1704 [00:34<00:53, 20.89it/s]
 34%|███▍      | 580/1704 [00:35<00:53, 20.94it/s]
 34%|███▍      | 583/1704 [00:35<00:53, 20.95it/s]
 34%|███▍      | 586/1704 [00:35<00:53, 20.82it/s]
 35%|███▍      | 589/1704 [00:35<00:54, 20.43it/s]
 35%|███▍      | 592/1704 [00:35<00:54, 20.46it/s]
 35%|███▍      | 595/1704 [00:35<00:53, 20.67it/s]
 35%|███▌      | 598/1704 [00:35<00:53, 20.79it/s]
 35%|███▌      | 601/1704 [00:36<00:53, 20.45it/s]
 35%|███▌      | 604/1704 [00:36<00:55, 19.91it/s]
 36%|███▌      | 606/1704 [00:36<00:55, 19.79it/s]
 36%|███▌      | 608/1704 [00:36<00:55, 19.61it/s]
 36%|███▌      | 611/1704 [00:36<00:54, 19.99it/s]
 36%|███▌      | 613/1704 [00:36<00:54, 19.84it/s]
 36%|███▌      | 616/1704 [00:36<00:54, 19.86it/s]
 36%|███▋      | 619/1704 [00:37<00:53, 20.28it/s]
 37%|███▋      | 622/1704 [00:37<00:53, 20.21it/s]
 37%|███▋      | 625/1704 [00:37<00:53, 20.00it/s]
 37%|███▋      | 627/1704 [00:37<00:54, 19.83it/s]
 37%|███▋      | 629/1704 [00:37<00:54, 19.79it/s]
 37%|███▋      | 632/1704 [00:37<00:53, 20.18it/s]
 37%|███▋      | 635/1704 [00:37<00:52, 20.52it/s]
 37%|███▋      | 638/1704 [00:37<00:52, 20.35it/s]
                                                  

 38%|███▊      | 639/1704 [00:38<00:52, 20.35it/s][INFO|trainer.py:934] 2025-05-25 08:23:07,263 >> The following columns in the Evaluation set don't have a corresponding argument in `BertForTokenClassification.forward` and have been ignored: ner_tags, tokens. If ner_tags, tokens are not expected by `BertForTokenClassification.forward`,  you can safely ignore this message.
[INFO|trainer.py:4327] 2025-05-25 08:23:07,265 >> 
***** Running Evaluation *****
[INFO|trainer.py:4329] 2025-05-25 08:23:07,265 >>   Num examples = 1000
[INFO|trainer.py:4332] 2025-05-25 08:23:07,265 >>   Batch size = 8
{'eval_loss': 0.3566972613334656, 'eval_precision': 0.6287680209698558, 'eval_recall': 0.7039618488628027, 'eval_f1': 0.6642436829352718, 'eval_accuracy': 0.8818329158685723, 'eval_runtime': 1.4282, 'eval_samples_per_second': 700.172, 'eval_steps_per_second': 87.522, 'epoch': 2.0}
{'loss': 0.2861, 'grad_norm': 0.9905685186386108, 'learning_rate': 1.2511737089201879e-05, 'epoch': 3.0}


  0%|          | 0/125 [00:00<?, ?it/s][A

 10%|▉         | 12/125 [00:00<00:01, 112.96it/s][A

 19%|█▉        | 24/125 [00:00<00:00, 106.12it/s][A

 28%|██▊       | 35/125 [00:00<00:00, 105.37it/s][A

 37%|███▋      | 46/125 [00:00<00:00, 104.63it/s][A

 46%|████▌     | 57/125 [00:00<00:00, 104.10it/s][A

 54%|█████▍    | 68/125 [00:00<00:00, 103.33it/s][A

 63%|██████▎   | 79/125 [00:00<00:00, 103.43it/s][A

 72%|███████▏  | 90/125 [00:00<00:00, 103.09it/s][A

 81%|████████  | 101/125 [00:00<00:00, 102.81it/s][A

 90%|████████▉ | 112/125 [00:01<00:00, 102.92it/s][A

 98%|█████████▊| 123/125 [00:01<00:00, 103.27it/s][A
                                                  

                                                  
[A
 38%|███▊      | 639/1704 [00:39<00:52, 20.35it/s]

100%|██████████| 125/125 [00:01<00:00, 103.27it/s][A

                                                  [A
 38%|███▊      | 641/1704 [00:39<03:34,  4.95it/s]
 38%|███▊      | 644/1704 [00:39<02:43,  6.49it/s]
 38%|███▊      | 646/1704 [00:39<02:18,  7.66it/s]
 38%|███▊      | 648/1704 [00:39<01:57,  8.99it/s]
 38%|███▊      | 651/1704 [00:40<01:35, 11.07it/s]
 38%|███▊      | 654/1704 [00:40<01:20, 12.98it/s]
 38%|███▊      | 656/1704 [00:40<01:14, 14.04it/s]
 39%|███▊      | 659/1704 [00:40<01:06, 15.76it/s]
 39%|███▉      | 662/1704 [00:40<01:00, 17.36it/s]
 39%|███▉      | 665/1704 [00:40<00:58, 17.75it/s]
 39%|███▉      | 668/1704 [00:40<00:55, 18.69it/s]
 39%|███▉      | 671/1704 [00:41<00:53, 19.36it/s]
 40%|███▉      | 674/1704 [00:41<00:51, 19.92it/s]
 40%|███▉      | 677/1704 [00:41<00:51, 19.78it/s]
 40%|███▉      | 680/1704 [00:41<00:51, 20.08it/s]
 40%|████      | 683/1704 [00:41<00:50, 20.10it/s]
 40%|████      | 686/1704 [00:41<00:50, 19.99it/s]
 40%|████      | 689/1704 [00:41<00:50, 19.91it/s]
 41%|████      | 692/1704 [00:42<00:50, 20.04it/s]
 41%|████      | 695/1704 [00:42<00:50, 20.10it/s]
 41%|████      | 698/1704 [00:42<00:49, 20.17it/s]
 41%|████      | 701/1704 [00:42<00:49, 20.37it/s]
 41%|████▏     | 704/1704 [00:42<00:48, 20.53it/s]
 41%|████▏     | 707/1704 [00:42<00:48, 20.46it/s]
 42%|████▏     | 710/1704 [00:42<00:48, 20.41it/s]
 42%|████▏     | 713/1704 [00:43<00:49, 19.88it/s]
 42%|████▏     | 716/1704 [00:43<00:48, 20.27it/s]
 42%|████▏     | 719/1704 [00:43<00:48, 20.26it/s]
 42%|████▏     | 722/1704 [00:43<00:47, 20.63it/s]
 43%|████▎     | 725/1704 [00:43<00:48, 20.25it/s]
 43%|████▎     | 728/1704 [00:43<00:48, 20.28it/s]
 43%|████▎     | 731/1704 [00:43<00:48, 20.26it/s]
 43%|████▎     | 734/1704 [00:44<00:47, 20.30it/s]
 43%|████▎     | 737/1704 [00:44<00:47, 20.20it/s]
 43%|████▎     | 740/1704 [00:44<00:47, 20.45it/s]
 44%|████▎     | 743/1704 [00:44<00:46, 20.52it/s]
 44%|████▍     | 746/1704 [00:44<00:47, 20.34it/s]
 44%|████▍     | 749/1704 [00:44<00:47, 20.28it/s]
 44%|████▍     | 752/1704 [00:45<00:47, 20.24it/s]
 44%|████▍     | 755/1704 [00:45<00:46, 20.39it/s]
 44%|████▍     | 758/1704 [00:45<00:46, 20.27it/s]
 45%|████▍     | 761/1704 [00:45<00:47, 19.78it/s]
 45%|████▍     | 763/1704 [00:45<00:47, 19.77it/s]
 45%|████▍     | 765/1704 [00:45<00:47, 19.75it/s]
 45%|████▌     | 768/1704 [00:45<00:46, 20.18it/s]
 45%|████▌     | 771/1704 [00:45<00:45, 20.61it/s]
 45%|████▌     | 774/1704 [00:46<00:46, 19.79it/s]
 46%|████▌     | 776/1704 [00:46<00:48, 19.32it/s]
 46%|████▌     | 778/1704 [00:46<00:47, 19.40it/s]
 46%|████▌     | 781/1704 [00:46<00:46, 19.94it/s]
 46%|████▌     | 783/1704 [00:46<00:46, 19.90it/s]
 46%|████▌     | 785/1704 [00:46<00:46, 19.86it/s]
 46%|████▌     | 787/1704 [00:46<00:46, 19.88it/s]
 46%|████▋     | 789/1704 [00:46<00:46, 19.75it/s]
 46%|████▋     | 792/1704 [00:47<00:45, 19.88it/s]
 47%|████▋     | 795/1704 [00:47<00:44, 20.31it/s]
 47%|████▋     | 798/1704 [00:47<00:44, 20.21it/s]
 47%|████▋     | 801/1704 [00:47<00:43, 20.56it/s]
 47%|████▋     | 804/1704 [00:47<00:43, 20.55it/s]
 47%|████▋     | 807/1704 [00:47<00:43, 20.62it/s]
 48%|████▊     | 810/1704 [00:47<00:43, 20.78it/s]
 48%|████▊     | 813/1704 [00:48<00:43, 20.52it/s]
 48%|████▊     | 816/1704 [00:48<00:43, 20.33it/s]
 48%|████▊     | 819/1704 [00:48<00:42, 20.62it/s]
 48%|████▊     | 822/1704 [00:48<00:42, 20.67it/s]
 48%|████▊     | 825/1704 [00:48<00:43, 20.11it/s]
 49%|████▊     | 828/1704 [00:48<00:43, 20.00it/s]
 49%|████▉     | 831/1704 [00:48<00:44, 19.63it/s]
 49%|████▉     | 833/1704 [00:49<00:44, 19.57it/s]
 49%|████▉     | 835/1704 [00:49<00:44, 19.32it/s]
 49%|████▉     | 838/1704 [00:49<00:44, 19.67it/s]
 49%|████▉     | 840/1704 [00:49<00:44, 19.63it/s]
 49%|████▉     | 843/1704 [00:49<00:42, 20.06it/s]
 50%|████▉     | 845/1704 [00:49<00:42, 20.00it/s]
 50%|████▉     | 848/1704 [00:49<00:42, 20.23it/s]
 50%|████▉     | 851/1704 [00:49<00:41, 20.34it/s]
                                                  

 50%|█████     | 852/1704 [00:50<00:41, 20.34it/s][INFO|trainer.py:934] 2025-05-25 08:23:19,257 >> The following columns in the Evaluation set don't have a corresponding argument in `BertForTokenClassification.forward` and have been ignored: ner_tags, tokens. If ner_tags, tokens are not expected by `BertForTokenClassification.forward`,  you can safely ignore this message.
[INFO|trainer.py:4327] 2025-05-25 08:23:19,259 >> 
***** Running Evaluation *****
[INFO|trainer.py:4329] 2025-05-25 08:23:19,259 >>   Num examples = 1000
[INFO|trainer.py:4332] 2025-05-25 08:23:19,259 >>   Batch size = 8
{'eval_loss': 0.33848652243614197, 'eval_precision': 0.6673553719008265, 'eval_recall': 0.7109317681584739, 'eval_f1': 0.6884547069271759, 'eval_accuracy': 0.8891017140611954, 'eval_runtime': 1.4288, 'eval_samples_per_second': 699.878, 'eval_steps_per_second': 87.485, 'epoch': 3.0}
{'loss': 0.2429, 'grad_norm': 1.1505342721939087, 'learning_rate': 1.0011737089201879e-05, 'epoch': 4.0}


  0%|          | 0/125 [00:00<?, ?it/s][A

 10%|▉         | 12/125 [00:00<00:01, 112.76it/s][A

 19%|█▉        | 24/125 [00:00<00:00, 106.13it/s][A

 28%|██▊       | 35/125 [00:00<00:00, 105.31it/s][A

 37%|███▋      | 46/125 [00:00<00:00, 104.58it/s][A

 46%|████▌     | 57/125 [00:00<00:00, 104.00it/s][A

 54%|█████▍    | 68/125 [00:00<00:00, 103.35it/s][A

 63%|██████▎   | 79/125 [00:00<00:00, 103.46it/s][A

 72%|███████▏  | 90/125 [00:00<00:00, 103.25it/s][A

 81%|████████  | 101/125 [00:00<00:00, 102.98it/s][A

 90%|████████▉ | 112/125 [00:01<00:00, 103.21it/s][A

 98%|█████████▊| 123/125 [00:01<00:00, 103.59it/s][A
                                                  

                                                  
[A
 50%|█████     | 852/1704 [00:51<00:41, 20.34it/s]

100%|██████████| 125/125 [00:01<00:00, 103.59it/s][A

                                                  [A
 50%|█████     | 854/1704 [00:51<02:52,  4.93it/s]
 50%|█████     | 856/1704 [00:51<02:21,  5.98it/s]
 50%|█████     | 859/1704 [00:51<01:47,  7.86it/s]
 51%|█████     | 861/1704 [00:51<01:31,  9.21it/s]
 51%|█████     | 864/1704 [00:52<01:13, 11.36it/s]
 51%|█████     | 866/1704 [00:52<01:06, 12.65it/s]
 51%|█████     | 869/1704 [00:52<00:57, 14.53it/s]
 51%|█████     | 872/1704 [00:52<00:52, 15.92it/s]
 51%|█████▏    | 875/1704 [00:52<00:48, 17.26it/s]
 52%|█████▏    | 878/1704 [00:52<00:45, 18.08it/s]
 52%|█████▏    | 881/1704 [00:52<00:44, 18.44it/s]
 52%|█████▏    | 883/1704 [00:52<00:44, 18.29it/s]
 52%|█████▏    | 886/1704 [00:53<00:42, 19.11it/s]
 52%|█████▏    | 888/1704 [00:53<00:43, 18.82it/s]
 52%|█████▏    | 890/1704 [00:53<00:42, 18.96it/s]
 52%|█████▏    | 893/1704 [00:53<00:41, 19.56it/s]
 53%|█████▎    | 896/1704 [00:53<00:40, 19.75it/s]
 53%|█████▎    | 899/1704 [00:53<00:39, 20.16it/s]
 53%|█████▎    | 902/1704 [00:53<00:39, 20.16it/s]
 53%|█████▎    | 905/1704 [00:54<00:40, 19.94it/s]
 53%|█████▎    | 908/1704 [00:54<00:39, 20.27it/s]
 53%|█████▎    | 911/1704 [00:54<00:38, 20.50it/s]
 54%|█████▎    | 914/1704 [00:54<00:38, 20.47it/s]
 54%|█████▍    | 917/1704 [00:54<00:38, 20.71it/s]
 54%|█████▍    | 920/1704 [00:54<00:38, 20.30it/s]
 54%|█████▍    | 923/1704 [00:54<00:39, 19.88it/s]
 54%|█████▍    | 926/1704 [00:55<00:38, 20.23it/s]
 55%|█████▍    | 929/1704 [00:55<00:38, 20.38it/s]
 55%|█████▍    | 932/1704 [00:55<00:37, 20.61it/s]
 55%|█████▍    | 935/1704 [00:55<00:37, 20.44it/s]
 55%|█████▌    | 938/1704 [00:55<00:37, 20.59it/s]
 55%|█████▌    | 941/1704 [00:55<00:37, 20.44it/s]
 55%|█████▌    | 944/1704 [00:55<00:37, 20.13it/s]
 56%|█████▌    | 947/1704 [00:56<00:36, 20.48it/s]
 56%|█████▌    | 950/1704 [00:56<00:36, 20.45it/s]
 56%|█████▌    | 953/1704 [00:56<00:37, 20.25it/s]
 56%|█████▌    | 956/1704 [00:56<00:36, 20.49it/s]
 56%|█████▋    | 959/1704 [00:56<00:36, 20.44it/s]
 56%|█████▋    | 962/1704 [00:56<00:36, 20.13it/s]
 57%|█████▋    | 965/1704 [00:57<00:36, 20.38it/s]
 57%|█████▋    | 968/1704 [00:57<00:36, 20.31it/s]
 57%|█████▋    | 971/1704 [00:57<00:36, 20.21it/s]
 57%|█████▋    | 974/1704 [00:57<00:35, 20.40it/s]
 57%|█████▋    | 977/1704 [00:57<00:35, 20.24it/s]
 58%|█████▊    | 980/1704 [00:57<00:36, 19.94it/s]
 58%|█████▊    | 983/1704 [00:57<00:36, 20.01it/s]
 58%|█████▊    | 986/1704 [00:58<00:36, 19.92it/s]
 58%|█████▊    | 989/1704 [00:58<00:35, 20.27it/s]
 58%|█████▊    | 992/1704 [00:58<00:34, 20.49it/s]
 58%|█████▊    | 995/1704 [00:58<00:34, 20.31it/s]
 59%|█████▊    | 998/1704 [00:58<00:35, 20.04it/s][INFO|trainer.py:3993] 2025-05-25 08:23:28,018 >> Saving model checkpoint to /project/hrao/Meta-Resample/output/mit_movie_trivia_bert_run1/checkpoint-1000
[INFO|configuration_utils.py:424] 2025-05-25 08:23:28,021 >> Configuration saved in /project/hrao/Meta-Resample/output/mit_movie_trivia_bert_run1/checkpoint-1000/config.json
[INFO|modeling_utils.py:3724] 2025-05-25 08:23:28,990 >> Model weights saved in /project/hrao/Meta-Resample/output/mit_movie_trivia_bert_run1/checkpoint-1000/model.safetensors
[INFO|tokenization_utils_base.py:2525] 2025-05-25 08:23:29,020 >> tokenizer config file saved in /project/hrao/Meta-Resample/output/mit_movie_trivia_bert_run1/checkpoint-1000/tokenizer_config.json
[INFO|tokenization_utils_base.py:2534] 2025-05-25 08:23:29,037 >> Special tokens file saved in /project/hrao/Meta-Resample/output/mit_movie_trivia_bert_run1/checkpoint-1000/special_tokens_map.json

 59%|█████▊    | 1001/1704 [01:02<04:25,  2.65it/s]
 59%|█████▉    | 1003/1704 [01:02<03:34,  3.27it/s]
 59%|█████▉    | 1006/1704 [01:02<02:35,  4.49it/s]
 59%|█████▉    | 1008/1704 [01:02<02:06,  5.48it/s]
 59%|█████▉    | 1010/1704 [01:02<01:44,  6.66it/s]
 59%|█████▉    | 1013/1704 [01:02<01:19,  8.68it/s]
 60%|█████▉    | 1015/1704 [01:02<01:08, 10.11it/s]
 60%|█████▉    | 1017/1704 [01:02<00:59, 11.62it/s]
 60%|█████▉    | 1019/1704 [01:03<00:52, 12.99it/s]
 60%|█████▉    | 1022/1704 [01:03<00:45, 15.14it/s]
 60%|██████    | 1025/1704 [01:03<00:40, 16.85it/s]
 60%|██████    | 1028/1704 [01:03<00:37, 18.04it/s]
 61%|██████    | 1031/1704 [01:03<00:36, 18.59it/s]
 61%|██████    | 1034/1704 [01:03<00:34, 19.24it/s]
 61%|██████    | 1037/1704 [01:03<00:34, 19.46it/s]
 61%|██████    | 1040/1704 [01:04<00:33, 19.74it/s]
 61%|██████    | 1043/1704 [01:04<00:33, 19.89it/s]
 61%|██████▏   | 1046/1704 [01:04<00:33, 19.49it/s]
 62%|██████▏   | 1049/1704 [01:04<00:32, 19.96it/s]
 62%|██████▏   | 1052/1704 [01:04<00:32, 20.26it/s]
 62%|██████▏   | 1055/1704 [01:04<00:31, 20.42it/s]
 62%|██████▏   | 1058/1704 [01:04<00:31, 20.50it/s]
 62%|██████▏   | 1061/1704 [01:05<00:31, 20.29it/s]
 62%|██████▏   | 1064/1704 [01:05<00:31, 20.19it/s]
                                                   

 62%|██████▎   | 1065/1704 [01:05<00:31, 20.19it/s][INFO|trainer.py:934] 2025-05-25 08:23:34,521 >> The following columns in the Evaluation set don't have a corresponding argument in `BertForTokenClassification.forward` and have been ignored: ner_tags, tokens. If ner_tags, tokens are not expected by `BertForTokenClassification.forward`,  you can safely ignore this message.
[INFO|trainer.py:4327] 2025-05-25 08:23:34,523 >> 
***** Running Evaluation *****
[INFO|trainer.py:4329] 2025-05-25 08:23:34,523 >>   Num examples = 1000
[INFO|trainer.py:4332] 2025-05-25 08:23:34,523 >>   Batch size = 8
{'eval_loss': 0.35277214646339417, 'eval_precision': 0.6533599467731205, 'eval_recall': 0.7204695524578136, 'eval_f1': 0.6852756454989533, 'eval_accuracy': 0.8882667845390698, 'eval_runtime': 1.4273, 'eval_samples_per_second': 700.605, 'eval_steps_per_second': 87.576, 'epoch': 4.0}
{'loss': 0.2131, 'grad_norm': 1.6405394077301025, 'learning_rate': 7.511737089201878e-06, 'epoch': 5.0}


  0%|          | 0/125 [00:00<?, ?it/s][A

 10%|▉         | 12/125 [00:00<00:00, 113.20it/s][A

 19%|█▉        | 24/125 [00:00<00:00, 106.27it/s][A

 28%|██▊       | 35/125 [00:00<00:00, 105.49it/s][A

 37%|███▋      | 46/125 [00:00<00:00, 104.74it/s][A

 46%|████▌     | 57/125 [00:00<00:00, 104.17it/s][A

 54%|█████▍    | 68/125 [00:00<00:00, 103.38it/s][A

 63%|██████▎   | 79/125 [00:00<00:00, 103.54it/s][A

 72%|███████▏  | 90/125 [00:00<00:00, 103.20it/s][A

 81%|████████  | 101/125 [00:00<00:00, 102.96it/s][A

 90%|████████▉ | 112/125 [00:01<00:00, 103.20it/s][A

 98%|█████████▊| 123/125 [00:01<00:00, 103.54it/s][A
                                                   

                                                  
[A
 62%|██████▎   | 1065/1704 [01:06<00:31, 20.19it/s]

100%|██████████| 125/125 [00:01<00:00, 103.54it/s][A

                                                  [A
 63%|██████▎   | 1067/1704 [01:06<02:04,  5.11it/s]
 63%|██████▎   | 1070/1704 [01:06<01:35,  6.62it/s]
 63%|██████▎   | 1073/1704 [01:07<01:16,  8.28it/s]
 63%|██████▎   | 1075/1704 [01:07<01:06,  9.49it/s]
 63%|██████▎   | 1078/1704 [01:07<00:54, 11.47it/s]
 63%|██████▎   | 1080/1704 [01:07<00:49, 12.68it/s]
 64%|██████▎   | 1083/1704 [01:07<00:42, 14.61it/s]
 64%|██████▎   | 1085/1704 [01:07<00:39, 15.63it/s]
 64%|██████▍   | 1087/1704 [01:07<00:37, 16.27it/s]
 64%|██████▍   | 1090/1704 [01:07<00:35, 17.50it/s]
 64%|██████▍   | 1092/1704 [01:08<00:34, 17.57it/s]
 64%|██████▍   | 1095/1704 [01:08<00:32, 18.48it/s]
 64%|██████▍   | 1098/1704 [01:08<00:31, 19.41it/s]
 65%|██████▍   | 1101/1704 [01:08<00:30, 19.64it/s]
 65%|██████▍   | 1104/1704 [01:08<00:29, 20.06it/s]
 65%|██████▍   | 1107/1704 [01:08<00:29, 20.42it/s]
 65%|██████▌   | 1110/1704 [01:08<00:29, 20.42it/s]
 65%|██████▌   | 1113/1704 [01:09<00:28, 20.43it/s]
 65%|██████▌   | 1116/1704 [01:09<00:29, 19.99it/s]
 66%|██████▌   | 1119/1704 [01:09<00:28, 20.32it/s]
 66%|██████▌   | 1122/1704 [01:09<00:28, 20.20it/s]
 66%|██████▌   | 1125/1704 [01:09<00:28, 20.25it/s]
 66%|██████▌   | 1128/1704 [01:09<00:28, 20.38it/s]
 66%|██████▋   | 1131/1704 [01:09<00:27, 20.62it/s]
 67%|██████▋   | 1134/1704 [01:10<00:27, 20.82it/s]
 67%|██████▋   | 1137/1704 [01:10<00:27, 20.64it/s]
 67%|██████▋   | 1140/1704 [01:10<00:27, 20.81it/s]
 67%|██████▋   | 1143/1704 [01:10<00:27, 20.29it/s]
 67%|██████▋   | 1146/1704 [01:10<00:27, 20.15it/s]
 67%|██████▋   | 1149/1704 [01:10<00:27, 20.44it/s]
 68%|██████▊   | 1152/1704 [01:11<00:27, 20.38it/s]
 68%|██████▊   | 1155/1704 [01:11<00:27, 20.26it/s]
 68%|██████▊   | 1158/1704 [01:11<00:27, 19.71it/s]
 68%|██████▊   | 1160/1704 [01:11<00:27, 19.54it/s]
 68%|██████▊   | 1163/1704 [01:11<00:27, 19.94it/s]
 68%|██████▊   | 1166/1704 [01:11<00:26, 20.15it/s]
 69%|██████▊   | 1169/1704 [01:11<00:26, 20.12it/s]
 69%|██████▉   | 1172/1704 [01:12<00:26, 19.81it/s]
 69%|██████▉   | 1174/1704 [01:12<00:27, 19.62it/s]
 69%|██████▉   | 1177/1704 [01:12<00:26, 20.00it/s]
 69%|██████▉   | 1180/1704 [01:12<00:26, 20.15it/s]
 69%|██████▉   | 1183/1704 [01:12<00:25, 20.27it/s]
 70%|██████▉   | 1186/1704 [01:12<00:25, 20.49it/s]
 70%|██████▉   | 1189/1704 [01:12<00:25, 20.51it/s]
 70%|██████▉   | 1192/1704 [01:12<00:25, 20.45it/s]
 70%|███████   | 1195/1704 [01:13<00:25, 20.33it/s]
 70%|███████   | 1198/1704 [01:13<00:24, 20.51it/s]
 70%|███████   | 1201/1704 [01:13<00:24, 20.35it/s]
 71%|███████   | 1204/1704 [01:13<00:24, 20.44it/s]
 71%|███████   | 1207/1704 [01:13<00:24, 20.61it/s]
 71%|███████   | 1210/1704 [01:13<00:24, 20.51it/s]
 71%|███████   | 1213/1704 [01:14<00:24, 20.16it/s]
 71%|███████▏  | 1216/1704 [01:14<00:24, 19.72it/s]
 71%|███████▏  | 1218/1704 [01:14<00:24, 19.48it/s]
 72%|███████▏  | 1221/1704 [01:14<00:24, 19.97it/s]
 72%|███████▏  | 1223/1704 [01:14<00:24, 19.65it/s]
 72%|███████▏  | 1226/1704 [01:14<00:23, 20.12it/s]
 72%|███████▏  | 1229/1704 [01:14<00:23, 20.22it/s]
 72%|███████▏  | 1232/1704 [01:14<00:23, 20.41it/s]
 72%|███████▏  | 1235/1704 [01:15<00:23, 19.94it/s]
 73%|███████▎  | 1238/1704 [01:15<00:23, 20.25it/s]
 73%|███████▎  | 1241/1704 [01:15<00:22, 20.48it/s]
 73%|███████▎  | 1244/1704 [01:15<00:22, 20.20it/s]
 73%|███████▎  | 1247/1704 [01:15<00:22, 20.16it/s]
 73%|███████▎  | 1250/1704 [01:15<00:22, 20.24it/s]
 74%|███████▎  | 1253/1704 [01:16<00:22, 20.44it/s]
 74%|███████▎  | 1256/1704 [01:16<00:22, 20.09it/s]
 74%|███████▍  | 1259/1704 [01:16<00:22, 19.85it/s]
 74%|███████▍  | 1262/1704 [01:16<00:21, 20.22it/s]
 74%|███████▍  | 1265/1704 [01:16<00:21, 20.08it/s]
 74%|███████▍  | 1268/1704 [01:16<00:21, 20.40it/s]
 75%|███████▍  | 1271/1704 [01:16<00:21, 20.46it/s]
 75%|███████▍  | 1274/1704 [01:17<00:21, 20.39it/s]
 75%|███████▍  | 1277/1704 [01:17<00:21, 20.18it/s]
                                                   

 75%|███████▌  | 1278/1704 [01:17<00:21, 20.18it/s][INFO|trainer.py:934] 2025-05-25 08:23:46,505 >> The following columns in the Evaluation set don't have a corresponding argument in `BertForTokenClassification.forward` and have been ignored: ner_tags, tokens. If ner_tags, tokens are not expected by `BertForTokenClassification.forward`,  you can safely ignore this message.
[INFO|trainer.py:4327] 2025-05-25 08:23:46,507 >> 
***** Running Evaluation *****
[INFO|trainer.py:4329] 2025-05-25 08:23:46,507 >>   Num examples = 1000
[INFO|trainer.py:4332] 2025-05-25 08:23:46,507 >>   Batch size = 8
{'eval_loss': 0.3712676465511322, 'eval_precision': 0.6538205980066445, 'eval_recall': 0.7219369038884813, 'eval_f1': 0.6861924686192469, 'eval_accuracy': 0.8877265360247532, 'eval_runtime': 1.4393, 'eval_samples_per_second': 694.778, 'eval_steps_per_second': 86.847, 'epoch': 5.0}
{'loss': 0.1902, 'grad_norm': 2.1756985187530518, 'learning_rate': 5.011737089201878e-06, 'epoch': 6.0}


  0%|          | 0/125 [00:00<?, ?it/s][A

 10%|▉         | 12/125 [00:00<00:01, 112.82it/s][A

 19%|█▉        | 24/125 [00:00<00:00, 106.16it/s][A

 28%|██▊       | 35/125 [00:00<00:00, 105.39it/s][A

 37%|███▋      | 46/125 [00:00<00:00, 104.60it/s][A

 46%|████▌     | 57/125 [00:00<00:00, 103.99it/s][A

 54%|█████▍    | 68/125 [00:00<00:00, 103.29it/s][A

 63%|██████▎   | 79/125 [00:00<00:00, 103.45it/s][A

 72%|███████▏  | 90/125 [00:00<00:00, 103.06it/s][A

 81%|████████  | 101/125 [00:00<00:00, 102.84it/s][A

 90%|████████▉ | 112/125 [00:01<00:00, 103.09it/s][A

 98%|█████████▊| 123/125 [00:01<00:00, 103.47it/s][A
                                                   

                                                  
[A
 75%|███████▌  | 1278/1704 [01:18<00:21, 20.18it/s]

100%|██████████| 125/125 [00:01<00:00, 103.47it/s][A

                                                  [A
 75%|███████▌  | 1280/1704 [01:18<01:21,  5.20it/s]
 75%|███████▌  | 1283/1704 [01:18<01:02,  6.70it/s]
 75%|███████▌  | 1286/1704 [01:19<00:49,  8.36it/s]
 76%|███████▌  | 1288/1704 [01:19<00:43,  9.58it/s]
 76%|███████▌  | 1291/1704 [01:19<00:35, 11.63it/s]
 76%|███████▌  | 1294/1704 [01:19<00:30, 13.47it/s]
 76%|███████▌  | 1296/1704 [01:19<00:28, 14.50it/s]
 76%|███████▌  | 1298/1704 [01:19<00:26, 15.51it/s]
 76%|███████▋  | 1301/1704 [01:19<00:23, 17.05it/s]
 77%|███████▋  | 1304/1704 [01:19<00:22, 18.16it/s]
 77%|███████▋  | 1307/1704 [01:20<00:21, 18.79it/s]
 77%|███████▋  | 1310/1704 [01:20<00:20, 19.48it/s]
 77%|███████▋  | 1313/1704 [01:20<00:19, 19.73it/s]
 77%|███████▋  | 1316/1704 [01:20<00:19, 19.80it/s]
 77%|███████▋  | 1319/1704 [01:20<00:19, 19.72it/s]
 78%|███████▊  | 1322/1704 [01:20<00:18, 20.27it/s]
 78%|███████▊  | 1325/1704 [01:20<00:18, 20.43it/s]
 78%|███████▊  | 1328/1704 [01:21<00:18, 20.19it/s]
 78%|███████▊  | 1331/1704 [01:21<00:18, 20.55it/s]
 78%|███████▊  | 1334/1704 [01:21<00:18, 20.35it/s]
 78%|███████▊  | 1337/1704 [01:21<00:18, 20.32it/s]
 79%|███████▊  | 1340/1704 [01:21<00:17, 20.54it/s]
 79%|███████▉  | 1343/1704 [01:21<00:17, 20.82it/s]
 79%|███████▉  | 1346/1704 [01:22<00:17, 20.81it/s]
 79%|███████▉  | 1349/1704 [01:22<00:17, 20.80it/s]
 79%|███████▉  | 1352/1704 [01:22<00:17, 20.03it/s]
 80%|███████▉  | 1355/1704 [01:22<00:17, 20.05it/s]
 80%|███████▉  | 1358/1704 [01:22<00:17, 20.32it/s]
 80%|███████▉  | 1361/1704 [01:22<00:16, 20.45it/s]
 80%|████████  | 1364/1704 [01:22<00:16, 20.29it/s]
 80%|████████  | 1367/1704 [01:23<00:16, 20.31it/s]
 80%|████████  | 1370/1704 [01:23<00:16, 20.23it/s]
 81%|████████  | 1373/1704 [01:23<00:16, 20.27it/s]
 81%|████████  | 1376/1704 [01:23<00:16, 19.76it/s]
 81%|████████  | 1379/1704 [01:23<00:16, 20.13it/s]
 81%|████████  | 1382/1704 [01:23<00:15, 20.41it/s]
 81%|████████▏ | 1385/1704 [01:23<00:15, 19.98it/s]
 81%|████████▏ | 1388/1704 [01:24<00:16, 19.67it/s]
 82%|████████▏ | 1391/1704 [01:24<00:15, 20.03it/s]
 82%|████████▏ | 1394/1704 [01:24<00:15, 19.82it/s]
 82%|████████▏ | 1396/1704 [01:24<00:15, 19.79it/s]
 82%|████████▏ | 1398/1704 [01:24<00:15, 19.73it/s]
 82%|████████▏ | 1400/1704 [01:24<00:15, 19.47it/s]
 82%|████████▏ | 1402/1704 [01:24<00:15, 19.00it/s]
 82%|████████▏ | 1405/1704 [01:24<00:15, 19.79it/s]
 83%|████████▎ | 1408/1704 [01:25<00:14, 20.26it/s]
 83%|████████▎ | 1411/1704 [01:25<00:14, 20.61it/s]
 83%|████████▎ | 1414/1704 [01:25<00:13, 20.72it/s]
 83%|████████▎ | 1417/1704 [01:25<00:13, 20.52it/s]
 83%|████████▎ | 1420/1704 [01:25<00:13, 20.37it/s]
 84%|████████▎ | 1423/1704 [01:25<00:14, 20.07it/s]
 84%|████████▎ | 1426/1704 [01:25<00:13, 20.36it/s]
 84%|████████▍ | 1429/1704 [01:26<00:13, 20.04it/s]
 84%|████████▍ | 1432/1704 [01:26<00:13, 20.02it/s]
 84%|████████▍ | 1435/1704 [01:26<00:13, 20.33it/s]
 84%|████████▍ | 1438/1704 [01:26<00:12, 20.59it/s]
 85%|████████▍ | 1441/1704 [01:26<00:12, 20.42it/s]
 85%|████████▍ | 1444/1704 [01:26<00:12, 20.06it/s]
 85%|████████▍ | 1447/1704 [01:27<00:12, 20.32it/s]
 85%|████████▌ | 1450/1704 [01:27<00:12, 20.42it/s]
 85%|████████▌ | 1453/1704 [01:27<00:12, 20.62it/s]
 85%|████████▌ | 1456/1704 [01:27<00:12, 20.63it/s]
 86%|████████▌ | 1459/1704 [01:27<00:11, 20.79it/s]
 86%|████████▌ | 1462/1704 [01:27<00:11, 20.84it/s]
 86%|████████▌ | 1465/1704 [01:27<00:11, 20.18it/s]
 86%|████████▌ | 1468/1704 [01:28<00:11, 19.95it/s]
 86%|████████▋ | 1470/1704 [01:28<00:11, 19.64it/s]
 86%|████████▋ | 1472/1704 [01:28<00:11, 19.66it/s]
 87%|████████▋ | 1474/1704 [01:28<00:11, 19.71it/s]
 87%|████████▋ | 1477/1704 [01:28<00:11, 20.18it/s]
 87%|████████▋ | 1480/1704 [01:28<00:11, 19.94it/s]
 87%|████████▋ | 1483/1704 [01:28<00:11, 19.88it/s]
 87%|████████▋ | 1486/1704 [01:28<00:10, 20.27it/s]
 87%|████████▋ | 1489/1704 [01:29<00:10, 20.20it/s]
                                                   

 88%|████████▊ | 1491/1704 [01:29<00:10, 20.20it/s][INFO|trainer.py:934] 2025-05-25 08:23:58,451 >> The following columns in the Evaluation set don't have a corresponding argument in `BertForTokenClassification.forward` and have been ignored: ner_tags, tokens. If ner_tags, tokens are not expected by `BertForTokenClassification.forward`,  you can safely ignore this message.
[INFO|trainer.py:4327] 2025-05-25 08:23:58,452 >> 
***** Running Evaluation *****
[INFO|trainer.py:4329] 2025-05-25 08:23:58,453 >>   Num examples = 1000
[INFO|trainer.py:4332] 2025-05-25 08:23:58,453 >>   Batch size = 8
{'eval_loss': 0.3843202292919159, 'eval_precision': 0.652317880794702, 'eval_recall': 0.7226705796038151, 'eval_f1': 0.6856943961016359, 'eval_accuracy': 0.8876774225234517, 'eval_runtime': 1.4251, 'eval_samples_per_second': 701.688, 'eval_steps_per_second': 87.711, 'epoch': 6.0}
{'loss': 0.1752, 'grad_norm': 2.228957414627075, 'learning_rate': 2.5117370892018782e-06, 'epoch': 7.0}


  0%|          | 0/125 [00:00<?, ?it/s][A

 10%|▉         | 12/125 [00:00<00:00, 113.11it/s][A

 19%|█▉        | 24/125 [00:00<00:00, 106.23it/s][A

 28%|██▊       | 35/125 [00:00<00:00, 105.37it/s][A

 37%|███▋      | 46/125 [00:00<00:00, 103.86it/s][A

 46%|████▌     | 57/125 [00:00<00:00, 103.51it/s][A

 54%|█████▍    | 68/125 [00:00<00:00, 102.90it/s][A

 63%|██████▎   | 79/125 [00:00<00:00, 103.11it/s][A

 72%|███████▏  | 90/125 [00:00<00:00, 102.90it/s][A

 81%|████████  | 101/125 [00:00<00:00, 102.67it/s][A

 90%|████████▉ | 112/125 [00:01<00:00, 102.89it/s][A

 98%|█████████▊| 123/125 [00:01<00:00, 103.24it/s][A
                                                   

                                                  
[A
 88%|████████▊ | 1491/1704 [01:30<00:10, 20.20it/s]

100%|██████████| 125/125 [00:01<00:00, 103.24it/s][A

                                                  [A
 88%|████████▊ | 1492/1704 [01:30<00:41,  5.08it/s]
 88%|████████▊ | 1495/1704 [01:30<00:31,  6.58it/s]
 88%|████████▊ | 1498/1704 [01:30<00:25,  8.24it/s]
 88%|████████▊ | 1500/1704 [01:31<00:21,  9.42it/s][INFO|trainer.py:3993] 2025-05-25 08:24:00,349 >> Saving model checkpoint to /project/hrao/Meta-Resample/output/mit_movie_trivia_bert_run1/checkpoint-1500
[INFO|configuration_utils.py:424] 2025-05-25 08:24:00,352 >> Configuration saved in /project/hrao/Meta-Resample/output/mit_movie_trivia_bert_run1/checkpoint-1500/config.json
[INFO|modeling_utils.py:3724] 2025-05-25 08:24:01,643 >> Model weights saved in /project/hrao/Meta-Resample/output/mit_movie_trivia_bert_run1/checkpoint-1500/model.safetensors
[INFO|tokenization_utils_base.py:2525] 2025-05-25 08:24:01,673 >> tokenizer config file saved in /project/hrao/Meta-Resample/output/mit_movie_trivia_bert_run1/checkpoint-1500/tokenizer_config.json
[INFO|tokenization_utils_base.py:2534] 2025-05-25 08:24:01,691 >> Special tokens file saved in /project/hrao/Meta-Resample/output/mit_movie_trivia_bert_run1/checkpoint-1500/special_tokens_map.json

 88%|████████▊ | 1502/1704 [01:34<01:45,  1.91it/s]
 88%|████████▊ | 1504/1704 [01:34<01:20,  2.48it/s]
 88%|████████▊ | 1507/1704 [01:35<00:54,  3.62it/s]
 89%|████████▊ | 1509/1704 [01:35<00:42,  4.57it/s]
 89%|████████▊ | 1512/1704 [01:35<00:30,  6.31it/s]
 89%|████████▉ | 1515/1704 [01:35<00:22,  8.26it/s]
 89%|████████▉ | 1518/1704 [01:35<00:18, 10.29it/s]
 89%|████████▉ | 1521/1704 [01:35<00:15, 12.04it/s]
 89%|████████▉ | 1524/1704 [01:35<00:12, 13.90it/s]
 90%|████████▉ | 1527/1704 [01:35<00:11, 15.25it/s]
 90%|████████▉ | 1529/1704 [01:36<00:10, 16.11it/s]
 90%|████████▉ | 1532/1704 [01:36<00:09, 17.38it/s]
 90%|█████████ | 1535/1704 [01:36<00:09, 18.15it/s]
 90%|█████████ | 1538/1704 [01:36<00:08, 18.73it/s]
 90%|█████████ | 1541/1704 [01:36<00:08, 18.92it/s]
 91%|█████████ | 1544/1704 [01:36<00:08, 19.13it/s]
 91%|█████████ | 1546/1704 [01:36<00:08, 19.28it/s]
 91%|█████████ | 1548/1704 [01:37<00:08, 19.20it/s]
 91%|█████████ | 1550/1704 [01:37<00:08, 18.70it/s]
 91%|█████████ | 1552/1704 [01:37<00:08, 18.74it/s]
 91%|█████████▏| 1555/1704 [01:37<00:07, 19.13it/s]
 91%|█████████▏| 1558/1704 [01:37<00:07, 19.40it/s]
 92%|█████████▏| 1560/1704 [01:37<00:07, 19.46it/s]
 92%|█████████▏| 1563/1704 [01:37<00:07, 19.64it/s]
 92%|█████████▏| 1566/1704 [01:37<00:06, 20.20it/s]
 92%|█████████▏| 1569/1704 [01:38<00:06, 20.51it/s]
 92%|█████████▏| 1572/1704 [01:38<00:06, 20.66it/s]
 92%|█████████▏| 1575/1704 [01:38<00:06, 20.49it/s]
 93%|█████████▎| 1578/1704 [01:38<00:06, 20.21it/s]
 93%|█████████▎| 1581/1704 [01:38<00:06, 20.05it/s]
 93%|█████████▎| 1584/1704 [01:38<00:06, 19.40it/s]
 93%|█████████▎| 1587/1704 [01:38<00:05, 19.88it/s]
 93%|█████████▎| 1590/1704 [01:39<00:05, 20.02it/s]
 93%|█████████▎| 1593/1704 [01:39<00:05, 19.68it/s]
 94%|█████████▎| 1596/1704 [01:39<00:05, 19.95it/s]
 94%|█████████▍| 1598/1704 [01:39<00:05, 19.94it/s]
 94%|█████████▍| 1601/1704 [01:39<00:05, 20.01it/s]
 94%|█████████▍| 1604/1704 [01:39<00:04, 20.17it/s]
 94%|█████████▍| 1607/1704 [01:39<00:04, 20.51it/s]
 94%|█████████▍| 1610/1704 [01:40<00:04, 20.68it/s]
 95%|█████████▍| 1613/1704 [01:40<00:04, 20.42it/s]
 95%|█████████▍| 1616/1704 [01:40<00:04, 20.27it/s]
 95%|█████████▌| 1619/1704 [01:40<00:04, 20.12it/s]
 95%|█████████▌| 1622/1704 [01:40<00:04, 20.42it/s]
 95%|█████████▌| 1625/1704 [01:40<00:04, 19.70it/s]
 95%|█████████▌| 1627/1704 [01:40<00:03, 19.61it/s]
 96%|█████████▌| 1630/1704 [01:41<00:03, 19.84it/s]
 96%|█████████▌| 1632/1704 [01:41<00:03, 19.80it/s]
 96%|█████████▌| 1634/1704 [01:41<00:03, 19.79it/s]
 96%|█████████▌| 1636/1704 [01:41<00:03, 19.74it/s]
 96%|█████████▌| 1639/1704 [01:41<00:03, 19.94it/s]
 96%|█████████▋| 1641/1704 [01:41<00:03, 19.80it/s]
 96%|█████████▋| 1644/1704 [01:41<00:02, 20.07it/s]
 97%|█████████▋| 1647/1704 [01:41<00:02, 20.34it/s]
 97%|█████████▋| 1650/1704 [01:42<00:02, 20.52it/s]
 97%|█████████▋| 1653/1704 [01:42<00:02, 20.65it/s]
 97%|█████████▋| 1656/1704 [01:42<00:02, 20.73it/s]
 97%|█████████▋| 1659/1704 [01:42<00:02, 20.59it/s]
 98%|█████████▊| 1662/1704 [01:42<00:02, 20.60it/s]
 98%|█████████▊| 1665/1704 [01:42<00:01, 20.81it/s]
 98%|█████████▊| 1668/1704 [01:42<00:01, 20.88it/s]
 98%|█████████▊| 1671/1704 [01:43<00:01, 20.88it/s]
 98%|█████████▊| 1674/1704 [01:43<00:01, 20.71it/s]
 98%|█████████▊| 1677/1704 [01:43<00:01, 20.35it/s]
 99%|█████████▊| 1680/1704 [01:43<00:01, 20.06it/s]
 99%|█████████▉| 1683/1704 [01:43<00:01, 20.02it/s]
 99%|█████████▉| 1686/1704 [01:43<00:00, 20.06it/s]
 99%|█████████▉| 1689/1704 [01:44<00:00, 20.40it/s]
 99%|█████████▉| 1692/1704 [01:44<00:00, 20.34it/s]
 99%|█████████▉| 1695/1704 [01:44<00:00, 20.51it/s]
100%|█████████▉| 1698/1704 [01:44<00:00, 20.41it/s]
100%|█████████▉| 1701/1704 [01:44<00:00, 20.52it/s]
100%|██████████| 1704/1704 [01:44<00:00, 20.34it/s][INFO|trainer.py:3993] 2025-05-25 08:24:14,020 >> Saving model checkpoint to /project/hrao/Meta-Resample/output/mit_movie_trivia_bert_run1/checkpoint-1704
[INFO|configuration_utils.py:424] 2025-05-25 08:24:14,029 >> Configuration saved in /project/hrao/Meta-Resample/output/mit_movie_trivia_bert_run1/checkpoint-1704/config.json
[INFO|modeling_utils.py:3724] 2025-05-25 08:24:14,984 >> Model weights saved in /project/hrao/Meta-Resample/output/mit_movie_trivia_bert_run1/checkpoint-1704/model.safetensors
[INFO|tokenization_utils_base.py:2525] 2025-05-25 08:24:15,014 >> tokenizer config file saved in /project/hrao/Meta-Resample/output/mit_movie_trivia_bert_run1/checkpoint-1704/tokenizer_config.json
[INFO|tokenization_utils_base.py:2534] 2025-05-25 08:24:15,031 >> Special tokens file saved in /project/hrao/Meta-Resample/output/mit_movie_trivia_bert_run1/checkpoint-1704/special_tokens_map.json

                                                   

100%|██████████| 1704/1704 [01:47<00:00, 20.34it/s][INFO|trainer.py:934] 2025-05-25 08:24:17,201 >> The following columns in the Evaluation set don't have a corresponding argument in `BertForTokenClassification.forward` and have been ignored: ner_tags, tokens. If ner_tags, tokens are not expected by `BertForTokenClassification.forward`,  you can safely ignore this message.
[INFO|trainer.py:4327] 2025-05-25 08:24:17,203 >> 
***** Running Evaluation *****
[INFO|trainer.py:4329] 2025-05-25 08:24:17,203 >>   Num examples = 1000
[INFO|trainer.py:4332] 2025-05-25 08:24:17,203 >>   Batch size = 8
{'eval_loss': 0.39038413763046265, 'eval_precision': 0.6530679933665008, 'eval_recall': 0.7223037417461482, 'eval_f1': 0.6859432154676885, 'eval_accuracy': 0.8880212170325622, 'eval_runtime': 1.4299, 'eval_samples_per_second': 699.362, 'eval_steps_per_second': 87.42, 'epoch': 7.0}
{'loss': 0.1655, 'grad_norm': 2.5059330463409424, 'learning_rate': 1.1737089201877935e-08, 'epoch': 8.0}


  0%|          | 0/125 [00:00<?, ?it/s][A

 10%|▉         | 12/125 [00:00<00:01, 112.90it/s][A

 19%|█▉        | 24/125 [00:00<00:00, 105.96it/s][A

 28%|██▊       | 35/125 [00:00<00:00, 105.21it/s][A

 37%|███▋      | 46/125 [00:00<00:00, 104.46it/s][A

 46%|████▌     | 57/125 [00:00<00:00, 103.89it/s][A

 54%|█████▍    | 68/125 [00:00<00:00, 103.15it/s][A

 63%|██████▎   | 79/125 [00:00<00:00, 103.30it/s][A

 72%|███████▏  | 90/125 [00:00<00:00, 103.02it/s][A

 81%|████████  | 101/125 [00:00<00:00, 102.76it/s][A

 90%|████████▉ | 112/125 [00:01<00:00, 102.99it/s][A

 98%|█████████▊| 123/125 [00:01<00:00, 103.31it/s][A
                                                   

                                                  
[A
100%|██████████| 1704/1704 [01:49<00:00, 20.34it/s]

100%|██████████| 125/125 [00:01<00:00, 103.31it/s][A

                                                  [A[INFO|trainer.py:2676] 2025-05-25 08:24:18,647 >> 

Training completed. Do not forget to share your model on huggingface.co/models =)



                                                   

100%|██████████| 1704/1704 [01:49<00:00, 20.34it/s]
100%|██████████| 1704/1704 [01:49<00:00, 15.58it/s]
[INFO|trainer.py:3993] 2025-05-25 08:24:18,651 >> Saving model checkpoint to /project/hrao/Meta-Resample/output/mit_movie_trivia_bert_run1
[INFO|configuration_utils.py:424] 2025-05-25 08:24:18,653 >> Configuration saved in /project/hrao/Meta-Resample/output/mit_movie_trivia_bert_run1/config.json
[INFO|modeling_utils.py:3724] 2025-05-25 08:24:19,986 >> Model weights saved in /project/hrao/Meta-Resample/output/mit_movie_trivia_bert_run1/model.safetensors
[INFO|tokenization_utils_base.py:2525] 2025-05-25 08:24:20,018 >> tokenizer config file saved in /project/hrao/Meta-Resample/output/mit_movie_trivia_bert_run1/tokenizer_config.json
[INFO|tokenization_utils_base.py:2534] 2025-05-25 08:24:20,036 >> Special tokens file saved in /project/hrao/Meta-Resample/output/mit_movie_trivia_bert_run1/special_tokens_map.json
{'eval_loss': 0.39865925908088684, 'eval_precision': 0.6511936339522546, 'eval_recall': 0.7204695524578136, 'eval_f1': 0.6840822013235807, 'eval_accuracy': 0.8871371740091352, 'eval_runtime': 1.4339, 'eval_samples_per_second': 697.419, 'eval_steps_per_second': 87.177, 'epoch': 8.0}
{'train_runtime': 109.4014, 'train_samples_per_second': 498.421, 'train_steps_per_second': 15.576, 'train_loss': 0.2971535714019632, 'epoch': 8.0}
***** train metrics *****
  epoch                    =        8.0
  total_flos               =  1074438GF
  train_loss               =     0.2972
  train_runtime            = 0:01:49.40
  train_samples            =       6816
  train_samples_per_second =    498.421
  train_steps_per_second   =     15.576
05/25/2025 08:24:20 - INFO - __main__ - *** Evaluate ***
[INFO|trainer.py:934] 2025-05-25 08:24:20,066 >> The following columns in the Evaluation set don't have a corresponding argument in `BertForTokenClassification.forward` and have been ignored: ner_tags, tokens. If ner_tags, tokens are not expected by `BertForTokenClassification.forward`,  you can safely ignore this message.
[INFO|trainer.py:4327] 2025-05-25 08:24:20,067 >> 
***** Running Evaluation *****
[INFO|trainer.py:4329] 2025-05-25 08:24:20,067 >>   Num examples = 1000
[INFO|trainer.py:4332] 2025-05-25 08:24:20,067 >>   Batch size = 8

  0%|          | 0/125 [00:00<?, ?it/s]
 10%|▉         | 12/125 [00:00<00:01, 112.84it/s]
 19%|█▉        | 24/125 [00:00<00:00, 105.83it/s]
 28%|██▊       | 35/125 [00:00<00:00, 105.15it/s]
 37%|███▋      | 46/125 [00:00<00:00, 104.43it/s]
 46%|████▌     | 57/125 [00:00<00:00, 103.95it/s]
 54%|█████▍    | 68/125 [00:00<00:00, 103.23it/s]
 63%|██████▎   | 79/125 [00:00<00:00, 103.36it/s]
 72%|███████▏  | 90/125 [00:00<00:00, 103.11it/s]
 81%|████████  | 101/125 [00:00<00:00, 102.87it/s]
 90%|████████▉ | 112/125 [00:01<00:00, 103.08it/s]
 98%|█████████▊| 123/125 [00:01<00:00, 103.45it/s]
100%|██████████| 125/125 [00:01<00:00, 87.95it/s] 
***** eval metrics *****
  epoch                   =        8.0
  eval_accuracy           =     0.8871
  eval_f1                 =     0.6841
  eval_loss               =     0.3987
  eval_precision          =     0.6512
  eval_recall             =     0.7205
  eval_runtime            = 0:00:01.42
  eval_samples            =       1000
  eval_samples_per_second =    700.466
  eval_steps_per_second   =     87.558
05/25/2025 08:24:21 - INFO - __main__ - *** Predict ***
[INFO|trainer.py:934] 2025-05-25 08:24:21,503 >> The following columns in the test set don't have a corresponding argument in `BertForTokenClassification.forward` and have been ignored: ner_tags, tokens. If ner_tags, tokens are not expected by `BertForTokenClassification.forward`,  you can safely ignore this message.
[INFO|trainer.py:4327] 2025-05-25 08:24:21,504 >> 
***** Running Prediction *****
[INFO|trainer.py:4329] 2025-05-25 08:24:21,504 >>   Num examples = 1953
[INFO|trainer.py:4332] 2025-05-25 08:24:21,504 >>   Batch size = 8

  0%|          | 0/245 [00:00<?, ?it/s]
  5%|▍         | 12/245 [00:00<00:02, 112.08it/s]
 10%|▉         | 24/245 [00:00<00:02, 107.50it/s]
 14%|█▍        | 35/245 [00:00<00:01, 105.65it/s]
 19%|█▉        | 46/245 [00:00<00:01, 105.19it/s]
 23%|██▎       | 57/245 [00:00<00:01, 104.71it/s]
 28%|██▊       | 68/245 [00:00<00:01, 104.42it/s]
 32%|███▏      | 79/245 [00:00<00:01, 103.35it/s]
 37%|███▋      | 90/245 [00:00<00:01, 102.33it/s]
 41%|████      | 101/245 [00:00<00:01, 102.51it/s]
 46%|████▌     | 112/245 [00:01<00:01, 102.44it/s]
 50%|█████     | 123/245 [00:01<00:01, 102.86it/s]
 55%|█████▍    | 134/245 [00:01<00:01, 103.07it/s]
 59%|█████▉    | 145/245 [00:01<00:00, 102.83it/s]
 64%|██████▎   | 156/245 [00:01<00:00, 103.52it/s]
 68%|██████▊   | 167/245 [00:01<00:00, 103.72it/s]
 73%|███████▎  | 178/245 [00:01<00:00, 102.32it/s]
 77%|███████▋  | 189/245 [00:01<00:00, 102.12it/s]
 82%|████████▏ | 200/245 [00:01<00:00, 102.19it/s]
 86%|████████▌ | 211/245 [00:02<00:00, 102.47it/s]
 91%|█████████ | 222/245 [00:02<00:00, 102.64it/s]
 95%|█████████▌| 233/245 [00:02<00:00, 102.91it/s]
100%|█████████▉| 244/245 [00:02<00:00, 103.30it/s]
100%|██████████| 245/245 [00:02<00:00, 88.41it/s] 
[INFO|modelcard.py:450] 2025-05-25 08:24:24,376 >> Dropping the following result as it does not have all the necessary fields:
{'task': {'name': 'Token Classification', 'type': 'token-classification'}, 'metrics': [{'name': 'Precision', 'type': 'precision', 'value': 0.6511936339522546}, {'name': 'Recall', 'type': 'recall', 'value': 0.7204695524578136}, {'name': 'F1', 'type': 'f1', 'value': 0.6840822013235807}, {'name': 'Accuracy', 'type': 'accuracy', 'value': 0.8871371740091352}]}
***** predict metrics *****
  predict_accuracy           =     0.8853
  predict_f1                 =     0.7016 ✅ false 的时候，比 baseline 低
  predict_loss               =     0.4117
  predict_precision          =     0.6737
  predict_recall             =      0.732
  predict_runtime            = 0:00:02.78
  predict_samples_per_second =     701.72
  predict_steps_per_second   =     88.029
