05/25/2025 10:03:48 - WARNING - __main__ - Process rank: 0, device: cuda:0, n_gpu: 1, distributed training: False, 16-bits training: False
05/25/2025 10:03:48 - INFO - __main__ - Training/evaluation parameters TrainingArguments(
_n_gpu=1,
accelerator_config={'split_batches': False, 'dispatch_batches': None, 'even_batches': True, 'use_seedable_sampler': True, 'non_blocking': False, 'gradient_accumulation_kwargs': None, 'use_configured_state': False},
adafactor=False,
adam_beta1=0.9,
adam_beta2=0.999,
adam_epsilon=1e-08,
auto_find_batch_size=False,
average_tokens_across_devices=False,
batch_eval_metrics=False,
bf16=False,
bf16_full_eval=False,
data_seed=None,
dataloader_drop_last=False,
dataloader_num_workers=0,
dataloader_persistent_workers=False,
dataloader_pin_memory=True,
dataloader_prefetch_factor=None,
ddp_backend=None,
ddp_broadcast_buffers=None,
ddp_bucket_cap_mb=None,
ddp_find_unused_parameters=None,
ddp_timeout=1800,
debug=[],
deepspeed=None,
disable_tqdm=False,
do_eval=True,
do_predict=True,
do_train=True,
eval_accumulation_steps=None,
eval_delay=0,
eval_do_concat_batches=True,
eval_on_start=False,
eval_steps=None,
eval_strategy=epoch,
eval_use_gather_object=False,
fp16=False,
fp16_backend=auto,
fp16_full_eval=False,
fp16_opt_level=O1,
fsdp=[],
fsdp_config={'min_num_params': 0, 'xla': False, 'xla_fsdp_v2': False, 'xla_fsdp_grad_ckpt': False},
fsdp_min_num_params=0,
fsdp_transformer_layer_cls_to_wrap=None,
full_determinism=False,
gradient_accumulation_steps=1,
gradient_checkpointing=False,
gradient_checkpointing_kwargs=None,
greater_is_better=None,
group_by_length=False,
half_precision_backend=auto,
hub_always_push=False,
hub_model_id=None,
hub_private_repo=None,
hub_strategy=every_save,
hub_token=<HUB_TOKEN>,
ignore_data_skip=False,
include_for_metrics=[],
include_inputs_for_metrics=False,
include_num_input_tokens_seen=False,
include_tokens_per_second=False,
jit_mode_eval=False,
label_names=None,
label_smoothing_factor=0.0,
learning_rate=2e-05,
length_column_name=length,
load_best_model_at_end=False,
local_rank=0,
log_level=info,
log_level_replica=warning,
log_on_each_node=True,
logging_dir=/project/hrao/Meta-Resample/output/mit_movie_trivia_bert_run1/runs/May25_10-03-47_itiger01,
logging_first_step=False,
logging_nan_inf_filter=True,
logging_steps=500,
logging_strategy=epoch,
lr_scheduler_kwargs={},
lr_scheduler_type=linear,
max_grad_norm=1.0,
max_steps=-1,
metric_for_best_model=None,
mp_parameters=,
neftune_noise_alpha=None,
no_cuda=False,
num_train_epochs=8.0,
optim=adamw_torch,
optim_args=None,
optim_target_modules=None,
output_dir=/project/hrao/Meta-Resample/output/mit_movie_trivia_bert_run1,
overwrite_output_dir=True,
past_index=-1,
per_device_eval_batch_size=8,
per_device_train_batch_size=32,
prediction_loss_only=False,
push_to_hub=False,
push_to_hub_model_id=None,
push_to_hub_organization=None,
push_to_hub_token=<PUSH_TO_HUB_TOKEN>,
ray_scope=last,
remove_unused_columns=True,
report_to=['tensorboard'],
restore_callback_states_from_checkpoint=False,
resume_from_checkpoint=None,
run_name=/project/hrao/Meta-Resample/output/mit_movie_trivia_bert_run1,
save_on_each_node=False,
save_only_model=False,
save_safetensors=True,
save_steps=500,
save_strategy=steps,
save_total_limit=None,
seed=42,
skip_memory_metrics=True,
tf32=None,
torch_compile=False,
torch_compile_backend=None,
torch_compile_mode=None,
torch_empty_cache_steps=None,
torchdynamo=None,
tpu_metrics_debug=False,
tpu_num_cores=None,
use_cpu=False,
use_ipex=False,
use_legacy_prediction_loop=False,
use_liger_kernel=False,
use_mps_device=False,
warmup_ratio=0.0,
warmup_steps=0,
weight_decay=0.0,
)
[INFO|configuration_utils.py:698] 2025-05-25 10:03:48,610 >> loading configuration file config.json from cache at /home/hrao/.cache/huggingface/hub/models--google-bert--bert-base-uncased/snapshots/86b5e0934494bd15c9632b12f734a8a67f723594/config.json
[INFO|configuration_utils.py:770] 2025-05-25 10:03:48,614 >> Model config BertConfig {
  "architectures": [
    "BertForMaskedLM"
  ],
  "attention_probs_dropout_prob": 0.1,
  "classifier_dropout": null,
  "finetuning_task": "ner",
  "gradient_checkpointing": false,
  "hidden_act": "gelu",
  "hidden_dropout_prob": 0.1,
  "hidden_size": 768,
  "id2label": {
    "0": "LABEL_0",
    "1": "LABEL_1",
    "2": "LABEL_2",
    "3": "LABEL_3",
    "4": "LABEL_4",
    "5": "LABEL_5",
    "6": "LABEL_6",
    "7": "LABEL_7",
    "8": "LABEL_8",
    "9": "LABEL_9",
    "10": "LABEL_10",
    "11": "LABEL_11",
    "12": "LABEL_12",
    "13": "LABEL_13",
    "14": "LABEL_14",
    "15": "LABEL_15",
    "16": "LABEL_16",
    "17": "LABEL_17",
    "18": "LABEL_18",
    "19": "LABEL_19",
    "20": "LABEL_20",
    "21": "LABEL_21",
    "22": "LABEL_22",
    "23": "LABEL_23",
    "24": "LABEL_24"
  },
  "initializer_range": 0.02,
  "intermediate_size": 3072,
  "label2id": {
    "LABEL_0": 0,
    "LABEL_1": 1,
    "LABEL_10": 10,
    "LABEL_11": 11,
    "LABEL_12": 12,
    "LABEL_13": 13,
    "LABEL_14": 14,
    "LABEL_15": 15,
    "LABEL_16": 16,
    "LABEL_17": 17,
    "LABEL_18": 18,
    "LABEL_19": 19,
    "LABEL_2": 2,
    "LABEL_20": 20,
    "LABEL_21": 21,
    "LABEL_22": 22,
    "LABEL_23": 23,
    "LABEL_24": 24,
    "LABEL_3": 3,
    "LABEL_4": 4,
    "LABEL_5": 5,
    "LABEL_6": 6,
    "LABEL_7": 7,
    "LABEL_8": 8,
    "LABEL_9": 9
  },
  "layer_norm_eps": 1e-12,
  "max_position_embeddings": 512,
  "model_type": "bert",
  "num_attention_heads": 12,
  "num_hidden_layers": 12,
  "pad_token_id": 0,
  "position_embedding_type": "absolute",
  "transformers_version": "4.52.3",
  "type_vocab_size": 2,
  "use_cache": true,
  "vocab_size": 30522
}

[INFO|configuration_utils.py:698] 2025-05-25 10:03:48,679 >> loading configuration file config.json from cache at /home/hrao/.cache/huggingface/hub/models--google-bert--bert-base-uncased/snapshots/86b5e0934494bd15c9632b12f734a8a67f723594/config.json
[INFO|configuration_utils.py:770] 2025-05-25 10:03:48,679 >> Model config BertConfig {
  "architectures": [
    "BertForMaskedLM"
  ],
  "attention_probs_dropout_prob": 0.1,
  "classifier_dropout": null,
  "gradient_checkpointing": false,
  "hidden_act": "gelu",
  "hidden_dropout_prob": 0.1,
  "hidden_size": 768,
  "initializer_range": 0.02,
  "intermediate_size": 3072,
  "layer_norm_eps": 1e-12,
  "max_position_embeddings": 512,
  "model_type": "bert",
  "num_attention_heads": 12,
  "num_hidden_layers": 12,
  "pad_token_id": 0,
  "position_embedding_type": "absolute",
  "transformers_version": "4.52.3",
  "type_vocab_size": 2,
  "use_cache": true,
  "vocab_size": 30522
}

[INFO|tokenization_utils_base.py:2023] 2025-05-25 10:03:48,741 >> loading file vocab.txt from cache at /home/hrao/.cache/huggingface/hub/models--google-bert--bert-base-uncased/snapshots/86b5e0934494bd15c9632b12f734a8a67f723594/vocab.txt
[INFO|tokenization_utils_base.py:2023] 2025-05-25 10:03:48,741 >> loading file tokenizer.json from cache at /home/hrao/.cache/huggingface/hub/models--google-bert--bert-base-uncased/snapshots/86b5e0934494bd15c9632b12f734a8a67f723594/tokenizer.json
[INFO|tokenization_utils_base.py:2023] 2025-05-25 10:03:48,741 >> loading file added_tokens.json from cache at None
[INFO|tokenization_utils_base.py:2023] 2025-05-25 10:03:48,741 >> loading file special_tokens_map.json from cache at None
[INFO|tokenization_utils_base.py:2023] 2025-05-25 10:03:48,741 >> loading file tokenizer_config.json from cache at /home/hrao/.cache/huggingface/hub/models--google-bert--bert-base-uncased/snapshots/86b5e0934494bd15c9632b12f734a8a67f723594/tokenizer_config.json
[INFO|tokenization_utils_base.py:2023] 2025-05-25 10:03:48,741 >> loading file chat_template.jinja from cache at None
[INFO|configuration_utils.py:698] 2025-05-25 10:03:48,742 >> loading configuration file config.json from cache at /home/hrao/.cache/huggingface/hub/models--google-bert--bert-base-uncased/snapshots/86b5e0934494bd15c9632b12f734a8a67f723594/config.json
[INFO|configuration_utils.py:770] 2025-05-25 10:03:48,742 >> Model config BertConfig {
  "architectures": [
    "BertForMaskedLM"
  ],
  "attention_probs_dropout_prob": 0.1,
  "classifier_dropout": null,
  "gradient_checkpointing": false,
  "hidden_act": "gelu",
  "hidden_dropout_prob": 0.1,
  "hidden_size": 768,
  "initializer_range": 0.02,
  "intermediate_size": 3072,
  "layer_norm_eps": 1e-12,
  "max_position_embeddings": 512,
  "model_type": "bert",
  "num_attention_heads": 12,
  "num_hidden_layers": 12,
  "pad_token_id": 0,
  "position_embedding_type": "absolute",
  "transformers_version": "4.52.3",
  "type_vocab_size": 2,
  "use_cache": true,
  "vocab_size": 30522
}

[INFO|modeling_utils.py:1150] 2025-05-25 10:03:48,925 >> loading weights file model.safetensors from cache at /home/hrao/.cache/huggingface/hub/models--google-bert--bert-base-uncased/snapshots/86b5e0934494bd15c9632b12f734a8a67f723594/model.safetensors
[INFO|logging.py:343] 2025-05-25 10:03:48,944 >> A pretrained model of type `BertForTokenClassification` contains parameters that have been renamed internally (a few are listed below but more are present in the model):
* `cls.predictions.transform.LayerNorm.beta` -> `cls.predictions.transform.LayerNorm.bias`
* `cls.predictions.transform.LayerNorm.gamma` -> `cls.predictions.transform.LayerNorm.weight`
If you are using a model from the Hub, consider submitting a PR to adjust these weights and help future users.
[INFO|modeling_utils.py:5120] 2025-05-25 10:03:48,974 >> Some weights of the model checkpoint at google-bert/bert-base-uncased were not used when initializing BertForTokenClassification: ['bert.pooler.dense.bias', 'bert.pooler.dense.weight', 'cls.predictions.bias', 'cls.predictions.transform.LayerNorm.bias', 'cls.predictions.transform.LayerNorm.weight', 'cls.predictions.transform.dense.bias', 'cls.predictions.transform.dense.weight', 'cls.seq_relationship.bias', 'cls.seq_relationship.weight']
- This IS expected if you are initializing BertForTokenClassification from the checkpoint of a model trained on another task or with another architecture (e.g. initializing a BertForSequenceClassification model from a BertForPreTraining model).
- This IS NOT expected if you are initializing BertForTokenClassification from the checkpoint of a model that you expect to be exactly identical (initializing a BertForSequenceClassification model from a BertForSequenceClassification model).
[WARNING|modeling_utils.py:5132] 2025-05-25 10:03:48,974 >> Some weights of BertForTokenClassification were not initialized from the model checkpoint at google-bert/bert-base-uncased and are newly initialized: ['classifier.bias', 'classifier.weight']
You should probably TRAIN this model on a down-stream task to be able to use it for predictions and inference.

Adding original indices to train dataset:   0%|          | 0/6816 [00:00<?, ? examples/s]
Adding original indices to train dataset: 100%|██████████| 6816/6816 [00:00<00:00, 66798.24 examples/s]
Adding original indices to train dataset: 100%|██████████| 6816/6816 [00:00<00:00, 66001.10 examples/s]
05/25/2025 10:03:49 - INFO - __main__ - Adding original_idx for hardness-aware sampling.

Running tokenizer on train dataset:   0%|          | 0/6816 [00:00<?, ? examples/s]
Running tokenizer on train dataset:  29%|██▉       | 2000/6816 [00:00<00:00, 19308.08 examples/s]
Running tokenizer on train dataset:  88%|████████▊ | 6000/6816 [00:00<00:00, 19994.18 examples/s]
Running tokenizer on train dataset: 100%|██████████| 6816/6816 [00:00<00:00, 19826.49 examples/s]
05/25/2025 10:03:49 - INFO - __main__ - Train dataset columns after tokenization: ['tokens', 'ner_tags', 'original_idx', 'input_ids', 'token_type_ids', 'attention_mask', 'labels']

Running tokenizer on validation dataset:   0%|          | 0/1000 [00:00<?, ? examples/s]
Running tokenizer on validation dataset: 100%|██████████| 1000/1000 [00:00<00:00, 19653.46 examples/s]

Running tokenizer on prediction dataset:   0%|          | 0/1953 [00:00<?, ? examples/s]
Running tokenizer on prediction dataset: 100%|██████████| 1953/1953 [00:00<00:00, 20331.24 examples/s]
05/25/2025 10:03:49 - INFO - __main__ - Using CustomDataCollatorForTokenClassification for hardness-aware sampling.
05/25/2025 10:03:49 - INFO - __main__ - Enabling HardnessAwareTrainer.
/project/hrao/Meta-Resample/step_1/custom_trainer.py:21: FutureWarning: `tokenizer` is deprecated and will be removed in version 5.0.0 for `HardnessAwareTrainer.__init__`. Use `processing_class` instead.
  super().__init__(*args, **kwargs)
[INFO|trainer.py:934] 2025-05-25 10:03:50,415 >> The following columns in the Training set don't have a corresponding argument in `BertForTokenClassification.forward` and have been ignored: ner_tags, original_idx, tokens. If ner_tags, original_idx, tokens are not expected by `BertForTokenClassification.forward`,  you can safely ignore this message.
[INFO|trainer.py:2409] 2025-05-25 10:03:50,421 >> ***** Running training *****
[INFO|trainer.py:2410] 2025-05-25 10:03:50,421 >>   Num examples = 6,816
[INFO|trainer.py:2411] 2025-05-25 10:03:50,421 >>   Num Epochs = 8
[INFO|trainer.py:2412] 2025-05-25 10:03:50,421 >>   Instantaneous batch size per device = 32
[INFO|trainer.py:2415] 2025-05-25 10:03:50,421 >>   Total train batch size (w. parallel, distributed & accumulation) = 32
[INFO|trainer.py:2416] 2025-05-25 10:03:50,421 >>   Gradient Accumulation steps = 1
[INFO|trainer.py:2417] 2025-05-25 10:03:50,421 >>   Total optimization steps = 1,704
[INFO|trainer.py:2418] 2025-05-25 10:03:50,422 >>   Number of trainable parameters = 108,910,873

  0%|          | 0/1704 [00:00<?, ?it/s]
  0%|          | 1/1704 [00:00<07:08,  3.98it/s]
  0%|          | 3/1704 [00:00<03:00,  9.44it/s]
  0%|          | 6/1704 [00:00<02:00, 14.11it/s]
  0%|          | 8/1704 [00:00<01:47, 15.75it/s]
  1%|          | 11/1704 [00:00<01:35, 17.72it/s]
  1%|          | 14/1704 [00:00<01:31, 18.51it/s]
  1%|          | 16/1704 [00:01<01:32, 18.35it/s]
  1%|          | 19/1704 [00:01<01:27, 19.25it/s]
  1%|          | 21/1704 [00:01<01:26, 19.36it/s]
  1%|▏         | 24/1704 [00:01<01:23, 20.02it/s]
  2%|▏         | 27/1704 [00:01<01:24, 19.93it/s]
  2%|▏         | 29/1704 [00:01<01:26, 19.32it/s]
  2%|▏         | 31/1704 [00:01<01:26, 19.42it/s]
  2%|▏         | 34/1704 [00:01<01:24, 19.72it/s]
  2%|▏         | 37/1704 [00:02<01:22, 20.30it/s]
  2%|▏         | 40/1704 [00:02<01:21, 20.43it/s]
  3%|▎         | 43/1704 [00:02<01:22, 20.09it/s]
  3%|▎         | 46/1704 [00:02<01:22, 20.06it/s]
  3%|▎         | 49/1704 [00:02<01:23, 19.90it/s]
  3%|▎         | 52/1704 [00:02<01:21, 20.29it/s]
  3%|▎         | 55/1704 [00:02<01:20, 20.60it/s]
  3%|▎         | 58/1704 [00:03<01:19, 20.58it/s]
  4%|▎         | 61/1704 [00:03<01:20, 20.40it/s]
  4%|▍         | 64/1704 [00:03<01:19, 20.75it/s]
  4%|▍         | 67/1704 [00:03<01:18, 20.89it/s]
  4%|▍         | 70/1704 [00:03<01:18, 20.94it/s]
  4%|▍         | 73/1704 [00:03<01:17, 21.08it/s]
  4%|▍         | 76/1704 [00:03<01:16, 21.21it/s]
  5%|▍         | 79/1704 [00:04<01:16, 21.32it/s]
  5%|▍         | 82/1704 [00:04<01:16, 21.11it/s]
  5%|▍         | 85/1704 [00:04<01:17, 20.79it/s]
  5%|▌         | 88/1704 [00:04<01:17, 20.79it/s]
  5%|▌         | 91/1704 [00:04<01:16, 20.98it/s]
  6%|▌         | 94/1704 [00:04<01:18, 20.39it/s]
  6%|▌         | 97/1704 [00:04<01:19, 20.30it/s]
  6%|▌         | 100/1704 [00:05<01:17, 20.57it/s]
  6%|▌         | 103/1704 [00:05<01:17, 20.72it/s]
  6%|▌         | 106/1704 [00:05<01:16, 20.94it/s]
  6%|▋         | 109/1704 [00:05<01:17, 20.58it/s]
  7%|▋         | 112/1704 [00:05<01:17, 20.55it/s]
  7%|▋         | 115/1704 [00:05<01:17, 20.40it/s]
  7%|▋         | 118/1704 [00:05<01:16, 20.77it/s]
  7%|▋         | 121/1704 [00:06<01:15, 20.85it/s]
  7%|▋         | 124/1704 [00:06<01:15, 20.93it/s]
  7%|▋         | 127/1704 [00:06<01:16, 20.72it/s]
  8%|▊         | 130/1704 [00:06<01:17, 20.36it/s]
  8%|▊         | 133/1704 [00:06<01:18, 20.08it/s]
  8%|▊         | 136/1704 [00:06<01:17, 20.21it/s]
  8%|▊         | 139/1704 [00:07<01:17, 20.20it/s]
  8%|▊         | 142/1704 [00:07<01:17, 20.15it/s]
  9%|▊         | 145/1704 [00:07<01:16, 20.43it/s]
  9%|▊         | 148/1704 [00:07<01:15, 20.67it/s]
  9%|▉         | 151/1704 [00:07<01:18, 19.77it/s]
  9%|▉         | 154/1704 [00:07<01:16, 20.15it/s]
  9%|▉         | 157/1704 [00:07<01:17, 19.92it/s]
  9%|▉         | 160/1704 [00:08<01:16, 20.25it/s]
 10%|▉         | 163/1704 [00:08<01:15, 20.38it/s]
 10%|▉         | 166/1704 [00:08<01:15, 20.40it/s]
 10%|▉         | 169/1704 [00:08<01:16, 20.04it/s]
 10%|█         | 172/1704 [00:08<01:16, 20.09it/s]
 10%|█         | 175/1704 [00:08<01:16, 19.93it/s]
 10%|█         | 178/1704 [00:08<01:15, 20.10it/s]
 11%|█         | 181/1704 [00:09<01:14, 20.37it/s]
 11%|█         | 184/1704 [00:09<01:16, 19.98it/s]
 11%|█         | 187/1704 [00:09<01:14, 20.38it/s]
 11%|█         | 190/1704 [00:09<01:15, 19.97it/s]
 11%|█▏        | 193/1704 [00:09<01:15, 20.12it/s]
 12%|█▏        | 196/1704 [00:09<01:13, 20.50it/s]
 12%|█▏        | 199/1704 [00:09<01:12, 20.75it/s]
 12%|█▏        | 202/1704 [00:10<01:11, 20.97it/s]
 12%|█▏        | 205/1704 [00:10<01:12, 20.82it/s]
 12%|█▏        | 208/1704 [00:10<01:12, 20.53it/s]
 12%|█▏        | 211/1704 [00:10<01:13, 20.36it/s]
                                                  

 12%|█▎        | 213/1704 [00:10<01:13, 20.36it/s][INFO|trainer.py:934] 2025-05-25 10:04:01,080 >> The following columns in the Evaluation set don't have a corresponding argument in `BertForTokenClassification.forward` and have been ignored: ner_tags, tokens. If ner_tags, tokens are not expected by `BertForTokenClassification.forward`,  you can safely ignore this message.
[INFO|trainer.py:4327] 2025-05-25 10:04:01,081 >> 
***** Running Evaluation *****
[INFO|trainer.py:4329] 2025-05-25 10:04:01,082 >>   Num examples = 1000
[INFO|trainer.py:4332] 2025-05-25 10:04:01,082 >>   Batch size = 8
{'loss': 0.7289, 'grad_norm': 1.7465016841888428, 'learning_rate': 1.7511737089201878e-05, 'epoch': 1.0}


  0%|          | 0/125 [00:00<?, ?it/s][A

 10%|▉         | 12/125 [00:00<00:00, 113.00it/s][A

 19%|█▉        | 24/125 [00:00<00:00, 106.20it/s][A

 28%|██▊       | 35/125 [00:00<00:00, 105.57it/s][A

 37%|███▋      | 46/125 [00:00<00:00, 105.00it/s][A

 46%|████▌     | 57/125 [00:00<00:00, 104.50it/s][A

 54%|█████▍    | 68/125 [00:00<00:00, 103.83it/s][A

 63%|██████▎   | 79/125 [00:00<00:00, 103.92it/s][A

 72%|███████▏  | 90/125 [00:00<00:00, 103.70it/s][A

 81%|████████  | 101/125 [00:00<00:00, 103.45it/s][A

 90%|████████▉ | 112/125 [00:01<00:00, 103.72it/s][A

 98%|█████████▊| 123/125 [00:01<00:00, 104.05it/s][A/project/hrao/miniconda3/envs/imbalance_env/lib/python3.10/site-packages/seqeval/metrics/v1.py:57: UndefinedMetricWarning: Precision and F-score are ill-defined and being set to 0.0 in labels with no predicted samples. Use `zero_division` parameter to control this behavior.
  _warn_prf(average, modifier, msg_start, len(result))

                                                  

                                                  
[A
 12%|█▎        | 213/1704 [00:12<01:13, 20.36it/s]

100%|██████████| 125/125 [00:01<00:00, 104.05it/s][A

                                                  [A
 13%|█▎        | 214/1704 [00:12<04:49,  5.15it/s]
 13%|█▎        | 216/1704 [00:12<04:01,  6.17it/s]
 13%|█▎        | 218/1704 [00:12<03:21,  7.39it/s]
 13%|█▎        | 221/1704 [00:12<02:35,  9.51it/s]
 13%|█▎        | 224/1704 [00:12<02:08, 11.53it/s]
 13%|█▎        | 226/1704 [00:12<01:56, 12.73it/s]
 13%|█▎        | 228/1704 [00:12<01:45, 13.98it/s]
 13%|█▎        | 230/1704 [00:12<01:37, 15.06it/s]
 14%|█▎        | 233/1704 [00:13<01:27, 16.90it/s]
 14%|█▍        | 235/1704 [00:13<01:23, 17.59it/s]
 14%|█▍        | 237/1704 [00:13<01:20, 18.18it/s]
 14%|█▍        | 240/1704 [00:13<01:17, 18.92it/s]
 14%|█▍        | 243/1704 [00:13<01:14, 19.50it/s]
 14%|█▍        | 246/1704 [00:13<01:13, 19.79it/s]
 15%|█▍        | 249/1704 [00:13<01:11, 20.35it/s]
 15%|█▍        | 252/1704 [00:14<01:10, 20.73it/s]
 15%|█▍        | 255/1704 [00:14<01:08, 21.03it/s]
 15%|█▌        | 258/1704 [00:14<01:08, 21.16it/s]
 15%|█▌        | 261/1704 [00:14<01:08, 21.20it/s]
 15%|█▌        | 264/1704 [00:14<01:08, 21.17it/s]
 16%|█▌        | 267/1704 [00:14<01:07, 21.25it/s]
 16%|█▌        | 270/1704 [00:14<01:07, 21.29it/s]
 16%|█▌        | 273/1704 [00:14<01:07, 21.29it/s]
 16%|█▌        | 276/1704 [00:15<01:07, 21.22it/s]
 16%|█▋        | 279/1704 [00:15<01:06, 21.31it/s]
 17%|█▋        | 282/1704 [00:15<01:07, 21.03it/s]
 17%|█▋        | 285/1704 [00:15<01:07, 20.92it/s]
 17%|█▋        | 288/1704 [00:15<01:08, 20.63it/s]
 17%|█▋        | 291/1704 [00:15<01:07, 20.89it/s]
 17%|█▋        | 294/1704 [00:15<01:06, 21.08it/s]
 17%|█▋        | 297/1704 [00:16<01:08, 20.39it/s]
 18%|█▊        | 300/1704 [00:16<01:08, 20.57it/s]
 18%|█▊        | 303/1704 [00:16<01:08, 20.51it/s]
 18%|█▊        | 306/1704 [00:16<01:08, 20.48it/s]
 18%|█▊        | 309/1704 [00:16<01:08, 20.45it/s]
 18%|█▊        | 312/1704 [00:16<01:08, 20.31it/s]
 18%|█▊        | 315/1704 [00:17<01:07, 20.63it/s]
 19%|█▊        | 318/1704 [00:17<01:06, 20.90it/s]
 19%|█▉        | 321/1704 [00:17<01:05, 20.98it/s]
 19%|█▉        | 324/1704 [00:17<01:06, 20.80it/s]
 19%|█▉        | 327/1704 [00:17<01:07, 20.47it/s]
 19%|█▉        | 330/1704 [00:17<01:06, 20.68it/s]
 20%|█▉        | 333/1704 [00:17<01:06, 20.56it/s]
 20%|█▉        | 336/1704 [00:18<01:06, 20.53it/s]
 20%|█▉        | 339/1704 [00:18<01:07, 20.16it/s]
 20%|██        | 342/1704 [00:18<01:06, 20.43it/s]
 20%|██        | 345/1704 [00:18<01:06, 20.40it/s]
 20%|██        | 348/1704 [00:18<01:05, 20.64it/s]
 21%|██        | 351/1704 [00:18<01:06, 20.26it/s]
 21%|██        | 354/1704 [00:18<01:05, 20.55it/s]
 21%|██        | 357/1704 [00:19<01:06, 20.15it/s]
 21%|██        | 360/1704 [00:19<01:06, 20.35it/s]
 21%|██▏       | 363/1704 [00:19<01:05, 20.59it/s]
 21%|██▏       | 366/1704 [00:19<01:05, 20.36it/s]
 22%|██▏       | 369/1704 [00:19<01:04, 20.65it/s]
 22%|██▏       | 372/1704 [00:19<01:04, 20.77it/s]
 22%|██▏       | 375/1704 [00:19<01:04, 20.70it/s]
 22%|██▏       | 378/1704 [00:20<01:03, 20.85it/s]
 22%|██▏       | 381/1704 [00:20<01:03, 20.73it/s]
 23%|██▎       | 384/1704 [00:20<01:03, 20.68it/s]
 23%|██▎       | 387/1704 [00:20<01:03, 20.85it/s]
 23%|██▎       | 390/1704 [00:20<01:03, 20.76it/s]
 23%|██▎       | 393/1704 [00:20<01:04, 20.46it/s]
 23%|██▎       | 396/1704 [00:20<01:03, 20.72it/s]
 23%|██▎       | 399/1704 [00:21<01:04, 20.13it/s]
 24%|██▎       | 402/1704 [00:21<01:03, 20.48it/s]
 24%|██▍       | 405/1704 [00:21<01:02, 20.69it/s]
 24%|██▍       | 408/1704 [00:21<01:04, 19.99it/s]
 24%|██▍       | 411/1704 [00:21<01:05, 19.79it/s]
 24%|██▍       | 413/1704 [00:21<01:05, 19.79it/s]
 24%|██▍       | 416/1704 [00:21<01:05, 19.71it/s]
 25%|██▍       | 419/1704 [00:22<01:04, 19.94it/s]
 25%|██▍       | 422/1704 [00:22<01:03, 20.32it/s]
 25%|██▍       | 425/1704 [00:22<01:03, 20.16it/s]
                                                  

 25%|██▌       | 426/1704 [00:22<01:03, 20.16it/s][INFO|trainer.py:934] 2025-05-25 10:04:12,883 >> The following columns in the Evaluation set don't have a corresponding argument in `BertForTokenClassification.forward` and have been ignored: ner_tags, tokens. If ner_tags, tokens are not expected by `BertForTokenClassification.forward`,  you can safely ignore this message.
[INFO|trainer.py:4327] 2025-05-25 10:04:12,884 >> 
***** Running Evaluation *****
[INFO|trainer.py:4329] 2025-05-25 10:04:12,884 >>   Num examples = 1000
[INFO|trainer.py:4332] 2025-05-25 10:04:12,884 >>   Batch size = 8
{'eval_loss': 0.41701266169548035, 'eval_overall_precision': 0.6021366137908708, 'eval_overall_recall': 0.6823184152604549, 'eval_overall_f1': 0.6397248495270851, 'eval_overall_accuracy': 0.8711261725848436, 'eval_runtime': 1.4318, 'eval_samples_per_second': 698.399, 'eval_steps_per_second': 87.3, 'epoch': 1.0}
{'loss': 0.3391, 'grad_norm': 1.7719875574111938, 'learning_rate': 1.5011737089201878e-05, 'epoch': 2.0}


  0%|          | 0/125 [00:00<?, ?it/s][A

 10%|▉         | 12/125 [00:00<00:00, 114.13it/s][A

 19%|█▉        | 24/125 [00:00<00:00, 107.12it/s][A

 28%|██▊       | 35/125 [00:00<00:00, 106.29it/s][A

 37%|███▋      | 46/125 [00:00<00:00, 105.61it/s][A

 46%|████▌     | 57/125 [00:00<00:00, 105.03it/s][A

 54%|█████▍    | 68/125 [00:00<00:00, 104.25it/s][A

 63%|██████▎   | 79/125 [00:00<00:00, 103.91it/s][A

 72%|███████▏  | 90/125 [00:00<00:00, 103.64it/s][A

 81%|████████  | 101/125 [00:00<00:00, 103.51it/s][A

 90%|████████▉ | 112/125 [00:01<00:00, 103.79it/s][A

 98%|█████████▊| 123/125 [00:01<00:00, 104.24it/s][A
                                                  

                                                  
[A
 25%|██▌       | 426/1704 [00:23<01:03, 20.16it/s]

100%|██████████| 125/125 [00:01<00:00, 104.24it/s][A

                                                  [A
 25%|██▌       | 428/1704 [00:23<04:10,  5.10it/s]
 25%|██▌       | 431/1704 [00:24<03:12,  6.60it/s]
 25%|██▌       | 434/1704 [00:24<02:32,  8.34it/s]
 26%|██▌       | 437/1704 [00:24<02:03, 10.23it/s]
 26%|██▌       | 440/1704 [00:24<01:44, 12.07it/s]
 26%|██▌       | 442/1704 [00:24<01:36, 13.06it/s]
 26%|██▌       | 445/1704 [00:24<01:25, 14.81it/s]
 26%|██▌       | 447/1704 [00:24<01:19, 15.73it/s]
 26%|██▋       | 449/1704 [00:25<01:16, 16.39it/s]
 26%|██▋       | 451/1704 [00:25<01:13, 17.15it/s]
 27%|██▋       | 454/1704 [00:25<01:08, 18.20it/s]
 27%|██▋       | 456/1704 [00:25<01:07, 18.53it/s]
 27%|██▋       | 459/1704 [00:25<01:05, 18.91it/s]
 27%|██▋       | 462/1704 [00:25<01:03, 19.56it/s]
 27%|██▋       | 465/1704 [00:25<01:02, 19.85it/s]
 27%|██▋       | 468/1704 [00:25<01:01, 20.07it/s]
 28%|██▊       | 471/1704 [00:26<01:03, 19.51it/s]
 28%|██▊       | 474/1704 [00:26<01:02, 19.80it/s]
 28%|██▊       | 477/1704 [00:26<01:01, 19.81it/s]
 28%|██▊       | 480/1704 [00:26<01:00, 20.24it/s]
 28%|██▊       | 483/1704 [00:26<01:01, 19.81it/s]
 29%|██▊       | 486/1704 [00:26<01:00, 20.16it/s]
 29%|██▊       | 489/1704 [00:27<00:59, 20.47it/s]
 29%|██▉       | 492/1704 [00:27<01:00, 20.15it/s]
 29%|██▉       | 495/1704 [00:27<01:01, 19.58it/s]
 29%|██▉       | 498/1704 [00:27<01:00, 20.00it/s][INFO|trainer.py:3993] 2025-05-25 10:04:18,008 >> Saving model checkpoint to /project/hrao/Meta-Resample/output/mit_movie_trivia_bert_run1/checkpoint-500
[INFO|configuration_utils.py:424] 2025-05-25 10:04:18,011 >> Configuration saved in /project/hrao/Meta-Resample/output/mit_movie_trivia_bert_run1/checkpoint-500/config.json
[INFO|modeling_utils.py:3724] 2025-05-25 10:04:19,197 >> Model weights saved in /project/hrao/Meta-Resample/output/mit_movie_trivia_bert_run1/checkpoint-500/model.safetensors
[INFO|tokenization_utils_base.py:2525] 2025-05-25 10:04:19,230 >> tokenizer config file saved in /project/hrao/Meta-Resample/output/mit_movie_trivia_bert_run1/checkpoint-500/tokenizer_config.json
[INFO|tokenization_utils_base.py:2534] 2025-05-25 10:04:19,248 >> Special tokens file saved in /project/hrao/Meta-Resample/output/mit_movie_trivia_bert_run1/checkpoint-500/special_tokens_map.json

 29%|██▉       | 501/1704 [00:31<07:53,  2.54it/s]
 30%|██▉       | 503/1704 [00:31<06:21,  3.15it/s]
 30%|██▉       | 505/1704 [00:31<05:03,  3.95it/s]
 30%|██▉       | 507/1704 [00:31<04:02,  4.94it/s]
 30%|██▉       | 509/1704 [00:31<03:12,  6.19it/s]
 30%|███       | 512/1704 [00:31<02:22,  8.34it/s]
 30%|███       | 515/1704 [00:31<01:54, 10.41it/s]
 30%|███       | 518/1704 [00:31<01:35, 12.45it/s]
 31%|███       | 521/1704 [00:32<01:22, 14.33it/s]
 31%|███       | 524/1704 [00:32<01:13, 15.96it/s]
 31%|███       | 527/1704 [00:32<01:08, 17.17it/s]
 31%|███       | 530/1704 [00:32<01:04, 18.06it/s]
 31%|███▏      | 533/1704 [00:32<01:03, 18.58it/s]
 31%|███▏      | 536/1704 [00:32<01:00, 19.32it/s]
 32%|███▏      | 539/1704 [00:32<00:59, 19.50it/s]
 32%|███▏      | 542/1704 [00:33<01:00, 19.17it/s]
 32%|███▏      | 545/1704 [00:33<00:58, 19.84it/s]
 32%|███▏      | 548/1704 [00:33<00:56, 20.28it/s]
 32%|███▏      | 551/1704 [00:33<00:57, 20.20it/s]
 33%|███▎      | 554/1704 [00:33<00:57, 20.05it/s]
 33%|███▎      | 557/1704 [00:33<00:57, 20.07it/s]
 33%|███▎      | 560/1704 [00:33<00:56, 20.17it/s]
 33%|███▎      | 563/1704 [00:34<00:56, 20.18it/s]
 33%|███▎      | 566/1704 [00:34<00:55, 20.53it/s]
 33%|███▎      | 569/1704 [00:34<00:55, 20.39it/s]
 34%|███▎      | 572/1704 [00:34<00:54, 20.64it/s]
 34%|███▎      | 575/1704 [00:34<00:56, 20.10it/s]
 34%|███▍      | 578/1704 [00:34<00:56, 20.09it/s]
 34%|███▍      | 581/1704 [00:34<00:54, 20.46it/s]
 34%|███▍      | 584/1704 [00:35<00:53, 20.76it/s]
 34%|███▍      | 587/1704 [00:35<00:53, 20.69it/s]
 35%|███▍      | 590/1704 [00:35<00:54, 20.49it/s]
 35%|███▍      | 593/1704 [00:35<00:54, 20.48it/s]
 35%|███▍      | 596/1704 [00:35<00:53, 20.69it/s]
 35%|███▌      | 599/1704 [00:35<00:54, 20.36it/s]
 35%|███▌      | 602/1704 [00:36<00:53, 20.43it/s]
 36%|███▌      | 605/1704 [00:36<00:53, 20.70it/s]
 36%|███▌      | 608/1704 [00:36<00:53, 20.55it/s]
 36%|███▌      | 611/1704 [00:36<00:52, 20.66it/s]
 36%|███▌      | 614/1704 [00:36<00:53, 20.55it/s]
 36%|███▌      | 617/1704 [00:36<00:52, 20.72it/s]
 36%|███▋      | 620/1704 [00:36<00:52, 20.83it/s]
 37%|███▋      | 623/1704 [00:37<00:52, 20.63it/s]
 37%|███▋      | 626/1704 [00:37<00:52, 20.49it/s]
 37%|███▋      | 629/1704 [00:37<00:52, 20.33it/s]
 37%|███▋      | 632/1704 [00:37<00:52, 20.30it/s]
 37%|███▋      | 635/1704 [00:37<00:51, 20.62it/s]
 37%|███▋      | 638/1704 [00:37<00:51, 20.75it/s]
                                                  

 38%|███▊      | 639/1704 [00:37<00:51, 20.75it/s][INFO|trainer.py:934] 2025-05-25 10:04:28,254 >> The following columns in the Evaluation set don't have a corresponding argument in `BertForTokenClassification.forward` and have been ignored: ner_tags, tokens. If ner_tags, tokens are not expected by `BertForTokenClassification.forward`,  you can safely ignore this message.
[INFO|trainer.py:4327] 2025-05-25 10:04:28,256 >> 
***** Running Evaluation *****
[INFO|trainer.py:4329] 2025-05-25 10:04:28,256 >>   Num examples = 1000
[INFO|trainer.py:4332] 2025-05-25 10:04:28,256 >>   Batch size = 8
{'eval_loss': 0.3848862051963806, 'eval_overall_precision': 0.6346027577150362, 'eval_overall_recall': 0.7090975788701394, 'eval_overall_f1': 0.6697851697851698, 'eval_overall_accuracy': 0.8823731643828888, 'eval_runtime': 1.43, 'eval_samples_per_second': 699.306, 'eval_steps_per_second': 87.413, 'epoch': 2.0}
{'loss': 0.2761, 'grad_norm': 2.1100993156433105, 'learning_rate': 1.2511737089201879e-05, 'epoch': 3.0}


  0%|          | 0/125 [00:00<?, ?it/s][A

 10%|▉         | 12/125 [00:00<00:00, 113.97it/s][A

 19%|█▉        | 24/125 [00:00<00:00, 107.01it/s][A

 28%|██▊       | 35/125 [00:00<00:00, 106.25it/s][A

 37%|███▋      | 46/125 [00:00<00:00, 105.48it/s][A

 46%|████▌     | 57/125 [00:00<00:00, 104.87it/s][A

 54%|█████▍    | 68/125 [00:00<00:00, 104.15it/s][A

 63%|██████▎   | 79/125 [00:00<00:00, 104.19it/s][A

 72%|███████▏  | 90/125 [00:00<00:00, 103.97it/s][A

 81%|████████  | 101/125 [00:00<00:00, 103.73it/s][A

 90%|████████▉ | 112/125 [00:01<00:00, 104.01it/s][A

 98%|█████████▊| 123/125 [00:01<00:00, 104.43it/s][A/project/hrao/miniconda3/envs/imbalance_env/lib/python3.10/site-packages/seqeval/metrics/v1.py:57: UndefinedMetricWarning: Precision and F-score are ill-defined and being set to 0.0 in labels with no predicted samples. Use `zero_division` parameter to control this behavior.
  _warn_prf(average, modifier, msg_start, len(result))

                                                  

                                                  
[A
 38%|███▊      | 639/1704 [00:39<00:51, 20.75it/s]

100%|██████████| 125/125 [00:01<00:00, 104.43it/s][A

                                                  [A
 38%|███▊      | 641/1704 [00:39<03:26,  5.14it/s]
 38%|███▊      | 643/1704 [00:39<02:52,  6.15it/s]
 38%|███▊      | 646/1704 [00:39<02:12,  7.98it/s]
 38%|███▊      | 648/1704 [00:39<01:53,  9.29it/s]
 38%|███▊      | 651/1704 [00:39<01:31, 11.50it/s]
 38%|███▊      | 654/1704 [00:39<01:18, 13.34it/s]
 38%|███▊      | 656/1704 [00:40<01:12, 14.41it/s]
 39%|███▊      | 658/1704 [00:40<01:09, 15.14it/s]
 39%|███▉      | 661/1704 [00:40<01:01, 16.87it/s]
 39%|███▉      | 664/1704 [00:40<00:57, 18.12it/s]
 39%|███▉      | 667/1704 [00:40<00:54, 19.01it/s]
 39%|███▉      | 670/1704 [00:40<00:54, 18.98it/s]
 39%|███▉      | 673/1704 [00:40<00:53, 19.32it/s]
 40%|███▉      | 676/1704 [00:41<00:51, 19.82it/s]
 40%|███▉      | 679/1704 [00:41<00:50, 20.33it/s]
 40%|████      | 682/1704 [00:41<00:49, 20.58it/s]
 40%|████      | 685/1704 [00:41<00:48, 20.84it/s]
 40%|████      | 688/1704 [00:41<00:49, 20.42it/s]
 41%|████      | 691/1704 [00:41<00:49, 20.42it/s]
 41%|████      | 694/1704 [00:41<00:49, 20.42it/s]
 41%|████      | 697/1704 [00:42<00:49, 20.47it/s]
 41%|████      | 700/1704 [00:42<00:49, 20.28it/s]
 41%|████▏     | 703/1704 [00:42<00:48, 20.62it/s]
 41%|████▏     | 706/1704 [00:42<00:47, 20.84it/s]
 42%|████▏     | 709/1704 [00:42<00:47, 20.95it/s]
 42%|████▏     | 712/1704 [00:42<00:47, 21.03it/s]
 42%|████▏     | 715/1704 [00:42<00:46, 21.12it/s]
 42%|████▏     | 718/1704 [00:43<00:47, 20.83it/s]
 42%|████▏     | 721/1704 [00:43<00:47, 20.89it/s]
 42%|████▏     | 724/1704 [00:43<00:46, 21.02it/s]
 43%|████▎     | 727/1704 [00:43<00:47, 20.69it/s]
 43%|████▎     | 730/1704 [00:43<00:47, 20.39it/s]
 43%|████▎     | 733/1704 [00:43<00:47, 20.60it/s]
 43%|████▎     | 736/1704 [00:43<00:47, 20.48it/s]
 43%|████▎     | 739/1704 [00:44<00:46, 20.84it/s]
 44%|████▎     | 742/1704 [00:44<00:46, 20.64it/s]
 44%|████▎     | 745/1704 [00:44<00:47, 20.20it/s]
 44%|████▍     | 748/1704 [00:44<00:48, 19.77it/s]
 44%|████▍     | 751/1704 [00:44<00:47, 20.00it/s]
 44%|████▍     | 754/1704 [00:44<00:47, 19.96it/s]
 44%|████▍     | 757/1704 [00:45<00:47, 19.95it/s]
 45%|████▍     | 760/1704 [00:45<00:46, 20.14it/s]
 45%|████▍     | 763/1704 [00:45<00:46, 20.04it/s]
 45%|████▍     | 766/1704 [00:45<00:47, 19.91it/s]
 45%|████▌     | 769/1704 [00:45<00:46, 20.28it/s]
 45%|████▌     | 772/1704 [00:45<00:45, 20.36it/s]
 45%|████▌     | 775/1704 [00:45<00:46, 20.08it/s]
 46%|████▌     | 778/1704 [00:46<00:46, 19.86it/s]
 46%|████▌     | 781/1704 [00:46<00:45, 20.24it/s]
 46%|████▌     | 784/1704 [00:46<00:45, 20.30it/s]
 46%|████▌     | 787/1704 [00:46<00:44, 20.58it/s]
 46%|████▋     | 790/1704 [00:46<00:44, 20.65it/s]
 47%|████▋     | 793/1704 [00:46<00:43, 20.81it/s]
 47%|████▋     | 796/1704 [00:46<00:44, 20.46it/s]
 47%|████▋     | 799/1704 [00:47<00:43, 20.75it/s]
 47%|████▋     | 802/1704 [00:47<00:43, 20.65it/s]
 47%|████▋     | 805/1704 [00:47<00:43, 20.78it/s]
 47%|████▋     | 808/1704 [00:47<00:42, 20.89it/s]
 48%|████▊     | 811/1704 [00:47<00:42, 20.87it/s]
 48%|████▊     | 814/1704 [00:47<00:43, 20.61it/s]
 48%|████▊     | 817/1704 [00:47<00:43, 20.60it/s]
 48%|████▊     | 820/1704 [00:48<00:42, 20.77it/s]
 48%|████▊     | 823/1704 [00:48<00:42, 20.56it/s]
 48%|████▊     | 826/1704 [00:48<00:41, 20.94it/s]
 49%|████▊     | 829/1704 [00:48<00:41, 21.03it/s]
 49%|████▉     | 832/1704 [00:48<00:41, 20.93it/s]
 49%|████▉     | 835/1704 [00:48<00:42, 20.51it/s]
 49%|████▉     | 838/1704 [00:48<00:42, 20.21it/s]
 49%|████▉     | 841/1704 [00:49<00:41, 20.57it/s]
 50%|████▉     | 844/1704 [00:49<00:42, 20.16it/s]
 50%|████▉     | 847/1704 [00:49<00:42, 19.95it/s]
 50%|████▉     | 850/1704 [00:49<00:41, 20.41it/s]
                                                  

 50%|█████     | 852/1704 [00:49<00:41, 20.41it/s][INFO|trainer.py:934] 2025-05-25 10:04:40,101 >> The following columns in the Evaluation set don't have a corresponding argument in `BertForTokenClassification.forward` and have been ignored: ner_tags, tokens. If ner_tags, tokens are not expected by `BertForTokenClassification.forward`,  you can safely ignore this message.
[INFO|trainer.py:4327] 2025-05-25 10:04:40,103 >> 
***** Running Evaluation *****
[INFO|trainer.py:4329] 2025-05-25 10:04:40,103 >>   Num examples = 1000
[INFO|trainer.py:4332] 2025-05-25 10:04:40,103 >>   Batch size = 8
{'eval_loss': 0.3625238537788391, 'eval_overall_precision': 0.6479574892062437, 'eval_overall_recall': 0.7157006603081438, 'eval_overall_f1': 0.6801464179884957, 'eval_overall_accuracy': 0.8872845145130396, 'eval_runtime': 1.4263, 'eval_samples_per_second': 701.11, 'eval_steps_per_second': 87.639, 'epoch': 3.0}
{'loss': 0.2439, 'grad_norm': 1.916203498840332, 'learning_rate': 1.0011737089201879e-05, 'epoch': 4.0}


  0%|          | 0/125 [00:00<?, ?it/s][A

 10%|▉         | 12/125 [00:00<00:00, 114.21it/s][A

 19%|█▉        | 24/125 [00:00<00:00, 107.29it/s][A

 28%|██▊       | 35/125 [00:00<00:00, 106.48it/s][A

 37%|███▋      | 46/125 [00:00<00:00, 105.71it/s][A

 46%|████▌     | 57/125 [00:00<00:00, 105.15it/s][A

 54%|█████▍    | 68/125 [00:00<00:00, 104.40it/s][A

 63%|██████▎   | 79/125 [00:00<00:00, 104.48it/s][A

 72%|███████▏  | 90/125 [00:00<00:00, 103.71it/s][A

 81%|████████  | 101/125 [00:00<00:00, 103.58it/s][A

 90%|████████▉ | 112/125 [00:01<00:00, 103.95it/s][A

 98%|█████████▊| 123/125 [00:01<00:00, 104.43it/s][A
                                                  

                                                  
[A
 50%|█████     | 852/1704 [00:51<00:41, 20.41it/s]

100%|██████████| 125/125 [00:01<00:00, 104.43it/s][A

                                                  [A
 50%|█████     | 853/1704 [00:51<02:45,  5.15it/s]
 50%|█████     | 856/1704 [00:51<02:08,  6.59it/s]
 50%|█████     | 858/1704 [00:51<01:50,  7.69it/s]
 51%|█████     | 861/1704 [00:51<01:27,  9.68it/s]
 51%|█████     | 864/1704 [00:51<01:12, 11.61it/s]
 51%|█████     | 867/1704 [00:51<01:01, 13.51it/s]
 51%|█████     | 870/1704 [00:52<00:55, 15.01it/s]
 51%|█████     | 872/1704 [00:52<00:52, 15.72it/s]
 51%|█████▏    | 875/1704 [00:52<00:48, 17.01it/s]
 51%|█████▏    | 877/1704 [00:52<00:47, 17.59it/s]
 52%|█████▏    | 880/1704 [00:52<00:44, 18.48it/s]
 52%|█████▏    | 882/1704 [00:52<00:43, 18.82it/s]
 52%|█████▏    | 885/1704 [00:52<00:41, 19.55it/s]
 52%|█████▏    | 888/1704 [00:52<00:40, 19.91it/s]
 52%|█████▏    | 891/1704 [00:53<00:40, 20.07it/s]
 52%|█████▏    | 894/1704 [00:53<00:39, 20.40it/s]
 53%|█████▎    | 897/1704 [00:53<00:39, 20.35it/s]
 53%|█████▎    | 900/1704 [00:53<00:38, 20.63it/s]
 53%|█████▎    | 903/1704 [00:53<00:41, 19.48it/s]
 53%|█████▎    | 906/1704 [00:53<00:39, 19.99it/s]
 53%|█████▎    | 909/1704 [00:53<00:39, 20.02it/s]
 54%|█████▎    | 912/1704 [00:54<00:39, 19.82it/s]
 54%|█████▎    | 914/1704 [00:54<00:39, 19.83it/s]
 54%|█████▍    | 917/1704 [00:54<00:38, 20.21it/s]
 54%|█████▍    | 920/1704 [00:54<00:38, 20.22it/s]
 54%|█████▍    | 923/1704 [00:54<00:38, 20.52it/s]
 54%|█████▍    | 926/1704 [00:54<00:37, 20.73it/s]
 55%|█████▍    | 929/1704 [00:54<00:37, 20.44it/s]
 55%|█████▍    | 932/1704 [00:55<00:37, 20.69it/s]
 55%|█████▍    | 935/1704 [00:55<00:38, 20.23it/s]
 55%|█████▌    | 938/1704 [00:55<00:37, 20.26it/s]
 55%|█████▌    | 941/1704 [00:55<00:36, 20.68it/s]
 55%|█████▌    | 944/1704 [00:55<00:37, 20.51it/s]
 56%|█████▌    | 947/1704 [00:55<00:36, 20.82it/s]
 56%|█████▌    | 950/1704 [00:55<00:37, 20.31it/s]
 56%|█████▌    | 953/1704 [00:56<00:37, 20.15it/s]
 56%|█████▌    | 956/1704 [00:56<00:36, 20.43it/s]
 56%|█████▋    | 959/1704 [00:56<00:36, 20.67it/s]
 56%|█████▋    | 962/1704 [00:56<00:36, 20.25it/s]
 57%|█████▋    | 965/1704 [00:56<00:36, 20.24it/s]
 57%|█████▋    | 968/1704 [00:56<00:36, 20.35it/s]
 57%|█████▋    | 971/1704 [00:56<00:36, 20.09it/s]
 57%|█████▋    | 974/1704 [00:57<00:35, 20.35it/s]
 57%|█████▋    | 977/1704 [00:57<00:35, 20.44it/s]
 58%|█████▊    | 980/1704 [00:57<00:34, 20.75it/s]
 58%|█████▊    | 983/1704 [00:57<00:34, 20.65it/s]
 58%|█████▊    | 986/1704 [00:57<00:34, 20.83it/s]
 58%|█████▊    | 989/1704 [00:57<00:34, 20.65it/s]
 58%|█████▊    | 992/1704 [00:57<00:33, 20.97it/s]
 58%|█████▊    | 995/1704 [00:58<00:34, 20.77it/s]
 59%|█████▊    | 998/1704 [00:58<00:33, 20.83it/s][INFO|trainer.py:3993] 2025-05-25 10:04:48,811 >> Saving model checkpoint to /project/hrao/Meta-Resample/output/mit_movie_trivia_bert_run1/checkpoint-1000
[INFO|configuration_utils.py:424] 2025-05-25 10:04:48,814 >> Configuration saved in /project/hrao/Meta-Resample/output/mit_movie_trivia_bert_run1/checkpoint-1000/config.json
[INFO|modeling_utils.py:3724] 2025-05-25 10:04:49,730 >> Model weights saved in /project/hrao/Meta-Resample/output/mit_movie_trivia_bert_run1/checkpoint-1000/model.safetensors
[INFO|tokenization_utils_base.py:2525] 2025-05-25 10:04:49,756 >> tokenizer config file saved in /project/hrao/Meta-Resample/output/mit_movie_trivia_bert_run1/checkpoint-1000/tokenizer_config.json
[INFO|tokenization_utils_base.py:2534] 2025-05-25 10:04:49,771 >> Special tokens file saved in /project/hrao/Meta-Resample/output/mit_movie_trivia_bert_run1/checkpoint-1000/special_tokens_map.json

 59%|█████▊    | 1001/1704 [01:01<04:16,  2.74it/s]
 59%|█████▉    | 1004/1704 [01:01<03:08,  3.71it/s]
 59%|█████▉    | 1007/1704 [01:01<02:21,  4.92it/s]
 59%|█████▉    | 1010/1704 [01:02<01:48,  6.37it/s]
 59%|█████▉    | 1012/1704 [01:02<01:32,  7.50it/s]
 60%|█████▉    | 1014/1704 [01:02<01:18,  8.79it/s]
 60%|█████▉    | 1016/1704 [01:02<01:07, 10.18it/s]
 60%|█████▉    | 1018/1704 [01:02<00:58, 11.72it/s]
 60%|█████▉    | 1021/1704 [01:02<00:49, 13.93it/s]
 60%|██████    | 1024/1704 [01:02<00:43, 15.79it/s]
 60%|██████    | 1027/1704 [01:02<00:39, 16.98it/s]
 60%|██████    | 1030/1704 [01:03<00:37, 17.78it/s]
 61%|██████    | 1033/1704 [01:03<00:36, 18.58it/s]
 61%|██████    | 1036/1704 [01:03<00:34, 19.25it/s]
 61%|██████    | 1039/1704 [01:03<00:33, 19.81it/s]
 61%|██████    | 1042/1704 [01:03<00:32, 20.12it/s]
 61%|██████▏   | 1045/1704 [01:03<00:32, 20.40it/s]
 62%|██████▏   | 1048/1704 [01:03<00:32, 20.39it/s]
 62%|██████▏   | 1051/1704 [01:04<00:32, 20.08it/s]
 62%|██████▏   | 1054/1704 [01:04<00:32, 20.00it/s]
 62%|██████▏   | 1057/1704 [01:04<00:32, 20.05it/s]
 62%|██████▏   | 1060/1704 [01:04<00:31, 20.54it/s]
 62%|██████▏   | 1063/1704 [01:04<00:31, 20.40it/s]
                                                   

 62%|██████▎   | 1065/1704 [01:04<00:31, 20.40it/s][INFO|trainer.py:934] 2025-05-25 10:04:55,170 >> The following columns in the Evaluation set don't have a corresponding argument in `BertForTokenClassification.forward` and have been ignored: ner_tags, tokens. If ner_tags, tokens are not expected by `BertForTokenClassification.forward`,  you can safely ignore this message.
[INFO|trainer.py:4327] 2025-05-25 10:04:55,171 >> 
***** Running Evaluation *****
[INFO|trainer.py:4329] 2025-05-25 10:04:55,171 >>   Num examples = 1000
[INFO|trainer.py:4332] 2025-05-25 10:04:55,171 >>   Batch size = 8
{'eval_loss': 0.36563965678215027, 'eval_overall_precision': 0.6383957922419461, 'eval_overall_recall': 0.7123991195891416, 'eval_overall_f1': 0.673370319001387, 'eval_overall_accuracy': 0.8859093364765974, 'eval_runtime': 1.426, 'eval_samples_per_second': 701.284, 'eval_steps_per_second': 87.66, 'epoch': 4.0}
{'loss': 0.2102, 'grad_norm': 1.6697824001312256, 'learning_rate': 7.511737089201878e-06, 'epoch': 5.0}


  0%|          | 0/125 [00:00<?, ?it/s][A

 10%|▉         | 12/125 [00:00<00:00, 114.05it/s][A

 19%|█▉        | 24/125 [00:00<00:00, 107.12it/s][A

 28%|██▊       | 35/125 [00:00<00:00, 106.36it/s][A

 37%|███▋      | 46/125 [00:00<00:00, 105.51it/s][A

 46%|████▌     | 57/125 [00:00<00:00, 104.88it/s][A

 54%|█████▍    | 68/125 [00:00<00:00, 104.14it/s][A

 63%|██████▎   | 79/125 [00:00<00:00, 104.28it/s][A

 72%|███████▏  | 90/125 [00:00<00:00, 104.07it/s][A

 81%|████████  | 101/125 [00:00<00:00, 103.84it/s][A

 90%|████████▉ | 112/125 [00:01<00:00, 104.08it/s][A

 98%|█████████▊| 123/125 [00:01<00:00, 104.40it/s][A
                                                   

                                                  
[A
 62%|██████▎   | 1065/1704 [01:06<00:31, 20.40it/s]

100%|██████████| 125/125 [00:01<00:00, 104.40it/s][A

                                                  [A
 63%|██████▎   | 1066/1704 [01:06<02:04,  5.11it/s]
 63%|██████▎   | 1069/1704 [01:06<01:36,  6.59it/s]
 63%|██████▎   | 1072/1704 [01:06<01:16,  8.28it/s]
 63%|██████▎   | 1075/1704 [01:06<01:02, 10.07it/s]
 63%|██████▎   | 1078/1704 [01:06<00:52, 11.87it/s]
 63%|██████▎   | 1080/1704 [01:06<00:48, 12.97it/s]
 64%|██████▎   | 1083/1704 [01:07<00:41, 14.84it/s]
 64%|██████▎   | 1086/1704 [01:07<00:37, 16.40it/s]
 64%|██████▍   | 1089/1704 [01:07<00:34, 17.69it/s]
 64%|██████▍   | 1092/1704 [01:07<00:33, 18.17it/s]
 64%|██████▍   | 1095/1704 [01:07<00:32, 18.99it/s]
 64%|██████▍   | 1098/1704 [01:07<00:31, 19.00it/s]
 65%|██████▍   | 1101/1704 [01:07<00:31, 18.87it/s]
 65%|██████▍   | 1103/1704 [01:08<00:31, 19.08it/s]
 65%|██████▍   | 1106/1704 [01:08<00:30, 19.81it/s]
 65%|██████▌   | 1109/1704 [01:08<00:29, 19.98it/s]
 65%|██████▌   | 1112/1704 [01:08<00:29, 19.91it/s]
 65%|██████▌   | 1115/1704 [01:08<00:28, 20.44it/s]
 66%|██████▌   | 1118/1704 [01:08<00:28, 20.43it/s]
 66%|██████▌   | 1121/1704 [01:08<00:28, 20.39it/s]
 66%|██████▌   | 1124/1704 [01:09<00:28, 20.05it/s]
 66%|██████▌   | 1127/1704 [01:09<00:29, 19.74it/s]
 66%|██████▋   | 1130/1704 [01:09<00:29, 19.70it/s]
 66%|██████▋   | 1133/1704 [01:09<00:28, 19.93it/s]
 67%|██████▋   | 1135/1704 [01:09<00:28, 19.85it/s]
 67%|██████▋   | 1138/1704 [01:09<00:27, 20.30it/s]
 67%|██████▋   | 1141/1704 [01:09<00:27, 20.19it/s]
 67%|██████▋   | 1144/1704 [01:10<00:27, 20.71it/s]
 67%|██████▋   | 1147/1704 [01:10<00:26, 20.90it/s]
 67%|██████▋   | 1150/1704 [01:10<00:26, 20.76it/s]
 68%|██████▊   | 1153/1704 [01:10<00:26, 20.91it/s]
 68%|██████▊   | 1156/1704 [01:10<00:26, 20.98it/s]
 68%|██████▊   | 1159/1704 [01:10<00:26, 20.74it/s]
 68%|██████▊   | 1162/1704 [01:10<00:25, 20.88it/s]
 68%|██████▊   | 1165/1704 [01:11<00:26, 20.67it/s]
 69%|██████▊   | 1168/1704 [01:11<00:25, 20.86it/s]
 69%|██████▊   | 1171/1704 [01:11<00:25, 20.68it/s]
 69%|██████▉   | 1174/1704 [01:11<00:25, 20.57it/s]
 69%|██████▉   | 1177/1704 [01:11<00:25, 20.62it/s]
 69%|██████▉   | 1180/1704 [01:11<00:25, 20.75it/s]
 69%|██████▉   | 1183/1704 [01:11<00:24, 20.86it/s]
 70%|██████▉   | 1186/1704 [01:12<00:25, 20.71it/s]
 70%|██████▉   | 1189/1704 [01:12<00:25, 20.23it/s]
 70%|██████▉   | 1192/1704 [01:12<00:24, 20.56it/s]
 70%|███████   | 1195/1704 [01:12<00:24, 20.77it/s]
 70%|███████   | 1198/1704 [01:12<00:24, 20.63it/s]
 70%|███████   | 1201/1704 [01:12<00:24, 20.60it/s]
 71%|███████   | 1204/1704 [01:12<00:23, 20.85it/s]
 71%|███████   | 1207/1704 [01:13<00:24, 20.25it/s]
 71%|███████   | 1210/1704 [01:13<00:25, 19.67it/s]
 71%|███████   | 1213/1704 [01:13<00:24, 19.96it/s]
 71%|███████▏  | 1216/1704 [01:13<00:23, 20.49it/s]
 72%|███████▏  | 1219/1704 [01:13<00:23, 20.67it/s]
 72%|███████▏  | 1222/1704 [01:13<00:23, 20.78it/s]
 72%|███████▏  | 1225/1704 [01:14<00:22, 20.84it/s]
 72%|███████▏  | 1228/1704 [01:14<00:23, 19.95it/s]
 72%|███████▏  | 1231/1704 [01:14<00:23, 20.50it/s]
 72%|███████▏  | 1234/1704 [01:14<00:23, 20.20it/s]
 73%|███████▎  | 1237/1704 [01:14<00:23, 19.88it/s]
 73%|███████▎  | 1240/1704 [01:14<00:23, 19.92it/s]
 73%|███████▎  | 1243/1704 [01:14<00:22, 20.29it/s]
 73%|███████▎  | 1246/1704 [01:15<00:22, 20.25it/s]
 73%|███████▎  | 1249/1704 [01:15<00:22, 20.48it/s]
 73%|███████▎  | 1252/1704 [01:15<00:22, 20.45it/s]
 74%|███████▎  | 1255/1704 [01:15<00:21, 20.46it/s]
 74%|███████▍  | 1258/1704 [01:15<00:21, 20.82it/s]
 74%|███████▍  | 1261/1704 [01:15<00:21, 20.16it/s]
 74%|███████▍  | 1264/1704 [01:15<00:21, 20.20it/s]
 74%|███████▍  | 1267/1704 [01:16<00:21, 20.28it/s]
 75%|███████▍  | 1270/1704 [01:16<00:21, 20.51it/s]
 75%|███████▍  | 1273/1704 [01:16<00:20, 20.77it/s]
 75%|███████▍  | 1276/1704 [01:16<00:21, 20.35it/s]
                                                   

 75%|███████▌  | 1278/1704 [01:16<00:20, 20.35it/s][INFO|trainer.py:934] 2025-05-25 10:05:07,050 >> The following columns in the Evaluation set don't have a corresponding argument in `BertForTokenClassification.forward` and have been ignored: ner_tags, tokens. If ner_tags, tokens are not expected by `BertForTokenClassification.forward`,  you can safely ignore this message.
[INFO|trainer.py:4327] 2025-05-25 10:05:07,052 >> 
***** Running Evaluation *****
[INFO|trainer.py:4329] 2025-05-25 10:05:07,052 >>   Num examples = 1000
[INFO|trainer.py:4332] 2025-05-25 10:05:07,052 >>   Batch size = 8
{'eval_loss': 0.37085381150245667, 'eval_overall_precision': 0.6468852459016393, 'eval_overall_recall': 0.7237710931768159, 'eval_overall_f1': 0.6831717451523546, 'eval_overall_accuracy': 0.8875300820195472, 'eval_runtime': 1.4259, 'eval_samples_per_second': 701.298, 'eval_steps_per_second': 87.662, 'epoch': 5.0}
{'loss': 0.1929, 'grad_norm': 2.8078041076660156, 'learning_rate': 5.011737089201878e-06, 'epoch': 6.0}


  0%|          | 0/125 [00:00<?, ?it/s][A

 10%|▉         | 12/125 [00:00<00:00, 114.17it/s][A

 19%|█▉        | 24/125 [00:00<00:00, 107.37it/s][A

 28%|██▊       | 35/125 [00:00<00:00, 106.50it/s][A

 37%|███▋      | 46/125 [00:00<00:00, 105.69it/s][A

 46%|████▌     | 57/125 [00:00<00:00, 105.06it/s][A

 54%|█████▍    | 68/125 [00:00<00:00, 104.34it/s][A

 63%|██████▎   | 79/125 [00:00<00:00, 104.48it/s][A

 72%|███████▏  | 90/125 [00:00<00:00, 104.22it/s][A

 81%|████████  | 101/125 [00:00<00:00, 104.01it/s][A

 90%|████████▉ | 112/125 [00:01<00:00, 104.23it/s][A

 98%|█████████▊| 123/125 [00:01<00:00, 104.57it/s][A
                                                   

                                                  
[A
 75%|███████▌  | 1278/1704 [01:18<00:20, 20.35it/s]

100%|██████████| 125/125 [00:01<00:00, 104.57it/s][A

                                                  [A
 75%|███████▌  | 1279/1704 [01:18<01:21,  5.20it/s]
 75%|███████▌  | 1282/1704 [01:18<01:02,  6.74it/s]
 75%|███████▌  | 1285/1704 [01:18<00:49,  8.48it/s]
 76%|███████▌  | 1287/1704 [01:18<00:42,  9.71it/s]
 76%|███████▌  | 1290/1704 [01:18<00:35, 11.76it/s]
 76%|███████▌  | 1293/1704 [01:18<00:30, 13.48it/s]
 76%|███████▌  | 1296/1704 [01:18<00:26, 15.20it/s]
 76%|███████▌  | 1299/1704 [01:19<00:24, 16.67it/s]
 76%|███████▋  | 1302/1704 [01:19<00:22, 17.52it/s]
 77%|███████▋  | 1305/1704 [01:19<00:21, 18.51it/s]
 77%|███████▋  | 1308/1704 [01:19<00:20, 19.25it/s]
 77%|███████▋  | 1311/1704 [01:19<00:20, 19.34it/s]
 77%|███████▋  | 1314/1704 [01:19<00:19, 19.72it/s]
 77%|███████▋  | 1317/1704 [01:19<00:19, 20.16it/s]
 77%|███████▋  | 1320/1704 [01:20<00:19, 20.21it/s]
 78%|███████▊  | 1323/1704 [01:20<00:18, 20.24it/s]
 78%|███████▊  | 1326/1704 [01:20<00:18, 20.32it/s]
 78%|███████▊  | 1329/1704 [01:20<00:18, 19.97it/s]
 78%|███████▊  | 1332/1704 [01:20<00:18, 20.28it/s]
 78%|███████▊  | 1335/1704 [01:20<00:18, 20.31it/s]
 79%|███████▊  | 1338/1704 [01:20<00:18, 20.16it/s]
 79%|███████▊  | 1341/1704 [01:21<00:17, 20.33it/s]
 79%|███████▉  | 1344/1704 [01:21<00:17, 20.14it/s]
 79%|███████▉  | 1347/1704 [01:21<00:17, 20.29it/s]
 79%|███████▉  | 1350/1704 [01:21<00:17, 20.07it/s]
 79%|███████▉  | 1353/1704 [01:21<00:17, 19.89it/s]
 80%|███████▉  | 1356/1704 [01:21<00:17, 19.99it/s]
 80%|███████▉  | 1359/1704 [01:22<00:17, 20.07it/s]
 80%|███████▉  | 1362/1704 [01:22<00:17, 19.90it/s]
 80%|████████  | 1365/1704 [01:22<00:16, 20.03it/s]
 80%|████████  | 1368/1704 [01:22<00:16, 20.38it/s]
 80%|████████  | 1371/1704 [01:22<00:16, 20.45it/s]
 81%|████████  | 1374/1704 [01:22<00:16, 20.44it/s]
 81%|████████  | 1377/1704 [01:22<00:16, 20.33it/s]
 81%|████████  | 1380/1704 [01:23<00:15, 20.54it/s]
 81%|████████  | 1383/1704 [01:23<00:15, 20.45it/s]
 81%|████████▏ | 1386/1704 [01:23<00:15, 20.68it/s]
 82%|████████▏ | 1389/1704 [01:23<00:15, 20.19it/s]
 82%|████████▏ | 1392/1704 [01:23<00:15, 20.53it/s]
 82%|████████▏ | 1395/1704 [01:23<00:14, 20.69it/s]
 82%|████████▏ | 1398/1704 [01:23<00:14, 20.93it/s]
 82%|████████▏ | 1401/1704 [01:24<00:14, 21.03it/s]
 82%|████████▏ | 1404/1704 [01:24<00:14, 20.91it/s]
 83%|████████▎ | 1407/1704 [01:24<00:14, 21.01it/s]
 83%|████████▎ | 1410/1704 [01:24<00:13, 21.17it/s]
 83%|████████▎ | 1413/1704 [01:24<00:13, 21.28it/s]
 83%|████████▎ | 1416/1704 [01:24<00:13, 20.96it/s]
 83%|████████▎ | 1419/1704 [01:24<00:13, 21.03it/s]
 83%|████████▎ | 1422/1704 [01:25<00:13, 20.89it/s]
 84%|████████▎ | 1425/1704 [01:25<00:13, 21.14it/s]
 84%|████████▍ | 1428/1704 [01:25<00:13, 21.17it/s]
 84%|████████▍ | 1431/1704 [01:25<00:13, 20.66it/s]
 84%|████████▍ | 1434/1704 [01:25<00:13, 20.74it/s]
 84%|████████▍ | 1437/1704 [01:25<00:13, 20.37it/s]
 85%|████████▍ | 1440/1704 [01:25<00:13, 19.99it/s]
 85%|████████▍ | 1443/1704 [01:26<00:13, 19.88it/s]
 85%|████████▍ | 1446/1704 [01:26<00:12, 20.04it/s]
 85%|████████▌ | 1449/1704 [01:26<00:12, 20.39it/s]
 85%|████████▌ | 1452/1704 [01:26<00:12, 20.31it/s]
 85%|████████▌ | 1455/1704 [01:26<00:12, 20.32it/s]
 86%|████████▌ | 1458/1704 [01:26<00:12, 20.30it/s]
 86%|████████▌ | 1461/1704 [01:26<00:11, 20.64it/s]
 86%|████████▌ | 1464/1704 [01:27<00:11, 20.29it/s]
 86%|████████▌ | 1467/1704 [01:27<00:11, 20.27it/s]
 86%|████████▋ | 1470/1704 [01:27<00:11, 20.31it/s]
 86%|████████▋ | 1473/1704 [01:27<00:11, 20.38it/s]
 87%|████████▋ | 1476/1704 [01:27<00:11, 20.38it/s]
 87%|████████▋ | 1479/1704 [01:27<00:11, 20.17it/s]
 87%|████████▋ | 1482/1704 [01:28<00:10, 20.52it/s]
 87%|████████▋ | 1485/1704 [01:28<00:10, 20.01it/s]
 87%|████████▋ | 1488/1704 [01:28<00:10, 20.37it/s]
 88%|████████▊ | 1491/1704 [01:28<00:10, 20.06it/s]
                                                   

 88%|████████▊ | 1491/1704 [01:28<00:10, 20.06it/s][INFO|trainer.py:934] 2025-05-25 10:05:18,888 >> The following columns in the Evaluation set don't have a corresponding argument in `BertForTokenClassification.forward` and have been ignored: ner_tags, tokens. If ner_tags, tokens are not expected by `BertForTokenClassification.forward`,  you can safely ignore this message.
[INFO|trainer.py:4327] 2025-05-25 10:05:18,889 >> 
***** Running Evaluation *****
[INFO|trainer.py:4329] 2025-05-25 10:05:18,889 >>   Num examples = 1000
[INFO|trainer.py:4332] 2025-05-25 10:05:18,889 >>   Batch size = 8
{'eval_loss': 0.40568041801452637, 'eval_overall_precision': 0.6625251846877098, 'eval_overall_recall': 0.7237710931768159, 'eval_overall_f1': 0.6917952314165497, 'eval_overall_accuracy': 0.8847306124453612, 'eval_runtime': 1.4245, 'eval_samples_per_second': 701.987, 'eval_steps_per_second': 87.748, 'epoch': 6.0}
{'loss': 0.179, 'grad_norm': 2.5306007862091064, 'learning_rate': 2.5117370892018782e-06, 'epoch': 7.0}


  0%|          | 0/125 [00:00<?, ?it/s][A

 10%|▉         | 12/125 [00:00<00:00, 114.33it/s][A

 19%|█▉        | 24/125 [00:00<00:00, 107.32it/s][A

 28%|██▊       | 35/125 [00:00<00:00, 106.52it/s][A

 37%|███▋      | 46/125 [00:00<00:00, 105.73it/s][A

 46%|████▌     | 57/125 [00:00<00:00, 105.19it/s][A

 54%|█████▍    | 68/125 [00:00<00:00, 104.38it/s][A

 63%|██████▎   | 79/125 [00:00<00:00, 104.45it/s][A

 72%|███████▏  | 90/125 [00:00<00:00, 104.21it/s][A

 81%|████████  | 101/125 [00:00<00:00, 103.96it/s][A

 90%|████████▉ | 112/125 [00:01<00:00, 104.25it/s][A

 98%|█████████▊| 123/125 [00:01<00:00, 104.61it/s][A
                                                   

                                                  
[A
 88%|████████▊ | 1491/1704 [01:29<00:10, 20.06it/s]

100%|██████████| 125/125 [00:01<00:00, 104.61it/s][A

                                                  [A
 88%|████████▊ | 1494/1704 [01:30<00:40,  5.17it/s]
 88%|████████▊ | 1497/1704 [01:30<00:31,  6.67it/s]
 88%|████████▊ | 1499/1704 [01:30<00:26,  7.83it/s][INFO|trainer.py:3993] 2025-05-25 10:05:20,763 >> Saving model checkpoint to /project/hrao/Meta-Resample/output/mit_movie_trivia_bert_run1/checkpoint-1500
[INFO|configuration_utils.py:424] 2025-05-25 10:05:20,766 >> Configuration saved in /project/hrao/Meta-Resample/output/mit_movie_trivia_bert_run1/checkpoint-1500/config.json
[INFO|modeling_utils.py:3724] 2025-05-25 10:05:21,780 >> Model weights saved in /project/hrao/Meta-Resample/output/mit_movie_trivia_bert_run1/checkpoint-1500/model.safetensors
[INFO|tokenization_utils_base.py:2525] 2025-05-25 10:05:21,810 >> tokenizer config file saved in /project/hrao/Meta-Resample/output/mit_movie_trivia_bert_run1/checkpoint-1500/tokenizer_config.json
[INFO|tokenization_utils_base.py:2534] 2025-05-25 10:05:21,827 >> Special tokens file saved in /project/hrao/Meta-Resample/output/mit_movie_trivia_bert_run1/checkpoint-1500/special_tokens_map.json

 88%|████████▊ | 1501/1704 [01:33<01:42,  1.97it/s]
 88%|████████▊ | 1504/1704 [01:33<01:10,  2.85it/s]
 88%|████████▊ | 1507/1704 [01:33<00:49,  3.98it/s]
 89%|████████▊ | 1510/1704 [01:34<00:36,  5.36it/s]
 89%|████████▉ | 1513/1704 [01:34<00:27,  6.98it/s]
 89%|████████▉ | 1516/1704 [01:34<00:21,  8.77it/s]
 89%|████████▉ | 1519/1704 [01:34<00:17, 10.71it/s]
 89%|████████▉ | 1522/1704 [01:34<00:14, 12.54it/s]
 89%|████████▉ | 1525/1704 [01:34<00:12, 14.20it/s]
 90%|████████▉ | 1528/1704 [01:34<00:11, 15.64it/s]
 90%|████████▉ | 1531/1704 [01:35<00:10, 16.84it/s]
 90%|█████████ | 1534/1704 [01:35<00:09, 17.57it/s]
 90%|█████████ | 1537/1704 [01:35<00:09, 18.37it/s]
 90%|█████████ | 1540/1704 [01:35<00:08, 19.22it/s]
 91%|█████████ | 1543/1704 [01:35<00:08, 19.59it/s]
 91%|█████████ | 1546/1704 [01:35<00:08, 19.52it/s]
 91%|█████████ | 1549/1704 [01:36<00:08, 19.07it/s]
 91%|█████████ | 1552/1704 [01:36<00:07, 19.48it/s]
 91%|█████████▏| 1555/1704 [01:36<00:07, 20.01it/s]
 91%|█████████▏| 1558/1704 [01:36<00:07, 20.13it/s]
 92%|█████████▏| 1561/1704 [01:36<00:07, 20.28it/s]
 92%|█████████▏| 1564/1704 [01:36<00:06, 20.22it/s]
 92%|█████████▏| 1567/1704 [01:36<00:06, 20.27it/s]
 92%|█████████▏| 1570/1704 [01:37<00:06, 20.56it/s]
 92%|█████████▏| 1573/1704 [01:37<00:06, 19.81it/s]
 92%|█████████▏| 1576/1704 [01:37<00:06, 19.45it/s]
 93%|█████████▎| 1578/1704 [01:37<00:06, 19.31it/s]
 93%|█████████▎| 1580/1704 [01:37<00:06, 19.18it/s]
 93%|█████████▎| 1583/1704 [01:37<00:06, 19.28it/s]
 93%|█████████▎| 1586/1704 [01:37<00:06, 19.61it/s]
 93%|█████████▎| 1589/1704 [01:38<00:05, 19.78it/s]
 93%|█████████▎| 1592/1704 [01:38<00:05, 20.23it/s]
 94%|█████████▎| 1595/1704 [01:38<00:05, 20.34it/s]
 94%|█████████▍| 1598/1704 [01:38<00:05, 20.63it/s]
 94%|█████████▍| 1601/1704 [01:38<00:04, 20.61it/s]
 94%|█████████▍| 1604/1704 [01:38<00:04, 20.66it/s]
 94%|█████████▍| 1607/1704 [01:38<00:04, 20.29it/s]
 94%|█████████▍| 1610/1704 [01:39<00:04, 20.43it/s]
 95%|█████████▍| 1613/1704 [01:39<00:04, 20.03it/s]
 95%|█████████▍| 1616/1704 [01:39<00:04, 20.15it/s]
 95%|█████████▌| 1619/1704 [01:39<00:04, 20.44it/s]
 95%|█████████▌| 1622/1704 [01:39<00:04, 20.36it/s]
 95%|█████████▌| 1625/1704 [01:39<00:03, 20.37it/s]
 96%|█████████▌| 1628/1704 [01:39<00:03, 20.41it/s]
 96%|█████████▌| 1631/1704 [01:40<00:03, 20.66it/s]
 96%|█████████▌| 1634/1704 [01:40<00:03, 20.93it/s]
 96%|█████████▌| 1637/1704 [01:40<00:03, 20.63it/s]
 96%|█████████▌| 1640/1704 [01:40<00:03, 20.82it/s]
 96%|█████████▋| 1643/1704 [01:40<00:02, 20.35it/s]
 97%|█████████▋| 1646/1704 [01:40<00:02, 20.32it/s]
 97%|█████████▋| 1649/1704 [01:40<00:02, 20.56it/s]
 97%|█████████▋| 1652/1704 [01:41<00:02, 20.40it/s]
 97%|█████████▋| 1655/1704 [01:41<00:02, 20.31it/s]
 97%|█████████▋| 1658/1704 [01:41<00:02, 20.37it/s]
 97%|█████████▋| 1661/1704 [01:41<00:02, 20.19it/s]
 98%|█████████▊| 1664/1704 [01:41<00:01, 20.28it/s]
 98%|█████████▊| 1667/1704 [01:41<00:01, 20.16it/s]
 98%|█████████▊| 1670/1704 [01:41<00:01, 20.64it/s]
 98%|█████████▊| 1673/1704 [01:42<00:01, 20.61it/s]
 98%|█████████▊| 1676/1704 [01:42<00:01, 20.07it/s]
 99%|█████████▊| 1679/1704 [01:42<00:01, 20.33it/s]
 99%|█████████▊| 1682/1704 [01:42<00:01, 20.24it/s]
 99%|█████████▉| 1685/1704 [01:42<00:00, 20.40it/s]
 99%|█████████▉| 1688/1704 [01:42<00:00, 20.48it/s]
 99%|█████████▉| 1691/1704 [01:43<00:00, 20.56it/s]
 99%|█████████▉| 1694/1704 [01:43<00:00, 20.48it/s]
100%|█████████▉| 1697/1704 [01:43<00:00, 20.30it/s]
100%|█████████▉| 1700/1704 [01:43<00:00, 20.57it/s]
100%|█████████▉| 1703/1704 [01:43<00:00, 20.55it/s][INFO|trainer.py:3993] 2025-05-25 10:05:34,090 >> Saving model checkpoint to /project/hrao/Meta-Resample/output/mit_movie_trivia_bert_run1/checkpoint-1704
[INFO|configuration_utils.py:424] 2025-05-25 10:05:34,101 >> Configuration saved in /project/hrao/Meta-Resample/output/mit_movie_trivia_bert_run1/checkpoint-1704/config.json
[INFO|modeling_utils.py:3724] 2025-05-25 10:05:35,229 >> Model weights saved in /project/hrao/Meta-Resample/output/mit_movie_trivia_bert_run1/checkpoint-1704/model.safetensors
[INFO|tokenization_utils_base.py:2525] 2025-05-25 10:05:35,261 >> tokenizer config file saved in /project/hrao/Meta-Resample/output/mit_movie_trivia_bert_run1/checkpoint-1704/tokenizer_config.json
[INFO|tokenization_utils_base.py:2534] 2025-05-25 10:05:35,279 >> Special tokens file saved in /project/hrao/Meta-Resample/output/mit_movie_trivia_bert_run1/checkpoint-1704/special_tokens_map.json

                                                   

100%|██████████| 1704/1704 [01:47<00:00, 20.55it/s][INFO|trainer.py:934] 2025-05-25 10:05:37,595 >> The following columns in the Evaluation set don't have a corresponding argument in `BertForTokenClassification.forward` and have been ignored: ner_tags, tokens. If ner_tags, tokens are not expected by `BertForTokenClassification.forward`,  you can safely ignore this message.
[INFO|trainer.py:4327] 2025-05-25 10:05:37,597 >> 
***** Running Evaluation *****
[INFO|trainer.py:4329] 2025-05-25 10:05:37,597 >>   Num examples = 1000
[INFO|trainer.py:4332] 2025-05-25 10:05:37,597 >>   Batch size = 8
{'eval_loss': 0.3929895758628845, 'eval_overall_precision': 0.6585690515806988, 'eval_overall_recall': 0.7259721203228173, 'eval_overall_f1': 0.6906299075205026, 'eval_overall_accuracy': 0.8876774225234517, 'eval_runtime': 1.4238, 'eval_samples_per_second': 702.33, 'eval_steps_per_second': 87.791, 'epoch': 7.0}
{'loss': 0.1703, 'grad_norm': 2.2608156204223633, 'learning_rate': 1.1737089201877935e-08, 'epoch': 8.0}


  0%|          | 0/125 [00:00<?, ?it/s][A

 10%|▉         | 12/125 [00:00<00:00, 114.29it/s][A

 19%|█▉        | 24/125 [00:00<00:00, 107.41it/s][A

 28%|██▊       | 35/125 [00:00<00:00, 106.56it/s][A

 37%|███▋      | 46/125 [00:00<00:00, 105.81it/s][A

 46%|████▌     | 57/125 [00:00<00:00, 105.17it/s][A

 54%|█████▍    | 68/125 [00:00<00:00, 104.36it/s][A

 63%|██████▎   | 79/125 [00:00<00:00, 104.47it/s][A

 72%|███████▏  | 90/125 [00:00<00:00, 104.21it/s][A

 81%|████████  | 101/125 [00:00<00:00, 103.95it/s][A

 90%|████████▉ | 112/125 [00:01<00:00, 104.15it/s][A

 98%|█████████▊| 123/125 [00:01<00:00, 104.52it/s][A
                                                   

                                                  
[A
100%|██████████| 1704/1704 [01:48<00:00, 20.55it/s]

100%|██████████| 125/125 [00:01<00:00, 104.52it/s][A

                                                  [A[INFO|trainer.py:2676] 2025-05-25 10:05:39,032 >> 

Training completed. Do not forget to share your model on huggingface.co/models =)



                                                   

100%|██████████| 1704/1704 [01:48<00:00, 20.55it/s]
100%|██████████| 1704/1704 [01:48<00:00, 15.69it/s]
[INFO|trainer.py:3993] 2025-05-25 10:05:39,037 >> Saving model checkpoint to /project/hrao/Meta-Resample/output/mit_movie_trivia_bert_run1
[INFO|configuration_utils.py:424] 2025-05-25 10:05:39,038 >> Configuration saved in /project/hrao/Meta-Resample/output/mit_movie_trivia_bert_run1/config.json
[INFO|modeling_utils.py:3724] 2025-05-25 10:05:40,330 >> Model weights saved in /project/hrao/Meta-Resample/output/mit_movie_trivia_bert_run1/model.safetensors
[INFO|tokenization_utils_base.py:2525] 2025-05-25 10:05:40,355 >> tokenizer config file saved in /project/hrao/Meta-Resample/output/mit_movie_trivia_bert_run1/tokenizer_config.json
[INFO|tokenization_utils_base.py:2534] 2025-05-25 10:05:40,370 >> Special tokens file saved in /project/hrao/Meta-Resample/output/mit_movie_trivia_bert_run1/special_tokens_map.json
{'eval_loss': 0.3913092315196991, 'eval_overall_precision': 0.6550348953140578, 'eval_overall_recall': 0.723037417461482, 'eval_overall_f1': 0.6873583260680035, 'eval_overall_accuracy': 0.8878247630273562, 'eval_runtime': 1.4231, 'eval_samples_per_second': 702.68, 'eval_steps_per_second': 87.835, 'epoch': 8.0}
{'train_runtime': 108.6101, 'train_samples_per_second': 502.053, 'train_steps_per_second': 15.689, 'train_loss': 0.29255948044324703, 'epoch': 8.0}
***** train metrics *****
  epoch                    =        8.0
  total_flos               =  1065203GF
  train_loss               =     0.2926
  train_runtime            = 0:01:48.61
  train_samples            =       6816
  train_samples_per_second =    502.053
  train_steps_per_second   =     15.689
05/25/2025 10:05:40 - INFO - __main__ - *** Evaluate ***
[INFO|trainer.py:934] 2025-05-25 10:05:40,399 >> The following columns in the Evaluation set don't have a corresponding argument in `BertForTokenClassification.forward` and have been ignored: ner_tags, tokens. If ner_tags, tokens are not expected by `BertForTokenClassification.forward`,  you can safely ignore this message.
[INFO|trainer.py:4327] 2025-05-25 10:05:40,400 >> 
***** Running Evaluation *****
[INFO|trainer.py:4329] 2025-05-25 10:05:40,400 >>   Num examples = 1000
[INFO|trainer.py:4332] 2025-05-25 10:05:40,400 >>   Batch size = 8

  0%|          | 0/125 [00:00<?, ?it/s]
 10%|▉         | 12/125 [00:00<00:00, 114.29it/s]
 19%|█▉        | 24/125 [00:00<00:00, 107.51it/s]
 28%|██▊       | 35/125 [00:00<00:00, 106.72it/s]
 37%|███▋      | 46/125 [00:00<00:00, 105.97it/s]
 46%|████▌     | 57/125 [00:00<00:00, 105.36it/s]
 54%|█████▍    | 68/125 [00:00<00:00, 104.60it/s]
 63%|██████▎   | 79/125 [00:00<00:00, 104.63it/s]
 72%|███████▏  | 90/125 [00:00<00:00, 104.31it/s]
 81%|████████  | 101/125 [00:00<00:00, 104.05it/s]
 90%|████████▉ | 112/125 [00:01<00:00, 104.22it/s]
 98%|█████████▊| 123/125 [00:01<00:00, 104.55it/s]
100%|██████████| 125/125 [00:01<00:00, 88.55it/s] 
***** eval metrics *****
  epoch                   =        8.0
  eval_loss               =     0.3913
  eval_overall_accuracy   =     0.8878
  eval_overall_f1         =     0.6874
  eval_overall_precision  =      0.655
  eval_overall_recall     =      0.723
  eval_runtime            = 0:00:01.41
  eval_samples            =       1000
  eval_samples_per_second =    705.055
  eval_steps_per_second   =     88.132
05/25/2025 10:05:41 - INFO - __main__ - *** Predict ***
[INFO|trainer.py:934] 2025-05-25 10:05:41,825 >> The following columns in the test set don't have a corresponding argument in `BertForTokenClassification.forward` and have been ignored: ner_tags, tokens. If ner_tags, tokens are not expected by `BertForTokenClassification.forward`,  you can safely ignore this message.
[INFO|trainer.py:4327] 2025-05-25 10:05:41,827 >> 
***** Running Prediction *****
[INFO|trainer.py:4329] 2025-05-25 10:05:41,827 >>   Num examples = 1953
[INFO|trainer.py:4332] 2025-05-25 10:05:41,827 >>   Batch size = 8

  0%|          | 0/245 [00:00<?, ?it/s]
  5%|▍         | 12/245 [00:00<00:02, 113.57it/s]
 10%|▉         | 24/245 [00:00<00:02, 108.72it/s]
 14%|█▍        | 35/245 [00:00<00:01, 106.87it/s]
 19%|█▉        | 46/245 [00:00<00:01, 106.41it/s]
 23%|██▎       | 57/245 [00:00<00:01, 105.88it/s]
 28%|██▊       | 68/245 [00:00<00:01, 105.57it/s]
 32%|███▏      | 79/245 [00:00<00:01, 104.48it/s]
 37%|███▋      | 90/245 [00:00<00:01, 103.52it/s]
 41%|████      | 101/245 [00:00<00:01, 103.65it/s]
 46%|████▌     | 112/245 [00:01<00:01, 103.55it/s]
 50%|█████     | 123/245 [00:01<00:01, 103.98it/s]
 55%|█████▍    | 134/245 [00:01<00:01, 104.18it/s]
 59%|█████▉    | 145/245 [00:01<00:00, 103.95it/s]
 64%|██████▎   | 156/245 [00:01<00:00, 104.58it/s]
 68%|██████▊   | 167/245 [00:01<00:00, 104.76it/s]
 73%|███████▎  | 178/245 [00:01<00:00, 103.35it/s]
 77%|███████▋  | 189/245 [00:01<00:00, 103.15it/s]
 82%|████████▏ | 200/245 [00:01<00:00, 103.23it/s]
 86%|████████▌ | 211/245 [00:02<00:00, 103.54it/s]
 91%|█████████ | 222/245 [00:02<00:00, 103.75it/s]
 95%|█████████▌| 233/245 [00:02<00:00, 104.00it/s]
100%|█████████▉| 244/245 [00:02<00:00, 104.40it/s]
100%|██████████| 245/245 [00:02<00:00, 88.82it/s] 
[INFO|modelcard.py:450] 2025-05-25 10:05:44,688 >> Dropping the following result as it does not have all the necessary fields:
{'task': {'name': 'Token Classification', 'type': 'token-classification'}}
***** predict metrics *****
  predict_loss               =     0.3997
  predict_overall_accuracy   =     0.8864
  predict_overall_f1         =     0.7019 ✅ 没变化
  predict_overall_precision  =     0.6752
  predict_overall_recall     =     0.7307
  predict_runtime            = 0:00:02.77
  predict_samples_per_second =    705.037
  predict_steps_per_second   =     88.446

  变了超参
HARDNESS_SAMPLING_ENABLED=True
HARDNESS_BETA=0.9
HARDNESS_ALPHA=1 ✅
HARDNESS_EPSILON=1e-6
HARDNESS_INITIAL_LOSS=1.0
HARDNESS_P_MAX_VALUE=0.001 ✅


