Current Transformers version lacks `evaluation_strategy` in TrainingArguments; argument will be ignored.
07/22/2025 06:29:50 - WARNING - __main__ - Process rank: 0, device: cuda:0, n_gpu: 1, distributed training: False, 16-bits training: False
07/22/2025 06:29:50 - INFO - __main__ - Training/evaluation parameters TrainingArguments(
_n_gpu=1,
accelerator_config={'split_batches': False, 'dispatch_batches': None, 'even_batches': True, 'use_seedable_sampler': True, 'non_blocking': False, 'gradient_accumulation_kwargs': None, 'use_configured_state': False},
adafactor=False,
adam_beta1=0.9,
adam_beta2=0.999,
adam_epsilon=1e-08,
auto_find_batch_size=False,
average_tokens_across_devices=False,
batch_eval_metrics=False,
bf16=False,
bf16_full_eval=False,
data_seed=None,
dataloader_drop_last=False,
dataloader_num_workers=0,
dataloader_persistent_workers=False,
dataloader_pin_memory=True,
dataloader_prefetch_factor=None,
ddp_backend=None,
ddp_broadcast_buffers=None,
ddp_bucket_cap_mb=None,
ddp_find_unused_parameters=None,
ddp_timeout=1800,
debug=[],
deepspeed=None,
disable_tqdm=False,
do_eval=True,
do_predict=True,
do_train=True,
eval_accumulation_steps=None,
eval_delay=0,
eval_do_concat_batches=True,
eval_on_start=False,
eval_steps=500.0,
eval_strategy=no,
eval_use_gather_object=False,
fp16=False,
fp16_backend=auto,
fp16_full_eval=False,
fp16_opt_level=O1,
fsdp=[],
fsdp_config={'min_num_params': 0, 'xla': False, 'xla_fsdp_v2': False, 'xla_fsdp_grad_ckpt': False},
fsdp_min_num_params=0,
fsdp_transformer_layer_cls_to_wrap=None,
full_determinism=False,
gradient_accumulation_steps=1,
gradient_checkpointing=False,
gradient_checkpointing_kwargs=None,
greater_is_better=None,
group_by_length=False,
half_precision_backend=auto,
hub_always_push=False,
hub_model_id=None,
hub_private_repo=None,
hub_strategy=every_save,
hub_token=<HUB_TOKEN>,
ignore_data_skip=False,
include_for_metrics=[],
include_inputs_for_metrics=False,
include_num_input_tokens_seen=False,
include_tokens_per_second=False,
jit_mode_eval=False,
label_names=None,
label_smoothing_factor=0.0,
learning_rate=5e-05,
length_column_name=length,
load_best_model_at_end=False,
local_rank=0,
log_level=passive,
log_level_replica=warning,
log_on_each_node=True,
logging_dir=./re_model/runs/Jul22_06-29-49_itiger01,
logging_first_step=False,
logging_nan_inf_filter=True,
logging_steps=50,
logging_strategy=steps,
lr_scheduler_kwargs={},
lr_scheduler_type=linear,
max_grad_norm=1.0,
max_steps=-1,
metric_for_best_model=None,
mp_parameters=,
neftune_noise_alpha=None,
no_cuda=False,
num_train_epochs=8.0,
optim=adamw_torch,
optim_args=None,
optim_target_modules=None,
output_dir=./re_model_16503,
overwrite_output_dir=False,
past_index=-1,
per_device_eval_batch_size=8,
per_device_train_batch_size=32,
prediction_loss_only=False,
push_to_hub=False,
push_to_hub_model_id=None,
push_to_hub_organization=None,
push_to_hub_token=<PUSH_TO_HUB_TOKEN>,
ray_scope=last,
remove_unused_columns=True,
report_to=['tensorboard'],
restore_callback_states_from_checkpoint=False,
resume_from_checkpoint=None,
run_name=./re_model,
save_on_each_node=False,
save_only_model=False,
save_safetensors=True,
save_steps=500,
save_strategy=steps,
save_total_limit=None,
seed=42,
skip_memory_metrics=True,
tf32=None,
torch_compile=False,
torch_compile_backend=None,
torch_compile_mode=None,
torch_empty_cache_steps=None,
torchdynamo=None,
tpu_metrics_debug=False,
tpu_num_cores=None,
use_cpu=False,
use_ipex=False,
use_legacy_prediction_loop=False,
use_liger_kernel=False,
use_mps_device=False,
warmup_ratio=0.0,
warmup_steps=0,
weight_decay=0.0,
)
07/22/2025 06:29:50 - INFO - __main__ - load a local file for train: /project/hrao/data/conll04_json/train.json
07/22/2025 06:29:50 - INFO - __main__ - load a local file for validation: /project/hrao/data/conll04_json/validation.json
07/22/2025 06:29:50 - INFO - __main__ - load a local file for test: /project/hrao/data/conll04_json/test.json
Using custom data configuration default-d8fdee35c91b9532
07/22/2025 06:29:50 - INFO - datasets.builder - Using custom data configuration default-d8fdee35c91b9532
Found cached dataset json (/home/hrao/.cache/huggingface/datasets/json/default-d8fdee35c91b9532/0.0.0/f4e89e8750d5d5ffbef2c078bf0ddfedef29dc2faff52a6255cf513c05eb1092)
07/22/2025 06:29:50 - INFO - datasets.builder - Found cached dataset json (/home/hrao/.cache/huggingface/datasets/json/default-d8fdee35c91b9532/0.0.0/f4e89e8750d5d5ffbef2c078bf0ddfedef29dc2faff52a6255cf513c05eb1092)
[INFO|configuration_utils.py:698] 2025-07-22 06:29:50,643 >> loading configuration file config.json from cache at /home/hrao/.cache/huggingface/hub/models--microsoft--deberta-v3-base/snapshots/8ccc9b6f36199bec6961081d44eb72fb3f7353f3/config.json
[INFO|configuration_utils.py:770] 2025-07-22 06:29:50,649 >> Model config DebertaV2Config {
  "attention_probs_dropout_prob": 0.1,
  "hidden_act": "gelu",
  "hidden_dropout_prob": 0.1,
  "hidden_size": 768,
  "initializer_range": 0.02,
  "intermediate_size": 3072,
  "layer_norm_eps": 1e-07,
  "legacy": true,
  "max_position_embeddings": 512,
  "max_relative_positions": -1,
  "model_type": "deberta-v2",
  "norm_rel_ebd": "layer_norm",
  "num_attention_heads": 12,
  "num_hidden_layers": 12,
  "pad_token_id": 0,
  "pooler_dropout": 0,
  "pooler_hidden_act": "gelu",
  "pooler_hidden_size": 768,
  "pos_att_type": [
    "p2c",
    "c2p"
  ],
  "position_biased_input": false,
  "position_buckets": 256,
  "relative_attention": true,
  "share_att_key": true,
  "transformers_version": "4.52.3",
  "type_vocab_size": 0,
  "vocab_size": 128100
}

[INFO|tokenization_utils_base.py:2023] 2025-07-22 06:29:50,723 >> loading file spm.model from cache at /home/hrao/.cache/huggingface/hub/models--microsoft--deberta-v3-base/snapshots/8ccc9b6f36199bec6961081d44eb72fb3f7353f3/spm.model
[INFO|tokenization_utils_base.py:2023] 2025-07-22 06:29:50,723 >> loading file tokenizer.json from cache at None
[INFO|tokenization_utils_base.py:2023] 2025-07-22 06:29:50,723 >> loading file added_tokens.json from cache at None
[INFO|tokenization_utils_base.py:2023] 2025-07-22 06:29:50,723 >> loading file special_tokens_map.json from cache at None
[INFO|tokenization_utils_base.py:2023] 2025-07-22 06:29:50,723 >> loading file tokenizer_config.json from cache at /home/hrao/.cache/huggingface/hub/models--microsoft--deberta-v3-base/snapshots/8ccc9b6f36199bec6961081d44eb72fb3f7353f3/tokenizer_config.json
[INFO|tokenization_utils_base.py:2023] 2025-07-22 06:29:50,724 >> loading file chat_template.jinja from cache at None
[INFO|configuration_utils.py:698] 2025-07-22 06:29:50,724 >> loading configuration file config.json from cache at /home/hrao/.cache/huggingface/hub/models--microsoft--deberta-v3-base/snapshots/8ccc9b6f36199bec6961081d44eb72fb3f7353f3/config.json
[INFO|configuration_utils.py:770] 2025-07-22 06:29:50,725 >> Model config DebertaV2Config {
  "attention_probs_dropout_prob": 0.1,
  "hidden_act": "gelu",
  "hidden_dropout_prob": 0.1,
  "hidden_size": 768,
  "initializer_range": 0.02,
  "intermediate_size": 3072,
  "layer_norm_eps": 1e-07,
  "legacy": true,
  "max_position_embeddings": 512,
  "max_relative_positions": -1,
  "model_type": "deberta-v2",
  "norm_rel_ebd": "layer_norm",
  "num_attention_heads": 12,
  "num_hidden_layers": 12,
  "pad_token_id": 0,
  "pooler_dropout": 0,
  "pooler_hidden_act": "gelu",
  "pooler_hidden_size": 768,
  "pos_att_type": [
    "p2c",
    "c2p"
  ],
  "position_biased_input": false,
  "position_buckets": 256,
  "relative_attention": true,
  "share_att_key": true,
  "transformers_version": "4.52.3",
  "type_vocab_size": 0,
  "vocab_size": 128100
}

[INFO|configuration_utils.py:698] 2025-07-22 06:29:51,029 >> loading configuration file config.json from cache at /home/hrao/.cache/huggingface/hub/models--microsoft--deberta-v3-base/snapshots/8ccc9b6f36199bec6961081d44eb72fb3f7353f3/config.json
[INFO|configuration_utils.py:770] 2025-07-22 06:29:51,030 >> Model config DebertaV2Config {
  "attention_probs_dropout_prob": 0.1,
  "hidden_act": "gelu",
  "hidden_dropout_prob": 0.1,
  "hidden_size": 768,
  "initializer_range": 0.02,
  "intermediate_size": 3072,
  "layer_norm_eps": 1e-07,
  "legacy": true,
  "max_position_embeddings": 512,
  "max_relative_positions": -1,
  "model_type": "deberta-v2",
  "norm_rel_ebd": "layer_norm",
  "num_attention_heads": 12,
  "num_hidden_layers": 12,
  "pad_token_id": 0,
  "pooler_dropout": 0,
  "pooler_hidden_act": "gelu",
  "pooler_hidden_size": 768,
  "pos_att_type": [
    "p2c",
    "c2p"
  ],
  "position_biased_input": false,
  "position_buckets": 256,
  "relative_attention": true,
  "share_att_key": true,
  "transformers_version": "4.52.3",
  "type_vocab_size": 0,
  "vocab_size": 128100
}

/project/hrao/miniconda3/envs/imbalance_env/lib/python3.10/site-packages/transformers/convert_slow_tokenizer.py:564: UserWarning: The sentencepiece tokenizer that you are converting to a fast tokenizer uses the byte fallback option which is not implemented in the fast tokenizers. In practice this means that the fast version of the tokenizer can produce unknown tokens whereas the sentencepiece version would have converted these unknown tokens into a sequence of byte tokens matching the original piece of text.
  warnings.warn(
07/22/2025 06:29:51 - INFO - __main__ - setting problem type to single label classification
[INFO|configuration_utils.py:698] 2025-07-22 06:29:51,351 >> loading configuration file config.json from cache at /home/hrao/.cache/huggingface/hub/models--microsoft--deberta-v3-base/snapshots/8ccc9b6f36199bec6961081d44eb72fb3f7353f3/config.json
[INFO|configuration_utils.py:770] 2025-07-22 06:29:51,352 >> Model config DebertaV2Config {
  "attention_probs_dropout_prob": 0.1,
  "hidden_act": "gelu",
  "hidden_dropout_prob": 0.1,
  "hidden_size": 768,
  "id2label": {
    "0": "Kill",
    "1": "Live_In",
    "2": "Located_In",
    "3": "OrgBased_In",
    "4": "Work_For",
    "5": "no_relation"
  },
  "initializer_range": 0.02,
  "intermediate_size": 3072,
  "label2id": {
    "Kill": 0,
    "Live_In": 1,
    "Located_In": 2,
    "OrgBased_In": 3,
    "Work_For": 4,
    "no_relation": 5
  },
  "layer_norm_eps": 1e-07,
  "legacy": true,
  "max_position_embeddings": 512,
  "max_relative_positions": -1,
  "model_type": "deberta-v2",
  "norm_rel_ebd": "layer_norm",
  "num_attention_heads": 12,
  "num_hidden_layers": 12,
  "pad_token_id": 0,
  "pooler_dropout": 0,
  "pooler_hidden_act": "gelu",
  "pooler_hidden_size": 768,
  "pos_att_type": [
    "p2c",
    "c2p"
  ],
  "position_biased_input": false,
  "position_buckets": 256,
  "problem_type": "single_label_classification",
  "relative_attention": true,
  "share_att_key": true,
  "transformers_version": "4.52.3",
  "type_vocab_size": 0,
  "vocab_size": 128100
}

[INFO|modeling_utils.py:1150] 2025-07-22 06:29:51,801 >> loading weights file pytorch_model.bin from cache at /home/hrao/.cache/huggingface/hub/models--microsoft--deberta-v3-base/snapshots/8ccc9b6f36199bec6961081d44eb72fb3f7353f3/pytorch_model.bin
[INFO|safetensors_conversion.py:61] 2025-07-22 06:29:51,917 >> Attempting to create safetensors variant
[INFO|modeling_utils.py:5120] 2025-07-22 06:29:52,074 >> Some weights of the model checkpoint at microsoft/deberta-v3-base were not used when initializing DebertaV2ForSequenceClassification: ['lm_predictions.lm_head.LayerNorm.bias', 'lm_predictions.lm_head.LayerNorm.weight', 'lm_predictions.lm_head.bias', 'lm_predictions.lm_head.dense.bias', 'lm_predictions.lm_head.dense.weight', 'mask_predictions.LayerNorm.bias', 'mask_predictions.LayerNorm.weight', 'mask_predictions.classifier.bias', 'mask_predictions.classifier.weight', 'mask_predictions.dense.bias', 'mask_predictions.dense.weight']
- This IS expected if you are initializing DebertaV2ForSequenceClassification from the checkpoint of a model trained on another task or with another architecture (e.g. initializing a BertForSequenceClassification model from a BertForPreTraining model).
- This IS NOT expected if you are initializing DebertaV2ForSequenceClassification from the checkpoint of a model that you expect to be exactly identical (initializing a BertForSequenceClassification model from a BertForSequenceClassification model).
[WARNING|modeling_utils.py:5132] 2025-07-22 06:29:52,074 >> Some weights of DebertaV2ForSequenceClassification were not initialized from the model checkpoint at microsoft/deberta-v3-base and are newly initialized: ['classifier.bias', 'classifier.weight', 'pooler.dense.bias', 'pooler.dense.weight']
You should probably TRAIN this model on a down-stream task to be able to use it for predictions and inference.
[INFO|modeling_utils.py:2876] 2025-07-22 06:29:52,098 >> You are resizing the embedding layer without providing a `pad_to_multiple_of` parameter. This means that the new embedding dimension will be 128005. This might induce some performance reduction as *Tensor Cores* will not be available. For more details about this, or help on choosing the correct value for resizing, refer to this guide: https://docs.nvidia.com/deeplearning/performance/dl-performance-matrix-multiplication/index.html#requirements-tc
[INFO|safetensors_conversion.py:74] 2025-07-22 06:29:52,149 >> Safetensors PR exists

Running tokenizer on dataset: 100%|██████████| 1152/1152 [00:00<?, ? examples/s]Caching processed dataset at /home/hrao/.cache/huggingface/datasets/json/default-d8fdee35c91b9532/0.0.0/f4e89e8750d5d5ffbef2c078bf0ddfedef29dc2faff52a6255cf513c05eb1092/cache-18238936a3904e4f.arrow
07/22/2025 06:29:52 - INFO - datasets.arrow_dataset - Caching processed dataset at /home/hrao/.cache/huggingface/datasets/json/default-d8fdee35c91b9532/0.0.0/f4e89e8750d5d5ffbef2c078bf0ddfedef29dc2faff52a6255cf513c05eb1092/cache-18238936a3904e4f.arrow

Running tokenizer on dataset: 2152 examples [00:00, 3373.95 examples/s]         
Running tokenizer on dataset: 2304 examples [00:00, 3118.88 examples/s]

Running tokenizer on dataset: 100%|██████████| 144/144 [00:00<?, ? examples/s]Caching processed dataset at /home/hrao/.cache/huggingface/datasets/json/default-d8fdee35c91b9532/0.0.0/f4e89e8750d5d5ffbef2c078bf0ddfedef29dc2faff52a6255cf513c05eb1092/cache-7ae73fca2fd636be.arrow
07/22/2025 06:29:53 - INFO - datasets.arrow_dataset - Caching processed dataset at /home/hrao/.cache/huggingface/datasets/json/default-d8fdee35c91b9532/0.0.0/f4e89e8750d5d5ffbef2c078bf0ddfedef29dc2faff52a6255cf513c05eb1092/cache-7ae73fca2fd636be.arrow

Running tokenizer on dataset: 288 examples [00:00, 2862.14 examples/s]        

Running tokenizer on dataset: 100%|██████████| 145/145 [00:00<?, ? examples/s]Caching processed dataset at /home/hrao/.cache/huggingface/datasets/json/default-d8fdee35c91b9532/0.0.0/f4e89e8750d5d5ffbef2c078bf0ddfedef29dc2faff52a6255cf513c05eb1092/cache-77de937e41c05743.arrow
07/22/2025 06:29:53 - INFO - datasets.arrow_dataset - Caching processed dataset at /home/hrao/.cache/huggingface/datasets/json/default-d8fdee35c91b9532/0.0.0/f4e89e8750d5d5ffbef2c078bf0ddfedef29dc2faff52a6255cf513c05eb1092/cache-77de937e41c05743.arrow

Running tokenizer on dataset: 290 examples [00:00, 2889.13 examples/s]        
07/22/2025 06:29:53 - INFO - __main__ - Sample 1437 of the training set: {'input_ids': [1, 344, 7670, 366, 11253, 5394, 1140, 128001, 22056, 2513, 271, 430, 28841, 128002, 265, 128003, 5317, 7615, 128004, 263, 96237, 79167, 58038, 366, 266, 5884, 323, 2, 0, 0, 0, 0, 0, 0, 0, 0, 0, 0, 0, 0, 0, 0, 0, 0, 0, 0, 0, 0, 0, 0, 0, 0, 0, 0, 0, 0, 0, 0, 0, 0, 0, 0, 0, 0, 0, 0, 0, 0, 0, 0, 0, 0, 0, 0, 0, 0, 0, 0, 0, 0, 0, 0, 0, 0, 0, 0, 0, 0, 0, 0, 0, 0, 0, 0, 0, 0, 0, 0, 0, 0, 0, 0, 0, 0, 0, 0, 0, 0, 0, 0, 0, 0, 0, 0, 0, 0, 0, 0, 0, 0, 0, 0, 0, 0, 0, 0, 0, 0, 0, 0, 0, 0, 0, 0, 0, 0, 0, 0, 0, 0, 0, 0, 0, 0, 0, 0, 0, 0, 0, 0, 0, 0, 0, 0, 0, 0, 0, 0, 0, 0, 0, 0, 0, 0, 0, 0, 0, 0, 0, 0, 0, 0, 0, 0, 0, 0, 0, 0, 0, 0, 0, 0, 0, 0, 0, 0, 0, 0, 0, 0, 0, 0, 0, 0, 0, 0, 0, 0, 0, 0, 0, 0, 0, 0, 0, 0, 0, 0, 0, 0, 0, 0, 0, 0, 0, 0, 0, 0, 0, 0, 0, 0, 0, 0, 0, 0, 0, 0, 0, 0, 0, 0, 0, 0, 0, 0, 0, 0, 0, 0, 0, 0, 0, 0, 0, 0, 0, 0, 0, 0, 0, 0, 0, 0, 0, 0, 0, 0, 0, 0, 0, 0, 0, 0, 0, 0, 0, 0, 0, 0, 0, 0, 0, 0, 0, 0, 0, 0, 0, 0, 0, 0, 0, 0, 0, 0, 0, 0, 0, 0, 0, 0, 0, 0, 0, 0, 0, 0, 0, 0, 0, 0, 0, 0, 0, 0, 0, 0, 0, 0, 0, 0, 0, 0, 0, 0, 0, 0, 0, 0, 0, 0, 0, 0, 0, 0, 0, 0, 0, 0, 0, 0, 0, 0, 0, 0, 0, 0, 0, 0, 0, 0, 0, 0, 0, 0, 0, 0, 0, 0, 0, 0, 0, 0, 0, 0, 0, 0, 0, 0, 0, 0, 0, 0, 0, 0, 0, 0, 0, 0, 0, 0, 0, 0, 0, 0, 0, 0, 0, 0, 0, 0, 0, 0, 0, 0, 0, 0, 0, 0, 0, 0, 0, 0, 0, 0, 0, 0, 0, 0, 0, 0, 0, 0, 0, 0, 0, 0, 0, 0, 0, 0, 0, 0, 0, 0, 0, 0, 0, 0, 0, 0, 0, 0, 0, 0, 0, 0, 0, 0, 0, 0, 0, 0, 0, 0, 0, 0, 0, 0, 0, 0, 0, 0, 0, 0, 0, 0, 0, 0, 0, 0, 0, 0, 0, 0, 0, 0, 0, 0, 0, 0, 0, 0, 0, 0, 0, 0, 0, 0, 0, 0, 0, 0, 0, 0, 0, 0, 0, 0, 0, 0, 0, 0, 0, 0, 0, 0, 0, 0, 0, 0, 0, 0, 0, 0, 0, 0, 0, 0, 0, 0, 0, 0, 0, 0, 0, 0, 0, 0, 0, 0], 'token_type_ids': [0, 0, 0, 0, 0, 0, 0, 0, 0, 0, 0, 0, 0, 0, 0, 0, 0, 0, 0, 0, 0, 0, 0, 0, 0, 0, 0, 0, 0, 0, 0, 0, 0, 0, 0, 0, 0, 0, 0, 0, 0, 0, 0, 0, 0, 0, 0, 0, 0, 0, 0, 0, 0, 0, 0, 0, 0, 0, 0, 0, 0, 0, 0, 0, 0, 0, 0, 0, 0, 0, 0, 0, 0, 0, 0, 0, 0, 0, 0, 0, 0, 0, 0, 0, 0, 0, 0, 0, 0, 0, 0, 0, 0, 0, 0, 0, 0, 0, 0, 0, 0, 0, 0, 0, 0, 0, 0, 0, 0, 0, 0, 0, 0, 0, 0, 0, 0, 0, 0, 0, 0, 0, 0, 0, 0, 0, 0, 0, 0, 0, 0, 0, 0, 0, 0, 0, 0, 0, 0, 0, 0, 0, 0, 0, 0, 0, 0, 0, 0, 0, 0, 0, 0, 0, 0, 0, 0, 0, 0, 0, 0, 0, 0, 0, 0, 0, 0, 0, 0, 0, 0, 0, 0, 0, 0, 0, 0, 0, 0, 0, 0, 0, 0, 0, 0, 0, 0, 0, 0, 0, 0, 0, 0, 0, 0, 0, 0, 0, 0, 0, 0, 0, 0, 0, 0, 0, 0, 0, 0, 0, 0, 0, 0, 0, 0, 0, 0, 0, 0, 0, 0, 0, 0, 0, 0, 0, 0, 0, 0, 0, 0, 0, 0, 0, 0, 0, 0, 0, 0, 0, 0, 0, 0, 0, 0, 0, 0, 0, 0, 0, 0, 0, 0, 0, 0, 0, 0, 0, 0, 0, 0, 0, 0, 0, 0, 0, 0, 0, 0, 0, 0, 0, 0, 0, 0, 0, 0, 0, 0, 0, 0, 0, 0, 0, 0, 0, 0, 0, 0, 0, 0, 0, 0, 0, 0, 0, 0, 0, 0, 0, 0, 0, 0, 0, 0, 0, 0, 0, 0, 0, 0, 0, 0, 0, 0, 0, 0, 0, 0, 0, 0, 0, 0, 0, 0, 0, 0, 0, 0, 0, 0, 0, 0, 0, 0, 0, 0, 0, 0, 0, 0, 0, 0, 0, 0, 0, 0, 0, 0, 0, 0, 0, 0, 0, 0, 0, 0, 0, 0, 0, 0, 0, 0, 0, 0, 0, 0, 0, 0, 0, 0, 0, 0, 0, 0, 0, 0, 0, 0, 0, 0, 0, 0, 0, 0, 0, 0, 0, 0, 0, 0, 0, 0, 0, 0, 0, 0, 0, 0, 0, 0, 0, 0, 0, 0, 0, 0, 0, 0, 0, 0, 0, 0, 0, 0, 0, 0, 0, 0, 0, 0, 0, 0, 0, 0, 0, 0, 0, 0, 0, 0, 0, 0, 0, 0, 0, 0, 0, 0, 0, 0, 0, 0, 0, 0, 0, 0, 0, 0, 0, 0, 0, 0, 0, 0, 0, 0, 0, 0, 0, 0, 0, 0, 0, 0, 0, 0, 0, 0, 0, 0, 0, 0, 0, 0, 0, 0, 0, 0, 0, 0, 0, 0, 0, 0, 0, 0, 0, 0, 0, 0, 0, 0, 0, 0, 0, 0, 0, 0, 0, 0, 0, 0, 0, 0, 0, 0, 0, 0, 0, 0, 0], 'attention_mask': [1, 1, 1, 1, 1, 1, 1, 1, 1, 1, 1, 1, 1, 1, 1, 1, 1, 1, 1, 1, 1, 1, 1, 1, 1, 1, 1, 1, 0, 0, 0, 0, 0, 0, 0, 0, 0, 0, 0, 0, 0, 0, 0, 0, 0, 0, 0, 0, 0, 0, 0, 0, 0, 0, 0, 0, 0, 0, 0, 0, 0, 0, 0, 0, 0, 0, 0, 0, 0, 0, 0, 0, 0, 0, 0, 0, 0, 0, 0, 0, 0, 0, 0, 0, 0, 0, 0, 0, 0, 0, 0, 0, 0, 0, 0, 0, 0, 0, 0, 0, 0, 0, 0, 0, 0, 0, 0, 0, 0, 0, 0, 0, 0, 0, 0, 0, 0, 0, 0, 0, 0, 0, 0, 0, 0, 0, 0, 0, 0, 0, 0, 0, 0, 0, 0, 0, 0, 0, 0, 0, 0, 0, 0, 0, 0, 0, 0, 0, 0, 0, 0, 0, 0, 0, 0, 0, 0, 0, 0, 0, 0, 0, 0, 0, 0, 0, 0, 0, 0, 0, 0, 0, 0, 0, 0, 0, 0, 0, 0, 0, 0, 0, 0, 0, 0, 0, 0, 0, 0, 0, 0, 0, 0, 0, 0, 0, 0, 0, 0, 0, 0, 0, 0, 0, 0, 0, 0, 0, 0, 0, 0, 0, 0, 0, 0, 0, 0, 0, 0, 0, 0, 0, 0, 0, 0, 0, 0, 0, 0, 0, 0, 0, 0, 0, 0, 0, 0, 0, 0, 0, 0, 0, 0, 0, 0, 0, 0, 0, 0, 0, 0, 0, 0, 0, 0, 0, 0, 0, 0, 0, 0, 0, 0, 0, 0, 0, 0, 0, 0, 0, 0, 0, 0, 0, 0, 0, 0, 0, 0, 0, 0, 0, 0, 0, 0, 0, 0, 0, 0, 0, 0, 0, 0, 0, 0, 0, 0, 0, 0, 0, 0, 0, 0, 0, 0, 0, 0, 0, 0, 0, 0, 0, 0, 0, 0, 0, 0, 0, 0, 0, 0, 0, 0, 0, 0, 0, 0, 0, 0, 0, 0, 0, 0, 0, 0, 0, 0, 0, 0, 0, 0, 0, 0, 0, 0, 0, 0, 0, 0, 0, 0, 0, 0, 0, 0, 0, 0, 0, 0, 0, 0, 0, 0, 0, 0, 0, 0, 0, 0, 0, 0, 0, 0, 0, 0, 0, 0, 0, 0, 0, 0, 0, 0, 0, 0, 0, 0, 0, 0, 0, 0, 0, 0, 0, 0, 0, 0, 0, 0, 0, 0, 0, 0, 0, 0, 0, 0, 0, 0, 0, 0, 0, 0, 0, 0, 0, 0, 0, 0, 0, 0, 0, 0, 0, 0, 0, 0, 0, 0, 0, 0, 0, 0, 0, 0, 0, 0, 0, 0, 0, 0, 0, 0, 0, 0, 0, 0, 0, 0, 0, 0, 0, 0, 0, 0, 0, 0, 0, 0, 0, 0, 0, 0, 0, 0, 0, 0, 0, 0, 0, 0, 0, 0, 0, 0, 0, 0, 0, 0, 0, 0, 0, 0, 0, 0, 0, 0, 0, 0, 0, 0, 0, 0, 0, 0, 0, 0, 0, 0, 0, 0, 0, 0, 0, 0, 0, 0, 0, 0, 0, 0, 0], 'label': 1}.
07/22/2025 06:29:53 - INFO - __main__ - Sample 1399 of the training set: {'input_ids': [1, 128001, 1749, 11958, 5164, 128002, 366, 328, 269, 2511, 266, 5229, 271, 943, 3641, 4378, 270, 262, 18715, 265, 262, 128003, 6728, 260, 2963, 12657, 1913, 128004, 366, 1125, 266, 4035, 1716, 3338, 561, 323, 2, 0, 0, 0, 0, 0, 0, 0, 0, 0, 0, 0, 0, 0, 0, 0, 0, 0, 0, 0, 0, 0, 0, 0, 0, 0, 0, 0, 0, 0, 0, 0, 0, 0, 0, 0, 0, 0, 0, 0, 0, 0, 0, 0, 0, 0, 0, 0, 0, 0, 0, 0, 0, 0, 0, 0, 0, 0, 0, 0, 0, 0, 0, 0, 0, 0, 0, 0, 0, 0, 0, 0, 0, 0, 0, 0, 0, 0, 0, 0, 0, 0, 0, 0, 0, 0, 0, 0, 0, 0, 0, 0, 0, 0, 0, 0, 0, 0, 0, 0, 0, 0, 0, 0, 0, 0, 0, 0, 0, 0, 0, 0, 0, 0, 0, 0, 0, 0, 0, 0, 0, 0, 0, 0, 0, 0, 0, 0, 0, 0, 0, 0, 0, 0, 0, 0, 0, 0, 0, 0, 0, 0, 0, 0, 0, 0, 0, 0, 0, 0, 0, 0, 0, 0, 0, 0, 0, 0, 0, 0, 0, 0, 0, 0, 0, 0, 0, 0, 0, 0, 0, 0, 0, 0, 0, 0, 0, 0, 0, 0, 0, 0, 0, 0, 0, 0, 0, 0, 0, 0, 0, 0, 0, 0, 0, 0, 0, 0, 0, 0, 0, 0, 0, 0, 0, 0, 0, 0, 0, 0, 0, 0, 0, 0, 0, 0, 0, 0, 0, 0, 0, 0, 0, 0, 0, 0, 0, 0, 0, 0, 0, 0, 0, 0, 0, 0, 0, 0, 0, 0, 0, 0, 0, 0, 0, 0, 0, 0, 0, 0, 0, 0, 0, 0, 0, 0, 0, 0, 0, 0, 0, 0, 0, 0, 0, 0, 0, 0, 0, 0, 0, 0, 0, 0, 0, 0, 0, 0, 0, 0, 0, 0, 0, 0, 0, 0, 0, 0, 0, 0, 0, 0, 0, 0, 0, 0, 0, 0, 0, 0, 0, 0, 0, 0, 0, 0, 0, 0, 0, 0, 0, 0, 0, 0, 0, 0, 0, 0, 0, 0, 0, 0, 0, 0, 0, 0, 0, 0, 0, 0, 0, 0, 0, 0, 0, 0, 0, 0, 0, 0, 0, 0, 0, 0, 0, 0, 0, 0, 0, 0, 0, 0, 0, 0, 0, 0, 0, 0, 0, 0, 0, 0, 0, 0, 0, 0, 0, 0, 0, 0, 0, 0, 0, 0, 0, 0, 0, 0, 0, 0, 0, 0, 0, 0, 0, 0, 0, 0, 0, 0, 0, 0, 0, 0, 0, 0, 0, 0, 0, 0, 0, 0, 0, 0, 0, 0, 0, 0, 0, 0, 0, 0, 0, 0, 0, 0, 0, 0, 0, 0, 0, 0, 0, 0, 0, 0, 0, 0, 0, 0, 0, 0, 0, 0, 0, 0, 0, 0, 0, 0, 0, 0, 0, 0, 0, 0, 0, 0, 0, 0, 0, 0, 0, 0, 0, 0, 0, 0, 0, 0, 0, 0, 0, 0, 0, 0, 0, 0, 0, 0, 0, 0, 0, 0, 0, 0], 'token_type_ids': [0, 0, 0, 0, 0, 0, 0, 0, 0, 0, 0, 0, 0, 0, 0, 0, 0, 0, 0, 0, 0, 0, 0, 0, 0, 0, 0, 0, 0, 0, 0, 0, 0, 0, 0, 0, 0, 0, 0, 0, 0, 0, 0, 0, 0, 0, 0, 0, 0, 0, 0, 0, 0, 0, 0, 0, 0, 0, 0, 0, 0, 0, 0, 0, 0, 0, 0, 0, 0, 0, 0, 0, 0, 0, 0, 0, 0, 0, 0, 0, 0, 0, 0, 0, 0, 0, 0, 0, 0, 0, 0, 0, 0, 0, 0, 0, 0, 0, 0, 0, 0, 0, 0, 0, 0, 0, 0, 0, 0, 0, 0, 0, 0, 0, 0, 0, 0, 0, 0, 0, 0, 0, 0, 0, 0, 0, 0, 0, 0, 0, 0, 0, 0, 0, 0, 0, 0, 0, 0, 0, 0, 0, 0, 0, 0, 0, 0, 0, 0, 0, 0, 0, 0, 0, 0, 0, 0, 0, 0, 0, 0, 0, 0, 0, 0, 0, 0, 0, 0, 0, 0, 0, 0, 0, 0, 0, 0, 0, 0, 0, 0, 0, 0, 0, 0, 0, 0, 0, 0, 0, 0, 0, 0, 0, 0, 0, 0, 0, 0, 0, 0, 0, 0, 0, 0, 0, 0, 0, 0, 0, 0, 0, 0, 0, 0, 0, 0, 0, 0, 0, 0, 0, 0, 0, 0, 0, 0, 0, 0, 0, 0, 0, 0, 0, 0, 0, 0, 0, 0, 0, 0, 0, 0, 0, 0, 0, 0, 0, 0, 0, 0, 0, 0, 0, 0, 0, 0, 0, 0, 0, 0, 0, 0, 0, 0, 0, 0, 0, 0, 0, 0, 0, 0, 0, 0, 0, 0, 0, 0, 0, 0, 0, 0, 0, 0, 0, 0, 0, 0, 0, 0, 0, 0, 0, 0, 0, 0, 0, 0, 0, 0, 0, 0, 0, 0, 0, 0, 0, 0, 0, 0, 0, 0, 0, 0, 0, 0, 0, 0, 0, 0, 0, 0, 0, 0, 0, 0, 0, 0, 0, 0, 0, 0, 0, 0, 0, 0, 0, 0, 0, 0, 0, 0, 0, 0, 0, 0, 0, 0, 0, 0, 0, 0, 0, 0, 0, 0, 0, 0, 0, 0, 0, 0, 0, 0, 0, 0, 0, 0, 0, 0, 0, 0, 0, 0, 0, 0, 0, 0, 0, 0, 0, 0, 0, 0, 0, 0, 0, 0, 0, 0, 0, 0, 0, 0, 0, 0, 0, 0, 0, 0, 0, 0, 0, 0, 0, 0, 0, 0, 0, 0, 0, 0, 0, 0, 0, 0, 0, 0, 0, 0, 0, 0, 0, 0, 0, 0, 0, 0, 0, 0, 0, 0, 0, 0, 0, 0, 0, 0, 0, 0, 0, 0, 0, 0, 0, 0, 0, 0, 0, 0, 0, 0, 0, 0, 0, 0, 0, 0, 0, 0, 0, 0, 0, 0, 0, 0, 0, 0, 0, 0, 0, 0, 0, 0, 0, 0, 0, 0, 0, 0, 0, 0, 0, 0, 0, 0, 0, 0, 0, 0, 0, 0, 0, 0, 0, 0, 0, 0, 0, 0, 0, 0, 0, 0, 0, 0, 0, 0, 0, 0, 0], 'attention_mask': [1, 1, 1, 1, 1, 1, 1, 1, 1, 1, 1, 1, 1, 1, 1, 1, 1, 1, 1, 1, 1, 1, 1, 1, 1, 1, 1, 1, 1, 1, 1, 1, 1, 1, 1, 1, 1, 0, 0, 0, 0, 0, 0, 0, 0, 0, 0, 0, 0, 0, 0, 0, 0, 0, 0, 0, 0, 0, 0, 0, 0, 0, 0, 0, 0, 0, 0, 0, 0, 0, 0, 0, 0, 0, 0, 0, 0, 0, 0, 0, 0, 0, 0, 0, 0, 0, 0, 0, 0, 0, 0, 0, 0, 0, 0, 0, 0, 0, 0, 0, 0, 0, 0, 0, 0, 0, 0, 0, 0, 0, 0, 0, 0, 0, 0, 0, 0, 0, 0, 0, 0, 0, 0, 0, 0, 0, 0, 0, 0, 0, 0, 0, 0, 0, 0, 0, 0, 0, 0, 0, 0, 0, 0, 0, 0, 0, 0, 0, 0, 0, 0, 0, 0, 0, 0, 0, 0, 0, 0, 0, 0, 0, 0, 0, 0, 0, 0, 0, 0, 0, 0, 0, 0, 0, 0, 0, 0, 0, 0, 0, 0, 0, 0, 0, 0, 0, 0, 0, 0, 0, 0, 0, 0, 0, 0, 0, 0, 0, 0, 0, 0, 0, 0, 0, 0, 0, 0, 0, 0, 0, 0, 0, 0, 0, 0, 0, 0, 0, 0, 0, 0, 0, 0, 0, 0, 0, 0, 0, 0, 0, 0, 0, 0, 0, 0, 0, 0, 0, 0, 0, 0, 0, 0, 0, 0, 0, 0, 0, 0, 0, 0, 0, 0, 0, 0, 0, 0, 0, 0, 0, 0, 0, 0, 0, 0, 0, 0, 0, 0, 0, 0, 0, 0, 0, 0, 0, 0, 0, 0, 0, 0, 0, 0, 0, 0, 0, 0, 0, 0, 0, 0, 0, 0, 0, 0, 0, 0, 0, 0, 0, 0, 0, 0, 0, 0, 0, 0, 0, 0, 0, 0, 0, 0, 0, 0, 0, 0, 0, 0, 0, 0, 0, 0, 0, 0, 0, 0, 0, 0, 0, 0, 0, 0, 0, 0, 0, 0, 0, 0, 0, 0, 0, 0, 0, 0, 0, 0, 0, 0, 0, 0, 0, 0, 0, 0, 0, 0, 0, 0, 0, 0, 0, 0, 0, 0, 0, 0, 0, 0, 0, 0, 0, 0, 0, 0, 0, 0, 0, 0, 0, 0, 0, 0, 0, 0, 0, 0, 0, 0, 0, 0, 0, 0, 0, 0, 0, 0, 0, 0, 0, 0, 0, 0, 0, 0, 0, 0, 0, 0, 0, 0, 0, 0, 0, 0, 0, 0, 0, 0, 0, 0, 0, 0, 0, 0, 0, 0, 0, 0, 0, 0, 0, 0, 0, 0, 0, 0, 0, 0, 0, 0, 0, 0, 0, 0, 0, 0, 0, 0, 0, 0, 0, 0, 0, 0, 0, 0, 0, 0, 0, 0, 0, 0, 0, 0, 0, 0, 0, 0, 0, 0, 0, 0, 0, 0, 0, 0, 0, 0, 0, 0, 0, 0, 0, 0, 0, 0, 0, 0, 0, 0, 0, 0, 0, 0, 0, 0, 0, 0, 0, 0, 0, 0, 0, 0, 0, 0, 0, 0, 0, 0, 0], 'label': 0}.
07/22/2025 06:29:53 - INFO - __main__ - Sample 1327 of the training set: {'input_ids': [1, 128001, 4279, 802, 260, 33073, 25382, 128002, 366, 4808, 366, 265, 969, 474, 1556, 366, 1607, 128003, 1749, 4726, 128004, 366, 6070, 366, 385, 4726, 2705, 315, 384, 352, 262, 3121, 288, 58120, 288, 466, 877, 1297, 845, 260, 358, 260, 366, 970, 264, 19764, 260, 4279, 14666, 265, 262, 20296, 1692, 323, 2, 0, 0, 0, 0, 0, 0, 0, 0, 0, 0, 0, 0, 0, 0, 0, 0, 0, 0, 0, 0, 0, 0, 0, 0, 0, 0, 0, 0, 0, 0, 0, 0, 0, 0, 0, 0, 0, 0, 0, 0, 0, 0, 0, 0, 0, 0, 0, 0, 0, 0, 0, 0, 0, 0, 0, 0, 0, 0, 0, 0, 0, 0, 0, 0, 0, 0, 0, 0, 0, 0, 0, 0, 0, 0, 0, 0, 0, 0, 0, 0, 0, 0, 0, 0, 0, 0, 0, 0, 0, 0, 0, 0, 0, 0, 0, 0, 0, 0, 0, 0, 0, 0, 0, 0, 0, 0, 0, 0, 0, 0, 0, 0, 0, 0, 0, 0, 0, 0, 0, 0, 0, 0, 0, 0, 0, 0, 0, 0, 0, 0, 0, 0, 0, 0, 0, 0, 0, 0, 0, 0, 0, 0, 0, 0, 0, 0, 0, 0, 0, 0, 0, 0, 0, 0, 0, 0, 0, 0, 0, 0, 0, 0, 0, 0, 0, 0, 0, 0, 0, 0, 0, 0, 0, 0, 0, 0, 0, 0, 0, 0, 0, 0, 0, 0, 0, 0, 0, 0, 0, 0, 0, 0, 0, 0, 0, 0, 0, 0, 0, 0, 0, 0, 0, 0, 0, 0, 0, 0, 0, 0, 0, 0, 0, 0, 0, 0, 0, 0, 0, 0, 0, 0, 0, 0, 0, 0, 0, 0, 0, 0, 0, 0, 0, 0, 0, 0, 0, 0, 0, 0, 0, 0, 0, 0, 0, 0, 0, 0, 0, 0, 0, 0, 0, 0, 0, 0, 0, 0, 0, 0, 0, 0, 0, 0, 0, 0, 0, 0, 0, 0, 0, 0, 0, 0, 0, 0, 0, 0, 0, 0, 0, 0, 0, 0, 0, 0, 0, 0, 0, 0, 0, 0, 0, 0, 0, 0, 0, 0, 0, 0, 0, 0, 0, 0, 0, 0, 0, 0, 0, 0, 0, 0, 0, 0, 0, 0, 0, 0, 0, 0, 0, 0, 0, 0, 0, 0, 0, 0, 0, 0, 0, 0, 0, 0, 0, 0, 0, 0, 0, 0, 0, 0, 0, 0, 0, 0, 0, 0, 0, 0, 0, 0, 0, 0, 0, 0, 0, 0, 0, 0, 0, 0, 0, 0, 0, 0, 0, 0, 0, 0, 0, 0, 0, 0, 0, 0, 0, 0, 0, 0, 0, 0, 0, 0, 0, 0, 0, 0, 0, 0, 0, 0, 0, 0, 0, 0, 0, 0, 0, 0, 0, 0, 0, 0, 0, 0, 0, 0, 0, 0, 0, 0, 0, 0, 0, 0, 0, 0, 0, 0, 0, 0, 0, 0, 0, 0, 0, 0, 0, 0, 0, 0, 0, 0, 0, 0, 0, 0, 0, 0, 0, 0, 0, 0, 0, 0, 0, 0, 0, 0, 0, 0, 0, 0, 0, 0, 0], 'token_type_ids': [0, 0, 0, 0, 0, 0, 0, 0, 0, 0, 0, 0, 0, 0, 0, 0, 0, 0, 0, 0, 0, 0, 0, 0, 0, 0, 0, 0, 0, 0, 0, 0, 0, 0, 0, 0, 0, 0, 0, 0, 0, 0, 0, 0, 0, 0, 0, 0, 0, 0, 0, 0, 0, 0, 0, 0, 0, 0, 0, 0, 0, 0, 0, 0, 0, 0, 0, 0, 0, 0, 0, 0, 0, 0, 0, 0, 0, 0, 0, 0, 0, 0, 0, 0, 0, 0, 0, 0, 0, 0, 0, 0, 0, 0, 0, 0, 0, 0, 0, 0, 0, 0, 0, 0, 0, 0, 0, 0, 0, 0, 0, 0, 0, 0, 0, 0, 0, 0, 0, 0, 0, 0, 0, 0, 0, 0, 0, 0, 0, 0, 0, 0, 0, 0, 0, 0, 0, 0, 0, 0, 0, 0, 0, 0, 0, 0, 0, 0, 0, 0, 0, 0, 0, 0, 0, 0, 0, 0, 0, 0, 0, 0, 0, 0, 0, 0, 0, 0, 0, 0, 0, 0, 0, 0, 0, 0, 0, 0, 0, 0, 0, 0, 0, 0, 0, 0, 0, 0, 0, 0, 0, 0, 0, 0, 0, 0, 0, 0, 0, 0, 0, 0, 0, 0, 0, 0, 0, 0, 0, 0, 0, 0, 0, 0, 0, 0, 0, 0, 0, 0, 0, 0, 0, 0, 0, 0, 0, 0, 0, 0, 0, 0, 0, 0, 0, 0, 0, 0, 0, 0, 0, 0, 0, 0, 0, 0, 0, 0, 0, 0, 0, 0, 0, 0, 0, 0, 0, 0, 0, 0, 0, 0, 0, 0, 0, 0, 0, 0, 0, 0, 0, 0, 0, 0, 0, 0, 0, 0, 0, 0, 0, 0, 0, 0, 0, 0, 0, 0, 0, 0, 0, 0, 0, 0, 0, 0, 0, 0, 0, 0, 0, 0, 0, 0, 0, 0, 0, 0, 0, 0, 0, 0, 0, 0, 0, 0, 0, 0, 0, 0, 0, 0, 0, 0, 0, 0, 0, 0, 0, 0, 0, 0, 0, 0, 0, 0, 0, 0, 0, 0, 0, 0, 0, 0, 0, 0, 0, 0, 0, 0, 0, 0, 0, 0, 0, 0, 0, 0, 0, 0, 0, 0, 0, 0, 0, 0, 0, 0, 0, 0, 0, 0, 0, 0, 0, 0, 0, 0, 0, 0, 0, 0, 0, 0, 0, 0, 0, 0, 0, 0, 0, 0, 0, 0, 0, 0, 0, 0, 0, 0, 0, 0, 0, 0, 0, 0, 0, 0, 0, 0, 0, 0, 0, 0, 0, 0, 0, 0, 0, 0, 0, 0, 0, 0, 0, 0, 0, 0, 0, 0, 0, 0, 0, 0, 0, 0, 0, 0, 0, 0, 0, 0, 0, 0, 0, 0, 0, 0, 0, 0, 0, 0, 0, 0, 0, 0, 0, 0, 0, 0, 0, 0, 0, 0, 0, 0, 0, 0, 0, 0, 0, 0, 0, 0, 0, 0, 0, 0, 0, 0, 0, 0, 0, 0, 0, 0, 0, 0, 0, 0, 0, 0, 0, 0, 0, 0, 0, 0, 0, 0, 0, 0, 0, 0, 0, 0, 0, 0, 0, 0, 0, 0], 'attention_mask': [1, 1, 1, 1, 1, 1, 1, 1, 1, 1, 1, 1, 1, 1, 1, 1, 1, 1, 1, 1, 1, 1, 1, 1, 1, 1, 1, 1, 1, 1, 1, 1, 1, 1, 1, 1, 1, 1, 1, 1, 1, 1, 1, 1, 1, 1, 1, 1, 1, 1, 1, 1, 1, 1, 1, 0, 0, 0, 0, 0, 0, 0, 0, 0, 0, 0, 0, 0, 0, 0, 0, 0, 0, 0, 0, 0, 0, 0, 0, 0, 0, 0, 0, 0, 0, 0, 0, 0, 0, 0, 0, 0, 0, 0, 0, 0, 0, 0, 0, 0, 0, 0, 0, 0, 0, 0, 0, 0, 0, 0, 0, 0, 0, 0, 0, 0, 0, 0, 0, 0, 0, 0, 0, 0, 0, 0, 0, 0, 0, 0, 0, 0, 0, 0, 0, 0, 0, 0, 0, 0, 0, 0, 0, 0, 0, 0, 0, 0, 0, 0, 0, 0, 0, 0, 0, 0, 0, 0, 0, 0, 0, 0, 0, 0, 0, 0, 0, 0, 0, 0, 0, 0, 0, 0, 0, 0, 0, 0, 0, 0, 0, 0, 0, 0, 0, 0, 0, 0, 0, 0, 0, 0, 0, 0, 0, 0, 0, 0, 0, 0, 0, 0, 0, 0, 0, 0, 0, 0, 0, 0, 0, 0, 0, 0, 0, 0, 0, 0, 0, 0, 0, 0, 0, 0, 0, 0, 0, 0, 0, 0, 0, 0, 0, 0, 0, 0, 0, 0, 0, 0, 0, 0, 0, 0, 0, 0, 0, 0, 0, 0, 0, 0, 0, 0, 0, 0, 0, 0, 0, 0, 0, 0, 0, 0, 0, 0, 0, 0, 0, 0, 0, 0, 0, 0, 0, 0, 0, 0, 0, 0, 0, 0, 0, 0, 0, 0, 0, 0, 0, 0, 0, 0, 0, 0, 0, 0, 0, 0, 0, 0, 0, 0, 0, 0, 0, 0, 0, 0, 0, 0, 0, 0, 0, 0, 0, 0, 0, 0, 0, 0, 0, 0, 0, 0, 0, 0, 0, 0, 0, 0, 0, 0, 0, 0, 0, 0, 0, 0, 0, 0, 0, 0, 0, 0, 0, 0, 0, 0, 0, 0, 0, 0, 0, 0, 0, 0, 0, 0, 0, 0, 0, 0, 0, 0, 0, 0, 0, 0, 0, 0, 0, 0, 0, 0, 0, 0, 0, 0, 0, 0, 0, 0, 0, 0, 0, 0, 0, 0, 0, 0, 0, 0, 0, 0, 0, 0, 0, 0, 0, 0, 0, 0, 0, 0, 0, 0, 0, 0, 0, 0, 0, 0, 0, 0, 0, 0, 0, 0, 0, 0, 0, 0, 0, 0, 0, 0, 0, 0, 0, 0, 0, 0, 0, 0, 0, 0, 0, 0, 0, 0, 0, 0, 0, 0, 0, 0, 0, 0, 0, 0, 0, 0, 0, 0, 0, 0, 0, 0, 0, 0, 0, 0, 0, 0, 0, 0, 0, 0, 0, 0, 0, 0, 0, 0, 0, 0, 0, 0, 0, 0, 0, 0, 0, 0, 0, 0, 0, 0, 0, 0, 0, 0, 0, 0, 0, 0, 0, 0, 0, 0, 0, 0, 0, 0, 0, 0, 0, 0, 0, 0, 0, 0], 'label': 0}.
07/22/2025 06:29:54 - INFO - __main__ - Metrics loaded: macro-F1, micro-F1, accuracy
/project/hrao/imbalance/re_loss/run_re.py:726: FutureWarning: `tokenizer` is deprecated and will be removed in version 5.0.0 for `SequenceTrainer.__init__`. Use `processing_class` instead.
  super().__init__(*args, **kwargs)
[INFO|trainer.py:2409] 2025-07-22 06:29:54,462 >> ***** Running training *****
[INFO|trainer.py:2410] 2025-07-22 06:29:54,462 >>   Num examples = 1,704
[INFO|trainer.py:2411] 2025-07-22 06:29:54,462 >>   Num Epochs = 8
[INFO|trainer.py:2412] 2025-07-22 06:29:54,462 >>   Instantaneous batch size per device = 32
[INFO|trainer.py:2415] 2025-07-22 06:29:54,462 >>   Total train batch size (w. parallel, distributed & accumulation) = 32
[INFO|trainer.py:2416] 2025-07-22 06:29:54,462 >>   Gradient Accumulation steps = 1
[INFO|trainer.py:2417] 2025-07-22 06:29:54,462 >>   Total optimization steps = 432
[INFO|trainer.py:2418] 2025-07-22 06:29:54,462 >>   Number of trainable parameters = 184,353,798

  0%|          | 0/432 [00:00<?, ?it/s]
  0%|          | 1/432 [00:00<04:21,  1.65it/s]
  0%|          | 2/432 [00:01<03:40,  1.95it/s]
  1%|          | 3/432 [00:01<03:13,  2.21it/s]
  1%|          | 4/432 [00:01<03:01,  2.36it/s]
  1%|          | 5/432 [00:02<02:54,  2.45it/s]
  1%|▏         | 6/432 [00:02<02:49,  2.51it/s]
  2%|▏         | 7/432 [00:02<02:46,  2.55it/s]
  2%|▏         | 8/432 [00:03<02:44,  2.57it/s]
  2%|▏         | 9/432 [00:03<02:43,  2.59it/s]
  2%|▏         | 10/432 [00:04<02:42,  2.60it/s]
  3%|▎         | 11/432 [00:04<02:41,  2.61it/s]
  3%|▎         | 12/432 [00:04<02:40,  2.62it/s]
  3%|▎         | 13/432 [00:05<02:39,  2.62it/s]
  3%|▎         | 14/432 [00:05<02:39,  2.63it/s]
  3%|▎         | 15/432 [00:05<02:38,  2.63it/s]
  4%|▎         | 16/432 [00:06<02:38,  2.63it/s]
  4%|▍         | 17/432 [00:06<02:37,  2.63it/s]
  4%|▍         | 18/432 [00:07<02:37,  2.63it/s]
  4%|▍         | 19/432 [00:07<02:36,  2.63it/s]
  5%|▍         | 20/432 [00:07<02:36,  2.63it/s]
  5%|▍         | 21/432 [00:08<02:36,  2.63it/s]
  5%|▌         | 22/432 [00:08<02:35,  2.63it/s]
  5%|▌         | 23/432 [00:09<02:35,  2.63it/s]
  6%|▌         | 24/432 [00:09<02:35,  2.63it/s]
  6%|▌         | 25/432 [00:09<02:34,  2.63it/s]
  6%|▌         | 26/432 [00:10<02:34,  2.63it/s]
  6%|▋         | 27/432 [00:10<02:34,  2.63it/s]
  6%|▋         | 28/432 [00:10<02:33,  2.63it/s]
  7%|▋         | 29/432 [00:11<02:33,  2.63it/s]
  7%|▋         | 30/432 [00:11<02:32,  2.63it/s]
  7%|▋         | 31/432 [00:12<02:32,  2.63it/s]
  7%|▋         | 32/432 [00:12<02:32,  2.63it/s]
  8%|▊         | 33/432 [00:12<02:31,  2.63it/s]
  8%|▊         | 34/432 [00:13<02:31,  2.63it/s]
  8%|▊         | 35/432 [00:13<02:30,  2.63it/s]
  8%|▊         | 36/432 [00:13<02:30,  2.63it/s]
  9%|▊         | 37/432 [00:14<02:30,  2.63it/s]
  9%|▉         | 38/432 [00:14<02:29,  2.63it/s]
  9%|▉         | 39/432 [00:15<02:29,  2.63it/s]
  9%|▉         | 40/432 [00:15<02:28,  2.63it/s]
  9%|▉         | 41/432 [00:15<02:28,  2.63it/s]
 10%|▉         | 42/432 [00:16<02:28,  2.63it/s]
 10%|▉         | 43/432 [00:16<02:27,  2.63it/s]
 10%|█         | 44/432 [00:17<02:27,  2.63it/s]
 10%|█         | 45/432 [00:17<02:26,  2.63it/s]
 11%|█         | 46/432 [00:17<02:26,  2.63it/s]
 11%|█         | 47/432 [00:18<02:26,  2.63it/s]
 11%|█         | 48/432 [00:18<02:25,  2.63it/s]
 11%|█▏        | 49/432 [00:18<02:25,  2.63it/s]
 12%|█▏        | 50/432 [00:19<02:25,  2.63it/s]
                                                

 12%|█▏        | 50/432 [00:19<02:25,  2.63it/s]
 12%|█▏        | 51/432 [00:19<02:25,  2.62it/s]
 12%|█▏        | 52/432 [00:20<02:24,  2.62it/s]
 12%|█▏        | 53/432 [00:20<02:23,  2.65it/s]
 12%|█▎        | 54/432 [00:20<01:52,  3.35it/s]
 13%|█▎        | 55/432 [00:20<02:03,  3.06it/s]
 13%|█▎        | 56/432 [00:21<02:08,  2.92it/s]
 13%|█▎        | 57/432 [00:21<02:12,  2.83it/s]
 13%|█▎        | 58/432 [00:22<02:15,  2.77it/s]
 14%|█▎        | 59/432 [00:22<02:16,  2.72it/s]
 14%|█▍        | 60/432 [00:22<02:17,  2.70it/s]
 14%|█▍        | 61/432 [00:23<02:18,  2.68it/s]
 14%|█▍        | 62/432 [00:23<02:18,  2.66it/s]
 15%|█▍        | 63/432 [00:23<02:19,  2.65it/s]
 15%|█▍        | 64/432 [00:24<02:19,  2.65it/s]
 15%|█▌        | 65/432 [00:24<02:18,  2.64it/s]
 15%|█▌        | 66/432 [00:25<02:18,  2.64it/s]
 16%|█▌        | 67/432 [00:25<02:18,  2.64it/s]
 16%|█▌        | 68/432 [00:25<02:18,  2.64it/s]
 16%|█▌        | 69/432 [00:26<02:17,  2.63it/s]
 16%|█▌        | 70/432 [00:26<02:17,  2.63it/s]
 16%|█▋        | 71/432 [00:27<02:17,  2.63it/s]
 17%|█▋        | 72/432 [00:27<02:16,  2.63it/s]
 17%|█▋        | 73/432 [00:27<02:16,  2.63it/s]
 17%|█▋        | 74/432 [00:28<02:15,  2.63it/s]
 17%|█▋        | 75/432 [00:28<02:15,  2.63it/s]
 18%|█▊        | 76/432 [00:28<02:15,  2.63it/s]
 18%|█▊        | 77/432 [00:29<02:14,  2.63it/s]
 18%|█▊        | 78/432 [00:29<02:14,  2.63it/s]
 18%|█▊        | 79/432 [00:30<02:14,  2.63it/s]
 19%|█▊        | 80/432 [00:30<02:13,  2.63it/s]
 19%|█▉        | 81/432 [00:30<02:13,  2.63it/s]
 19%|█▉        | 82/432 [00:31<02:12,  2.63it/s]
 19%|█▉        | 83/432 [00:31<02:12,  2.63it/s]
 19%|█▉        | 84/432 [00:31<02:12,  2.63it/s]
 20%|█▉        | 85/432 [00:32<02:11,  2.63it/s]
 20%|█▉        | 86/432 [00:32<02:11,  2.63it/s]
 20%|██        | 87/432 [00:33<02:11,  2.63it/s]
 20%|██        | 88/432 [00:33<02:10,  2.63it/s]
 21%|██        | 89/432 [00:33<02:10,  2.63it/s]
 21%|██        | 90/432 [00:34<02:09,  2.63it/s]
 21%|██        | 91/432 [00:34<02:09,  2.63it/s]
 21%|██▏       | 92/432 [00:34<02:09,  2.63it/s]
 22%|██▏       | 93/432 [00:35<02:08,  2.63it/s]
 22%|██▏       | 94/432 [00:35<02:08,  2.63it/s]
 22%|██▏       | 95/432 [00:36<02:08,  2.63it/s]
 22%|██▏       | 96/432 [00:36<02:07,  2.63it/s]
 22%|██▏       | 97/432 [00:36<02:07,  2.63it/s]
 23%|██▎       | 98/432 [00:37<02:06,  2.63it/s]
 23%|██▎       | 99/432 [00:37<02:06,  2.63it/s]
 23%|██▎       | 100/432 [00:38<02:06,  2.63it/s]
                                                 

 23%|██▎       | 100/432 [00:38<02:06,  2.63it/s]
 23%|██▎       | 101/432 [00:38<02:06,  2.62it/s]
 24%|██▎       | 102/432 [00:38<02:05,  2.63it/s]
 24%|██▍       | 103/432 [00:39<02:05,  2.63it/s]
 24%|██▍       | 104/432 [00:39<02:04,  2.63it/s]
 24%|██▍       | 105/432 [00:39<02:04,  2.63it/s]
 25%|██▍       | 106/432 [00:40<02:03,  2.63it/s]
 25%|██▍       | 107/432 [00:40<02:02,  2.65it/s]
 25%|██▌       | 108/432 [00:40<01:36,  3.36it/s]
 25%|██▌       | 109/432 [00:41<01:45,  3.07it/s]
 25%|██▌       | 110/432 [00:41<01:50,  2.92it/s]
 26%|██▌       | 111/432 [00:41<01:53,  2.83it/s]
 26%|██▌       | 112/432 [00:42<01:55,  2.77it/s]
 26%|██▌       | 113/432 [00:42<01:57,  2.73it/s]
 26%|██▋       | 114/432 [00:43<01:57,  2.70it/s]
 27%|██▋       | 115/432 [00:43<01:58,  2.68it/s]
 27%|██▋       | 116/432 [00:43<01:58,  2.66it/s]
 27%|██▋       | 117/432 [00:44<01:58,  2.65it/s]
 27%|██▋       | 118/432 [00:44<01:58,  2.65it/s]
 28%|██▊       | 119/432 [00:44<01:58,  2.64it/s]
 28%|██▊       | 120/432 [00:45<01:58,  2.64it/s]
 28%|██▊       | 121/432 [00:45<01:57,  2.64it/s]
 28%|██▊       | 122/432 [00:46<01:57,  2.64it/s]
 28%|██▊       | 123/432 [00:46<01:57,  2.63it/s]
 29%|██▊       | 124/432 [00:46<01:56,  2.63it/s]
 29%|██▉       | 125/432 [00:47<01:56,  2.63it/s]
 29%|██▉       | 126/432 [00:47<01:56,  2.63it/s]
 29%|██▉       | 127/432 [00:48<01:55,  2.63it/s]
 30%|██▉       | 128/432 [00:48<01:55,  2.63it/s]
 30%|██▉       | 129/432 [00:48<01:55,  2.63it/s]
 30%|███       | 130/432 [00:49<01:54,  2.63it/s]
 30%|███       | 131/432 [00:49<01:54,  2.63it/s]
 31%|███       | 132/432 [00:49<01:53,  2.63it/s]
 31%|███       | 133/432 [00:50<01:53,  2.63it/s]
 31%|███       | 134/432 [00:50<01:53,  2.63it/s]
 31%|███▏      | 135/432 [00:51<01:52,  2.63it/s]
 31%|███▏      | 136/432 [00:51<01:52,  2.63it/s]
 32%|███▏      | 137/432 [00:51<01:52,  2.63it/s]
 32%|███▏      | 138/432 [00:52<01:51,  2.63it/s]
 32%|███▏      | 139/432 [00:52<01:51,  2.63it/s]
 32%|███▏      | 140/432 [00:52<01:50,  2.63it/s]
 33%|███▎      | 141/432 [00:53<01:50,  2.63it/s]
 33%|███▎      | 142/432 [00:53<01:50,  2.63it/s]
 33%|███▎      | 143/432 [00:54<01:49,  2.63it/s]
 33%|███▎      | 144/432 [00:54<01:49,  2.63it/s]
 34%|███▎      | 145/432 [00:54<01:49,  2.63it/s]
 34%|███▍      | 146/432 [00:55<01:48,  2.63it/s]
 34%|███▍      | 147/432 [00:55<01:48,  2.63it/s]
 34%|███▍      | 148/432 [00:56<01:47,  2.63it/s]
 34%|███▍      | 149/432 [00:56<01:47,  2.63it/s]
 35%|███▍      | 150/432 [00:56<01:47,  2.63it/s]
                                                 

 35%|███▍      | 150/432 [00:56<01:47,  2.63it/s]
 35%|███▍      | 151/432 [00:57<01:47,  2.63it/s]
 35%|███▌      | 152/432 [00:57<01:46,  2.63it/s]
 35%|███▌      | 153/432 [00:57<01:46,  2.63it/s]
 36%|███▌      | 154/432 [00:58<01:45,  2.63it/s]
 36%|███▌      | 155/432 [00:58<01:45,  2.63it/s]
 36%|███▌      | 156/432 [00:59<01:44,  2.63it/s]
 36%|███▋      | 157/432 [00:59<01:44,  2.63it/s]
 37%|███▋      | 158/432 [00:59<01:44,  2.63it/s]
 37%|███▋      | 159/432 [01:00<01:43,  2.63it/s]
 37%|███▋      | 160/432 [01:00<01:43,  2.63it/s]
 37%|███▋      | 161/432 [01:00<01:42,  2.65it/s]
 38%|███▊      | 162/432 [01:01<01:20,  3.36it/s]
 38%|███▊      | 163/432 [01:01<01:27,  3.07it/s]
 38%|███▊      | 164/432 [01:01<01:31,  2.93it/s]
 38%|███▊      | 165/432 [01:02<01:34,  2.83it/s]
 38%|███▊      | 166/432 [01:02<01:36,  2.77it/s]
 39%|███▊      | 167/432 [01:02<01:37,  2.73it/s]
 39%|███▉      | 168/432 [01:03<01:37,  2.70it/s]
 39%|███▉      | 169/432 [01:03<01:38,  2.68it/s]
 39%|███▉      | 170/432 [01:04<01:38,  2.66it/s]
 40%|███▉      | 171/432 [01:04<01:38,  2.65it/s]
 40%|███▉      | 172/432 [01:04<01:38,  2.65it/s]
 40%|████      | 173/432 [01:05<01:37,  2.64it/s]
 40%|████      | 174/432 [01:05<01:37,  2.64it/s]
 41%|████      | 175/432 [01:05<01:37,  2.64it/s]
 41%|████      | 176/432 [01:06<01:37,  2.64it/s]
 41%|████      | 177/432 [01:06<01:36,  2.63it/s]
 41%|████      | 178/432 [01:07<01:36,  2.63it/s]
 41%|████▏     | 179/432 [01:07<01:36,  2.63it/s]
 42%|████▏     | 180/432 [01:07<01:35,  2.63it/s]
 42%|████▏     | 181/432 [01:08<01:35,  2.63it/s]
 42%|████▏     | 182/432 [01:08<01:34,  2.63it/s]
 42%|████▏     | 183/432 [01:09<01:34,  2.63it/s]
 43%|████▎     | 184/432 [01:09<01:34,  2.63it/s]
 43%|████▎     | 185/432 [01:09<01:33,  2.63it/s]
 43%|████▎     | 186/432 [01:10<01:33,  2.63it/s]
 43%|████▎     | 187/432 [01:10<01:33,  2.63it/s]
 44%|████▎     | 188/432 [01:10<01:32,  2.63it/s]
 44%|████▍     | 189/432 [01:11<01:32,  2.63it/s]
 44%|████▍     | 190/432 [01:11<01:31,  2.63it/s]
 44%|████▍     | 191/432 [01:12<01:31,  2.63it/s]
 44%|████▍     | 192/432 [01:12<01:31,  2.63it/s]
 45%|████▍     | 193/432 [01:12<01:30,  2.63it/s]
 45%|████▍     | 194/432 [01:13<01:30,  2.63it/s]
 45%|████▌     | 195/432 [01:13<01:30,  2.63it/s]
 45%|████▌     | 196/432 [01:13<01:29,  2.63it/s]
 46%|████▌     | 197/432 [01:14<01:29,  2.63it/s]
 46%|████▌     | 198/432 [01:14<01:28,  2.63it/s]
 46%|████▌     | 199/432 [01:15<01:28,  2.63it/s]
 46%|████▋     | 200/432 [01:15<01:28,  2.63it/s]
                                                 

 46%|████▋     | 200/432 [01:15<01:28,  2.63it/s]
 47%|████▋     | 201/432 [01:15<01:28,  2.62it/s]
 47%|████▋     | 202/432 [01:16<01:27,  2.63it/s]
 47%|████▋     | 203/432 [01:16<01:27,  2.63it/s]
 47%|████▋     | 204/432 [01:17<01:26,  2.63it/s]
 47%|████▋     | 205/432 [01:17<01:26,  2.63it/s]
 48%|████▊     | 206/432 [01:17<01:25,  2.63it/s]
 48%|████▊     | 207/432 [01:18<01:25,  2.63it/s]
 48%|████▊     | 208/432 [01:18<01:25,  2.63it/s]
 48%|████▊     | 209/432 [01:18<01:24,  2.63it/s]
 49%|████▊     | 210/432 [01:19<01:24,  2.63it/s]
 49%|████▉     | 211/432 [01:19<01:24,  2.63it/s]
 49%|████▉     | 212/432 [01:20<01:23,  2.63it/s]
 49%|████▉     | 213/432 [01:20<01:23,  2.63it/s]
 50%|████▉     | 214/432 [01:20<01:22,  2.63it/s]
 50%|████▉     | 215/432 [01:21<01:21,  2.65it/s]
 50%|█████     | 216/432 [01:21<01:04,  3.37it/s]
 50%|█████     | 217/432 [01:21<01:09,  3.07it/s]
 50%|█████     | 218/432 [01:22<01:13,  2.93it/s]
 51%|█████     | 219/432 [01:22<01:15,  2.83it/s]
 51%|█████     | 220/432 [01:22<01:16,  2.77it/s]
 51%|█████     | 221/432 [01:23<01:17,  2.73it/s]
 51%|█████▏    | 222/432 [01:23<01:17,  2.70it/s]
 52%|█████▏    | 223/432 [01:23<01:18,  2.68it/s]
 52%|█████▏    | 224/432 [01:24<01:18,  2.66it/s]
 52%|█████▏    | 225/432 [01:24<01:17,  2.65it/s]
 52%|█████▏    | 226/432 [01:25<01:17,  2.65it/s]
 53%|█████▎    | 227/432 [01:25<01:17,  2.64it/s]
 53%|█████▎    | 228/432 [01:25<01:17,  2.64it/s]
 53%|█████▎    | 229/432 [01:26<01:16,  2.64it/s]
 53%|█████▎    | 230/432 [01:26<01:16,  2.64it/s]
 53%|█████▎    | 231/432 [01:27<01:16,  2.63it/s]
 54%|█████▎    | 232/432 [01:27<01:15,  2.63it/s]
 54%|█████▍    | 233/432 [01:27<01:15,  2.63it/s]
 54%|█████▍    | 234/432 [01:28<01:15,  2.63it/s]
 54%|█████▍    | 235/432 [01:28<01:14,  2.63it/s]
 55%|█████▍    | 236/432 [01:28<01:14,  2.63it/s]
 55%|█████▍    | 237/432 [01:29<01:14,  2.63it/s]
 55%|█████▌    | 238/432 [01:29<01:13,  2.63it/s]
 55%|█████▌    | 239/432 [01:30<01:13,  2.63it/s]
 56%|█████▌    | 240/432 [01:30<01:12,  2.63it/s]
 56%|█████▌    | 241/432 [01:30<01:12,  2.63it/s]
 56%|█████▌    | 242/432 [01:31<01:12,  2.63it/s]
 56%|█████▋    | 243/432 [01:31<01:11,  2.63it/s]
 56%|█████▋    | 244/432 [01:31<01:11,  2.63it/s]
 57%|█████▋    | 245/432 [01:32<01:11,  2.63it/s]
 57%|█████▋    | 246/432 [01:32<01:10,  2.63it/s]
 57%|█████▋    | 247/432 [01:33<01:10,  2.63it/s]
 57%|█████▋    | 248/432 [01:33<01:09,  2.63it/s]
 58%|█████▊    | 249/432 [01:33<01:09,  2.63it/s]
 58%|█████▊    | 250/432 [01:34<01:09,  2.63it/s]
                                                 

 58%|█████▊    | 250/432 [01:34<01:09,  2.63it/s]
 58%|█████▊    | 251/432 [01:34<01:09,  2.62it/s]
 58%|█████▊    | 252/432 [01:34<01:08,  2.62it/s]
 59%|█████▊    | 253/432 [01:35<01:08,  2.62it/s]
 59%|█████▉    | 254/432 [01:35<01:07,  2.62it/s]
 59%|█████▉    | 255/432 [01:36<01:07,  2.63it/s]
 59%|█████▉    | 256/432 [01:36<01:07,  2.63it/s]
 59%|█████▉    | 257/432 [01:36<01:06,  2.63it/s]
 60%|█████▉    | 258/432 [01:37<01:06,  2.63it/s]
 60%|█████▉    | 259/432 [01:37<01:05,  2.63it/s]
 60%|██████    | 260/432 [01:38<01:05,  2.63it/s]
 60%|██████    | 261/432 [01:38<01:05,  2.62it/s]
 61%|██████    | 262/432 [01:38<01:04,  2.62it/s]
 61%|██████    | 263/432 [01:39<01:04,  2.62it/s]
 61%|██████    | 264/432 [01:39<01:04,  2.62it/s]
 61%|██████▏   | 265/432 [01:39<01:03,  2.63it/s]
 62%|██████▏   | 266/432 [01:40<01:03,  2.63it/s]
 62%|██████▏   | 267/432 [01:40<01:02,  2.63it/s]
 62%|██████▏   | 268/432 [01:41<01:02,  2.63it/s]
 62%|██████▏   | 269/432 [01:41<01:01,  2.65it/s]
 62%|██████▎   | 270/432 [01:41<00:48,  3.36it/s]
 63%|██████▎   | 271/432 [01:41<00:52,  3.07it/s]
 63%|██████▎   | 272/432 [01:42<00:54,  2.92it/s]
 63%|██████▎   | 273/432 [01:42<00:56,  2.83it/s]
 63%|██████▎   | 274/432 [01:43<00:57,  2.77it/s]
 64%|██████▎   | 275/432 [01:43<00:57,  2.72it/s]
 64%|██████▍   | 276/432 [01:43<00:57,  2.69it/s]
 64%|██████▍   | 277/432 [01:44<00:57,  2.67it/s]
 64%|██████▍   | 278/432 [01:44<00:57,  2.66it/s]
 65%|██████▍   | 279/432 [01:45<00:57,  2.65it/s]
 65%|██████▍   | 280/432 [01:45<00:57,  2.65it/s]
 65%|██████▌   | 281/432 [01:45<00:57,  2.64it/s]
 65%|██████▌   | 282/432 [01:46<00:56,  2.64it/s]
 66%|██████▌   | 283/432 [01:46<00:56,  2.64it/s]
 66%|██████▌   | 284/432 [01:46<00:56,  2.63it/s]
 66%|██████▌   | 285/432 [01:47<00:55,  2.63it/s]
 66%|██████▌   | 286/432 [01:47<00:55,  2.63it/s]
 66%|██████▋   | 287/432 [01:48<00:55,  2.63it/s]
 67%|██████▋   | 288/432 [01:48<00:54,  2.63it/s]
 67%|██████▋   | 289/432 [01:48<00:54,  2.63it/s]
 67%|██████▋   | 290/432 [01:49<00:54,  2.63it/s]
 67%|██████▋   | 291/432 [01:49<00:53,  2.63it/s]
 68%|██████▊   | 292/432 [01:49<00:53,  2.63it/s]
 68%|██████▊   | 293/432 [01:50<00:52,  2.63it/s]
 68%|██████▊   | 294/432 [01:50<00:52,  2.63it/s]
 68%|██████▊   | 295/432 [01:51<00:52,  2.63it/s]
 69%|██████▊   | 296/432 [01:51<00:51,  2.63it/s]
 69%|██████▉   | 297/432 [01:51<00:51,  2.63it/s]
 69%|██████▉   | 298/432 [01:52<00:51,  2.63it/s]
 69%|██████▉   | 299/432 [01:52<00:50,  2.63it/s]
 69%|██████▉   | 300/432 [01:52<00:50,  2.63it/s]
                                                 

 69%|██████▉   | 300/432 [01:52<00:50,  2.63it/s]
 70%|██████▉   | 301/432 [01:53<00:49,  2.62it/s]
 70%|██████▉   | 302/432 [01:53<00:49,  2.62it/s]
 70%|███████   | 303/432 [01:54<00:49,  2.63it/s]
 70%|███████   | 304/432 [01:54<00:48,  2.63it/s]
 71%|███████   | 305/432 [01:54<00:48,  2.63it/s]
 71%|███████   | 306/432 [01:55<00:47,  2.63it/s]
 71%|███████   | 307/432 [01:55<00:47,  2.63it/s]
 71%|███████▏  | 308/432 [01:56<00:47,  2.63it/s]
 72%|███████▏  | 309/432 [01:56<00:46,  2.63it/s]
 72%|███████▏  | 310/432 [01:56<00:46,  2.63it/s]
 72%|███████▏  | 311/432 [01:57<00:45,  2.63it/s]
 72%|███████▏  | 312/432 [01:57<00:45,  2.63it/s]
 72%|███████▏  | 313/432 [01:57<00:45,  2.63it/s]
 73%|███████▎  | 314/432 [01:58<00:44,  2.63it/s]
 73%|███████▎  | 315/432 [01:58<00:44,  2.63it/s]
 73%|███████▎  | 316/432 [01:59<00:44,  2.63it/s]
 73%|███████▎  | 317/432 [01:59<00:43,  2.63it/s]
 74%|███████▎  | 318/432 [01:59<00:43,  2.63it/s]
 74%|███████▍  | 319/432 [02:00<00:42,  2.63it/s]
 74%|███████▍  | 320/432 [02:00<00:42,  2.63it/s]
 74%|███████▍  | 321/432 [02:00<00:42,  2.63it/s]
 75%|███████▍  | 322/432 [02:01<00:41,  2.63it/s]
 75%|███████▍  | 323/432 [02:01<00:41,  2.65it/s]
 75%|███████▌  | 324/432 [02:01<00:32,  3.37it/s]
 75%|███████▌  | 325/432 [02:02<00:34,  3.07it/s]
 75%|███████▌  | 326/432 [02:02<00:36,  2.93it/s]
 76%|███████▌  | 327/432 [02:02<00:37,  2.83it/s]
 76%|███████▌  | 328/432 [02:03<00:37,  2.77it/s]
 76%|███████▌  | 329/432 [02:03<00:37,  2.73it/s]
 76%|███████▋  | 330/432 [02:04<00:37,  2.70it/s]
 77%|███████▋  | 331/432 [02:04<00:37,  2.68it/s]
 77%|███████▋  | 332/432 [02:04<00:37,  2.66it/s]
 77%|███████▋  | 333/432 [02:05<00:37,  2.65it/s]
 77%|███████▋  | 334/432 [02:05<00:37,  2.65it/s]
 78%|███████▊  | 335/432 [02:06<00:36,  2.64it/s]
 78%|███████▊  | 336/432 [02:06<00:36,  2.64it/s]
 78%|███████▊  | 337/432 [02:06<00:36,  2.64it/s]
 78%|███████▊  | 338/432 [02:07<00:35,  2.64it/s]
 78%|███████▊  | 339/432 [02:07<00:35,  2.63it/s]
 79%|███████▊  | 340/432 [02:07<00:34,  2.63it/s]
 79%|███████▉  | 341/432 [02:08<00:34,  2.63it/s]
 79%|███████▉  | 342/432 [02:08<00:34,  2.63it/s]
 79%|███████▉  | 343/432 [02:09<00:33,  2.63it/s]
 80%|███████▉  | 344/432 [02:09<00:33,  2.63it/s]
 80%|███████▉  | 345/432 [02:09<00:33,  2.63it/s]
 80%|████████  | 346/432 [02:10<00:32,  2.63it/s]
 80%|████████  | 347/432 [02:10<00:32,  2.63it/s]
 81%|████████  | 348/432 [02:10<00:31,  2.63it/s]
 81%|████████  | 349/432 [02:11<00:31,  2.63it/s]
 81%|████████  | 350/432 [02:11<00:31,  2.63it/s]
                                                 

 81%|████████  | 350/432 [02:11<00:31,  2.63it/s]
 81%|████████▏ | 351/432 [02:12<00:30,  2.62it/s]
 81%|████████▏ | 352/432 [02:12<00:30,  2.63it/s]
 82%|████████▏ | 353/432 [02:12<00:30,  2.63it/s]
 82%|████████▏ | 354/432 [02:13<00:29,  2.63it/s]
 82%|████████▏ | 355/432 [02:13<00:29,  2.63it/s]
 82%|████████▏ | 356/432 [02:14<00:28,  2.63it/s]
 83%|████████▎ | 357/432 [02:14<00:28,  2.63it/s]
 83%|████████▎ | 358/432 [02:14<00:28,  2.63it/s]
 83%|████████▎ | 359/432 [02:15<00:27,  2.63it/s]
 83%|████████▎ | 360/432 [02:15<00:27,  2.63it/s]
 84%|████████▎ | 361/432 [02:15<00:26,  2.63it/s]
 84%|████████▍ | 362/432 [02:16<00:26,  2.63it/s]
 84%|████████▍ | 363/432 [02:16<00:26,  2.63it/s]
 84%|████████▍ | 364/432 [02:17<00:25,  2.63it/s]
 84%|████████▍ | 365/432 [02:17<00:25,  2.63it/s]
 85%|████████▍ | 366/432 [02:17<00:25,  2.63it/s]
 85%|████████▍ | 367/432 [02:18<00:24,  2.63it/s]
 85%|████████▌ | 368/432 [02:18<00:24,  2.63it/s]
 85%|████████▌ | 369/432 [02:18<00:23,  2.63it/s]
 86%|████████▌ | 370/432 [02:19<00:23,  2.63it/s]
 86%|████████▌ | 371/432 [02:19<00:23,  2.63it/s]
 86%|████████▌ | 372/432 [02:20<00:22,  2.63it/s]
 86%|████████▋ | 373/432 [02:20<00:22,  2.63it/s]
 87%|████████▋ | 374/432 [02:20<00:22,  2.63it/s]
 87%|████████▋ | 375/432 [02:21<00:21,  2.63it/s]
 87%|████████▋ | 376/432 [02:21<00:21,  2.63it/s]
 87%|████████▋ | 377/432 [02:21<00:20,  2.65it/s]
 88%|████████▊ | 378/432 [02:22<00:16,  3.37it/s]
 88%|████████▊ | 379/432 [02:22<00:17,  3.07it/s]
 88%|████████▊ | 380/432 [02:22<00:17,  2.92it/s]
 88%|████████▊ | 381/432 [02:23<00:18,  2.83it/s]
 88%|████████▊ | 382/432 [02:23<00:18,  2.77it/s]
 89%|████████▊ | 383/432 [02:24<00:17,  2.73it/s]
 89%|████████▉ | 384/432 [02:24<00:17,  2.70it/s]
 89%|████████▉ | 385/432 [02:24<00:17,  2.68it/s]
 89%|████████▉ | 386/432 [02:25<00:17,  2.66it/s]
 90%|████████▉ | 387/432 [02:25<00:16,  2.65it/s]
 90%|████████▉ | 388/432 [02:25<00:16,  2.65it/s]
 90%|█████████ | 389/432 [02:26<00:16,  2.64it/s]
 90%|█████████ | 390/432 [02:26<00:15,  2.64it/s]
 91%|█████████ | 391/432 [02:27<00:15,  2.64it/s]
 91%|█████████ | 392/432 [02:27<00:15,  2.63it/s]
 91%|█████████ | 393/432 [02:27<00:14,  2.63it/s]
 91%|█████████ | 394/432 [02:28<00:14,  2.63it/s]
 91%|█████████▏| 395/432 [02:28<00:14,  2.63it/s]
 92%|█████████▏| 396/432 [02:28<00:13,  2.63it/s]
 92%|█████████▏| 397/432 [02:29<00:13,  2.63it/s]
 92%|█████████▏| 398/432 [02:29<00:12,  2.63it/s]
 92%|█████████▏| 399/432 [02:30<00:12,  2.63it/s]
 93%|█████████▎| 400/432 [02:30<00:12,  2.63it/s]
                                                 

 93%|█████████▎| 400/432 [02:30<00:12,  2.63it/s]
 93%|█████████▎| 401/432 [02:30<00:11,  2.62it/s]
 93%|█████████▎| 402/432 [02:31<00:11,  2.63it/s]
 93%|█████████▎| 403/432 [02:31<00:11,  2.63it/s]
 94%|█████████▎| 404/432 [02:31<00:10,  2.63it/s]
 94%|█████████▍| 405/432 [02:32<00:10,  2.63it/s]
 94%|█████████▍| 406/432 [02:32<00:09,  2.63it/s]
 94%|█████████▍| 407/432 [02:33<00:09,  2.63it/s]
 94%|█████████▍| 408/432 [02:33<00:09,  2.63it/s]
 95%|█████████▍| 409/432 [02:33<00:08,  2.63it/s]
 95%|█████████▍| 410/432 [02:34<00:08,  2.63it/s]
 95%|█████████▌| 411/432 [02:34<00:07,  2.63it/s]
 95%|█████████▌| 412/432 [02:35<00:07,  2.63it/s]
 96%|█████████▌| 413/432 [02:35<00:07,  2.63it/s]
 96%|█████████▌| 414/432 [02:35<00:06,  2.63it/s]
 96%|█████████▌| 415/432 [02:36<00:06,  2.63it/s]
 96%|█████████▋| 416/432 [02:36<00:06,  2.63it/s]
 97%|█████████▋| 417/432 [02:36<00:05,  2.63it/s]
 97%|█████████▋| 418/432 [02:37<00:05,  2.63it/s]
 97%|█████████▋| 419/432 [02:37<00:04,  2.63it/s]
 97%|█████████▋| 420/432 [02:38<00:04,  2.63it/s]
 97%|█████████▋| 421/432 [02:38<00:04,  2.63it/s]
 98%|█████████▊| 422/432 [02:38<00:03,  2.63it/s]
 98%|█████████▊| 423/432 [02:39<00:03,  2.63it/s]
 98%|█████████▊| 424/432 [02:39<00:03,  2.63it/s]
 98%|█████████▊| 425/432 [02:39<00:02,  2.63it/s]
 99%|█████████▊| 426/432 [02:40<00:02,  2.63it/s]
 99%|█████████▉| 427/432 [02:40<00:01,  2.63it/s]
 99%|█████████▉| 428/432 [02:41<00:01,  2.63it/s]
 99%|█████████▉| 429/432 [02:41<00:01,  2.63it/s]
100%|█████████▉| 430/432 [02:41<00:00,  2.63it/s]
100%|█████████▉| 431/432 [02:42<00:00,  2.65it/s]
100%|██████████| 432/432 [02:42<00:00,  3.36it/s][INFO|trainer.py:3993] 2025-07-22 06:32:36,814 >> Saving model checkpoint to ./re_model_16503/checkpoint-432
[INFO|configuration_utils.py:424] 2025-07-22 06:32:36,817 >> Configuration saved in ./re_model_16503/checkpoint-432/config.json
[INFO|modeling_utils.py:3724] 2025-07-22 06:32:38,491 >> Model weights saved in ./re_model_16503/checkpoint-432/model.safetensors
[INFO|tokenization_utils_base.py:2525] 2025-07-22 06:32:38,539 >> tokenizer config file saved in ./re_model_16503/checkpoint-432/tokenizer_config.json
[INFO|tokenization_utils_base.py:2534] 2025-07-22 06:32:38,565 >> Special tokens file saved in ./re_model_16503/checkpoint-432/special_tokens_map.json
[INFO|trainer.py:2676] 2025-07-22 06:32:41,984 >> 

Training completed. Do not forget to share your model on huggingface.co/models =)



                                                 

100%|██████████| 432/432 [02:47<00:00,  3.36it/s]
100%|██████████| 432/432 [02:47<00:00,  2.58it/s]
[INFO|trainer.py:3993] 2025-07-22 06:32:42,004 >> Saving model checkpoint to ./re_model_16503
[INFO|configuration_utils.py:424] 2025-07-22 06:32:42,007 >> Configuration saved in ./re_model_16503/config.json
[INFO|modeling_utils.py:3724] 2025-07-22 06:32:43,773 >> Model weights saved in ./re_model_16503/model.safetensors
[INFO|tokenization_utils_base.py:2525] 2025-07-22 06:32:43,821 >> tokenizer config file saved in ./re_model_16503/tokenizer_config.json
[INFO|tokenization_utils_base.py:2534] 2025-07-22 06:32:43,847 >> Special tokens file saved in ./re_model_16503/special_tokens_map.json
{'loss': 1.315, 'grad_norm': 6.758110046386719, 'learning_rate': 4.4328703703703707e-05, 'epoch': 0.93}
{'loss': 0.5745, 'grad_norm': 4.81356954574585, 'learning_rate': 3.854166666666667e-05, 'epoch': 1.85}
{'loss': 0.275, 'grad_norm': 2.832653522491455, 'learning_rate': 3.275462962962963e-05, 'epoch': 2.78}
{'loss': 0.2268, 'grad_norm': 13.82579231262207, 'learning_rate': 2.6967592592592595e-05, 'epoch': 3.7}
{'loss': 0.1463, 'grad_norm': 2.0836668014526367, 'learning_rate': 2.1180555555555556e-05, 'epoch': 4.63}
{'loss': 0.1294, 'grad_norm': 5.3622517585754395, 'learning_rate': 1.5393518518518517e-05, 'epoch': 5.56}
{'loss': 0.1011, 'grad_norm': 8.739933967590332, 'learning_rate': 9.606481481481481e-06, 'epoch': 6.48}
{'loss': 0.0855, 'grad_norm': 1.545908808708191, 'learning_rate': 3.819444444444445e-06, 'epoch': 7.41}
{'train_runtime': 167.5221, 'train_samples_per_second': 81.374, 'train_steps_per_second': 2.579, 'train_loss': 0.33433482657980035, 'epoch': 8.0}
***** train metrics *****
  epoch                    =        8.0
  total_flos               =  3340582GF
  train_loss               =     0.3343
  train_runtime            = 0:02:47.52
  train_samples            =       1704
  train_samples_per_second =     81.374
  train_steps_per_second   =      2.579
07/22/2025 06:32:43 - INFO - __main__ - *** Evaluate ***
[INFO|trainer.py:4327] 2025-07-22 06:32:43,909 >> 
***** Running Evaluation *****
[INFO|trainer.py:4329] 2025-07-22 06:32:43,909 >>   Num examples = 198
[INFO|trainer.py:4332] 2025-07-22 06:32:43,909 >>   Batch size = 8

  0%|          | 0/25 [00:00<?, ?it/s]
 16%|█▌        | 4/25 [00:00<00:00, 31.42it/s]
 32%|███▏      | 8/25 [00:00<00:00, 26.32it/s]
 44%|████▍     | 11/25 [00:00<00:00, 25.21it/s]
 56%|█████▌    | 14/25 [00:00<00:00, 24.62it/s]
 68%|██████▊   | 17/25 [00:00<00:00, 24.29it/s]
 80%|████████  | 20/25 [00:00<00:00, 24.07it/s]
 92%|█████████▏| 23/25 [00:00<00:00, 23.93it/s]
100%|██████████| 25/25 [00:01<00:00, 24.12it/s]

              precision    recall  f1-score   support

        Kill     0.9643    1.0000    0.9818        27
     Live_In     0.9630    0.9811    0.9720        53
  Located_In     0.8649    0.9412    0.9014        34
 OrgBased_In     0.9355    0.8529    0.8923        34
    Work_For     0.9574    0.9574    0.9574        47
 no_relation     1.0000    0.3333    0.5000         3

    accuracy                         0.9394       198
   macro avg     0.9475    0.8443    0.8675       198
weighted avg     0.9408    0.9394    0.9369       198

***** eval metrics *****
  epoch                   =        8.0
  eval_accuracy           =     0.9394
  eval_loss               =     0.2865
  eval_macro_f1           =     0.8675
  eval_micro_f1           =     0.9394
  eval_runtime            = 0:00:01.07
  eval_samples            =        198
  eval_samples_per_second =    183.459
  eval_steps_per_second   =     23.164
07/22/2025 06:32:44 - INFO - __main__ - *** Predict ***
[INFO|trainer.py:4327] 2025-07-22 06:32:44,996 >> 
***** Running Prediction *****
[INFO|trainer.py:4329] 2025-07-22 06:32:44,996 >>   Num examples = 215
[INFO|trainer.py:4332] 2025-07-22 06:32:44,996 >>   Batch size = 8

  0%|          | 0/27 [00:00<?, ?it/s]
 15%|█▍        | 4/27 [00:00<00:00, 31.57it/s]
 30%|██▉       | 8/27 [00:00<00:00, 26.37it/s]
 41%|████      | 11/27 [00:00<00:00, 25.24it/s]
 52%|█████▏    | 14/27 [00:00<00:00, 24.65it/s]
 63%|██████▎   | 17/27 [00:00<00:00, 24.29it/s]
 74%|███████▍  | 20/27 [00:00<00:00, 24.07it/s]
 85%|████████▌ | 23/27 [00:00<00:00, 23.94it/s]
 96%|█████████▋| 26/27 [00:01<00:00, 23.86it/s]
100%|██████████| 27/27 [00:01<00:00, 24.23it/s]

              precision    recall  f1-score   support

        Kill     0.9600    1.0000    0.9796        24
     Live_In     0.9636    1.0000    0.9815        53
  Located_In     0.9057    1.0000    0.9505        48
 OrgBased_In     0.9796    0.9231    0.9505        52
    Work_For     0.9655    0.9333    0.9492        30
 no_relation     0.7500    0.3750    0.5000         8

    accuracy                         0.9488       215
   macro avg     0.9207    0.8719    0.8852       215
weighted avg     0.9465    0.9488    0.9444       215

***** test metrics *****
  test_accuracy           =     0.9488
  test_loss               =     0.2819
  test_macro_f1           =     0.8852
  test_micro_f1           =     0.9488
  test_runtime            = 0:00:01.16
  test_samples_per_second =    185.069
  test_steps_per_second   =     23.241
07/22/2025 06:32:46 - INFO - __main__ - Test predictions saved at ./re_model_16503/test_predictions.txt
脚本测试完成！
