06/03/2025 11:43:15 - WARNING - __main__ - Process rank: 0, device: cuda:0, n_gpu: 1, distributed training: False, 16-bits training: False
06/03/2025 11:43:15 - INFO - __main__ - Training/evaluation parameters TrainingArguments(
_n_gpu=1,
accelerator_config={'split_batches': False, 'dispatch_batches': None, 'even_batches': True, 'use_seedable_sampler': True, 'non_blocking': False, 'gradient_accumulation_kwargs': None, 'use_configured_state': False},
adafactor=False,
adam_beta1=0.9,
adam_beta2=0.999,
adam_epsilon=1e-08,
auto_find_batch_size=False,
average_tokens_across_devices=False,
batch_eval_metrics=False,
bf16=False,
bf16_full_eval=False,
data_seed=None,
dataloader_drop_last=False,
dataloader_num_workers=0,
dataloader_persistent_workers=False,
dataloader_pin_memory=True,
dataloader_prefetch_factor=None,
ddp_backend=None,
ddp_broadcast_buffers=None,
ddp_bucket_cap_mb=None,
ddp_find_unused_parameters=None,
ddp_timeout=1800,
debug=[],
deepspeed=None,
disable_tqdm=True,
do_eval=True,
do_predict=True,
do_train=True,
eval_accumulation_steps=None,
eval_delay=0,
eval_do_concat_batches=True,
eval_on_start=False,
eval_steps=None,
eval_strategy=epoch,
eval_use_gather_object=False,
fp16=False,
fp16_backend=auto,
fp16_full_eval=False,
fp16_opt_level=O1,
fsdp=[],
fsdp_config={'min_num_params': 0, 'xla': False, 'xla_fsdp_v2': False, 'xla_fsdp_grad_ckpt': False},
fsdp_min_num_params=0,
fsdp_transformer_layer_cls_to_wrap=None,
full_determinism=False,
gradient_accumulation_steps=1,
gradient_checkpointing=False,
gradient_checkpointing_kwargs=None,
greater_is_better=None,
group_by_length=False,
half_precision_backend=auto,
hub_always_push=False,
hub_model_id=None,
hub_private_repo=None,
hub_strategy=every_save,
hub_token=<HUB_TOKEN>,
ignore_data_skip=False,
include_for_metrics=[],
include_inputs_for_metrics=False,
include_num_input_tokens_seen=False,
include_tokens_per_second=False,
jit_mode_eval=False,
label_names=None,
label_smoothing_factor=0.0,
learning_rate=2e-05,
length_column_name=length,
load_best_model_at_end=False,
local_rank=0,
log_level=debug,
log_level_replica=warning,
log_on_each_node=True,
logging_dir=/project/hrao/Meta-Resample/output/mit_movie_trivia_bert_run/runs/Jun03_11-43-14_itiger03,
logging_first_step=False,
logging_nan_inf_filter=True,
logging_steps=500,
logging_strategy=steps,
lr_scheduler_kwargs={},
lr_scheduler_type=linear,
max_grad_norm=1.0,
max_steps=-1,
metric_for_best_model=None,
mp_parameters=,
neftune_noise_alpha=None,
no_cuda=False,
num_train_epochs=8.0,
optim=adamw_torch,
optim_args=None,
optim_target_modules=None,
output_dir=/project/hrao/Meta-Resample/output/mit_movie_trivia_bert_run,
overwrite_output_dir=True,
past_index=-1,
per_device_eval_batch_size=2,
per_device_train_batch_size=32,
prediction_loss_only=False,
push_to_hub=False,
push_to_hub_model_id=None,
push_to_hub_organization=None,
push_to_hub_token=<PUSH_TO_HUB_TOKEN>,
ray_scope=last,
remove_unused_columns=False,
report_to=['tensorboard'],
restore_callback_states_from_checkpoint=False,
resume_from_checkpoint=None,
run_name=/project/hrao/Meta-Resample/output/mit_movie_trivia_bert_run,
save_on_each_node=False,
save_only_model=False,
save_safetensors=True,
save_steps=500,
save_strategy=steps,
save_total_limit=None,
seed=42,
skip_memory_metrics=True,
tf32=None,
torch_compile=False,
torch_compile_backend=None,
torch_compile_mode=None,
torch_empty_cache_steps=None,
torchdynamo=None,
tpu_metrics_debug=False,
tpu_num_cores=None,
use_cpu=False,
use_ipex=False,
use_legacy_prediction_loop=False,
use_liger_kernel=False,
use_mps_device=False,
warmup_ratio=0.0,
warmup_steps=0,
weight_decay=0.0,
)
06/03/2025 11:43:15 - DEBUG - urllib3.connectionpool - Starting new HTTPS connection (1): huggingface.co:443
06/03/2025 11:43:15 - DEBUG - urllib3.connectionpool - https://huggingface.co:443 "HEAD /api/telemetry/examples HTTP/1.1" 200 0
06/03/2025 11:43:15 - DEBUG - urllib3.connectionpool - Starting new HTTPS connection (1): huggingface.co:443
06/03/2025 11:43:15 - DEBUG - urllib3.connectionpool - https://huggingface.co:443 "HEAD /google-bert/bert-base-uncased/resolve/main/config.json HTTP/1.1" 200 0
[INFO|configuration_utils.py:698] 2025-06-03 11:43:15,495 >> loading configuration file config.json from cache at /home/hrao/.cache/huggingface/hub/models--google-bert--bert-base-uncased/snapshots/86b5e0934494bd15c9632b12f734a8a67f723594/config.json
[INFO|configuration_utils.py:770] 2025-06-03 11:43:15,498 >> Model config BertConfig {
  "architectures": [
    "BertForMaskedLM"
  ],
  "attention_probs_dropout_prob": 0.1,
  "classifier_dropout": null,
  "finetuning_task": "ner",
  "gradient_checkpointing": false,
  "hidden_act": "gelu",
  "hidden_dropout_prob": 0.1,
  "hidden_size": 768,
  "id2label": {
    "0": "LABEL_0",
    "1": "LABEL_1",
    "2": "LABEL_2",
    "3": "LABEL_3",
    "4": "LABEL_4",
    "5": "LABEL_5",
    "6": "LABEL_6",
    "7": "LABEL_7",
    "8": "LABEL_8",
    "9": "LABEL_9",
    "10": "LABEL_10",
    "11": "LABEL_11",
    "12": "LABEL_12",
    "13": "LABEL_13",
    "14": "LABEL_14",
    "15": "LABEL_15",
    "16": "LABEL_16",
    "17": "LABEL_17",
    "18": "LABEL_18",
    "19": "LABEL_19",
    "20": "LABEL_20",
    "21": "LABEL_21",
    "22": "LABEL_22",
    "23": "LABEL_23",
    "24": "LABEL_24"
  },
  "initializer_range": 0.02,
  "intermediate_size": 3072,
  "label2id": {
    "LABEL_0": 0,
    "LABEL_1": 1,
    "LABEL_10": 10,
    "LABEL_11": 11,
    "LABEL_12": 12,
    "LABEL_13": 13,
    "LABEL_14": 14,
    "LABEL_15": 15,
    "LABEL_16": 16,
    "LABEL_17": 17,
    "LABEL_18": 18,
    "LABEL_19": 19,
    "LABEL_2": 2,
    "LABEL_20": 20,
    "LABEL_21": 21,
    "LABEL_22": 22,
    "LABEL_23": 23,
    "LABEL_24": 24,
    "LABEL_3": 3,
    "LABEL_4": 4,
    "LABEL_5": 5,
    "LABEL_6": 6,
    "LABEL_7": 7,
    "LABEL_8": 8,
    "LABEL_9": 9
  },
  "layer_norm_eps": 1e-12,
  "max_position_embeddings": 512,
  "model_type": "bert",
  "num_attention_heads": 12,
  "num_hidden_layers": 12,
  "pad_token_id": 0,
  "position_embedding_type": "absolute",
  "transformers_version": "4.52.3",
  "type_vocab_size": 2,
  "use_cache": true,
  "vocab_size": 30522
}

06/03/2025 11:43:15 - DEBUG - urllib3.connectionpool - https://huggingface.co:443 "HEAD /google-bert/bert-base-uncased/resolve/main/tokenizer_config.json HTTP/1.1" 200 0
[INFO|configuration_utils.py:698] 2025-06-03 11:43:15,546 >> loading configuration file config.json from cache at /home/hrao/.cache/huggingface/hub/models--google-bert--bert-base-uncased/snapshots/86b5e0934494bd15c9632b12f734a8a67f723594/config.json
[INFO|configuration_utils.py:770] 2025-06-03 11:43:15,547 >> Model config BertConfig {
  "architectures": [
    "BertForMaskedLM"
  ],
  "attention_probs_dropout_prob": 0.1,
  "classifier_dropout": null,
  "gradient_checkpointing": false,
  "hidden_act": "gelu",
  "hidden_dropout_prob": 0.1,
  "hidden_size": 768,
  "initializer_range": 0.02,
  "intermediate_size": 3072,
  "layer_norm_eps": 1e-12,
  "max_position_embeddings": 512,
  "model_type": "bert",
  "num_attention_heads": 12,
  "num_hidden_layers": 12,
  "pad_token_id": 0,
  "position_embedding_type": "absolute",
  "transformers_version": "4.52.3",
  "type_vocab_size": 2,
  "use_cache": true,
  "vocab_size": 30522
}

06/03/2025 11:43:15 - DEBUG - urllib3.connectionpool - https://huggingface.co:443 "GET /api/models/google-bert/bert-base-uncased/tree/main/additional_chat_templates?recursive=False&expand=False HTTP/1.1" 404 64
[INFO|tokenization_utils_base.py:2023] 2025-06-03 11:43:15,601 >> loading file vocab.txt from cache at /home/hrao/.cache/huggingface/hub/models--google-bert--bert-base-uncased/snapshots/86b5e0934494bd15c9632b12f734a8a67f723594/vocab.txt
[INFO|tokenization_utils_base.py:2023] 2025-06-03 11:43:15,601 >> loading file tokenizer.json from cache at /home/hrao/.cache/huggingface/hub/models--google-bert--bert-base-uncased/snapshots/86b5e0934494bd15c9632b12f734a8a67f723594/tokenizer.json
[INFO|tokenization_utils_base.py:2023] 2025-06-03 11:43:15,601 >> loading file added_tokens.json from cache at None
[INFO|tokenization_utils_base.py:2023] 2025-06-03 11:43:15,601 >> loading file special_tokens_map.json from cache at None
[INFO|tokenization_utils_base.py:2023] 2025-06-03 11:43:15,601 >> loading file tokenizer_config.json from cache at /home/hrao/.cache/huggingface/hub/models--google-bert--bert-base-uncased/snapshots/86b5e0934494bd15c9632b12f734a8a67f723594/tokenizer_config.json
[INFO|tokenization_utils_base.py:2023] 2025-06-03 11:43:15,601 >> loading file chat_template.jinja from cache at None
[INFO|configuration_utils.py:698] 2025-06-03 11:43:15,601 >> loading configuration file config.json from cache at /home/hrao/.cache/huggingface/hub/models--google-bert--bert-base-uncased/snapshots/86b5e0934494bd15c9632b12f734a8a67f723594/config.json
[INFO|configuration_utils.py:770] 2025-06-03 11:43:15,602 >> Model config BertConfig {
  "architectures": [
    "BertForMaskedLM"
  ],
  "attention_probs_dropout_prob": 0.1,
  "classifier_dropout": null,
  "gradient_checkpointing": false,
  "hidden_act": "gelu",
  "hidden_dropout_prob": 0.1,
  "hidden_size": 768,
  "initializer_range": 0.02,
  "intermediate_size": 3072,
  "layer_norm_eps": 1e-12,
  "max_position_embeddings": 512,
  "model_type": "bert",
  "num_attention_heads": 12,
  "num_hidden_layers": 12,
  "pad_token_id": 0,
  "position_embedding_type": "absolute",
  "transformers_version": "4.52.3",
  "type_vocab_size": 2,
  "use_cache": true,
  "vocab_size": 30522
}

[INFO|modeling_utils.py:1150] 2025-06-03 11:43:15,797 >> loading weights file model.safetensors from cache at /home/hrao/.cache/huggingface/hub/models--google-bert--bert-base-uncased/snapshots/86b5e0934494bd15c9632b12f734a8a67f723594/model.safetensors
[INFO|logging.py:343] 2025-06-03 11:43:15,819 >> A pretrained model of type `BertForTokenClassification` contains parameters that have been renamed internally (a few are listed below but more are present in the model):
* `cls.predictions.transform.LayerNorm.beta` -> `cls.predictions.transform.LayerNorm.bias`
* `cls.predictions.transform.LayerNorm.gamma` -> `cls.predictions.transform.LayerNorm.weight`
If you are using a model from the Hub, consider submitting a PR to adjust these weights and help future users.
[INFO|modeling_utils.py:5120] 2025-06-03 11:43:15,859 >> Some weights of the model checkpoint at google-bert/bert-base-uncased were not used when initializing BertForTokenClassification: ['bert.pooler.dense.bias', 'bert.pooler.dense.weight', 'cls.predictions.bias', 'cls.predictions.transform.LayerNorm.bias', 'cls.predictions.transform.LayerNorm.weight', 'cls.predictions.transform.dense.bias', 'cls.predictions.transform.dense.weight', 'cls.seq_relationship.bias', 'cls.seq_relationship.weight']
- This IS expected if you are initializing BertForTokenClassification from the checkpoint of a model trained on another task or with another architecture (e.g. initializing a BertForSequenceClassification model from a BertForPreTraining model).
- This IS NOT expected if you are initializing BertForTokenClassification from the checkpoint of a model that you expect to be exactly identical (initializing a BertForSequenceClassification model from a BertForSequenceClassification model).
[WARNING|modeling_utils.py:5132] 2025-06-03 11:43:15,859 >> Some weights of BertForTokenClassification were not initialized from the model checkpoint at google-bert/bert-base-uncased and are newly initialized: ['classifier.bias', 'classifier.weight']
You should probably TRAIN this model on a down-stream task to be able to use it for predictions and inference.
Adding original indices to train dataset:   0%|          | 0/6816 [00:00<?, ? examples/s]Set __getitem__(key) output type to arrow for no columns  (when key is int or slice) and don't output other (un-formatted) columns.
06/03/2025 11:43:15 - DEBUG - datasets.arrow_dataset - Set __getitem__(key) output type to arrow for no columns  (when key is int or slice) and don't output other (un-formatted) columns.
Adding original indices to train dataset:  83%|████████▎ | 5683/6816 [00:00<00:00, 56548.95 examples/s]Done writing 6816 examples in 2494995 bytes .
06/03/2025 11:43:15 - DEBUG - datasets.arrow_writer - Done writing 6816 examples in 2494995 bytes .
Finished processing shard number None of 1.
06/03/2025 11:43:15 - DEBUG - datasets.arrow_dataset - Finished processing shard number None of 1.
Adding original indices to train dataset: 100%|██████████| 6816/6816 [00:00<00:00, 54342.36 examples/s]
06/03/2025 11:43:15 - INFO - __main__ - Adding orig_idx for hardness-aware sampling.
06/03/2025 11:43:15 - INFO - __main__ - [DEBUG_ORIG_IDX] After add_original_indices, train_dataset columns: ['tokens', 'ner_tags', 'orig_idx']
06/03/2025 11:43:15 - INFO - __main__ - [DEBUG_ORIG_IDX] Sample 0 after add_original_indices: {'tokens': ['what', '1995', 'romantic', 'comedy', 'film', 'starred', 'michael', 'douglas', 'as', 'a', 'u', 's', 'head', 'of', 'state', 'looking', 'for', 'love'], 'ner_tags': ['O', 'B-Year', 'B-Genre', 'I-Genre', 'O', 'O', 'B-Actor', 'I-Actor', 'O', 'B-Plot', 'I-Plot', 'I-Plot', 'I-Plot', 'I-Plot', 'I-Plot', 'I-Plot', 'I-Plot', 'I-Plot'], 'orig_idx': 0}
Running tokenizer on train dataset:   0%|          | 0/6816 [00:00<?, ? examples/s]Set __getitem__(key) output type to arrow for no columns  (when key is int or slice) and don't output other (un-formatted) columns.
06/03/2025 11:43:15 - DEBUG - datasets.arrow_dataset - Set __getitem__(key) output type to arrow for no columns  (when key is int or slice) and don't output other (un-formatted) columns.
Running tokenizer on train dataset:  29%|██▉       | 2000/6816 [00:00<00:00, 16713.37 examples/s]Running tokenizer on train dataset:  59%|█████▊    | 4000/6816 [00:00<00:00, 17801.85 examples/s]Running tokenizer on train dataset:  88%|████████▊ | 6000/6816 [00:00<00:00, 18027.89 examples/s]Done writing 6816 examples in 4875705 bytes .
06/03/2025 11:43:16 - DEBUG - datasets.arrow_writer - Done writing 6816 examples in 4875705 bytes .
Finished processing shard number None of 1.
06/03/2025 11:43:16 - DEBUG - datasets.arrow_dataset - Finished processing shard number None of 1.
Running tokenizer on train dataset: 100%|██████████| 6816/6816 [00:00<00:00, 17772.45 examples/s]
06/03/2025 11:43:16 - INFO - __main__ - Train dataset columns after tokenization: ['tokens', 'ner_tags', 'orig_idx', 'input_ids', 'token_type_ids', 'attention_mask', 'labels']
06/03/2025 11:43:16 - INFO - __main__ - [DEBUG_ORIG_IDX] After tokenize_and_align_labels, train_dataset columns: ['tokens', 'ner_tags', 'orig_idx', 'input_ids', 'token_type_ids', 'attention_mask', 'labels']
06/03/2025 11:43:16 - INFO - __main__ - [DEBUG_ORIG_IDX] Sample 0 after tokenize_and_align_labels: {'tokens': ['what', '1995', 'romantic', 'comedy', 'film', 'starred', 'michael', 'douglas', 'as', 'a', 'u', 's', 'head', 'of', 'state', 'looking', 'for', 'love'], 'ner_tags': ['O', 'B-Year', 'B-Genre', 'I-Genre', 'O', 'O', 'B-Actor', 'I-Actor', 'O', 'B-Plot', 'I-Plot', 'I-Plot', 'I-Plot', 'I-Plot', 'I-Plot', 'I-Plot', 'I-Plot', 'I-Plot'], 'orig_idx': 0, 'input_ids': [101, 2054, 2786, 6298, 4038, 2143, 5652, 2745, 5203, 2004, 1037, 1057, 1055, 2132, 1997, 2110, 2559, 2005, 2293, 102], 'token_type_ids': [0, 0, 0, 0, 0, 0, 0, 0, 0, 0, 0, 0, 0, 0, 0, 0, 0, 0, 0, 0], 'attention_mask': [1, 1, 1, 1, 1, 1, 1, 1, 1, 1, 1, 1, 1, 1, 1, 1, 1, 1, 1, 1], 'labels': [-100, 24, 11, 4, 16, 24, 24, 0, 12, 24, 7, 19, 19, 19, 19, 19, 19, 19, 19, -100]}
Running tokenizer on validation dataset:   0%|          | 0/1000 [00:00<?, ? examples/s]Set __getitem__(key) output type to arrow for no columns  (when key is int or slice) and don't output other (un-formatted) columns.
06/03/2025 11:43:16 - DEBUG - datasets.arrow_dataset - Set __getitem__(key) output type to arrow for no columns  (when key is int or slice) and don't output other (un-formatted) columns.
Done writing 1000 examples in 701353 bytes .
06/03/2025 11:43:16 - DEBUG - datasets.arrow_writer - Done writing 1000 examples in 701353 bytes .
Finished processing shard number None of 1.
06/03/2025 11:43:16 - DEBUG - datasets.arrow_dataset - Finished processing shard number None of 1.
Running tokenizer on validation dataset: 100%|██████████| 1000/1000 [00:00<00:00, 17640.84 examples/s]
Running tokenizer on prediction dataset:   0%|          | 0/1953 [00:00<?, ? examples/s]Set __getitem__(key) output type to arrow for no columns  (when key is int or slice) and don't output other (un-formatted) columns.
06/03/2025 11:43:16 - DEBUG - datasets.arrow_dataset - Set __getitem__(key) output type to arrow for no columns  (when key is int or slice) and don't output other (un-formatted) columns.
Running tokenizer on prediction dataset: 100%|██████████| 1953/1953 [00:00<00:00, 18469.03 examples/s]Done writing 1953 examples in 1359814 bytes .
06/03/2025 11:43:16 - DEBUG - datasets.arrow_writer - Done writing 1953 examples in 1359814 bytes .
Finished processing shard number None of 1.
06/03/2025 11:43:16 - DEBUG - datasets.arrow_dataset - Finished processing shard number None of 1.
Running tokenizer on prediction dataset: 100%|██████████| 1953/1953 [00:00<00:00, 18150.08 examples/s]
06/03/2025 11:43:16 - INFO - __main__ - Using CustomDataCollatorForTokenClassification for hardness-aware sampling.
06/03/2025 11:43:16 - DEBUG - urllib3.connectionpool - Starting new HTTPS connection (1): s3.amazonaws.com:443
06/03/2025 11:43:16 - DEBUG - urllib3.connectionpool - https://s3.amazonaws.com:443 "HEAD /datasets.huggingface.co/datasets/metrics/evaluate-metric/seqeval/evaluate-metric/seqeval.py HTTP/1.1" 404 0
06/03/2025 11:43:16 - DEBUG - urllib3.connectionpool - Starting new HTTPS connection (1): huggingface.co:443
06/03/2025 11:43:16 - DEBUG - urllib3.connectionpool - https://huggingface.co:443 "HEAD /spaces/evaluate-metric/seqeval/resolve/v0.4.3/seqeval.py HTTP/1.1" 404 0
06/03/2025 11:43:16 - DEBUG - urllib3.connectionpool - Starting new HTTPS connection (1): huggingface.co:443
06/03/2025 11:43:16 - DEBUG - urllib3.connectionpool - https://huggingface.co:443 "HEAD /spaces/evaluate-metric/seqeval/resolve/main/seqeval.py HTTP/1.1" 200 0
06/03/2025 11:43:16 - DEBUG - filelock - Attempting to acquire lock 140108568855696 on /home/hrao/.cache/huggingface/modules/evaluate_modules/metrics/evaluate-metric--seqeval.lock
06/03/2025 11:43:16 - DEBUG - filelock - Lock 140108568855696 acquired on /home/hrao/.cache/huggingface/modules/evaluate_modules/metrics/evaluate-metric--seqeval.lock
06/03/2025 11:43:16 - DEBUG - filelock - Attempting to release lock 140108568855696 on /home/hrao/.cache/huggingface/modules/evaluate_modules/metrics/evaluate-metric--seqeval.lock
06/03/2025 11:43:16 - DEBUG - filelock - Lock 140108568855696 released on /home/hrao/.cache/huggingface/modules/evaluate_modules/metrics/evaluate-metric--seqeval.lock
06/03/2025 11:43:16 - INFO - __main__ - Enabling HardnessAwareTrainer.
/project/hrao/Meta-Resample/step_3/custom_trainer.py:44: FutureWarning: `tokenizer` is deprecated and will be removed in version 5.0.0 for `HardnessAwareTrainer.__init__`. Use `processing_class` instead.
  super().__init__(*args, **kwargs)
06/03/2025 11:43:17 - INFO - custom_trainer - HardnessAwareTrainer initialized. Hardness Sampling Enabled: True
06/03/2025 11:43:17 - INFO - custom_trainer -   H.Alpha: 1.0, VNet LR: 0.0005, MetaUpdateScale: 2.0
06/03/2025 11:43:17 - INFO - custom_trainer -   Normalization: Initial moving_mean=0.0, moving_variance=1.0, decay=0.99
06/03/2025 11:43:17 - INFO - __main__ - Added KnnEpochEndCallback to HardnessAwareTrainer.
[DEBUG|trainer.py:2267] 2025-06-03 11:43:17,340 >> Currently training with a batch size of: 32
06/03/2025 11:43:17 - INFO - custom_trainer - Creating HardnessAwareSampler for training.
06/03/2025 11:43:17 - INFO - custom_trainer - [SamplerSetup] Initializing HardnessAwareSampler with: dataset_len=6816, alpha=1.0, lambda_boost (knn_lambda)=0.0, meta_probs_sum_on_init=1.0000, meta_probs_device=cuda:0, neighbor_boost_is_not_none=True, neighbor_boost_device=cuda:0
06/03/2025 11:43:17 - INFO - custom_trainer -   Trainer._get_train_sampler passing _neighbor_boost id=140108814407520, device=cuda:0
06/03/2025 11:43:17 - INFO - custom_sampler - HardnessAwareSampler initialized with neighbor_boost tensor (id: 140108814407520, device: cuda:0).
[INFO|trainer.py:2409] 2025-06-03 11:43:17,356 >> ***** Running training *****
[INFO|trainer.py:2410] 2025-06-03 11:43:17,356 >>   Num examples = 6,816
[INFO|trainer.py:2411] 2025-06-03 11:43:17,356 >>   Num Epochs = 8
[INFO|trainer.py:2412] 2025-06-03 11:43:17,356 >>   Instantaneous batch size per device = 32
[INFO|trainer.py:2415] 2025-06-03 11:43:17,356 >>   Total train batch size (w. parallel, distributed & accumulation) = 32
[INFO|trainer.py:2416] 2025-06-03 11:43:17,356 >>   Gradient Accumulation steps = 1
[INFO|trainer.py:2417] 2025-06-03 11:43:17,356 >>   Total optimization steps = 1,704
[INFO|trainer.py:2418] 2025-06-03 11:43:17,356 >>   Number of trainable parameters = 108,910,873
06/03/2025 11:43:17 - DEBUG - custom_sampler - [Sampler_CalcProbs] Input meta_probs_from_trainer (sum=1.0000, min=0.0001, max=0.0001, num_zeros=0)
06/03/2025 11:43:17 - DEBUG - custom_sampler - [Sampler_CalcProbs] Weights after alpha (sum=1.0068, min=0.0001, max=0.0001, non_zero=6816/6816)
06/03/2025 11:43:17 - DEBUG - custom_sampler - [Sampler] Neighbor_boost (id: 140108814407520, device: cuda:0): using .cpu().float() for calculation. Sum=0.0000, non_zero=0/6816, max=0.0000
06/03/2025 11:43:17 - DEBUG - custom_sampler - [Sampler] Weights after boost (lambda=0.0): sum=1.0068, min=0.0001, max=0.0001, non_zero=6816/6816
06/03/2025 11:43:17 - DEBUG - custom_sampler - [Sampler] Neighbor boost did not significantly change weights or initial weights sum to zero.
06/03/2025 11:43:17 - DEBUG - custom_sampler - [Sampler_CalcProbs] Final sampling probs (sum=1.0000, min=0.0001, max=0.0001, num_zeros=0)
[INFO|trainer.py:4327] 2025-06-03 11:43:27,192 >> 
***** Running Evaluation *****
[INFO|trainer.py:4329] 2025-06-03 11:43:27,192 >>   Num examples = 1000
[INFO|trainer.py:4332] 2025-06-03 11:43:27,192 >>   Batch size = 2
06/03/2025 11:43:37 - INFO - __main__ - compute_metrics received a tuple for predictions. Assuming the first element contains the actual logits. Number of elements in tuple: 2
06/03/2025 11:43:37 - INFO - __main__ -   Tuple element 0: type=<class 'numpy.ndarray'>, shape=(1000, 72, 25)
06/03/2025 11:43:37 - INFO - __main__ -   Tuple element 1: type=<class 'tuple'>, shape=N/A (not an array)
06/03/2025 11:43:37 - DEBUG - filelock - Attempting to acquire lock 140108570654464 on /home/hrao/.cache/huggingface/metrics/seqeval/default/default_experiment-1-0.arrow.lock
06/03/2025 11:43:37 - DEBUG - filelock - Lock 140108570654464 acquired on /home/hrao/.cache/huggingface/metrics/seqeval/default/default_experiment-1-0.arrow.lock
06/03/2025 11:43:37 - DEBUG - fsspec.local - open file: /home/hrao/.cache/huggingface/metrics/seqeval/default/default_experiment-1-0.arrow
Done writing 1000 examples in 353710 bytes /home/hrao/.cache/huggingface/metrics/seqeval/default/default_experiment-1-0.arrow.
06/03/2025 11:43:37 - DEBUG - datasets.arrow_writer - Done writing 1000 examples in 353710 bytes /home/hrao/.cache/huggingface/metrics/seqeval/default/default_experiment-1-0.arrow.
Set __getitem__(key) output type to python objects for no columns  (when key is int or slice) and don't output other (un-formatted) columns.
06/03/2025 11:43:37 - DEBUG - datasets.arrow_dataset - Set __getitem__(key) output type to python objects for no columns  (when key is int or slice) and don't output other (un-formatted) columns.
/project/hrao/miniconda3/envs/imbalance_env/lib/python3.10/site-packages/seqeval/metrics/v1.py:57: UndefinedMetricWarning: Precision and F-score are ill-defined and being set to 0.0 in labels with no predicted samples. Use `zero_division` parameter to control this behavior.
  _warn_prf(average, modifier, msg_start, len(result))
06/03/2025 11:43:38 - DEBUG - filelock - Attempting to release lock 140108570654464 on /home/hrao/.cache/huggingface/metrics/seqeval/default/default_experiment-1-0.arrow.lock
06/03/2025 11:43:38 - DEBUG - filelock - Lock 140108570654464 released on /home/hrao/.cache/huggingface/metrics/seqeval/default/default_experiment-1-0.arrow.lock
{'eval_loss': 0.39817002415657043, 'eval_overall_precision': 0.6075108009305417, 'eval_overall_recall': 0.6705796038151137, 'eval_overall_f1': 0.637489102005231, 'eval_overall_accuracy': 0.8731398261382054, 'eval_runtime': 10.9459, 'eval_samples_per_second': 91.358, 'eval_steps_per_second': 45.679, 'epoch': 1.0}
06/03/2025 11:43:38 - DEBUG - custom_sampler - [Sampler_CalcProbs] Input meta_probs_from_trainer (sum=1.0000, min=0.0000, max=0.0013, num_zeros=0)
06/03/2025 11:43:38 - DEBUG - custom_sampler - [Sampler_CalcProbs] Weights after alpha (sum=1.0068, min=0.0000, max=0.0013, non_zero=6816/6816)
06/03/2025 11:43:38 - DEBUG - custom_sampler - [Sampler] Neighbor_boost (id: 140108814407520, device: cuda:0): using .cpu().float() for calculation. Sum=0.0000, non_zero=0/6816, max=0.0000
06/03/2025 11:43:38 - DEBUG - custom_sampler - [Sampler] Weights after boost (lambda=0.0): sum=1.0068, min=0.0000, max=0.0013, non_zero=6816/6816
06/03/2025 11:43:38 - DEBUG - custom_sampler - [Sampler] Neighbor boost did not significantly change weights or initial weights sum to zero.
06/03/2025 11:43:38 - DEBUG - custom_sampler - [Sampler_CalcProbs] Final sampling probs (sum=1.0000, min=0.0000, max=0.0013, num_zeros=0)
[INFO|trainer.py:4327] 2025-06-03 11:43:47,964 >> 
***** Running Evaluation *****
[INFO|trainer.py:4329] 2025-06-03 11:43:47,964 >>   Num examples = 1000
[INFO|trainer.py:4332] 2025-06-03 11:43:47,964 >>   Batch size = 2
06/03/2025 11:43:55 - INFO - __main__ - compute_metrics received a tuple for predictions. Assuming the first element contains the actual logits. Number of elements in tuple: 2
06/03/2025 11:43:55 - INFO - __main__ -   Tuple element 0: type=<class 'numpy.ndarray'>, shape=(1000, 72, 25)
06/03/2025 11:43:55 - INFO - __main__ -   Tuple element 1: type=<class 'tuple'>, shape=N/A (not an array)
06/03/2025 11:43:55 - DEBUG - filelock - Attempting to acquire lock 140108567740528 on /home/hrao/.cache/huggingface/metrics/seqeval/default/default_experiment-1-0.arrow.lock
06/03/2025 11:43:55 - DEBUG - filelock - Lock 140108567740528 acquired on /home/hrao/.cache/huggingface/metrics/seqeval/default/default_experiment-1-0.arrow.lock
06/03/2025 11:43:55 - DEBUG - fsspec.local - open file: /home/hrao/.cache/huggingface/metrics/seqeval/default/default_experiment-1-0.arrow
Done writing 1000 examples in 356351 bytes /home/hrao/.cache/huggingface/metrics/seqeval/default/default_experiment-1-0.arrow.
06/03/2025 11:43:55 - DEBUG - datasets.arrow_writer - Done writing 1000 examples in 356351 bytes /home/hrao/.cache/huggingface/metrics/seqeval/default/default_experiment-1-0.arrow.
Set __getitem__(key) output type to python objects for no columns  (when key is int or slice) and don't output other (un-formatted) columns.
06/03/2025 11:43:55 - DEBUG - datasets.arrow_dataset - Set __getitem__(key) output type to python objects for no columns  (when key is int or slice) and don't output other (un-formatted) columns.
06/03/2025 11:43:55 - DEBUG - filelock - Attempting to release lock 140108567740528 on /home/hrao/.cache/huggingface/metrics/seqeval/default/default_experiment-1-0.arrow.lock
06/03/2025 11:43:55 - DEBUG - filelock - Lock 140108567740528 released on /home/hrao/.cache/huggingface/metrics/seqeval/default/default_experiment-1-0.arrow.lock
{'eval_loss': 0.36600127816200256, 'eval_overall_precision': 0.5925349922239502, 'eval_overall_recall': 0.6988261188554659, 'eval_overall_f1': 0.6413061774112102, 'eval_overall_accuracy': 0.879573694808703, 'eval_runtime': 7.6611, 'eval_samples_per_second': 130.53, 'eval_steps_per_second': 65.265, 'epoch': 2.0}
06/03/2025 11:43:55 - DEBUG - custom_sampler - [Sampler_CalcProbs] Input meta_probs_from_trainer (sum=1.0000, min=0.0000, max=0.9155, num_zeros=0)
06/03/2025 11:43:55 - DEBUG - custom_sampler - [Sampler_CalcProbs] Weights after alpha (sum=1.0068, min=0.0000, max=0.9155, non_zero=6816/6816)
06/03/2025 11:43:55 - DEBUG - custom_sampler - [Sampler] Neighbor_boost (id: 140108814407520, device: cuda:0): using .cpu().float() for calculation. Sum=0.0000, non_zero=0/6816, max=0.0000
06/03/2025 11:43:55 - DEBUG - custom_sampler - [Sampler] Weights after boost (lambda=0.0): sum=1.0068, min=0.0000, max=0.9155, non_zero=6816/6816
06/03/2025 11:43:55 - DEBUG - custom_sampler - [Sampler] Neighbor boost did not significantly change weights or initial weights sum to zero.
06/03/2025 11:43:55 - DEBUG - custom_sampler - [Sampler_CalcProbs] Final sampling probs (sum=1.0000, min=0.0000, max=0.9093, num_zeros=0)
[INFO|trainer.py:3993] 2025-06-03 11:43:58,485 >> Saving model checkpoint to /project/hrao/Meta-Resample/output/mit_movie_trivia_bert_run/checkpoint-500
[INFO|configuration_utils.py:424] 2025-06-03 11:43:58,488 >> Configuration saved in /project/hrao/Meta-Resample/output/mit_movie_trivia_bert_run/checkpoint-500/config.json
[INFO|modeling_utils.py:3724] 2025-06-03 11:43:59,543 >> Model weights saved in /project/hrao/Meta-Resample/output/mit_movie_trivia_bert_run/checkpoint-500/model.safetensors
[INFO|tokenization_utils_base.py:2525] 2025-06-03 11:43:59,574 >> tokenizer config file saved in /project/hrao/Meta-Resample/output/mit_movie_trivia_bert_run/checkpoint-500/tokenizer_config.json
[INFO|tokenization_utils_base.py:2534] 2025-06-03 11:43:59,592 >> Special tokens file saved in /project/hrao/Meta-Resample/output/mit_movie_trivia_bert_run/checkpoint-500/special_tokens_map.json
[INFO|trainer.py:4327] 2025-06-03 11:44:07,321 >> 
***** Running Evaluation *****
[INFO|trainer.py:4329] 2025-06-03 11:44:07,321 >>   Num examples = 1000
[INFO|trainer.py:4332] 2025-06-03 11:44:07,321 >>   Batch size = 2
{'loss': 0.5084, 'grad_norm': 1.321904182434082, 'learning_rate': 1.4143192488262912e-05, 'epoch': 2.347417840375587}
{'vnet_loss': 0.06705531477928162, 'meta_probs_max': 0.4705050587654114, 'meta_probs_min': 9.7157535350334e-09, 'adj_signal_mean': -0.6605747938156128, 'adj_signal_std': 0.6321662664413452, 'vnet_input_mean': -0.37320607900619507, 'vnet_input_std': 1.0515621900558472, 'moving_norm_mean': 0.24582011997699738, 'moving_norm_std': 0.3189997971057892, 'epoch': 2.347417840375587}
06/03/2025 11:44:14 - INFO - __main__ - compute_metrics received a tuple for predictions. Assuming the first element contains the actual logits. Number of elements in tuple: 2
06/03/2025 11:44:14 - INFO - __main__ -   Tuple element 0: type=<class 'numpy.ndarray'>, shape=(1000, 72, 25)
06/03/2025 11:44:14 - INFO - __main__ -   Tuple element 1: type=<class 'tuple'>, shape=N/A (not an array)
06/03/2025 11:44:14 - DEBUG - filelock - Attempting to acquire lock 140108567986480 on /home/hrao/.cache/huggingface/metrics/seqeval/default/default_experiment-1-0.arrow.lock
06/03/2025 11:44:14 - DEBUG - filelock - Lock 140108567986480 acquired on /home/hrao/.cache/huggingface/metrics/seqeval/default/default_experiment-1-0.arrow.lock
06/03/2025 11:44:14 - DEBUG - fsspec.local - open file: /home/hrao/.cache/huggingface/metrics/seqeval/default/default_experiment-1-0.arrow
Done writing 1000 examples in 360303 bytes /home/hrao/.cache/huggingface/metrics/seqeval/default/default_experiment-1-0.arrow.
06/03/2025 11:44:14 - DEBUG - datasets.arrow_writer - Done writing 1000 examples in 360303 bytes /home/hrao/.cache/huggingface/metrics/seqeval/default/default_experiment-1-0.arrow.
Set __getitem__(key) output type to python objects for no columns  (when key is int or slice) and don't output other (un-formatted) columns.
06/03/2025 11:44:14 - DEBUG - datasets.arrow_dataset - Set __getitem__(key) output type to python objects for no columns  (when key is int or slice) and don't output other (un-formatted) columns.
06/03/2025 11:44:14 - DEBUG - filelock - Attempting to release lock 140108567986480 on /home/hrao/.cache/huggingface/metrics/seqeval/default/default_experiment-1-0.arrow.lock
06/03/2025 11:44:14 - DEBUG - filelock - Lock 140108567986480 released on /home/hrao/.cache/huggingface/metrics/seqeval/default/default_experiment-1-0.arrow.lock
{'eval_loss': 0.4228101074695587, 'eval_overall_precision': 0.6017699115044248, 'eval_overall_recall': 0.698459280997799, 'eval_overall_f1': 0.6465195246179966, 'eval_overall_accuracy': 0.8698983350523058, 'eval_runtime': 7.6698, 'eval_samples_per_second': 130.381, 'eval_steps_per_second': 65.191, 'epoch': 3.0}
06/03/2025 11:44:15 - DEBUG - custom_sampler - [Sampler_CalcProbs] Input meta_probs_from_trainer (sum=1.0000, min=0.0000, max=0.8436, num_zeros=0)
06/03/2025 11:44:15 - DEBUG - custom_sampler - [Sampler_CalcProbs] Weights after alpha (sum=1.0068, min=0.0000, max=0.8437, non_zero=6816/6816)
06/03/2025 11:44:15 - DEBUG - custom_sampler - [Sampler] Neighbor_boost (id: 140108814407520, device: cuda:0): using .cpu().float() for calculation. Sum=0.0000, non_zero=0/6816, max=0.0000
06/03/2025 11:44:15 - DEBUG - custom_sampler - [Sampler] Weights after boost (lambda=0.0): sum=1.0068, min=0.0000, max=0.8437, non_zero=6816/6816
06/03/2025 11:44:15 - DEBUG - custom_sampler - [Sampler] Neighbor boost did not significantly change weights or initial weights sum to zero.
06/03/2025 11:44:15 - DEBUG - custom_sampler - [Sampler_CalcProbs] Final sampling probs (sum=1.0000, min=0.0000, max=0.8379, num_zeros=0)
[INFO|trainer.py:4327] 2025-06-03 11:44:23,176 >> 
***** Running Evaluation *****
[INFO|trainer.py:4329] 2025-06-03 11:44:23,177 >>   Num examples = 1000
[INFO|trainer.py:4332] 2025-06-03 11:44:23,177 >>   Batch size = 2
06/03/2025 11:44:30 - INFO - __main__ - compute_metrics received a tuple for predictions. Assuming the first element contains the actual logits. Number of elements in tuple: 2
06/03/2025 11:44:30 - INFO - __main__ -   Tuple element 0: type=<class 'numpy.ndarray'>, shape=(1000, 72, 25)
06/03/2025 11:44:30 - INFO - __main__ -   Tuple element 1: type=<class 'tuple'>, shape=N/A (not an array)
06/03/2025 11:44:30 - DEBUG - filelock - Attempting to acquire lock 140108566295216 on /home/hrao/.cache/huggingface/metrics/seqeval/default/default_experiment-1-0.arrow.lock
06/03/2025 11:44:30 - DEBUG - filelock - Lock 140108566295216 acquired on /home/hrao/.cache/huggingface/metrics/seqeval/default/default_experiment-1-0.arrow.lock
06/03/2025 11:44:30 - DEBUG - fsspec.local - open file: /home/hrao/.cache/huggingface/metrics/seqeval/default/default_experiment-1-0.arrow
Done writing 1000 examples in 362034 bytes /home/hrao/.cache/huggingface/metrics/seqeval/default/default_experiment-1-0.arrow.
06/03/2025 11:44:30 - DEBUG - datasets.arrow_writer - Done writing 1000 examples in 362034 bytes /home/hrao/.cache/huggingface/metrics/seqeval/default/default_experiment-1-0.arrow.
Set __getitem__(key) output type to python objects for no columns  (when key is int or slice) and don't output other (un-formatted) columns.
06/03/2025 11:44:30 - DEBUG - datasets.arrow_dataset - Set __getitem__(key) output type to python objects for no columns  (when key is int or slice) and don't output other (un-formatted) columns.
06/03/2025 11:44:30 - DEBUG - filelock - Attempting to release lock 140108566295216 on /home/hrao/.cache/huggingface/metrics/seqeval/default/default_experiment-1-0.arrow.lock
06/03/2025 11:44:30 - DEBUG - filelock - Lock 140108566295216 released on /home/hrao/.cache/huggingface/metrics/seqeval/default/default_experiment-1-0.arrow.lock
{'eval_loss': 0.5153791308403015, 'eval_overall_precision': 0.5629673945557883, 'eval_overall_recall': 0.6903888481291269, 'eval_overall_f1': 0.6202010215851046, 'eval_overall_accuracy': 0.8632680123766023, 'eval_runtime': 7.6707, 'eval_samples_per_second': 130.366, 'eval_steps_per_second': 65.183, 'epoch': 4.0}
06/03/2025 11:44:30 - DEBUG - custom_sampler - [Sampler_CalcProbs] Input meta_probs_from_trainer (sum=1.0000, min=0.0000, max=1.0000, num_zeros=0)
06/03/2025 11:44:30 - DEBUG - custom_sampler - [Sampler_CalcProbs] Weights after alpha (sum=1.0068, min=0.0000, max=1.0000, non_zero=6816/6816)
06/03/2025 11:44:30 - DEBUG - custom_sampler - [Sampler] Neighbor_boost (id: 140108814407520, device: cuda:0): using .cpu().float() for calculation. Sum=0.0000, non_zero=0/6816, max=0.0000
06/03/2025 11:44:30 - DEBUG - custom_sampler - [Sampler] Weights after boost (lambda=0.0): sum=1.0068, min=0.0000, max=1.0000, non_zero=6816/6816
06/03/2025 11:44:30 - DEBUG - custom_sampler - [Sampler] Neighbor boost did not significantly change weights or initial weights sum to zero.
06/03/2025 11:44:30 - DEBUG - custom_sampler - [Sampler_CalcProbs] Final sampling probs (sum=1.0000, min=0.0000, max=0.9932, num_zeros=0)
[INFO|trainer.py:3993] 2025-06-03 11:44:36,361 >> Saving model checkpoint to /project/hrao/Meta-Resample/output/mit_movie_trivia_bert_run/checkpoint-1000
[INFO|configuration_utils.py:424] 2025-06-03 11:44:36,363 >> Configuration saved in /project/hrao/Meta-Resample/output/mit_movie_trivia_bert_run/checkpoint-1000/config.json
[INFO|modeling_utils.py:3724] 2025-06-03 11:44:37,306 >> Model weights saved in /project/hrao/Meta-Resample/output/mit_movie_trivia_bert_run/checkpoint-1000/model.safetensors
[INFO|tokenization_utils_base.py:2525] 2025-06-03 11:44:37,329 >> tokenizer config file saved in /project/hrao/Meta-Resample/output/mit_movie_trivia_bert_run/checkpoint-1000/tokenizer_config.json
[INFO|tokenization_utils_base.py:2534] 2025-06-03 11:44:37,341 >> Special tokens file saved in /project/hrao/Meta-Resample/output/mit_movie_trivia_bert_run/checkpoint-1000/special_tokens_map.json
[INFO|trainer.py:4327] 2025-06-03 11:44:42,338 >> 
***** Running Evaluation *****
[INFO|trainer.py:4329] 2025-06-03 11:44:42,338 >>   Num examples = 1000
[INFO|trainer.py:4332] 2025-06-03 11:44:42,338 >>   Batch size = 2
{'loss': 0.0239, 'grad_norm': 0.02215232327580452, 'learning_rate': 8.274647887323944e-06, 'epoch': 4.694835680751174}
{'vnet_loss': 1.2053153113811277e-05, 'meta_probs_max': 0.00039616547292098403, 'meta_probs_min': 9.99999993922529e-09, 'adj_signal_mean': -0.24273091554641724, 'adj_signal_std': 0.0066648018546402454, 'vnet_input_mean': -0.12054301798343658, 'vnet_input_std': 0.0024438402615487576, 'moving_norm_mean': 0.009853925555944443, 'moving_norm_std': 0.06342409551143646, 'epoch': 4.694835680751174}
06/03/2025 11:44:49 - INFO - __main__ - compute_metrics received a tuple for predictions. Assuming the first element contains the actual logits. Number of elements in tuple: 2
06/03/2025 11:44:49 - INFO - __main__ -   Tuple element 0: type=<class 'numpy.ndarray'>, shape=(1000, 72, 25)
06/03/2025 11:44:49 - INFO - __main__ -   Tuple element 1: type=<class 'tuple'>, shape=N/A (not an array)
06/03/2025 11:44:49 - DEBUG - filelock - Attempting to acquire lock 140108566299792 on /home/hrao/.cache/huggingface/metrics/seqeval/default/default_experiment-1-0.arrow.lock
06/03/2025 11:44:49 - DEBUG - filelock - Lock 140108566299792 acquired on /home/hrao/.cache/huggingface/metrics/seqeval/default/default_experiment-1-0.arrow.lock
06/03/2025 11:44:49 - DEBUG - fsspec.local - open file: /home/hrao/.cache/huggingface/metrics/seqeval/default/default_experiment-1-0.arrow
Done writing 1000 examples in 356267 bytes /home/hrao/.cache/huggingface/metrics/seqeval/default/default_experiment-1-0.arrow.
06/03/2025 11:44:49 - DEBUG - datasets.arrow_writer - Done writing 1000 examples in 356267 bytes /home/hrao/.cache/huggingface/metrics/seqeval/default/default_experiment-1-0.arrow.
Set __getitem__(key) output type to python objects for no columns  (when key is int or slice) and don't output other (un-formatted) columns.
06/03/2025 11:44:49 - DEBUG - datasets.arrow_dataset - Set __getitem__(key) output type to python objects for no columns  (when key is int or slice) and don't output other (un-formatted) columns.
06/03/2025 11:44:49 - DEBUG - filelock - Attempting to release lock 140108566299792 on /home/hrao/.cache/huggingface/metrics/seqeval/default/default_experiment-1-0.arrow.lock
06/03/2025 11:44:49 - DEBUG - filelock - Lock 140108566299792 released on /home/hrao/.cache/huggingface/metrics/seqeval/default/default_experiment-1-0.arrow.lock
{'eval_loss': 0.45499250292778015, 'eval_overall_precision': 0.5449370880766926, 'eval_overall_recall': 0.6672780630961115, 'eval_overall_f1': 0.5999340369393139, 'eval_overall_accuracy': 0.8689160650262757, 'eval_runtime': 7.6472, 'eval_samples_per_second': 130.766, 'eval_steps_per_second': 65.383, 'epoch': 5.0}
06/03/2025 11:44:49 - DEBUG - custom_sampler - [Sampler_CalcProbs] Input meta_probs_from_trainer (sum=1.0000, min=0.0000, max=0.0004, num_zeros=0)
06/03/2025 11:44:49 - DEBUG - custom_sampler - [Sampler_CalcProbs] Weights after alpha (sum=1.0068, min=0.0000, max=0.0004, non_zero=6816/6816)
06/03/2025 11:44:49 - DEBUG - custom_sampler - [Sampler] Neighbor_boost (id: 140108814407520, device: cuda:0): using .cpu().float() for calculation. Sum=0.0000, non_zero=0/6816, max=0.0000
06/03/2025 11:44:49 - DEBUG - custom_sampler - [Sampler] Weights after boost (lambda=0.0): sum=1.0068, min=0.0000, max=0.0004, non_zero=6816/6816
06/03/2025 11:44:49 - DEBUG - custom_sampler - [Sampler] Neighbor boost did not significantly change weights or initial weights sum to zero.
06/03/2025 11:44:49 - DEBUG - custom_sampler - [Sampler_CalcProbs] Final sampling probs (sum=1.0000, min=0.0000, max=0.0004, num_zeros=0)
[INFO|trainer.py:4327] 2025-06-03 11:44:59,885 >> 
***** Running Evaluation *****
[INFO|trainer.py:4329] 2025-06-03 11:44:59,885 >>   Num examples = 1000
[INFO|trainer.py:4332] 2025-06-03 11:44:59,885 >>   Batch size = 2
06/03/2025 11:45:07 - INFO - __main__ - compute_metrics received a tuple for predictions. Assuming the first element contains the actual logits. Number of elements in tuple: 2
06/03/2025 11:45:07 - INFO - __main__ -   Tuple element 0: type=<class 'numpy.ndarray'>, shape=(1000, 72, 25)
06/03/2025 11:45:07 - INFO - __main__ -   Tuple element 1: type=<class 'tuple'>, shape=N/A (not an array)
06/03/2025 11:45:07 - DEBUG - filelock - Attempting to acquire lock 140108566309680 on /home/hrao/.cache/huggingface/metrics/seqeval/default/default_experiment-1-0.arrow.lock
06/03/2025 11:45:07 - DEBUG - filelock - Lock 140108566309680 acquired on /home/hrao/.cache/huggingface/metrics/seqeval/default/default_experiment-1-0.arrow.lock
06/03/2025 11:45:07 - DEBUG - fsspec.local - open file: /home/hrao/.cache/huggingface/metrics/seqeval/default/default_experiment-1-0.arrow
Done writing 1000 examples in 357778 bytes /home/hrao/.cache/huggingface/metrics/seqeval/default/default_experiment-1-0.arrow.
06/03/2025 11:45:07 - DEBUG - datasets.arrow_writer - Done writing 1000 examples in 357778 bytes /home/hrao/.cache/huggingface/metrics/seqeval/default/default_experiment-1-0.arrow.
Set __getitem__(key) output type to python objects for no columns  (when key is int or slice) and don't output other (un-formatted) columns.
06/03/2025 11:45:07 - DEBUG - datasets.arrow_dataset - Set __getitem__(key) output type to python objects for no columns  (when key is int or slice) and don't output other (un-formatted) columns.
06/03/2025 11:45:07 - DEBUG - filelock - Attempting to release lock 140108566309680 on /home/hrao/.cache/huggingface/metrics/seqeval/default/default_experiment-1-0.arrow.lock
06/03/2025 11:45:07 - DEBUG - filelock - Lock 140108566309680 released on /home/hrao/.cache/huggingface/metrics/seqeval/default/default_experiment-1-0.arrow.lock
{'eval_loss': 0.3747875988483429, 'eval_overall_precision': 0.6329319882850635, 'eval_overall_recall': 0.7134996331621424, 'eval_overall_f1': 0.6708053112605622, 'eval_overall_accuracy': 0.8839447964245372, 'eval_runtime': 7.6737, 'eval_samples_per_second': 130.315, 'eval_steps_per_second': 65.157, 'epoch': 6.0}
06/03/2025 11:45:07 - DEBUG - custom_sampler - [Sampler_CalcProbs] Input meta_probs_from_trainer (sum=1.0000, min=0.0000, max=0.0194, num_zeros=0)
06/03/2025 11:45:07 - DEBUG - custom_sampler - [Sampler_CalcProbs] Weights after alpha (sum=1.0068, min=0.0000, max=0.0194, non_zero=6816/6816)
06/03/2025 11:45:07 - DEBUG - custom_sampler - [Sampler] Neighbor_boost (id: 140108814407520, device: cuda:0): using .cpu().float() for calculation. Sum=0.0000, non_zero=0/6816, max=0.0000
06/03/2025 11:45:07 - DEBUG - custom_sampler - [Sampler] Weights after boost (lambda=0.0): sum=1.0068, min=0.0000, max=0.0194, non_zero=6816/6816
06/03/2025 11:45:07 - DEBUG - custom_sampler - [Sampler] Neighbor boost did not significantly change weights or initial weights sum to zero.
06/03/2025 11:45:07 - DEBUG - custom_sampler - [Sampler_CalcProbs] Final sampling probs (sum=1.0000, min=0.0000, max=0.0193, num_zeros=0)
[INFO|trainer.py:4327] 2025-06-03 11:45:17,392 >> 
***** Running Evaluation *****
[INFO|trainer.py:4329] 2025-06-03 11:45:17,392 >>   Num examples = 1000
[INFO|trainer.py:4332] 2025-06-03 11:45:17,393 >>   Batch size = 2
06/03/2025 11:45:24 - INFO - __main__ - compute_metrics received a tuple for predictions. Assuming the first element contains the actual logits. Number of elements in tuple: 2
06/03/2025 11:45:24 - INFO - __main__ -   Tuple element 0: type=<class 'numpy.ndarray'>, shape=(1000, 72, 25)
06/03/2025 11:45:24 - INFO - __main__ -   Tuple element 1: type=<class 'tuple'>, shape=N/A (not an array)
06/03/2025 11:45:24 - DEBUG - filelock - Attempting to acquire lock 140108566298880 on /home/hrao/.cache/huggingface/metrics/seqeval/default/default_experiment-1-0.arrow.lock
06/03/2025 11:45:24 - DEBUG - filelock - Lock 140108566298880 acquired on /home/hrao/.cache/huggingface/metrics/seqeval/default/default_experiment-1-0.arrow.lock
06/03/2025 11:45:24 - DEBUG - fsspec.local - open file: /home/hrao/.cache/huggingface/metrics/seqeval/default/default_experiment-1-0.arrow
Done writing 1000 examples in 356159 bytes /home/hrao/.cache/huggingface/metrics/seqeval/default/default_experiment-1-0.arrow.
06/03/2025 11:45:24 - DEBUG - datasets.arrow_writer - Done writing 1000 examples in 356159 bytes /home/hrao/.cache/huggingface/metrics/seqeval/default/default_experiment-1-0.arrow.
Set __getitem__(key) output type to python objects for no columns  (when key is int or slice) and don't output other (un-formatted) columns.
06/03/2025 11:45:24 - DEBUG - datasets.arrow_dataset - Set __getitem__(key) output type to python objects for no columns  (when key is int or slice) and don't output other (un-formatted) columns.
06/03/2025 11:45:25 - DEBUG - filelock - Attempting to release lock 140108566298880 on /home/hrao/.cache/huggingface/metrics/seqeval/default/default_experiment-1-0.arrow.lock
06/03/2025 11:45:25 - DEBUG - filelock - Lock 140108566298880 released on /home/hrao/.cache/huggingface/metrics/seqeval/default/default_experiment-1-0.arrow.lock
{'eval_loss': 0.37120452523231506, 'eval_overall_precision': 0.6248370273794003, 'eval_overall_recall': 0.7032281731474688, 'eval_overall_f1': 0.6617190196755265, 'eval_overall_accuracy': 0.8847306124453612, 'eval_runtime': 7.6659, 'eval_samples_per_second': 130.449, 'eval_steps_per_second': 65.224, 'epoch': 7.0}
06/03/2025 11:45:25 - DEBUG - custom_sampler - [Sampler_CalcProbs] Input meta_probs_from_trainer (sum=1.0000, min=0.0000, max=1.0000, num_zeros=0)
06/03/2025 11:45:25 - DEBUG - custom_sampler - [Sampler_CalcProbs] Weights after alpha (sum=1.0068, min=0.0000, max=1.0000, non_zero=6816/6816)
06/03/2025 11:45:25 - DEBUG - custom_sampler - [Sampler] Neighbor_boost (id: 140108814407520, device: cuda:0): using .cpu().float() for calculation. Sum=0.0000, non_zero=0/6816, max=0.0000
06/03/2025 11:45:25 - DEBUG - custom_sampler - [Sampler] Weights after boost (lambda=0.0): sum=1.0068, min=0.0000, max=1.0000, non_zero=6816/6816
06/03/2025 11:45:25 - DEBUG - custom_sampler - [Sampler] Neighbor boost did not significantly change weights or initial weights sum to zero.
06/03/2025 11:45:25 - DEBUG - custom_sampler - [Sampler_CalcProbs] Final sampling probs (sum=1.0000, min=0.0000, max=0.9932, num_zeros=0)
[INFO|trainer.py:3993] 2025-06-03 11:45:25,512 >> Saving model checkpoint to /project/hrao/Meta-Resample/output/mit_movie_trivia_bert_run/checkpoint-1500
[INFO|configuration_utils.py:424] 2025-06-03 11:45:25,514 >> Configuration saved in /project/hrao/Meta-Resample/output/mit_movie_trivia_bert_run/checkpoint-1500/config.json
[INFO|modeling_utils.py:3724] 2025-06-03 11:45:26,610 >> Model weights saved in /project/hrao/Meta-Resample/output/mit_movie_trivia_bert_run/checkpoint-1500/model.safetensors
[INFO|tokenization_utils_base.py:2525] 2025-06-03 11:45:26,640 >> tokenizer config file saved in /project/hrao/Meta-Resample/output/mit_movie_trivia_bert_run/checkpoint-1500/tokenizer_config.json
[INFO|tokenization_utils_base.py:2534] 2025-06-03 11:45:26,656 >> Special tokens file saved in /project/hrao/Meta-Resample/output/mit_movie_trivia_bert_run/checkpoint-1500/special_tokens_map.json
[INFO|trainer.py:3993] 2025-06-03 11:45:39,035 >> Saving model checkpoint to /project/hrao/Meta-Resample/output/mit_movie_trivia_bert_run/checkpoint-1704
[INFO|configuration_utils.py:424] 2025-06-03 11:45:39,038 >> Configuration saved in /project/hrao/Meta-Resample/output/mit_movie_trivia_bert_run/checkpoint-1704/config.json
[INFO|modeling_utils.py:3724] 2025-06-03 11:45:40,384 >> Model weights saved in /project/hrao/Meta-Resample/output/mit_movie_trivia_bert_run/checkpoint-1704/model.safetensors
[INFO|tokenization_utils_base.py:2525] 2025-06-03 11:45:40,416 >> tokenizer config file saved in /project/hrao/Meta-Resample/output/mit_movie_trivia_bert_run/checkpoint-1704/tokenizer_config.json
[INFO|tokenization_utils_base.py:2534] 2025-06-03 11:45:40,434 >> Special tokens file saved in /project/hrao/Meta-Resample/output/mit_movie_trivia_bert_run/checkpoint-1704/special_tokens_map.json
[INFO|trainer.py:4327] 2025-06-03 11:45:43,044 >> 
***** Running Evaluation *****
[INFO|trainer.py:4329] 2025-06-03 11:45:43,045 >>   Num examples = 1000
[INFO|trainer.py:4332] 2025-06-03 11:45:43,045 >>   Batch size = 2
{'loss': 0.2736, 'grad_norm': 3.010402202606201, 'learning_rate': 2.406103286384977e-06, 'epoch': 7.042253521126761}
{'vnet_loss': 0.0002703760110307485, 'meta_probs_max': 0.999961793422699, 'meta_probs_min': 5.616455300838652e-09, 'adj_signal_mean': 0.6015193462371826, 'adj_signal_std': 0.1104825958609581, 'vnet_input_mean': 0.3721942901611328, 'vnet_input_std': 0.08414734899997711, 'moving_norm_mean': 0.3491711914539337, 'moving_norm_std': 0.31050029397010803, 'epoch': 7.042253521126761}
06/03/2025 11:45:50 - INFO - __main__ - compute_metrics received a tuple for predictions. Assuming the first element contains the actual logits. Number of elements in tuple: 2
06/03/2025 11:45:50 - INFO - __main__ -   Tuple element 0: type=<class 'numpy.ndarray'>, shape=(1000, 72, 25)
06/03/2025 11:45:50 - INFO - __main__ -   Tuple element 1: type=<class 'tuple'>, shape=N/A (not an array)
06/03/2025 11:45:50 - DEBUG - filelock - Attempting to acquire lock 140108566294592 on /home/hrao/.cache/huggingface/metrics/seqeval/default/default_experiment-1-0.arrow.lock
06/03/2025 11:45:50 - DEBUG - filelock - Lock 140108566294592 acquired on /home/hrao/.cache/huggingface/metrics/seqeval/default/default_experiment-1-0.arrow.lock
06/03/2025 11:45:50 - DEBUG - fsspec.local - open file: /home/hrao/.cache/huggingface/metrics/seqeval/default/default_experiment-1-0.arrow
Done writing 1000 examples in 360042 bytes /home/hrao/.cache/huggingface/metrics/seqeval/default/default_experiment-1-0.arrow.
06/03/2025 11:45:50 - DEBUG - datasets.arrow_writer - Done writing 1000 examples in 360042 bytes /home/hrao/.cache/huggingface/metrics/seqeval/default/default_experiment-1-0.arrow.
Set __getitem__(key) output type to python objects for no columns  (when key is int or slice) and don't output other (un-formatted) columns.
06/03/2025 11:45:50 - DEBUG - datasets.arrow_dataset - Set __getitem__(key) output type to python objects for no columns  (when key is int or slice) and don't output other (un-formatted) columns.
06/03/2025 11:45:50 - DEBUG - filelock - Attempting to release lock 140108566294592 on /home/hrao/.cache/huggingface/metrics/seqeval/default/default_experiment-1-0.arrow.lock
06/03/2025 11:45:50 - DEBUG - filelock - Lock 140108566294592 released on /home/hrao/.cache/huggingface/metrics/seqeval/default/default_experiment-1-0.arrow.lock
[INFO|trainer.py:2676] 2025-06-03 11:45:50,735 >> 

Training completed. Do not forget to share your model on huggingface.co/models =)


[INFO|trainer.py:3993] 2025-06-03 11:45:50,740 >> Saving model checkpoint to /project/hrao/Meta-Resample/output/mit_movie_trivia_bert_run
[INFO|configuration_utils.py:424] 2025-06-03 11:45:50,742 >> Configuration saved in /project/hrao/Meta-Resample/output/mit_movie_trivia_bert_run/config.json
[INFO|modeling_utils.py:3724] 2025-06-03 11:45:51,875 >> Model weights saved in /project/hrao/Meta-Resample/output/mit_movie_trivia_bert_run/model.safetensors
[INFO|tokenization_utils_base.py:2525] 2025-06-03 11:45:51,908 >> tokenizer config file saved in /project/hrao/Meta-Resample/output/mit_movie_trivia_bert_run/tokenizer_config.json
[INFO|tokenization_utils_base.py:2534] 2025-06-03 11:45:51,926 >> Special tokens file saved in /project/hrao/Meta-Resample/output/mit_movie_trivia_bert_run/special_tokens_map.json
{'eval_loss': 0.4699723422527313, 'eval_overall_precision': 0.5240997229916897, 'eval_overall_recall': 0.6940572267057961, 'eval_overall_f1': 0.5972222222222222, 'eval_overall_accuracy': 0.8656745739403762, 'eval_runtime': 7.6631, 'eval_samples_per_second': 130.495, 'eval_steps_per_second': 65.248, 'epoch': 8.0}
{'train_runtime': 153.3787, 'train_samples_per_second': 355.512, 'train_steps_per_second': 11.11, 'train_loss': 0.24073400603773448, 'epoch': 8.0}
***** train metrics *****
  epoch                    =        8.0
  train_loss               =     0.2407
  train_runtime            = 0:02:33.37
  train_samples            =       6816
  train_samples_per_second =    355.512
  train_steps_per_second   =      11.11
06/03/2025 11:45:51 - INFO - __main__ - *** Evaluate ***
06/03/2025 11:45:51 - INFO - __main__ - Temporarily disabled model.config.output_hidden_states for evaluation.
[INFO|trainer.py:4327] 2025-06-03 11:45:51,958 >> 
***** Running Evaluation *****
[INFO|trainer.py:4329] 2025-06-03 11:45:51,958 >>   Num examples = 1000
[INFO|trainer.py:4332] 2025-06-03 11:45:51,958 >>   Batch size = 2
06/03/2025 11:45:56 - DEBUG - filelock - Attempting to acquire lock 140108570652208 on /home/hrao/.cache/huggingface/metrics/seqeval/default/default_experiment-1-0.arrow.lock
06/03/2025 11:45:56 - DEBUG - filelock - Lock 140108570652208 acquired on /home/hrao/.cache/huggingface/metrics/seqeval/default/default_experiment-1-0.arrow.lock
06/03/2025 11:45:56 - DEBUG - fsspec.local - open file: /home/hrao/.cache/huggingface/metrics/seqeval/default/default_experiment-1-0.arrow
Done writing 1000 examples in 360042 bytes /home/hrao/.cache/huggingface/metrics/seqeval/default/default_experiment-1-0.arrow.
06/03/2025 11:45:56 - DEBUG - datasets.arrow_writer - Done writing 1000 examples in 360042 bytes /home/hrao/.cache/huggingface/metrics/seqeval/default/default_experiment-1-0.arrow.
Set __getitem__(key) output type to python objects for no columns  (when key is int or slice) and don't output other (un-formatted) columns.
06/03/2025 11:45:56 - DEBUG - datasets.arrow_dataset - Set __getitem__(key) output type to python objects for no columns  (when key is int or slice) and don't output other (un-formatted) columns.
06/03/2025 11:45:56 - DEBUG - filelock - Attempting to release lock 140108570652208 on /home/hrao/.cache/huggingface/metrics/seqeval/default/default_experiment-1-0.arrow.lock
06/03/2025 11:45:56 - DEBUG - filelock - Lock 140108570652208 released on /home/hrao/.cache/huggingface/metrics/seqeval/default/default_experiment-1-0.arrow.lock
{'eval_loss': 0.4699723422527313, 'eval_overall_precision': 0.5240997229916897, 'eval_overall_recall': 0.6940572267057961, 'eval_overall_f1': 0.5972222222222222, 'eval_overall_accuracy': 0.8656745739403762, 'eval_runtime': 4.3909, 'eval_samples_per_second': 227.744, 'eval_steps_per_second': 113.872, 'epoch': 8.0}
06/03/2025 11:45:56 - INFO - __main__ - Restored model.config.output_hidden_states after evaluation.
***** eval metrics *****
  epoch                   =        8.0
  eval_loss               =       0.47
  eval_overall_accuracy   =     0.8657
  eval_overall_f1         =     0.5972
  eval_overall_precision  =     0.5241
  eval_overall_recall     =     0.6941
  eval_runtime            = 0:00:04.39
  eval_samples            =       1000
  eval_samples_per_second =    227.744
  eval_steps_per_second   =    113.872
06/03/2025 11:45:56 - INFO - __main__ - *** Predict ***
06/03/2025 11:45:56 - INFO - __main__ - Temporarily disabled model.config.output_hidden_states for prediction.
[INFO|trainer.py:4327] 2025-06-03 11:45:56,357 >> 
***** Running Prediction *****
[INFO|trainer.py:4329] 2025-06-03 11:45:56,357 >>   Num examples = 1953
[INFO|trainer.py:4332] 2025-06-03 11:45:56,357 >>   Batch size = 2
06/03/2025 11:46:04 - DEBUG - filelock - Attempting to acquire lock 140108570652496 on /home/hrao/.cache/huggingface/metrics/seqeval/default/default_experiment-1-0.arrow.lock
06/03/2025 11:46:04 - DEBUG - filelock - Lock 140108570652496 acquired on /home/hrao/.cache/huggingface/metrics/seqeval/default/default_experiment-1-0.arrow.lock
06/03/2025 11:46:04 - DEBUG - fsspec.local - open file: /home/hrao/.cache/huggingface/metrics/seqeval/default/default_experiment-1-0.arrow
Done writing 1953 examples in 702045 bytes /home/hrao/.cache/huggingface/metrics/seqeval/default/default_experiment-1-0.arrow.
06/03/2025 11:46:04 - DEBUG - datasets.arrow_writer - Done writing 1953 examples in 702045 bytes /home/hrao/.cache/huggingface/metrics/seqeval/default/default_experiment-1-0.arrow.
Set __getitem__(key) output type to python objects for no columns  (when key is int or slice) and don't output other (un-formatted) columns.
06/03/2025 11:46:04 - DEBUG - datasets.arrow_dataset - Set __getitem__(key) output type to python objects for no columns  (when key is int or slice) and don't output other (un-formatted) columns.
06/03/2025 11:46:04 - DEBUG - filelock - Attempting to release lock 140108570652496 on /home/hrao/.cache/huggingface/metrics/seqeval/default/default_experiment-1-0.arrow.lock
06/03/2025 11:46:04 - DEBUG - filelock - Lock 140108570652496 released on /home/hrao/.cache/huggingface/metrics/seqeval/default/default_experiment-1-0.arrow.lock
06/03/2025 11:46:04 - INFO - __main__ - Restored model.config.output_hidden_states after prediction.
***** predict metrics *****
  predict_loss               =      0.473
  predict_overall_accuracy   =     0.8643
  predict_overall_f1         =     0.6121
  predict_overall_precision  =      0.544
  predict_overall_recall     =     0.6996
  predict_runtime            = 0:00:08.54
  predict_samples_per_second =      228.5
  predict_steps_per_second   =    114.308
06/03/2025 11:46:04 - DEBUG - urllib3.connectionpool - https://huggingface.co:443 "GET /api/models/google-bert/bert-base-uncased HTTP/1.1" 200 4441
[INFO|modelcard.py:450] 2025-06-03 11:46:04,983 >> Dropping the following result as it does not have all the necessary fields:
{'task': {'name': 'Token Classification', 'type': 'token-classification'}}
