06/03/2025 12:24:57 - WARNING - __main__ - Process rank: 0, device: cuda:0, n_gpu: 1, distributed training: False, 16-bits training: False
06/03/2025 12:24:57 - INFO - __main__ - Training/evaluation parameters TrainingArguments(
_n_gpu=1,
accelerator_config={'split_batches': False, 'dispatch_batches': None, 'even_batches': True, 'use_seedable_sampler': True, 'non_blocking': False, 'gradient_accumulation_kwargs': None, 'use_configured_state': False},
adafactor=False,
adam_beta1=0.9,
adam_beta2=0.999,
adam_epsilon=1e-08,
auto_find_batch_size=False,
average_tokens_across_devices=False,
batch_eval_metrics=False,
bf16=False,
bf16_full_eval=False,
data_seed=None,
dataloader_drop_last=False,
dataloader_num_workers=0,
dataloader_persistent_workers=False,
dataloader_pin_memory=True,
dataloader_prefetch_factor=None,
ddp_backend=None,
ddp_broadcast_buffers=None,
ddp_bucket_cap_mb=None,
ddp_find_unused_parameters=None,
ddp_timeout=1800,
debug=[],
deepspeed=None,
disable_tqdm=True,
do_eval=True,
do_predict=True,
do_train=True,
eval_accumulation_steps=None,
eval_delay=0,
eval_do_concat_batches=True,
eval_on_start=False,
eval_steps=None,
eval_strategy=epoch,
eval_use_gather_object=False,
fp16=False,
fp16_backend=auto,
fp16_full_eval=False,
fp16_opt_level=O1,
fsdp=[],
fsdp_config={'min_num_params': 0, 'xla': False, 'xla_fsdp_v2': False, 'xla_fsdp_grad_ckpt': False},
fsdp_min_num_params=0,
fsdp_transformer_layer_cls_to_wrap=None,
full_determinism=False,
gradient_accumulation_steps=1,
gradient_checkpointing=False,
gradient_checkpointing_kwargs=None,
greater_is_better=None,
group_by_length=False,
half_precision_backend=auto,
hub_always_push=False,
hub_model_id=None,
hub_private_repo=None,
hub_strategy=every_save,
hub_token=<HUB_TOKEN>,
ignore_data_skip=False,
include_for_metrics=[],
include_inputs_for_metrics=False,
include_num_input_tokens_seen=False,
include_tokens_per_second=False,
jit_mode_eval=False,
label_names=None,
label_smoothing_factor=0.0,
learning_rate=2e-05,
length_column_name=length,
load_best_model_at_end=False,
local_rank=0,
log_level=debug,
log_level_replica=warning,
log_on_each_node=True,
logging_dir=/project/hrao/Meta-Resample/output/mit_movie_trivia_bert_run/runs/Jun03_12-24-56_itiger03,
logging_first_step=False,
logging_nan_inf_filter=True,
logging_steps=500,
logging_strategy=steps,
lr_scheduler_kwargs={},
lr_scheduler_type=linear,
max_grad_norm=1.0,
max_steps=-1,
metric_for_best_model=None,
mp_parameters=,
neftune_noise_alpha=None,
no_cuda=False,
num_train_epochs=8.0,
optim=adamw_torch,
optim_args=None,
optim_target_modules=None,
output_dir=/project/hrao/Meta-Resample/output/mit_movie_trivia_bert_run,
overwrite_output_dir=True,
past_index=-1,
per_device_eval_batch_size=2,
per_device_train_batch_size=32,
prediction_loss_only=False,
push_to_hub=False,
push_to_hub_model_id=None,
push_to_hub_organization=None,
push_to_hub_token=<PUSH_TO_HUB_TOKEN>,
ray_scope=last,
remove_unused_columns=False,
report_to=['tensorboard'],
restore_callback_states_from_checkpoint=False,
resume_from_checkpoint=None,
run_name=/project/hrao/Meta-Resample/output/mit_movie_trivia_bert_run,
save_on_each_node=False,
save_only_model=False,
save_safetensors=True,
save_steps=500,
save_strategy=steps,
save_total_limit=None,
seed=42,
skip_memory_metrics=True,
tf32=None,
torch_compile=False,
torch_compile_backend=None,
torch_compile_mode=None,
torch_empty_cache_steps=None,
torchdynamo=None,
tpu_metrics_debug=False,
tpu_num_cores=None,
use_cpu=False,
use_ipex=False,
use_legacy_prediction_loop=False,
use_liger_kernel=False,
use_mps_device=False,
warmup_ratio=0.0,
warmup_steps=0,
weight_decay=0.0,
)
06/03/2025 12:24:57 - DEBUG - urllib3.connectionpool - Starting new HTTPS connection (1): huggingface.co:443
06/03/2025 12:24:57 - DEBUG - urllib3.connectionpool - https://huggingface.co:443 "HEAD /api/telemetry/examples HTTP/1.1" 200 0
06/03/2025 12:24:57 - DEBUG - urllib3.connectionpool - Starting new HTTPS connection (1): huggingface.co:443
06/03/2025 12:24:57 - DEBUG - urllib3.connectionpool - https://huggingface.co:443 "HEAD /google-bert/bert-base-uncased/resolve/main/config.json HTTP/1.1" 200 0
[INFO|configuration_utils.py:698] 2025-06-03 12:24:57,545 >> loading configuration file config.json from cache at /home/hrao/.cache/huggingface/hub/models--google-bert--bert-base-uncased/snapshots/86b5e0934494bd15c9632b12f734a8a67f723594/config.json
[INFO|configuration_utils.py:770] 2025-06-03 12:24:57,549 >> Model config BertConfig {
  "architectures": [
    "BertForMaskedLM"
  ],
  "attention_probs_dropout_prob": 0.1,
  "classifier_dropout": null,
  "finetuning_task": "ner",
  "gradient_checkpointing": false,
  "hidden_act": "gelu",
  "hidden_dropout_prob": 0.1,
  "hidden_size": 768,
  "id2label": {
    "0": "LABEL_0",
    "1": "LABEL_1",
    "2": "LABEL_2",
    "3": "LABEL_3",
    "4": "LABEL_4",
    "5": "LABEL_5",
    "6": "LABEL_6",
    "7": "LABEL_7",
    "8": "LABEL_8",
    "9": "LABEL_9",
    "10": "LABEL_10",
    "11": "LABEL_11",
    "12": "LABEL_12",
    "13": "LABEL_13",
    "14": "LABEL_14",
    "15": "LABEL_15",
    "16": "LABEL_16",
    "17": "LABEL_17",
    "18": "LABEL_18",
    "19": "LABEL_19",
    "20": "LABEL_20",
    "21": "LABEL_21",
    "22": "LABEL_22",
    "23": "LABEL_23",
    "24": "LABEL_24"
  },
  "initializer_range": 0.02,
  "intermediate_size": 3072,
  "label2id": {
    "LABEL_0": 0,
    "LABEL_1": 1,
    "LABEL_10": 10,
    "LABEL_11": 11,
    "LABEL_12": 12,
    "LABEL_13": 13,
    "LABEL_14": 14,
    "LABEL_15": 15,
    "LABEL_16": 16,
    "LABEL_17": 17,
    "LABEL_18": 18,
    "LABEL_19": 19,
    "LABEL_2": 2,
    "LABEL_20": 20,
    "LABEL_21": 21,
    "LABEL_22": 22,
    "LABEL_23": 23,
    "LABEL_24": 24,
    "LABEL_3": 3,
    "LABEL_4": 4,
    "LABEL_5": 5,
    "LABEL_6": 6,
    "LABEL_7": 7,
    "LABEL_8": 8,
    "LABEL_9": 9
  },
  "layer_norm_eps": 1e-12,
  "max_position_embeddings": 512,
  "model_type": "bert",
  "num_attention_heads": 12,
  "num_hidden_layers": 12,
  "pad_token_id": 0,
  "position_embedding_type": "absolute",
  "transformers_version": "4.52.3",
  "type_vocab_size": 2,
  "use_cache": true,
  "vocab_size": 30522
}

06/03/2025 12:24:57 - DEBUG - urllib3.connectionpool - https://huggingface.co:443 "HEAD /google-bert/bert-base-uncased/resolve/main/tokenizer_config.json HTTP/1.1" 200 0
[INFO|configuration_utils.py:698] 2025-06-03 12:24:57,676 >> loading configuration file config.json from cache at /home/hrao/.cache/huggingface/hub/models--google-bert--bert-base-uncased/snapshots/86b5e0934494bd15c9632b12f734a8a67f723594/config.json
[INFO|configuration_utils.py:770] 2025-06-03 12:24:57,676 >> Model config BertConfig {
  "architectures": [
    "BertForMaskedLM"
  ],
  "attention_probs_dropout_prob": 0.1,
  "classifier_dropout": null,
  "gradient_checkpointing": false,
  "hidden_act": "gelu",
  "hidden_dropout_prob": 0.1,
  "hidden_size": 768,
  "initializer_range": 0.02,
  "intermediate_size": 3072,
  "layer_norm_eps": 1e-12,
  "max_position_embeddings": 512,
  "model_type": "bert",
  "num_attention_heads": 12,
  "num_hidden_layers": 12,
  "pad_token_id": 0,
  "position_embedding_type": "absolute",
  "transformers_version": "4.52.3",
  "type_vocab_size": 2,
  "use_cache": true,
  "vocab_size": 30522
}

06/03/2025 12:24:57 - DEBUG - urllib3.connectionpool - https://huggingface.co:443 "GET /api/models/google-bert/bert-base-uncased/tree/main/additional_chat_templates?recursive=False&expand=False HTTP/1.1" 404 64
[INFO|tokenization_utils_base.py:2023] 2025-06-03 12:24:57,728 >> loading file vocab.txt from cache at /home/hrao/.cache/huggingface/hub/models--google-bert--bert-base-uncased/snapshots/86b5e0934494bd15c9632b12f734a8a67f723594/vocab.txt
[INFO|tokenization_utils_base.py:2023] 2025-06-03 12:24:57,728 >> loading file tokenizer.json from cache at /home/hrao/.cache/huggingface/hub/models--google-bert--bert-base-uncased/snapshots/86b5e0934494bd15c9632b12f734a8a67f723594/tokenizer.json
[INFO|tokenization_utils_base.py:2023] 2025-06-03 12:24:57,728 >> loading file added_tokens.json from cache at None
[INFO|tokenization_utils_base.py:2023] 2025-06-03 12:24:57,728 >> loading file special_tokens_map.json from cache at None
[INFO|tokenization_utils_base.py:2023] 2025-06-03 12:24:57,728 >> loading file tokenizer_config.json from cache at /home/hrao/.cache/huggingface/hub/models--google-bert--bert-base-uncased/snapshots/86b5e0934494bd15c9632b12f734a8a67f723594/tokenizer_config.json
[INFO|tokenization_utils_base.py:2023] 2025-06-03 12:24:57,728 >> loading file chat_template.jinja from cache at None
[INFO|configuration_utils.py:698] 2025-06-03 12:24:57,728 >> loading configuration file config.json from cache at /home/hrao/.cache/huggingface/hub/models--google-bert--bert-base-uncased/snapshots/86b5e0934494bd15c9632b12f734a8a67f723594/config.json
[INFO|configuration_utils.py:770] 2025-06-03 12:24:57,729 >> Model config BertConfig {
  "architectures": [
    "BertForMaskedLM"
  ],
  "attention_probs_dropout_prob": 0.1,
  "classifier_dropout": null,
  "gradient_checkpointing": false,
  "hidden_act": "gelu",
  "hidden_dropout_prob": 0.1,
  "hidden_size": 768,
  "initializer_range": 0.02,
  "intermediate_size": 3072,
  "layer_norm_eps": 1e-12,
  "max_position_embeddings": 512,
  "model_type": "bert",
  "num_attention_heads": 12,
  "num_hidden_layers": 12,
  "pad_token_id": 0,
  "position_embedding_type": "absolute",
  "transformers_version": "4.52.3",
  "type_vocab_size": 2,
  "use_cache": true,
  "vocab_size": 30522
}

[INFO|modeling_utils.py:1150] 2025-06-03 12:24:57,936 >> loading weights file model.safetensors from cache at /home/hrao/.cache/huggingface/hub/models--google-bert--bert-base-uncased/snapshots/86b5e0934494bd15c9632b12f734a8a67f723594/model.safetensors
[INFO|logging.py:343] 2025-06-03 12:24:57,958 >> A pretrained model of type `BertForTokenClassification` contains parameters that have been renamed internally (a few are listed below but more are present in the model):
* `cls.predictions.transform.LayerNorm.beta` -> `cls.predictions.transform.LayerNorm.bias`
* `cls.predictions.transform.LayerNorm.gamma` -> `cls.predictions.transform.LayerNorm.weight`
If you are using a model from the Hub, consider submitting a PR to adjust these weights and help future users.
[INFO|modeling_utils.py:5120] 2025-06-03 12:24:57,999 >> Some weights of the model checkpoint at google-bert/bert-base-uncased were not used when initializing BertForTokenClassification: ['bert.pooler.dense.bias', 'bert.pooler.dense.weight', 'cls.predictions.bias', 'cls.predictions.transform.LayerNorm.bias', 'cls.predictions.transform.LayerNorm.weight', 'cls.predictions.transform.dense.bias', 'cls.predictions.transform.dense.weight', 'cls.seq_relationship.bias', 'cls.seq_relationship.weight']
- This IS expected if you are initializing BertForTokenClassification from the checkpoint of a model trained on another task or with another architecture (e.g. initializing a BertForSequenceClassification model from a BertForPreTraining model).
- This IS NOT expected if you are initializing BertForTokenClassification from the checkpoint of a model that you expect to be exactly identical (initializing a BertForSequenceClassification model from a BertForSequenceClassification model).
[WARNING|modeling_utils.py:5132] 2025-06-03 12:24:57,999 >> Some weights of BertForTokenClassification were not initialized from the model checkpoint at google-bert/bert-base-uncased and are newly initialized: ['classifier.bias', 'classifier.weight']
You should probably TRAIN this model on a down-stream task to be able to use it for predictions and inference.
06/03/2025 12:24:58 - INFO - __main__ - [MetaSplit] meta_dataset=340, train_dataset=6476

Running tokenizer on meta dataset:   0%|          | 0/340 [00:00<?, ? examples/s]Set __getitem__(key) output type to arrow for no columns  (when key is int or slice) and don't output other (un-formatted) columns.
06/03/2025 12:24:58 - DEBUG - datasets.arrow_dataset - Set __getitem__(key) output type to arrow for no columns  (when key is int or slice) and don't output other (un-formatted) columns.
Done writing 340 examples in 233863 bytes .
06/03/2025 12:24:58 - DEBUG - datasets.arrow_writer - Done writing 340 examples in 233863 bytes .
Finished processing shard number None of 1.
06/03/2025 12:24:58 - DEBUG - datasets.arrow_dataset - Finished processing shard number None of 1.

Running tokenizer on meta dataset: 100%|██████████| 340/340 [00:00<00:00, 14718.98 examples/s]

Adding original indices to train dataset:   0%|          | 0/6476 [00:00<?, ? examples/s]Set __getitem__(key) output type to arrow for no columns  (when key is int or slice) and don't output other (un-formatted) columns.
06/03/2025 12:24:58 - DEBUG - datasets.arrow_dataset - Set __getitem__(key) output type to arrow for no columns  (when key is int or slice) and don't output other (un-formatted) columns.

Adding original indices to train dataset:  87%|████████▋ | 5636/6476 [00:00<00:00, 56148.67 examples/s]Done writing 6476 examples in 2374480 bytes .
06/03/2025 12:24:58 - DEBUG - datasets.arrow_writer - Done writing 6476 examples in 2374480 bytes .
Finished processing shard number None of 1.
06/03/2025 12:24:58 - DEBUG - datasets.arrow_dataset - Finished processing shard number None of 1.

Adding original indices to train dataset: 100%|██████████| 6476/6476 [00:00<00:00, 54006.85 examples/s]
06/03/2025 12:24:58 - INFO - __main__ - Adding orig_idx for hardness-aware sampling.
06/03/2025 12:24:58 - INFO - __main__ - [DEBUG_ORIG_IDX] After add_original_indices, train_dataset columns: ['tokens', 'ner_tags', 'orig_idx']
06/03/2025 12:24:58 - INFO - __main__ - [DEBUG_ORIG_IDX] Sample 0 after add_original_indices: {'tokens': ['what', 'is', 'the', '1991', 'science', 'action', 'film', 'starring', 'arnold', 'schwarzenegger', 'about', 'a', 'cyborg', 'sent', 'back', 'to', 'the', 'future', 'to', 'save', 'a', 'little', 'boy', 'who', 'will', 'be', 'a', 'great', 'leader', 'in', 'the', 'future'], 'ner_tags': ['O', 'O', 'O', 'B-Year', 'B-Genre', 'I-Genre', 'I-Genre', 'O', 'B-Actor', 'I-Actor', 'O', 'B-Plot', 'I-Plot', 'I-Plot', 'I-Plot', 'I-Plot', 'I-Plot', 'I-Plot', 'I-Plot', 'I-Plot', 'I-Plot', 'I-Plot', 'I-Plot', 'I-Plot', 'I-Plot', 'I-Plot', 'I-Plot', 'I-Plot', 'I-Plot', 'I-Plot', 'I-Plot', 'I-Plot'], 'orig_idx': 0}

Running tokenizer on train dataset:   0%|          | 0/6476 [00:00<?, ? examples/s]Set __getitem__(key) output type to arrow for no columns  (when key is int or slice) and don't output other (un-formatted) columns.
06/03/2025 12:24:58 - DEBUG - datasets.arrow_dataset - Set __getitem__(key) output type to arrow for no columns  (when key is int or slice) and don't output other (un-formatted) columns.

Running tokenizer on train dataset:  31%|███       | 2000/6476 [00:00<00:00, 16819.47 examples/s]
Running tokenizer on train dataset:  62%|██████▏   | 4000/6476 [00:00<00:00, 18030.65 examples/s]
Running tokenizer on train dataset:  93%|█████████▎| 6000/6476 [00:00<00:00, 18252.71 examples/s]Done writing 6476 examples in 4639122 bytes .
06/03/2025 12:24:58 - DEBUG - datasets.arrow_writer - Done writing 6476 examples in 4639122 bytes .
Finished processing shard number None of 1.
06/03/2025 12:24:58 - DEBUG - datasets.arrow_dataset - Finished processing shard number None of 1.

Running tokenizer on train dataset: 100%|██████████| 6476/6476 [00:00<00:00, 17940.83 examples/s]
06/03/2025 12:24:58 - INFO - __main__ - Train dataset columns after tokenization: ['tokens', 'ner_tags', 'orig_idx', 'input_ids', 'token_type_ids', 'attention_mask', 'labels']
06/03/2025 12:24:58 - INFO - __main__ - [DEBUG_ORIG_IDX] After tokenize_and_align_labels, train_dataset columns: ['tokens', 'ner_tags', 'orig_idx', 'input_ids', 'token_type_ids', 'attention_mask', 'labels']
06/03/2025 12:24:58 - INFO - __main__ - [DEBUG_ORIG_IDX] Sample 0 after tokenize_and_align_labels: {'tokens': ['what', 'is', 'the', '1991', 'science', 'action', 'film', 'starring', 'arnold', 'schwarzenegger', 'about', 'a', 'cyborg', 'sent', 'back', 'to', 'the', 'future', 'to', 'save', 'a', 'little', 'boy', 'who', 'will', 'be', 'a', 'great', 'leader', 'in', 'the', 'future'], 'ner_tags': ['O', 'O', 'O', 'B-Year', 'B-Genre', 'I-Genre', 'I-Genre', 'O', 'B-Actor', 'I-Actor', 'O', 'B-Plot', 'I-Plot', 'I-Plot', 'I-Plot', 'I-Plot', 'I-Plot', 'I-Plot', 'I-Plot', 'I-Plot', 'I-Plot', 'I-Plot', 'I-Plot', 'I-Plot', 'I-Plot', 'I-Plot', 'I-Plot', 'I-Plot', 'I-Plot', 'I-Plot', 'I-Plot', 'I-Plot'], 'orig_idx': 0, 'input_ids': [101, 2054, 2003, 1996, 2889, 2671, 2895, 2143, 4626, 7779, 29058, 8625, 13327, 2055, 1037, 22330, 11755, 2741, 2067, 2000, 1996, 2925, 2000, 3828, 1037, 2210, 2879, 2040, 2097, 2022, 1037, 2307, 3003, 1999, 1996, 2925, 102], 'token_type_ids': [0, 0, 0, 0, 0, 0, 0, 0, 0, 0, 0, 0, 0, 0, 0, 0, 0, 0, 0, 0, 0, 0, 0, 0, 0, 0, 0, 0, 0, 0, 0, 0, 0, 0, 0, 0, 0], 'attention_mask': [1, 1, 1, 1, 1, 1, 1, 1, 1, 1, 1, 1, 1, 1, 1, 1, 1, 1, 1, 1, 1, 1, 1, 1, 1, 1, 1, 1, 1, 1, 1, 1, 1, 1, 1, 1, 1], 'labels': [-100, 24, 24, 24, 11, 4, 16, 16, 24, 0, 12, -100, -100, 24, 7, 19, -100, 19, 19, 19, 19, 19, 19, 19, 19, 19, 19, 19, 19, 19, 19, 19, 19, 19, 19, 19, -100]}

Running tokenizer on validation dataset:   0%|          | 0/1000 [00:00<?, ? examples/s]Set __getitem__(key) output type to arrow for no columns  (when key is int or slice) and don't output other (un-formatted) columns.
06/03/2025 12:24:58 - DEBUG - datasets.arrow_dataset - Set __getitem__(key) output type to arrow for no columns  (when key is int or slice) and don't output other (un-formatted) columns.
Done writing 1000 examples in 701353 bytes .
06/03/2025 12:24:58 - DEBUG - datasets.arrow_writer - Done writing 1000 examples in 701353 bytes .
Finished processing shard number None of 1.
06/03/2025 12:24:58 - DEBUG - datasets.arrow_dataset - Finished processing shard number None of 1.

Running tokenizer on validation dataset: 100%|██████████| 1000/1000 [00:00<00:00, 17869.47 examples/s]

Running tokenizer on prediction dataset:   0%|          | 0/1953 [00:00<?, ? examples/s]Set __getitem__(key) output type to arrow for no columns  (when key is int or slice) and don't output other (un-formatted) columns.
06/03/2025 12:24:58 - DEBUG - datasets.arrow_dataset - Set __getitem__(key) output type to arrow for no columns  (when key is int or slice) and don't output other (un-formatted) columns.

Running tokenizer on prediction dataset: 100%|██████████| 1953/1953 [00:00<00:00, 18746.81 examples/s]Done writing 1953 examples in 1359814 bytes .
06/03/2025 12:24:58 - DEBUG - datasets.arrow_writer - Done writing 1953 examples in 1359814 bytes .
Finished processing shard number None of 1.
06/03/2025 12:24:58 - DEBUG - datasets.arrow_dataset - Finished processing shard number None of 1.

Running tokenizer on prediction dataset: 100%|██████████| 1953/1953 [00:00<00:00, 18413.36 examples/s]
06/03/2025 12:24:58 - INFO - __main__ - Using CustomDataCollatorForTokenClassification for hardness-aware sampling.
06/03/2025 12:24:58 - DEBUG - urllib3.connectionpool - Starting new HTTPS connection (1): s3.amazonaws.com:443
06/03/2025 12:24:58 - DEBUG - urllib3.connectionpool - https://s3.amazonaws.com:443 "HEAD /datasets.huggingface.co/datasets/metrics/evaluate-metric/seqeval/evaluate-metric/seqeval.py HTTP/1.1" 404 0
06/03/2025 12:24:58 - DEBUG - urllib3.connectionpool - Starting new HTTPS connection (1): huggingface.co:443
06/03/2025 12:24:58 - DEBUG - urllib3.connectionpool - https://huggingface.co:443 "HEAD /spaces/evaluate-metric/seqeval/resolve/v0.4.3/seqeval.py HTTP/1.1" 404 0
06/03/2025 12:24:58 - DEBUG - urllib3.connectionpool - Starting new HTTPS connection (1): huggingface.co:443
06/03/2025 12:24:59 - DEBUG - urllib3.connectionpool - https://huggingface.co:443 "HEAD /spaces/evaluate-metric/seqeval/resolve/main/seqeval.py HTTP/1.1" 200 0
06/03/2025 12:24:59 - DEBUG - filelock - Attempting to acquire lock 140689689171072 on /home/hrao/.cache/huggingface/modules/evaluate_modules/metrics/evaluate-metric--seqeval.lock
06/03/2025 12:24:59 - DEBUG - filelock - Lock 140689689171072 acquired on /home/hrao/.cache/huggingface/modules/evaluate_modules/metrics/evaluate-metric--seqeval.lock
06/03/2025 12:24:59 - DEBUG - filelock - Attempting to release lock 140689689171072 on /home/hrao/.cache/huggingface/modules/evaluate_modules/metrics/evaluate-metric--seqeval.lock
06/03/2025 12:24:59 - DEBUG - filelock - Lock 140689689171072 released on /home/hrao/.cache/huggingface/modules/evaluate_modules/metrics/evaluate-metric--seqeval.lock
06/03/2025 12:24:59 - INFO - __main__ - Enabling HardnessAwareTrainer.
/project/hrao/Meta-Resample/step_3/custom_trainer.py:47: FutureWarning: `tokenizer` is deprecated and will be removed in version 5.0.0 for `HardnessAwareTrainer.__init__`. Use `processing_class` instead.
  super().__init__(*args, **kwargs)
06/03/2025 12:24:59 - INFO - custom_trainer - HardnessAwareTrainer initialized. Hardness Sampling Enabled: True
06/03/2025 12:24:59 - INFO - custom_trainer -   H.Alpha: 1.0, VNet LR: 0.0005, MetaUpdateScale: 2.0
06/03/2025 12:24:59 - INFO - custom_trainer -   Normalization: Initial moving_mean=0.0, moving_variance=1.0, decay=0.99
06/03/2025 12:24:59 - INFO - __main__ - Added KnnEpochEndCallback to HardnessAwareTrainer.
[DEBUG|trainer.py:2267] 2025-06-03 12:24:59,478 >> Currently training with a batch size of: 32
06/03/2025 12:24:59 - INFO - custom_trainer - Creating HardnessAwareSampler for training.
06/03/2025 12:24:59 - INFO - custom_trainer - [SamplerSetup] Initializing HardnessAwareSampler with: dataset_len=6476, alpha=1.0, lambda_boost (knn_lambda)=0.0, meta_probs_sum_on_init=1.0000, meta_probs_device=cuda:0, neighbor_boost_is_not_none=True, neighbor_boost_device=cuda:0
06/03/2025 12:24:59 - INFO - custom_trainer -   Trainer._get_train_sampler passing _neighbor_boost id=140689416446704, device=cuda:0
06/03/2025 12:24:59 - INFO - custom_sampler - HardnessAwareSampler initialized with neighbor_boost tensor (id: 140689416446704, device: cuda:0).
[INFO|trainer.py:2409] 2025-06-03 12:24:59,493 >> ***** Running training *****
[INFO|trainer.py:2410] 2025-06-03 12:24:59,493 >>   Num examples = 6,476
[INFO|trainer.py:2411] 2025-06-03 12:24:59,493 >>   Num Epochs = 8
[INFO|trainer.py:2412] 2025-06-03 12:24:59,493 >>   Instantaneous batch size per device = 32
[INFO|trainer.py:2415] 2025-06-03 12:24:59,493 >>   Total train batch size (w. parallel, distributed & accumulation) = 32
[INFO|trainer.py:2416] 2025-06-03 12:24:59,493 >>   Gradient Accumulation steps = 1
[INFO|trainer.py:2417] 2025-06-03 12:24:59,493 >>   Total optimization steps = 1,624
[INFO|trainer.py:2418] 2025-06-03 12:24:59,493 >>   Number of trainable parameters = 108,910,873
06/03/2025 12:24:59 - DEBUG - custom_sampler - [Sampler_CalcProbs] Input meta_probs_from_trainer (sum=1.0000, min=0.0002, max=0.0002, num_zeros=0)
06/03/2025 12:24:59 - DEBUG - custom_sampler - [Sampler_CalcProbs] Weights after alpha (sum=1.0065, min=0.0002, max=0.0002, non_zero=6476/6476)
06/03/2025 12:24:59 - DEBUG - custom_sampler - [Sampler] Neighbor_boost (id: 140689416446704, device: cuda:0): using .cpu().float() for calculation. Sum=0.0000, non_zero=0/6476, max=0.0000
06/03/2025 12:24:59 - DEBUG - custom_sampler - [Sampler] Weights after boost (lambda=0.0): sum=1.0065, min=0.0002, max=0.0002, non_zero=6476/6476
06/03/2025 12:24:59 - DEBUG - custom_sampler - [Sampler] Neighbor boost did not significantly change weights or initial weights sum to zero.
06/03/2025 12:24:59 - DEBUG - custom_sampler - [Sampler_CalcProbs] Final sampling probs (sum=1.0000, min=0.0002, max=0.0002, num_zeros=0)
[INFO|trainer.py:4327] 2025-06-03 12:25:36,343 >> 
***** Running Evaluation *****
[INFO|trainer.py:4329] 2025-06-03 12:25:36,343 >>   Num examples = 1000
[INFO|trainer.py:4332] 2025-06-03 12:25:36,343 >>   Batch size = 2
06/03/2025 12:25:46 - INFO - __main__ - compute_metrics received a tuple for predictions. Assuming the first element contains the actual logits. Number of elements in tuple: 2
06/03/2025 12:25:46 - INFO - __main__ -   Tuple element 0: type=<class 'numpy.ndarray'>, shape=(1000, 72, 25)
06/03/2025 12:25:46 - INFO - __main__ -   Tuple element 1: type=<class 'tuple'>, shape=N/A (not an array)
06/03/2025 12:25:46 - DEBUG - filelock - Attempting to acquire lock 140689374787136 on /home/hrao/.cache/huggingface/metrics/seqeval/default/default_experiment-1-0.arrow.lock
06/03/2025 12:25:46 - DEBUG - filelock - Lock 140689374787136 acquired on /home/hrao/.cache/huggingface/metrics/seqeval/default/default_experiment-1-0.arrow.lock
06/03/2025 12:25:46 - DEBUG - fsspec.local - open file: /home/hrao/.cache/huggingface/metrics/seqeval/default/default_experiment-1-0.arrow
Done writing 1000 examples in 356469 bytes /home/hrao/.cache/huggingface/metrics/seqeval/default/default_experiment-1-0.arrow.
06/03/2025 12:25:46 - DEBUG - datasets.arrow_writer - Done writing 1000 examples in 356469 bytes /home/hrao/.cache/huggingface/metrics/seqeval/default/default_experiment-1-0.arrow.
Set __getitem__(key) output type to python objects for no columns  (when key is int or slice) and don't output other (un-formatted) columns.
06/03/2025 12:25:46 - DEBUG - datasets.arrow_dataset - Set __getitem__(key) output type to python objects for no columns  (when key is int or slice) and don't output other (un-formatted) columns.
/project/hrao/miniconda3/envs/imbalance_env/lib/python3.10/site-packages/seqeval/metrics/v1.py:57: UndefinedMetricWarning: Precision and F-score are ill-defined and being set to 0.0 in labels with no predicted samples. Use `zero_division` parameter to control this behavior.
  _warn_prf(average, modifier, msg_start, len(result))
06/03/2025 12:25:46 - DEBUG - filelock - Attempting to release lock 140689374787136 on /home/hrao/.cache/huggingface/metrics/seqeval/default/default_experiment-1-0.arrow.lock
06/03/2025 12:25:46 - DEBUG - filelock - Lock 140689374787136 released on /home/hrao/.cache/huggingface/metrics/seqeval/default/default_experiment-1-0.arrow.lock
{'eval_loss': 0.41342711448669434, 'eval_overall_precision': 0.6183816183816184, 'eval_overall_recall': 0.6812179016874541, 'eval_overall_f1': 0.6482806772560656, 'eval_overall_accuracy': 0.8710279455822405, 'eval_runtime': 10.2788, 'eval_samples_per_second': 97.288, 'eval_steps_per_second': 48.644, 'epoch': 1.0}
06/03/2025 12:25:46 - DEBUG - custom_sampler - [Sampler_CalcProbs] Input meta_probs_from_trainer (sum=1.0000, min=0.0000, max=0.0811, num_zeros=0)
06/03/2025 12:25:46 - DEBUG - custom_sampler - [Sampler_CalcProbs] Weights after alpha (sum=1.0065, min=0.0000, max=0.0811, non_zero=6476/6476)
06/03/2025 12:25:46 - DEBUG - custom_sampler - [Sampler] Neighbor_boost (id: 140689416446704, device: cuda:0): using .cpu().float() for calculation. Sum=0.0000, non_zero=0/6476, max=0.0000
06/03/2025 12:25:46 - DEBUG - custom_sampler - [Sampler] Weights after boost (lambda=0.0): sum=1.0065, min=0.0000, max=0.0811, non_zero=6476/6476
06/03/2025 12:25:46 - DEBUG - custom_sampler - [Sampler] Neighbor boost did not significantly change weights or initial weights sum to zero.
06/03/2025 12:25:46 - DEBUG - custom_sampler - [Sampler_CalcProbs] Final sampling probs (sum=1.0000, min=0.0000, max=0.0805, num_zeros=0)
[INFO|trainer.py:4327] 2025-06-03 12:26:45,438 >> 
***** Running Evaluation *****
[INFO|trainer.py:4329] 2025-06-03 12:26:45,438 >>   Num examples = 1000
[INFO|trainer.py:4332] 2025-06-03 12:26:45,438 >>   Batch size = 2
06/03/2025 12:26:52 - INFO - __main__ - compute_metrics received a tuple for predictions. Assuming the first element contains the actual logits. Number of elements in tuple: 2
06/03/2025 12:26:52 - INFO - __main__ -   Tuple element 0: type=<class 'numpy.ndarray'>, shape=(1000, 72, 25)
06/03/2025 12:26:52 - INFO - __main__ -   Tuple element 1: type=<class 'tuple'>, shape=N/A (not an array)
06/03/2025 12:26:52 - DEBUG - filelock - Attempting to acquire lock 140689417739456 on /home/hrao/.cache/huggingface/metrics/seqeval/default/default_experiment-1-0.arrow.lock
06/03/2025 12:26:52 - DEBUG - filelock - Lock 140689417739456 acquired on /home/hrao/.cache/huggingface/metrics/seqeval/default/default_experiment-1-0.arrow.lock
06/03/2025 12:26:52 - DEBUG - fsspec.local - open file: /home/hrao/.cache/huggingface/metrics/seqeval/default/default_experiment-1-0.arrow
Done writing 1000 examples in 357002 bytes /home/hrao/.cache/huggingface/metrics/seqeval/default/default_experiment-1-0.arrow.
06/03/2025 12:26:52 - DEBUG - datasets.arrow_writer - Done writing 1000 examples in 357002 bytes /home/hrao/.cache/huggingface/metrics/seqeval/default/default_experiment-1-0.arrow.
Set __getitem__(key) output type to python objects for no columns  (when key is int or slice) and don't output other (un-formatted) columns.
06/03/2025 12:26:52 - DEBUG - datasets.arrow_dataset - Set __getitem__(key) output type to python objects for no columns  (when key is int or slice) and don't output other (un-formatted) columns.
06/03/2025 12:26:52 - DEBUG - filelock - Attempting to release lock 140689417739456 on /home/hrao/.cache/huggingface/metrics/seqeval/default/default_experiment-1-0.arrow.lock
06/03/2025 12:26:52 - DEBUG - filelock - Lock 140689417739456 released on /home/hrao/.cache/huggingface/metrics/seqeval/default/default_experiment-1-0.arrow.lock
{'eval_loss': 0.6753674149513245, 'eval_overall_precision': 0.5496750232126276, 'eval_overall_recall': 0.6515040352164343, 'eval_overall_f1': 0.5962732919254659, 'eval_overall_accuracy': 0.8634644663818084, 'eval_runtime': 7.5281, 'eval_samples_per_second': 132.835, 'eval_steps_per_second': 66.418, 'epoch': 2.0}
06/03/2025 12:26:52 - DEBUG - custom_sampler - [Sampler_CalcProbs] Input meta_probs_from_trainer (sum=1.0000, min=0.0000, max=0.1044, num_zeros=0)
06/03/2025 12:26:52 - DEBUG - custom_sampler - [Sampler_CalcProbs] Weights after alpha (sum=1.0065, min=0.0000, max=0.1044, non_zero=6476/6476)
06/03/2025 12:26:52 - DEBUG - custom_sampler - [Sampler] Neighbor_boost (id: 140689416446704, device: cuda:0): using .cpu().float() for calculation. Sum=0.0000, non_zero=0/6476, max=0.0000
06/03/2025 12:26:52 - DEBUG - custom_sampler - [Sampler] Weights after boost (lambda=0.0): sum=1.0065, min=0.0000, max=0.1044, non_zero=6476/6476
06/03/2025 12:26:52 - DEBUG - custom_sampler - [Sampler] Neighbor boost did not significantly change weights or initial weights sum to zero.
06/03/2025 12:26:52 - DEBUG - custom_sampler - [Sampler_CalcProbs] Final sampling probs (sum=1.0000, min=0.0000, max=0.1037, num_zeros=0)
[INFO|trainer.py:3993] 2025-06-03 12:27:20,912 >> Saving model checkpoint to /project/hrao/Meta-Resample/output/mit_movie_trivia_bert_run/checkpoint-500
[INFO|configuration_utils.py:424] 2025-06-03 12:27:21,229 >> Configuration saved in /project/hrao/Meta-Resample/output/mit_movie_trivia_bert_run/checkpoint-500/config.json
[INFO|modeling_utils.py:3724] 2025-06-03 12:27:22,351 >> Model weights saved in /project/hrao/Meta-Resample/output/mit_movie_trivia_bert_run/checkpoint-500/model.safetensors
[INFO|tokenization_utils_base.py:2525] 2025-06-03 12:27:22,698 >> tokenizer config file saved in /project/hrao/Meta-Resample/output/mit_movie_trivia_bert_run/checkpoint-500/tokenizer_config.json
[INFO|tokenization_utils_base.py:2534] 2025-06-03 12:27:23,030 >> Special tokens file saved in /project/hrao/Meta-Resample/output/mit_movie_trivia_bert_run/checkpoint-500/special_tokens_map.json
[INFO|trainer.py:4327] 2025-06-03 12:27:59,039 >> 
***** Running Evaluation *****
[INFO|trainer.py:4329] 2025-06-03 12:27:59,039 >>   Num examples = 1000
[INFO|trainer.py:4332] 2025-06-03 12:27:59,039 >>   Batch size = 2
{'loss': 0.3201, 'grad_norm': 0.023088650777935982, 'learning_rate': 1.3854679802955666e-05, 'epoch': 2.4630541871921183}
06/03/2025 12:28:06 - INFO - __main__ - compute_metrics received a tuple for predictions. Assuming the first element contains the actual logits. Number of elements in tuple: 2
06/03/2025 12:28:06 - INFO - __main__ -   Tuple element 0: type=<class 'numpy.ndarray'>, shape=(1000, 72, 25)
06/03/2025 12:28:06 - INFO - __main__ -   Tuple element 1: type=<class 'tuple'>, shape=N/A (not an array)
06/03/2025 12:28:06 - DEBUG - filelock - Attempting to acquire lock 140689417480384 on /home/hrao/.cache/huggingface/metrics/seqeval/default/default_experiment-1-0.arrow.lock
06/03/2025 12:28:06 - DEBUG - filelock - Lock 140689417480384 acquired on /home/hrao/.cache/huggingface/metrics/seqeval/default/default_experiment-1-0.arrow.lock
06/03/2025 12:28:06 - DEBUG - fsspec.local - open file: /home/hrao/.cache/huggingface/metrics/seqeval/default/default_experiment-1-0.arrow
Done writing 1000 examples in 355646 bytes /home/hrao/.cache/huggingface/metrics/seqeval/default/default_experiment-1-0.arrow.
06/03/2025 12:28:06 - DEBUG - datasets.arrow_writer - Done writing 1000 examples in 355646 bytes /home/hrao/.cache/huggingface/metrics/seqeval/default/default_experiment-1-0.arrow.
Set __getitem__(key) output type to python objects for no columns  (when key is int or slice) and don't output other (un-formatted) columns.
06/03/2025 12:28:06 - DEBUG - datasets.arrow_dataset - Set __getitem__(key) output type to python objects for no columns  (when key is int or slice) and don't output other (un-formatted) columns.
/project/hrao/miniconda3/envs/imbalance_env/lib/python3.10/site-packages/seqeval/metrics/v1.py:57: UndefinedMetricWarning: Precision and F-score are ill-defined and being set to 0.0 in labels with no predicted samples. Use `zero_division` parameter to control this behavior.
  _warn_prf(average, modifier, msg_start, len(result))
06/03/2025 12:28:06 - DEBUG - filelock - Attempting to release lock 140689417480384 on /home/hrao/.cache/huggingface/metrics/seqeval/default/default_experiment-1-0.arrow.lock
06/03/2025 12:28:06 - DEBUG - filelock - Lock 140689417480384 released on /home/hrao/.cache/huggingface/metrics/seqeval/default/default_experiment-1-0.arrow.lock
{'eval_loss': 0.7006507515907288, 'eval_overall_precision': 0.5584620233217775, 'eval_overall_recall': 0.6500366837857667, 'eval_overall_f1': 0.6007797931852857, 'eval_overall_accuracy': 0.8634644663818084, 'eval_runtime': 7.5406, 'eval_samples_per_second': 132.616, 'eval_steps_per_second': 66.308, 'epoch': 3.0}
06/03/2025 12:28:06 - DEBUG - custom_sampler - [Sampler_CalcProbs] Input meta_probs_from_trainer (sum=1.0000, min=0.0000, max=0.1370, num_zeros=0)
06/03/2025 12:28:06 - DEBUG - custom_sampler - [Sampler_CalcProbs] Weights after alpha (sum=1.0065, min=0.0000, max=0.1370, non_zero=6476/6476)
06/03/2025 12:28:06 - DEBUG - custom_sampler - [Sampler] Neighbor_boost (id: 140689416446704, device: cuda:0): using .cpu().float() for calculation. Sum=0.0000, non_zero=0/6476, max=0.0000
06/03/2025 12:28:06 - DEBUG - custom_sampler - [Sampler] Weights after boost (lambda=0.0): sum=1.0065, min=0.0000, max=0.1370, non_zero=6476/6476
06/03/2025 12:28:06 - DEBUG - custom_sampler - [Sampler] Neighbor boost did not significantly change weights or initial weights sum to zero.
06/03/2025 12:28:06 - DEBUG - custom_sampler - [Sampler_CalcProbs] Final sampling probs (sum=1.0000, min=0.0000, max=0.1361, num_zeros=0)
[INFO|trainer.py:4327] 2025-06-03 12:29:07,389 >> 
***** Running Evaluation *****
[INFO|trainer.py:4329] 2025-06-03 12:29:07,389 >>   Num examples = 1000
[INFO|trainer.py:4332] 2025-06-03 12:29:07,389 >>   Batch size = 2
06/03/2025 12:29:14 - INFO - __main__ - compute_metrics received a tuple for predictions. Assuming the first element contains the actual logits. Number of elements in tuple: 2
06/03/2025 12:29:14 - INFO - __main__ -   Tuple element 0: type=<class 'numpy.ndarray'>, shape=(1000, 72, 25)
06/03/2025 12:29:14 - INFO - __main__ -   Tuple element 1: type=<class 'tuple'>, shape=N/A (not an array)
06/03/2025 12:29:14 - DEBUG - filelock - Attempting to acquire lock 140689417482256 on /home/hrao/.cache/huggingface/metrics/seqeval/default/default_experiment-1-0.arrow.lock
06/03/2025 12:29:14 - DEBUG - filelock - Lock 140689417482256 acquired on /home/hrao/.cache/huggingface/metrics/seqeval/default/default_experiment-1-0.arrow.lock
06/03/2025 12:29:14 - DEBUG - fsspec.local - open file: /home/hrao/.cache/huggingface/metrics/seqeval/default/default_experiment-1-0.arrow
Done writing 1000 examples in 355938 bytes /home/hrao/.cache/huggingface/metrics/seqeval/default/default_experiment-1-0.arrow.
06/03/2025 12:29:14 - DEBUG - datasets.arrow_writer - Done writing 1000 examples in 355938 bytes /home/hrao/.cache/huggingface/metrics/seqeval/default/default_experiment-1-0.arrow.
Set __getitem__(key) output type to python objects for no columns  (when key is int or slice) and don't output other (un-formatted) columns.
06/03/2025 12:29:14 - DEBUG - datasets.arrow_dataset - Set __getitem__(key) output type to python objects for no columns  (when key is int or slice) and don't output other (un-formatted) columns.
06/03/2025 12:29:14 - DEBUG - filelock - Attempting to release lock 140689417482256 on /home/hrao/.cache/huggingface/metrics/seqeval/default/default_experiment-1-0.arrow.lock
06/03/2025 12:29:14 - DEBUG - filelock - Lock 140689417482256 released on /home/hrao/.cache/huggingface/metrics/seqeval/default/default_experiment-1-0.arrow.lock
{'eval_loss': 0.6736764907836914, 'eval_overall_precision': 0.5844495262985953, 'eval_overall_recall': 0.6562729273661042, 'eval_overall_f1': 0.6182823570070849, 'eval_overall_accuracy': 0.8649869849221551, 'eval_runtime': 7.5576, 'eval_samples_per_second': 132.317, 'eval_steps_per_second': 66.158, 'epoch': 4.0}
06/03/2025 12:29:14 - DEBUG - custom_sampler - [Sampler_CalcProbs] Input meta_probs_from_trainer (sum=1.0000, min=0.0000, max=0.1551, num_zeros=0)
06/03/2025 12:29:14 - DEBUG - custom_sampler - [Sampler_CalcProbs] Weights after alpha (sum=1.0065, min=0.0000, max=0.1551, non_zero=6476/6476)
06/03/2025 12:29:14 - DEBUG - custom_sampler - [Sampler] Neighbor_boost (id: 140689416446704, device: cuda:0): using .cpu().float() for calculation. Sum=0.0000, non_zero=0/6476, max=0.0000
06/03/2025 12:29:14 - DEBUG - custom_sampler - [Sampler] Weights after boost (lambda=0.0): sum=1.0065, min=0.0000, max=0.1551, non_zero=6476/6476
06/03/2025 12:29:14 - DEBUG - custom_sampler - [Sampler] Neighbor boost did not significantly change weights or initial weights sum to zero.
06/03/2025 12:29:14 - DEBUG - custom_sampler - [Sampler_CalcProbs] Final sampling probs (sum=1.0000, min=0.0000, max=0.1541, num_zeros=0)
[INFO|trainer.py:3993] 2025-06-03 12:30:11,347 >> Saving model checkpoint to /project/hrao/Meta-Resample/output/mit_movie_trivia_bert_run/checkpoint-1000
[INFO|configuration_utils.py:424] 2025-06-03 12:30:11,349 >> Configuration saved in /project/hrao/Meta-Resample/output/mit_movie_trivia_bert_run/checkpoint-1000/config.json
[INFO|modeling_utils.py:3724] 2025-06-03 12:30:12,429 >> Model weights saved in /project/hrao/Meta-Resample/output/mit_movie_trivia_bert_run/checkpoint-1000/model.safetensors
[INFO|tokenization_utils_base.py:2525] 2025-06-03 12:30:12,457 >> tokenizer config file saved in /project/hrao/Meta-Resample/output/mit_movie_trivia_bert_run/checkpoint-1000/tokenizer_config.json
[INFO|tokenization_utils_base.py:2534] 2025-06-03 12:30:12,473 >> Special tokens file saved in /project/hrao/Meta-Resample/output/mit_movie_trivia_bert_run/checkpoint-1000/special_tokens_map.json
[INFO|trainer.py:4327] 2025-06-03 12:30:19,288 >> 
***** Running Evaluation *****
[INFO|trainer.py:4329] 2025-06-03 12:30:19,289 >>   Num examples = 1000
[INFO|trainer.py:4332] 2025-06-03 12:30:19,289 >>   Batch size = 2
{'loss': 0.0035, 'grad_norm': 0.9186710119247437, 'learning_rate': 7.69704433497537e-06, 'epoch': 4.926108374384237}
06/03/2025 12:30:26 - INFO - __main__ - compute_metrics received a tuple for predictions. Assuming the first element contains the actual logits. Number of elements in tuple: 2
06/03/2025 12:30:26 - INFO - __main__ -   Tuple element 0: type=<class 'numpy.ndarray'>, shape=(1000, 72, 25)
06/03/2025 12:30:26 - INFO - __main__ -   Tuple element 1: type=<class 'tuple'>, shape=N/A (not an array)
06/03/2025 12:30:26 - DEBUG - filelock - Attempting to acquire lock 140689417527760 on /home/hrao/.cache/huggingface/metrics/seqeval/default/default_experiment-1-0.arrow.lock
06/03/2025 12:30:26 - DEBUG - filelock - Lock 140689417527760 acquired on /home/hrao/.cache/huggingface/metrics/seqeval/default/default_experiment-1-0.arrow.lock
06/03/2025 12:30:26 - DEBUG - fsspec.local - open file: /home/hrao/.cache/huggingface/metrics/seqeval/default/default_experiment-1-0.arrow
Done writing 1000 examples in 354466 bytes /home/hrao/.cache/huggingface/metrics/seqeval/default/default_experiment-1-0.arrow.
06/03/2025 12:30:26 - DEBUG - datasets.arrow_writer - Done writing 1000 examples in 354466 bytes /home/hrao/.cache/huggingface/metrics/seqeval/default/default_experiment-1-0.arrow.
Set __getitem__(key) output type to python objects for no columns  (when key is int or slice) and don't output other (un-formatted) columns.
06/03/2025 12:30:26 - DEBUG - datasets.arrow_dataset - Set __getitem__(key) output type to python objects for no columns  (when key is int or slice) and don't output other (un-formatted) columns.
/project/hrao/miniconda3/envs/imbalance_env/lib/python3.10/site-packages/seqeval/metrics/v1.py:57: UndefinedMetricWarning: Precision and F-score are ill-defined and being set to 0.0 in labels with no predicted samples. Use `zero_division` parameter to control this behavior.
  _warn_prf(average, modifier, msg_start, len(result))
06/03/2025 12:30:26 - DEBUG - filelock - Attempting to release lock 140689417527760 on /home/hrao/.cache/huggingface/metrics/seqeval/default/default_experiment-1-0.arrow.lock
06/03/2025 12:30:26 - DEBUG - filelock - Lock 140689417527760 released on /home/hrao/.cache/huggingface/metrics/seqeval/default/default_experiment-1-0.arrow.lock
{'eval_loss': 0.6727697849273682, 'eval_overall_precision': 0.5752895752895753, 'eval_overall_recall': 0.6559060895084373, 'eval_overall_f1': 0.612958519026397, 'eval_overall_accuracy': 0.8658219144442807, 'eval_runtime': 7.5622, 'eval_samples_per_second': 132.237, 'eval_steps_per_second': 66.118, 'epoch': 5.0}
06/03/2025 12:30:26 - DEBUG - custom_sampler - [Sampler_CalcProbs] Input meta_probs_from_trainer (sum=1.0000, min=0.0000, max=0.1761, num_zeros=0)
06/03/2025 12:30:26 - DEBUG - custom_sampler - [Sampler_CalcProbs] Weights after alpha (sum=1.0065, min=0.0000, max=0.1761, non_zero=6476/6476)
06/03/2025 12:30:26 - DEBUG - custom_sampler - [Sampler] Neighbor_boost (id: 140689416446704, device: cuda:0): using .cpu().float() for calculation. Sum=0.0000, non_zero=0/6476, max=0.0000
06/03/2025 12:30:26 - DEBUG - custom_sampler - [Sampler] Weights after boost (lambda=0.0): sum=1.0065, min=0.0000, max=0.1761, non_zero=6476/6476
06/03/2025 12:30:26 - DEBUG - custom_sampler - [Sampler] Neighbor boost did not significantly change weights or initial weights sum to zero.
06/03/2025 12:30:26 - DEBUG - custom_sampler - [Sampler_CalcProbs] Final sampling probs (sum=1.0000, min=0.0000, max=0.1750, num_zeros=0)
[INFO|trainer.py:4327] 2025-06-03 12:31:27,768 >> 
***** Running Evaluation *****
[INFO|trainer.py:4329] 2025-06-03 12:31:27,768 >>   Num examples = 1000
[INFO|trainer.py:4332] 2025-06-03 12:31:27,768 >>   Batch size = 2
06/03/2025 12:31:35 - INFO - __main__ - compute_metrics received a tuple for predictions. Assuming the first element contains the actual logits. Number of elements in tuple: 2
06/03/2025 12:31:35 - INFO - __main__ -   Tuple element 0: type=<class 'numpy.ndarray'>, shape=(1000, 72, 25)
06/03/2025 12:31:35 - INFO - __main__ -   Tuple element 1: type=<class 'tuple'>, shape=N/A (not an array)
06/03/2025 12:31:35 - DEBUG - filelock - Attempting to acquire lock 140689417530400 on /home/hrao/.cache/huggingface/metrics/seqeval/default/default_experiment-1-0.arrow.lock
06/03/2025 12:31:35 - DEBUG - filelock - Lock 140689417530400 acquired on /home/hrao/.cache/huggingface/metrics/seqeval/default/default_experiment-1-0.arrow.lock
06/03/2025 12:31:35 - DEBUG - fsspec.local - open file: /home/hrao/.cache/huggingface/metrics/seqeval/default/default_experiment-1-0.arrow
Done writing 1000 examples in 359087 bytes /home/hrao/.cache/huggingface/metrics/seqeval/default/default_experiment-1-0.arrow.
06/03/2025 12:31:35 - DEBUG - datasets.arrow_writer - Done writing 1000 examples in 359087 bytes /home/hrao/.cache/huggingface/metrics/seqeval/default/default_experiment-1-0.arrow.
Set __getitem__(key) output type to python objects for no columns  (when key is int or slice) and don't output other (un-formatted) columns.
06/03/2025 12:31:35 - DEBUG - datasets.arrow_dataset - Set __getitem__(key) output type to python objects for no columns  (when key is int or slice) and don't output other (un-formatted) columns.
06/03/2025 12:31:35 - DEBUG - filelock - Attempting to release lock 140689417530400 on /home/hrao/.cache/huggingface/metrics/seqeval/default/default_experiment-1-0.arrow.lock
06/03/2025 12:31:35 - DEBUG - filelock - Lock 140689417530400 released on /home/hrao/.cache/huggingface/metrics/seqeval/default/default_experiment-1-0.arrow.lock
{'eval_loss': 0.7060325145721436, 'eval_overall_precision': 0.5806554247534202, 'eval_overall_recall': 0.6694790902421129, 'eval_overall_f1': 0.6219117396490031, 'eval_overall_accuracy': 0.8647414174156476, 'eval_runtime': 7.5674, 'eval_samples_per_second': 132.146, 'eval_steps_per_second': 66.073, 'epoch': 6.0}
06/03/2025 12:31:35 - DEBUG - custom_sampler - [Sampler_CalcProbs] Input meta_probs_from_trainer (sum=1.0000, min=0.0000, max=0.1665, num_zeros=0)
06/03/2025 12:31:35 - DEBUG - custom_sampler - [Sampler_CalcProbs] Weights after alpha (sum=1.0065, min=0.0000, max=0.1665, non_zero=6476/6476)
06/03/2025 12:31:35 - DEBUG - custom_sampler - [Sampler] Neighbor_boost (id: 140689416446704, device: cuda:0): using .cpu().float() for calculation. Sum=0.0000, non_zero=0/6476, max=0.0000
06/03/2025 12:31:35 - DEBUG - custom_sampler - [Sampler] Weights after boost (lambda=0.0): sum=1.0065, min=0.0000, max=0.1665, non_zero=6476/6476
06/03/2025 12:31:35 - DEBUG - custom_sampler - [Sampler] Neighbor boost did not significantly change weights or initial weights sum to zero.
06/03/2025 12:31:35 - DEBUG - custom_sampler - [Sampler_CalcProbs] Final sampling probs (sum=1.0000, min=0.0000, max=0.1655, num_zeros=0)
[INFO|trainer.py:4327] 2025-06-03 12:32:36,293 >> 
***** Running Evaluation *****
[INFO|trainer.py:4329] 2025-06-03 12:32:36,293 >>   Num examples = 1000
[INFO|trainer.py:4332] 2025-06-03 12:32:36,293 >>   Batch size = 2
06/03/2025 12:32:43 - INFO - __main__ - compute_metrics received a tuple for predictions. Assuming the first element contains the actual logits. Number of elements in tuple: 2
06/03/2025 12:32:43 - INFO - __main__ -   Tuple element 0: type=<class 'numpy.ndarray'>, shape=(1000, 72, 25)
06/03/2025 12:32:43 - INFO - __main__ -   Tuple element 1: type=<class 'tuple'>, shape=N/A (not an array)
06/03/2025 12:32:43 - DEBUG - filelock - Attempting to acquire lock 140689374304704 on /home/hrao/.cache/huggingface/metrics/seqeval/default/default_experiment-1-0.arrow.lock
06/03/2025 12:32:43 - DEBUG - filelock - Lock 140689374304704 acquired on /home/hrao/.cache/huggingface/metrics/seqeval/default/default_experiment-1-0.arrow.lock
06/03/2025 12:32:43 - DEBUG - fsspec.local - open file: /home/hrao/.cache/huggingface/metrics/seqeval/default/default_experiment-1-0.arrow
Done writing 1000 examples in 357815 bytes /home/hrao/.cache/huggingface/metrics/seqeval/default/default_experiment-1-0.arrow.
06/03/2025 12:32:43 - DEBUG - datasets.arrow_writer - Done writing 1000 examples in 357815 bytes /home/hrao/.cache/huggingface/metrics/seqeval/default/default_experiment-1-0.arrow.
Set __getitem__(key) output type to python objects for no columns  (when key is int or slice) and don't output other (un-formatted) columns.
06/03/2025 12:32:43 - DEBUG - datasets.arrow_dataset - Set __getitem__(key) output type to python objects for no columns  (when key is int or slice) and don't output other (un-formatted) columns.
06/03/2025 12:32:43 - DEBUG - filelock - Attempting to release lock 140689374304704 on /home/hrao/.cache/huggingface/metrics/seqeval/default/default_experiment-1-0.arrow.lock
06/03/2025 12:32:43 - DEBUG - filelock - Lock 140689374304704 released on /home/hrao/.cache/huggingface/metrics/seqeval/default/default_experiment-1-0.arrow.lock
{'eval_loss': 0.6501301527023315, 'eval_overall_precision': 0.5826142537551934, 'eval_overall_recall': 0.6687454145267792, 'eval_overall_f1': 0.6227156276686593, 'eval_overall_accuracy': 0.8627768773635872, 'eval_runtime': 7.5705, 'eval_samples_per_second': 132.091, 'eval_steps_per_second': 66.045, 'epoch': 7.0}
06/03/2025 12:32:43 - DEBUG - custom_sampler - [Sampler_CalcProbs] Input meta_probs_from_trainer (sum=1.0000, min=0.0000, max=0.1843, num_zeros=0)
06/03/2025 12:32:43 - DEBUG - custom_sampler - [Sampler_CalcProbs] Weights after alpha (sum=1.0065, min=0.0000, max=0.1843, non_zero=6476/6476)
06/03/2025 12:32:43 - DEBUG - custom_sampler - [Sampler] Neighbor_boost (id: 140689416446704, device: cuda:0): using .cpu().float() for calculation. Sum=0.0000, non_zero=0/6476, max=0.0000
06/03/2025 12:32:43 - DEBUG - custom_sampler - [Sampler] Weights after boost (lambda=0.0): sum=1.0065, min=0.0000, max=0.1843, non_zero=6476/6476
06/03/2025 12:32:43 - DEBUG - custom_sampler - [Sampler] Neighbor boost did not significantly change weights or initial weights sum to zero.
06/03/2025 12:32:43 - DEBUG - custom_sampler - [Sampler_CalcProbs] Final sampling probs (sum=1.0000, min=0.0000, max=0.1831, num_zeros=0)
[INFO|trainer.py:3993] 2025-06-03 12:33:02,705 >> Saving model checkpoint to /project/hrao/Meta-Resample/output/mit_movie_trivia_bert_run/checkpoint-1500
[INFO|configuration_utils.py:424] 2025-06-03 12:33:02,707 >> Configuration saved in /project/hrao/Meta-Resample/output/mit_movie_trivia_bert_run/checkpoint-1500/config.json
[INFO|modeling_utils.py:3724] 2025-06-03 12:33:03,779 >> Model weights saved in /project/hrao/Meta-Resample/output/mit_movie_trivia_bert_run/checkpoint-1500/model.safetensors
[INFO|tokenization_utils_base.py:2525] 2025-06-03 12:33:03,809 >> tokenizer config file saved in /project/hrao/Meta-Resample/output/mit_movie_trivia_bert_run/checkpoint-1500/tokenizer_config.json
[INFO|tokenization_utils_base.py:2534] 2025-06-03 12:33:03,826 >> Special tokens file saved in /project/hrao/Meta-Resample/output/mit_movie_trivia_bert_run/checkpoint-1500/special_tokens_map.json
[INFO|trainer.py:3993] 2025-06-03 12:33:34,818 >> Saving model checkpoint to /project/hrao/Meta-Resample/output/mit_movie_trivia_bert_run/checkpoint-1624
[INFO|configuration_utils.py:424] 2025-06-03 12:33:34,821 >> Configuration saved in /project/hrao/Meta-Resample/output/mit_movie_trivia_bert_run/checkpoint-1624/config.json
[INFO|modeling_utils.py:3724] 2025-06-03 12:33:35,940 >> Model weights saved in /project/hrao/Meta-Resample/output/mit_movie_trivia_bert_run/checkpoint-1624/model.safetensors
[INFO|tokenization_utils_base.py:2525] 2025-06-03 12:33:35,970 >> tokenizer config file saved in /project/hrao/Meta-Resample/output/mit_movie_trivia_bert_run/checkpoint-1624/tokenizer_config.json
[INFO|tokenization_utils_base.py:2534] 2025-06-03 12:33:35,987 >> Special tokens file saved in /project/hrao/Meta-Resample/output/mit_movie_trivia_bert_run/checkpoint-1624/special_tokens_map.json
[INFO|trainer.py:4327] 2025-06-03 12:33:38,420 >> 
***** Running Evaluation *****
[INFO|trainer.py:4329] 2025-06-03 12:33:38,420 >>   Num examples = 1000
[INFO|trainer.py:4332] 2025-06-03 12:33:38,420 >>   Batch size = 2
{'loss': 0.0056, 'grad_norm': 1.9611233472824097, 'learning_rate': 1.539408866995074e-06, 'epoch': 7.389162561576355}
06/03/2025 12:33:45 - INFO - __main__ - compute_metrics received a tuple for predictions. Assuming the first element contains the actual logits. Number of elements in tuple: 2
06/03/2025 12:33:45 - INFO - __main__ -   Tuple element 0: type=<class 'numpy.ndarray'>, shape=(1000, 72, 25)
06/03/2025 12:33:45 - INFO - __main__ -   Tuple element 1: type=<class 'tuple'>, shape=N/A (not an array)
06/03/2025 12:33:45 - DEBUG - filelock - Attempting to acquire lock 140689417533808 on /home/hrao/.cache/huggingface/metrics/seqeval/default/default_experiment-1-0.arrow.lock
06/03/2025 12:33:45 - DEBUG - filelock - Lock 140689417533808 acquired on /home/hrao/.cache/huggingface/metrics/seqeval/default/default_experiment-1-0.arrow.lock
06/03/2025 12:33:45 - DEBUG - fsspec.local - open file: /home/hrao/.cache/huggingface/metrics/seqeval/default/default_experiment-1-0.arrow
Done writing 1000 examples in 358236 bytes /home/hrao/.cache/huggingface/metrics/seqeval/default/default_experiment-1-0.arrow.
06/03/2025 12:33:45 - DEBUG - datasets.arrow_writer - Done writing 1000 examples in 358236 bytes /home/hrao/.cache/huggingface/metrics/seqeval/default/default_experiment-1-0.arrow.
Set __getitem__(key) output type to python objects for no columns  (when key is int or slice) and don't output other (un-formatted) columns.
06/03/2025 12:33:45 - DEBUG - datasets.arrow_dataset - Set __getitem__(key) output type to python objects for no columns  (when key is int or slice) and don't output other (un-formatted) columns.
/project/hrao/miniconda3/envs/imbalance_env/lib/python3.10/site-packages/seqeval/metrics/v1.py:57: UndefinedMetricWarning: Precision and F-score are ill-defined and being set to 0.0 in labels with no predicted samples. Use `zero_division` parameter to control this behavior.
  _warn_prf(average, modifier, msg_start, len(result))
06/03/2025 12:33:45 - DEBUG - filelock - Attempting to release lock 140689417533808 on /home/hrao/.cache/huggingface/metrics/seqeval/default/default_experiment-1-0.arrow.lock
06/03/2025 12:33:45 - DEBUG - filelock - Lock 140689417533808 released on /home/hrao/.cache/huggingface/metrics/seqeval/default/default_experiment-1-0.arrow.lock
[INFO|trainer.py:2676] 2025-06-03 12:33:45,983 >> 

Training completed. Do not forget to share your model on huggingface.co/models =)


[INFO|trainer.py:3993] 2025-06-03 12:33:45,988 >> Saving model checkpoint to /project/hrao/Meta-Resample/output/mit_movie_trivia_bert_run
[INFO|configuration_utils.py:424] 2025-06-03 12:33:45,991 >> Configuration saved in /project/hrao/Meta-Resample/output/mit_movie_trivia_bert_run/config.json
[INFO|modeling_utils.py:3724] 2025-06-03 12:33:47,115 >> Model weights saved in /project/hrao/Meta-Resample/output/mit_movie_trivia_bert_run/model.safetensors
[INFO|tokenization_utils_base.py:2525] 2025-06-03 12:33:47,142 >> tokenizer config file saved in /project/hrao/Meta-Resample/output/mit_movie_trivia_bert_run/tokenizer_config.json
[INFO|tokenization_utils_base.py:2534] 2025-06-03 12:33:47,157 >> Special tokens file saved in /project/hrao/Meta-Resample/output/mit_movie_trivia_bert_run/special_tokens_map.json
{'eval_loss': 0.6166550517082214, 'eval_overall_precision': 0.5717852684144819, 'eval_overall_recall': 0.6720469552457814, 'eval_overall_f1': 0.6178752107925801, 'eval_overall_accuracy': 0.8618928343401601, 'eval_runtime': 7.5349, 'eval_samples_per_second': 132.716, 'eval_steps_per_second': 66.358, 'epoch': 8.0}
{'train_runtime': 526.4897, 'train_samples_per_second': 98.403, 'train_steps_per_second': 3.085, 'train_loss': 0.10198720137180366, 'epoch': 8.0}
***** train metrics *****
  epoch                    =        8.0
  train_loss               =      0.102
  train_runtime            = 0:08:46.48
  train_samples            =       6476
  train_samples_per_second =     98.403
  train_steps_per_second   =      3.085
06/03/2025 12:33:47 - INFO - __main__ - *** Evaluate ***
06/03/2025 12:33:47 - INFO - __main__ - Temporarily disabled model.config.output_hidden_states for evaluation.
[INFO|trainer.py:4327] 2025-06-03 12:33:47,188 >> 
***** Running Evaluation *****
[INFO|trainer.py:4329] 2025-06-03 12:33:47,188 >>   Num examples = 1000
[INFO|trainer.py:4332] 2025-06-03 12:33:47,188 >>   Batch size = 2
06/03/2025 12:33:51 - DEBUG - filelock - Attempting to acquire lock 140689417520128 on /home/hrao/.cache/huggingface/metrics/seqeval/default/default_experiment-1-0.arrow.lock
06/03/2025 12:33:51 - DEBUG - filelock - Lock 140689417520128 acquired on /home/hrao/.cache/huggingface/metrics/seqeval/default/default_experiment-1-0.arrow.lock
06/03/2025 12:33:51 - DEBUG - fsspec.local - open file: /home/hrao/.cache/huggingface/metrics/seqeval/default/default_experiment-1-0.arrow
Done writing 1000 examples in 358236 bytes /home/hrao/.cache/huggingface/metrics/seqeval/default/default_experiment-1-0.arrow.
06/03/2025 12:33:51 - DEBUG - datasets.arrow_writer - Done writing 1000 examples in 358236 bytes /home/hrao/.cache/huggingface/metrics/seqeval/default/default_experiment-1-0.arrow.
Set __getitem__(key) output type to python objects for no columns  (when key is int or slice) and don't output other (un-formatted) columns.
06/03/2025 12:33:51 - DEBUG - datasets.arrow_dataset - Set __getitem__(key) output type to python objects for no columns  (when key is int or slice) and don't output other (un-formatted) columns.
06/03/2025 12:33:51 - DEBUG - filelock - Attempting to release lock 140689417520128 on /home/hrao/.cache/huggingface/metrics/seqeval/default/default_experiment-1-0.arrow.lock
06/03/2025 12:33:51 - DEBUG - filelock - Lock 140689417520128 released on /home/hrao/.cache/huggingface/metrics/seqeval/default/default_experiment-1-0.arrow.lock
{'eval_loss': 0.6166550517082214, 'eval_overall_precision': 0.5717852684144819, 'eval_overall_recall': 0.6720469552457814, 'eval_overall_f1': 0.6178752107925801, 'eval_overall_accuracy': 0.8618928343401601, 'eval_runtime': 4.2457, 'eval_samples_per_second': 235.532, 'eval_steps_per_second': 117.766, 'epoch': 8.0}
06/03/2025 12:33:51 - INFO - __main__ - Restored model.config.output_hidden_states after evaluation.
***** eval metrics *****
  epoch                   =        8.0
  eval_loss               =     0.6167
  eval_overall_accuracy   =     0.8619
  eval_overall_f1         =     0.6179
  eval_overall_precision  =     0.5718
  eval_overall_recall     =      0.672
  eval_runtime            = 0:00:04.24
  eval_samples            =       1000
  eval_samples_per_second =    235.532
  eval_steps_per_second   =    117.766
06/03/2025 12:33:51 - INFO - __main__ - *** Predict ***
06/03/2025 12:33:51 - INFO - __main__ - Temporarily disabled model.config.output_hidden_states for prediction.
[INFO|trainer.py:4327] 2025-06-03 12:33:51,443 >> 
***** Running Prediction *****
[INFO|trainer.py:4329] 2025-06-03 12:33:51,443 >>   Num examples = 1953
[INFO|trainer.py:4332] 2025-06-03 12:33:51,443 >>   Batch size = 2
06/03/2025 12:33:59 - DEBUG - filelock - Attempting to acquire lock 140689393483344 on /home/hrao/.cache/huggingface/metrics/seqeval/default/default_experiment-1-0.arrow.lock
06/03/2025 12:33:59 - DEBUG - filelock - Lock 140689393483344 acquired on /home/hrao/.cache/huggingface/metrics/seqeval/default/default_experiment-1-0.arrow.lock
06/03/2025 12:33:59 - DEBUG - fsspec.local - open file: /home/hrao/.cache/huggingface/metrics/seqeval/default/default_experiment-1-0.arrow
Done writing 1953 examples in 698286 bytes /home/hrao/.cache/huggingface/metrics/seqeval/default/default_experiment-1-0.arrow.
06/03/2025 12:33:59 - DEBUG - datasets.arrow_writer - Done writing 1953 examples in 698286 bytes /home/hrao/.cache/huggingface/metrics/seqeval/default/default_experiment-1-0.arrow.
Set __getitem__(key) output type to python objects for no columns  (when key is int or slice) and don't output other (un-formatted) columns.
06/03/2025 12:33:59 - DEBUG - datasets.arrow_dataset - Set __getitem__(key) output type to python objects for no columns  (when key is int or slice) and don't output other (un-formatted) columns.
06/03/2025 12:33:59 - DEBUG - filelock - Attempting to release lock 140689393483344 on /home/hrao/.cache/huggingface/metrics/seqeval/default/default_experiment-1-0.arrow.lock
06/03/2025 12:33:59 - DEBUG - filelock - Lock 140689393483344 released on /home/hrao/.cache/huggingface/metrics/seqeval/default/default_experiment-1-0.arrow.lock
06/03/2025 12:33:59 - INFO - __main__ - Restored model.config.output_hidden_states after prediction.
***** predict metrics *****
  predict_loss               =     0.6324
  predict_overall_accuracy   =     0.8606
  predict_overall_f1         =     0.6372 ✅
  predict_overall_precision  =     0.5931
  predict_overall_recall     =     0.6884
  predict_runtime            = 0:00:08.28
  predict_samples_per_second =    235.753
  predict_steps_per_second   =    117.937
06/03/2025 12:33:59 - DEBUG - urllib3.connectionpool - Resetting dropped connection: huggingface.co
06/03/2025 12:33:59 - DEBUG - urllib3.connectionpool - https://huggingface.co:443 "GET /api/models/google-bert/bert-base-uncased HTTP/1.1" 200 4441
[INFO|modelcard.py:450] 2025-06-03 12:33:59,931 >> Dropping the following result as it does not have all the necessary fields:
{'task': {'name': 'Token Classification', 'type': 'token-classification'}}
