06/03/2025 12:48:32 - WARNING - __main__ - Process rank: 0, device: cuda:0, n_gpu: 1, distributed training: False, 16-bits training: False
06/03/2025 12:48:32 - INFO - __main__ - Training/evaluation parameters TrainingArguments(
_n_gpu=1,
accelerator_config={'split_batches': False, 'dispatch_batches': None, 'even_batches': True, 'use_seedable_sampler': True, 'non_blocking': False, 'gradient_accumulation_kwargs': None, 'use_configured_state': False},
adafactor=False,
adam_beta1=0.9,
adam_beta2=0.999,
adam_epsilon=1e-08,
auto_find_batch_size=False,
average_tokens_across_devices=False,
batch_eval_metrics=False,
bf16=False,
bf16_full_eval=False,
data_seed=None,
dataloader_drop_last=False,
dataloader_num_workers=0,
dataloader_persistent_workers=False,
dataloader_pin_memory=True,
dataloader_prefetch_factor=None,
ddp_backend=None,
ddp_broadcast_buffers=None,
ddp_bucket_cap_mb=None,
ddp_find_unused_parameters=None,
ddp_timeout=1800,
debug=[],
deepspeed=None,
disable_tqdm=True,
do_eval=True,
do_predict=True,
do_train=True,
eval_accumulation_steps=None,
eval_delay=0,
eval_do_concat_batches=True,
eval_on_start=False,
eval_steps=None,
eval_strategy=epoch,
eval_use_gather_object=False,
fp16=False,
fp16_backend=auto,
fp16_full_eval=False,
fp16_opt_level=O1,
fsdp=[],
fsdp_config={'min_num_params': 0, 'xla': False, 'xla_fsdp_v2': False, 'xla_fsdp_grad_ckpt': False},
fsdp_min_num_params=0,
fsdp_transformer_layer_cls_to_wrap=None,
full_determinism=False,
gradient_accumulation_steps=1,
gradient_checkpointing=False,
gradient_checkpointing_kwargs=None,
greater_is_better=None,
group_by_length=False,
half_precision_backend=auto,
hub_always_push=False,
hub_model_id=None,
hub_private_repo=None,
hub_strategy=every_save,
hub_token=<HUB_TOKEN>,
ignore_data_skip=False,
include_for_metrics=[],
include_inputs_for_metrics=False,
include_num_input_tokens_seen=False,
include_tokens_per_second=False,
jit_mode_eval=False,
label_names=None,
label_smoothing_factor=0.0,
learning_rate=2e-05,
length_column_name=length,
load_best_model_at_end=False,
local_rank=0,
log_level=debug,
log_level_replica=warning,
log_on_each_node=True,
logging_dir=/project/hrao/Meta-Resample/output/mit_movie_trivia_bert_run/runs/Jun03_12-48-32_itiger03,
logging_first_step=False,
logging_nan_inf_filter=True,
logging_steps=500,
logging_strategy=steps,
lr_scheduler_kwargs={},
lr_scheduler_type=linear,
max_grad_norm=1.0,
max_steps=-1,
metric_for_best_model=None,
mp_parameters=,
neftune_noise_alpha=None,
no_cuda=False,
num_train_epochs=8.0,
optim=adamw_torch,
optim_args=None,
optim_target_modules=None,
output_dir=/project/hrao/Meta-Resample/output/mit_movie_trivia_bert_run,
overwrite_output_dir=True,
past_index=-1,
per_device_eval_batch_size=2,
per_device_train_batch_size=32,
prediction_loss_only=False,
push_to_hub=False,
push_to_hub_model_id=None,
push_to_hub_organization=None,
push_to_hub_token=<PUSH_TO_HUB_TOKEN>,
ray_scope=last,
remove_unused_columns=False,
report_to=['tensorboard'],
restore_callback_states_from_checkpoint=False,
resume_from_checkpoint=None,
run_name=/project/hrao/Meta-Resample/output/mit_movie_trivia_bert_run,
save_on_each_node=False,
save_only_model=False,
save_safetensors=True,
save_steps=500,
save_strategy=steps,
save_total_limit=None,
seed=42,
skip_memory_metrics=True,
tf32=None,
torch_compile=False,
torch_compile_backend=None,
torch_compile_mode=None,
torch_empty_cache_steps=None,
torchdynamo=None,
tpu_metrics_debug=False,
tpu_num_cores=None,
use_cpu=False,
use_ipex=False,
use_legacy_prediction_loop=False,
use_liger_kernel=False,
use_mps_device=False,
warmup_ratio=0.0,
warmup_steps=0,
weight_decay=0.0,
)
06/03/2025 12:48:32 - DEBUG - urllib3.connectionpool - Starting new HTTPS connection (1): huggingface.co:443
06/03/2025 12:48:32 - DEBUG - urllib3.connectionpool - https://huggingface.co:443 "HEAD /api/telemetry/examples HTTP/1.1" 200 0
06/03/2025 12:48:32 - DEBUG - urllib3.connectionpool - Starting new HTTPS connection (1): huggingface.co:443
06/03/2025 12:48:32 - DEBUG - urllib3.connectionpool - https://huggingface.co:443 "HEAD /google-bert/bert-base-uncased/resolve/main/config.json HTTP/1.1" 200 0
[INFO|configuration_utils.py:698] 2025-06-03 12:48:32,861 >> loading configuration file config.json from cache at /home/hrao/.cache/huggingface/hub/models--google-bert--bert-base-uncased/snapshots/86b5e0934494bd15c9632b12f734a8a67f723594/config.json
[INFO|configuration_utils.py:770] 2025-06-03 12:48:32,865 >> Model config BertConfig {
  "architectures": [
    "BertForMaskedLM"
  ],
  "attention_probs_dropout_prob": 0.1,
  "classifier_dropout": null,
  "finetuning_task": "ner",
  "gradient_checkpointing": false,
  "hidden_act": "gelu",
  "hidden_dropout_prob": 0.1,
  "hidden_size": 768,
  "id2label": {
    "0": "LABEL_0",
    "1": "LABEL_1",
    "2": "LABEL_2",
    "3": "LABEL_3",
    "4": "LABEL_4",
    "5": "LABEL_5",
    "6": "LABEL_6",
    "7": "LABEL_7",
    "8": "LABEL_8",
    "9": "LABEL_9",
    "10": "LABEL_10",
    "11": "LABEL_11",
    "12": "LABEL_12",
    "13": "LABEL_13",
    "14": "LABEL_14",
    "15": "LABEL_15",
    "16": "LABEL_16",
    "17": "LABEL_17",
    "18": "LABEL_18",
    "19": "LABEL_19",
    "20": "LABEL_20",
    "21": "LABEL_21",
    "22": "LABEL_22",
    "23": "LABEL_23",
    "24": "LABEL_24"
  },
  "initializer_range": 0.02,
  "intermediate_size": 3072,
  "label2id": {
    "LABEL_0": 0,
    "LABEL_1": 1,
    "LABEL_10": 10,
    "LABEL_11": 11,
    "LABEL_12": 12,
    "LABEL_13": 13,
    "LABEL_14": 14,
    "LABEL_15": 15,
    "LABEL_16": 16,
    "LABEL_17": 17,
    "LABEL_18": 18,
    "LABEL_19": 19,
    "LABEL_2": 2,
    "LABEL_20": 20,
    "LABEL_21": 21,
    "LABEL_22": 22,
    "LABEL_23": 23,
    "LABEL_24": 24,
    "LABEL_3": 3,
    "LABEL_4": 4,
    "LABEL_5": 5,
    "LABEL_6": 6,
    "LABEL_7": 7,
    "LABEL_8": 8,
    "LABEL_9": 9
  },
  "layer_norm_eps": 1e-12,
  "max_position_embeddings": 512,
  "model_type": "bert",
  "num_attention_heads": 12,
  "num_hidden_layers": 12,
  "pad_token_id": 0,
  "position_embedding_type": "absolute",
  "transformers_version": "4.52.3",
  "type_vocab_size": 2,
  "use_cache": true,
  "vocab_size": 30522
}

06/03/2025 12:48:32 - DEBUG - urllib3.connectionpool - https://huggingface.co:443 "HEAD /google-bert/bert-base-uncased/resolve/main/tokenizer_config.json HTTP/1.1" 200 0
[INFO|configuration_utils.py:698] 2025-06-03 12:48:32,923 >> loading configuration file config.json from cache at /home/hrao/.cache/huggingface/hub/models--google-bert--bert-base-uncased/snapshots/86b5e0934494bd15c9632b12f734a8a67f723594/config.json
[INFO|configuration_utils.py:770] 2025-06-03 12:48:32,924 >> Model config BertConfig {
  "architectures": [
    "BertForMaskedLM"
  ],
  "attention_probs_dropout_prob": 0.1,
  "classifier_dropout": null,
  "gradient_checkpointing": false,
  "hidden_act": "gelu",
  "hidden_dropout_prob": 0.1,
  "hidden_size": 768,
  "initializer_range": 0.02,
  "intermediate_size": 3072,
  "layer_norm_eps": 1e-12,
  "max_position_embeddings": 512,
  "model_type": "bert",
  "num_attention_heads": 12,
  "num_hidden_layers": 12,
  "pad_token_id": 0,
  "position_embedding_type": "absolute",
  "transformers_version": "4.52.3",
  "type_vocab_size": 2,
  "use_cache": true,
  "vocab_size": 30522
}

06/03/2025 12:48:32 - DEBUG - urllib3.connectionpool - https://huggingface.co:443 "GET /api/models/google-bert/bert-base-uncased/tree/main/additional_chat_templates?recursive=False&expand=False HTTP/1.1" 404 64
[INFO|tokenization_utils_base.py:2023] 2025-06-03 12:48:32,974 >> loading file vocab.txt from cache at /home/hrao/.cache/huggingface/hub/models--google-bert--bert-base-uncased/snapshots/86b5e0934494bd15c9632b12f734a8a67f723594/vocab.txt
[INFO|tokenization_utils_base.py:2023] 2025-06-03 12:48:32,974 >> loading file tokenizer.json from cache at /home/hrao/.cache/huggingface/hub/models--google-bert--bert-base-uncased/snapshots/86b5e0934494bd15c9632b12f734a8a67f723594/tokenizer.json
[INFO|tokenization_utils_base.py:2023] 2025-06-03 12:48:32,974 >> loading file added_tokens.json from cache at None
[INFO|tokenization_utils_base.py:2023] 2025-06-03 12:48:32,974 >> loading file special_tokens_map.json from cache at None
[INFO|tokenization_utils_base.py:2023] 2025-06-03 12:48:32,974 >> loading file tokenizer_config.json from cache at /home/hrao/.cache/huggingface/hub/models--google-bert--bert-base-uncased/snapshots/86b5e0934494bd15c9632b12f734a8a67f723594/tokenizer_config.json
[INFO|tokenization_utils_base.py:2023] 2025-06-03 12:48:32,974 >> loading file chat_template.jinja from cache at None
[INFO|configuration_utils.py:698] 2025-06-03 12:48:32,974 >> loading configuration file config.json from cache at /home/hrao/.cache/huggingface/hub/models--google-bert--bert-base-uncased/snapshots/86b5e0934494bd15c9632b12f734a8a67f723594/config.json
[INFO|configuration_utils.py:770] 2025-06-03 12:48:32,975 >> Model config BertConfig {
  "architectures": [
    "BertForMaskedLM"
  ],
  "attention_probs_dropout_prob": 0.1,
  "classifier_dropout": null,
  "gradient_checkpointing": false,
  "hidden_act": "gelu",
  "hidden_dropout_prob": 0.1,
  "hidden_size": 768,
  "initializer_range": 0.02,
  "intermediate_size": 3072,
  "layer_norm_eps": 1e-12,
  "max_position_embeddings": 512,
  "model_type": "bert",
  "num_attention_heads": 12,
  "num_hidden_layers": 12,
  "pad_token_id": 0,
  "position_embedding_type": "absolute",
  "transformers_version": "4.52.3",
  "type_vocab_size": 2,
  "use_cache": true,
  "vocab_size": 30522
}

[INFO|modeling_utils.py:1150] 2025-06-03 12:48:33,175 >> loading weights file model.safetensors from cache at /home/hrao/.cache/huggingface/hub/models--google-bert--bert-base-uncased/snapshots/86b5e0934494bd15c9632b12f734a8a67f723594/model.safetensors
[INFO|logging.py:343] 2025-06-03 12:48:33,196 >> A pretrained model of type `BertForTokenClassification` contains parameters that have been renamed internally (a few are listed below but more are present in the model):
* `cls.predictions.transform.LayerNorm.beta` -> `cls.predictions.transform.LayerNorm.bias`
* `cls.predictions.transform.LayerNorm.gamma` -> `cls.predictions.transform.LayerNorm.weight`
If you are using a model from the Hub, consider submitting a PR to adjust these weights and help future users.
[INFO|modeling_utils.py:5120] 2025-06-03 12:48:33,237 >> Some weights of the model checkpoint at google-bert/bert-base-uncased were not used when initializing BertForTokenClassification: ['bert.pooler.dense.bias', 'bert.pooler.dense.weight', 'cls.predictions.bias', 'cls.predictions.transform.LayerNorm.bias', 'cls.predictions.transform.LayerNorm.weight', 'cls.predictions.transform.dense.bias', 'cls.predictions.transform.dense.weight', 'cls.seq_relationship.bias', 'cls.seq_relationship.weight']
- This IS expected if you are initializing BertForTokenClassification from the checkpoint of a model trained on another task or with another architecture (e.g. initializing a BertForSequenceClassification model from a BertForPreTraining model).
- This IS NOT expected if you are initializing BertForTokenClassification from the checkpoint of a model that you expect to be exactly identical (initializing a BertForSequenceClassification model from a BertForSequenceClassification model).
[WARNING|modeling_utils.py:5132] 2025-06-03 12:48:33,237 >> Some weights of BertForTokenClassification were not initialized from the model checkpoint at google-bert/bert-base-uncased and are newly initialized: ['classifier.bias', 'classifier.weight']
You should probably TRAIN this model on a down-stream task to be able to use it for predictions and inference.
Done writing 340 indices in 2720 bytes .
06/03/2025 12:48:33 - DEBUG - datasets.arrow_writer - Done writing 340 indices in 2720 bytes .

Running tokenizer on meta dataset:   0%|          | 0/340 [00:00<?, ? examples/s]Set __getitem__(key) output type to arrow for no columns  (when key is int or slice) and don't output other (un-formatted) columns.
06/03/2025 12:48:33 - DEBUG - datasets.arrow_dataset - Set __getitem__(key) output type to arrow for no columns  (when key is int or slice) and don't output other (un-formatted) columns.
Done writing 340 examples in 238803 bytes .
06/03/2025 12:48:33 - DEBUG - datasets.arrow_writer - Done writing 340 examples in 238803 bytes .
Finished processing shard number None of 1.
06/03/2025 12:48:33 - DEBUG - datasets.arrow_dataset - Finished processing shard number None of 1.

Running tokenizer on meta dataset: 100%|██████████| 340/340 [00:00<00:00, 13657.52 examples/s]
06/03/2025 12:48:33 - INFO - __main__ - [MetaSplit] meta_dataset=340, train_dataset=6816

Adding original indices to train dataset:   0%|          | 0/6816 [00:00<?, ? examples/s]Set __getitem__(key) output type to arrow for no columns  (when key is int or slice) and don't output other (un-formatted) columns.
06/03/2025 12:48:33 - DEBUG - datasets.arrow_dataset - Set __getitem__(key) output type to arrow for no columns  (when key is int or slice) and don't output other (un-formatted) columns.

Adding original indices to train dataset:  81%|████████  | 5528/6816 [00:00<00:00, 55066.05 examples/s]Done writing 6816 examples in 2494995 bytes .
06/03/2025 12:48:33 - DEBUG - datasets.arrow_writer - Done writing 6816 examples in 2494995 bytes .
Finished processing shard number None of 1.
06/03/2025 12:48:33 - DEBUG - datasets.arrow_dataset - Finished processing shard number None of 1.

Adding original indices to train dataset: 100%|██████████| 6816/6816 [00:00<00:00, 53463.10 examples/s]
06/03/2025 12:48:33 - INFO - __main__ - Adding orig_idx for hardness-aware sampling.
06/03/2025 12:48:33 - INFO - __main__ - [DEBUG_ORIG_IDX] After add_original_indices, train_dataset columns: ['tokens', 'ner_tags', 'orig_idx']
06/03/2025 12:48:33 - INFO - __main__ - [DEBUG_ORIG_IDX] Sample 0 after add_original_indices: {'tokens': ['what', '1995', 'romantic', 'comedy', 'film', 'starred', 'michael', 'douglas', 'as', 'a', 'u', 's', 'head', 'of', 'state', 'looking', 'for', 'love'], 'ner_tags': ['O', 'B-Year', 'B-Genre', 'I-Genre', 'O', 'O', 'B-Actor', 'I-Actor', 'O', 'B-Plot', 'I-Plot', 'I-Plot', 'I-Plot', 'I-Plot', 'I-Plot', 'I-Plot', 'I-Plot', 'I-Plot'], 'orig_idx': 0}

Running tokenizer on train dataset:   0%|          | 0/6816 [00:00<?, ? examples/s]Set __getitem__(key) output type to arrow for no columns  (when key is int or slice) and don't output other (un-formatted) columns.
06/03/2025 12:48:33 - DEBUG - datasets.arrow_dataset - Set __getitem__(key) output type to arrow for no columns  (when key is int or slice) and don't output other (un-formatted) columns.

Running tokenizer on train dataset:  29%|██▉       | 2000/6816 [00:00<00:00, 17255.68 examples/s]
Running tokenizer on train dataset:  59%|█████▊    | 4000/6816 [00:00<00:00, 17813.21 examples/s]
Running tokenizer on train dataset:  88%|████████▊ | 6000/6816 [00:00<00:00, 17877.98 examples/s]Done writing 6816 examples in 4875705 bytes .
06/03/2025 12:48:33 - DEBUG - datasets.arrow_writer - Done writing 6816 examples in 4875705 bytes .
Finished processing shard number None of 1.
06/03/2025 12:48:33 - DEBUG - datasets.arrow_dataset - Finished processing shard number None of 1.

Running tokenizer on train dataset: 100%|██████████| 6816/6816 [00:00<00:00, 17695.06 examples/s]
06/03/2025 12:48:33 - INFO - __main__ - Train dataset columns after tokenization: ['tokens', 'ner_tags', 'orig_idx', 'input_ids', 'token_type_ids', 'attention_mask', 'labels']
06/03/2025 12:48:33 - INFO - __main__ - [DEBUG_ORIG_IDX] After tokenize_and_align_labels, train_dataset columns: ['tokens', 'ner_tags', 'orig_idx', 'input_ids', 'token_type_ids', 'attention_mask', 'labels']
06/03/2025 12:48:33 - INFO - __main__ - [DEBUG_ORIG_IDX] Sample 0 after tokenize_and_align_labels: {'tokens': ['what', '1995', 'romantic', 'comedy', 'film', 'starred', 'michael', 'douglas', 'as', 'a', 'u', 's', 'head', 'of', 'state', 'looking', 'for', 'love'], 'ner_tags': ['O', 'B-Year', 'B-Genre', 'I-Genre', 'O', 'O', 'B-Actor', 'I-Actor', 'O', 'B-Plot', 'I-Plot', 'I-Plot', 'I-Plot', 'I-Plot', 'I-Plot', 'I-Plot', 'I-Plot', 'I-Plot'], 'orig_idx': 0, 'input_ids': [101, 2054, 2786, 6298, 4038, 2143, 5652, 2745, 5203, 2004, 1037, 1057, 1055, 2132, 1997, 2110, 2559, 2005, 2293, 102], 'token_type_ids': [0, 0, 0, 0, 0, 0, 0, 0, 0, 0, 0, 0, 0, 0, 0, 0, 0, 0, 0, 0], 'attention_mask': [1, 1, 1, 1, 1, 1, 1, 1, 1, 1, 1, 1, 1, 1, 1, 1, 1, 1, 1, 1], 'labels': [-100, 24, 11, 4, 16, 24, 24, 0, 12, 24, 7, 19, 19, 19, 19, 19, 19, 19, 19, -100]}

Running tokenizer on validation dataset:   0%|          | 0/1000 [00:00<?, ? examples/s]Set __getitem__(key) output type to arrow for no columns  (when key is int or slice) and don't output other (un-formatted) columns.
06/03/2025 12:48:33 - DEBUG - datasets.arrow_dataset - Set __getitem__(key) output type to arrow for no columns  (when key is int or slice) and don't output other (un-formatted) columns.
Done writing 1000 examples in 701353 bytes .
06/03/2025 12:48:33 - DEBUG - datasets.arrow_writer - Done writing 1000 examples in 701353 bytes .
Finished processing shard number None of 1.
06/03/2025 12:48:33 - DEBUG - datasets.arrow_dataset - Finished processing shard number None of 1.

Running tokenizer on validation dataset: 100%|██████████| 1000/1000 [00:00<00:00, 17480.78 examples/s]

Running tokenizer on prediction dataset:   0%|          | 0/1953 [00:00<?, ? examples/s]Set __getitem__(key) output type to arrow for no columns  (when key is int or slice) and don't output other (un-formatted) columns.
06/03/2025 12:48:33 - DEBUG - datasets.arrow_dataset - Set __getitem__(key) output type to arrow for no columns  (when key is int or slice) and don't output other (un-formatted) columns.

Running tokenizer on prediction dataset: 100%|██████████| 1953/1953 [00:00<00:00, 18084.56 examples/s]Done writing 1953 examples in 1359814 bytes .
06/03/2025 12:48:33 - DEBUG - datasets.arrow_writer - Done writing 1953 examples in 1359814 bytes .
Finished processing shard number None of 1.
06/03/2025 12:48:33 - DEBUG - datasets.arrow_dataset - Finished processing shard number None of 1.

Running tokenizer on prediction dataset: 100%|██████████| 1953/1953 [00:00<00:00, 17772.51 examples/s]
06/03/2025 12:48:33 - INFO - __main__ - Using CustomDataCollatorForTokenClassification for hardness-aware sampling.
06/03/2025 12:48:33 - DEBUG - urllib3.connectionpool - Starting new HTTPS connection (1): s3.amazonaws.com:443
06/03/2025 12:48:34 - DEBUG - urllib3.connectionpool - https://s3.amazonaws.com:443 "HEAD /datasets.huggingface.co/datasets/metrics/evaluate-metric/seqeval/evaluate-metric/seqeval.py HTTP/1.1" 404 0
06/03/2025 12:48:34 - DEBUG - urllib3.connectionpool - Starting new HTTPS connection (1): huggingface.co:443
06/03/2025 12:48:34 - DEBUG - urllib3.connectionpool - https://huggingface.co:443 "HEAD /spaces/evaluate-metric/seqeval/resolve/v0.4.3/seqeval.py HTTP/1.1" 404 0
06/03/2025 12:48:34 - DEBUG - urllib3.connectionpool - Starting new HTTPS connection (1): huggingface.co:443
06/03/2025 12:48:34 - DEBUG - urllib3.connectionpool - https://huggingface.co:443 "HEAD /spaces/evaluate-metric/seqeval/resolve/main/seqeval.py HTTP/1.1" 200 0
06/03/2025 12:48:34 - DEBUG - filelock - Attempting to acquire lock 140083099948880 on /home/hrao/.cache/huggingface/modules/evaluate_modules/metrics/evaluate-metric--seqeval.lock
06/03/2025 12:48:34 - DEBUG - filelock - Lock 140083099948880 acquired on /home/hrao/.cache/huggingface/modules/evaluate_modules/metrics/evaluate-metric--seqeval.lock
06/03/2025 12:48:34 - DEBUG - filelock - Attempting to release lock 140083099948880 on /home/hrao/.cache/huggingface/modules/evaluate_modules/metrics/evaluate-metric--seqeval.lock
06/03/2025 12:48:34 - DEBUG - filelock - Lock 140083099948880 released on /home/hrao/.cache/huggingface/modules/evaluate_modules/metrics/evaluate-metric--seqeval.lock
06/03/2025 12:48:34 - INFO - __main__ - Enabling HardnessAwareTrainer.
/project/hrao/Meta-Resample/step_3/custom_trainer.py:47: FutureWarning: `tokenizer` is deprecated and will be removed in version 5.0.0 for `HardnessAwareTrainer.__init__`. Use `processing_class` instead.
  super().__init__(*args, **kwargs)
06/03/2025 12:48:34 - INFO - custom_trainer - HardnessAwareTrainer initialized. Hardness Sampling Enabled: True
06/03/2025 12:48:34 - INFO - custom_trainer -   H.Alpha: 1.0, VNet LR: 0.001, MetaUpdateScale: 2.0
06/03/2025 12:48:34 - INFO - custom_trainer -   Normalization: Initial moving_mean=0.0, moving_variance=1.0, decay=0.99
06/03/2025 12:48:34 - INFO - __main__ - Added KnnEpochEndCallback to HardnessAwareTrainer.
[DEBUG|trainer.py:2267] 2025-06-03 12:48:34,881 >> Currently training with a batch size of: 32
06/03/2025 12:48:34 - INFO - custom_trainer - Creating HardnessAwareSampler for training.
06/03/2025 12:48:34 - INFO - custom_trainer - [SamplerSetup] Initializing HardnessAwareSampler with: dataset_len=6816, alpha=1.0, lambda_boost (knn_lambda)=0.0, meta_probs_sum_on_init=1.0000, meta_probs_device=cuda:0, neighbor_boost_is_not_none=True, neighbor_boost_device=cuda:0
06/03/2025 12:48:34 - INFO - custom_trainer -   Trainer._get_train_sampler passing _neighbor_boost id=140083201387360, device=cuda:0
06/03/2025 12:48:34 - INFO - custom_sampler - HardnessAwareSampler initialized with neighbor_boost tensor (id: 140083201387360, device: cuda:0).
[INFO|trainer.py:2409] 2025-06-03 12:48:34,896 >> ***** Running training *****
[INFO|trainer.py:2410] 2025-06-03 12:48:34,896 >>   Num examples = 6,816
[INFO|trainer.py:2411] 2025-06-03 12:48:34,896 >>   Num Epochs = 8
[INFO|trainer.py:2412] 2025-06-03 12:48:34,896 >>   Instantaneous batch size per device = 32
[INFO|trainer.py:2415] 2025-06-03 12:48:34,896 >>   Total train batch size (w. parallel, distributed & accumulation) = 32
[INFO|trainer.py:2416] 2025-06-03 12:48:34,896 >>   Gradient Accumulation steps = 1
[INFO|trainer.py:2417] 2025-06-03 12:48:34,896 >>   Total optimization steps = 1,704
[INFO|trainer.py:2418] 2025-06-03 12:48:34,896 >>   Number of trainable parameters = 108,910,873
06/03/2025 12:48:34 - DEBUG - custom_sampler - [Sampler_CalcProbs] Input meta_probs_from_trainer (sum=1.0000, min=0.0001, max=0.0001, num_zeros=0)
06/03/2025 12:48:34 - DEBUG - custom_sampler - [Sampler_CalcProbs] Weights after alpha (sum=1.0068, min=0.0001, max=0.0001, non_zero=6816/6816)
06/03/2025 12:48:34 - DEBUG - custom_sampler - [Sampler] Neighbor_boost (id: 140083201387360, device: cuda:0): using .cpu().float() for calculation. Sum=0.0000, non_zero=0/6816, max=0.0000
06/03/2025 12:48:34 - DEBUG - custom_sampler - [Sampler] Weights after boost (lambda=0.0): sum=1.0068, min=0.0001, max=0.0001, non_zero=6816/6816
06/03/2025 12:48:34 - DEBUG - custom_sampler - [Sampler] Neighbor boost did not significantly change weights or initial weights sum to zero.
06/03/2025 12:48:34 - DEBUG - custom_sampler - [Sampler_CalcProbs] Final sampling probs (sum=1.0000, min=0.0001, max=0.0001, num_zeros=0)
[INFO|trainer.py:4327] 2025-06-03 12:49:13,555 >> 
***** Running Evaluation *****
[INFO|trainer.py:4329] 2025-06-03 12:49:13,555 >>   Num examples = 1000
[INFO|trainer.py:4332] 2025-06-03 12:49:13,555 >>   Batch size = 2
06/03/2025 12:49:23 - INFO - __main__ - compute_metrics received a tuple for predictions. Assuming the first element contains the actual logits. Number of elements in tuple: 2
06/03/2025 12:49:23 - INFO - __main__ -   Tuple element 0: type=<class 'numpy.ndarray'>, shape=(1000, 72, 25)
06/03/2025 12:49:23 - INFO - __main__ -   Tuple element 1: type=<class 'tuple'>, shape=N/A (not an array)
06/03/2025 12:49:23 - DEBUG - filelock - Attempting to acquire lock 140083098859072 on /home/hrao/.cache/huggingface/metrics/seqeval/default/default_experiment-1-0.arrow.lock
06/03/2025 12:49:23 - DEBUG - filelock - Lock 140083098859072 acquired on /home/hrao/.cache/huggingface/metrics/seqeval/default/default_experiment-1-0.arrow.lock
06/03/2025 12:49:23 - DEBUG - fsspec.local - open file: /home/hrao/.cache/huggingface/metrics/seqeval/default/default_experiment-1-0.arrow
Done writing 1000 examples in 354156 bytes /home/hrao/.cache/huggingface/metrics/seqeval/default/default_experiment-1-0.arrow.
06/03/2025 12:49:23 - DEBUG - datasets.arrow_writer - Done writing 1000 examples in 354156 bytes /home/hrao/.cache/huggingface/metrics/seqeval/default/default_experiment-1-0.arrow.
Set __getitem__(key) output type to python objects for no columns  (when key is int or slice) and don't output other (un-formatted) columns.
06/03/2025 12:49:23 - DEBUG - datasets.arrow_dataset - Set __getitem__(key) output type to python objects for no columns  (when key is int or slice) and don't output other (un-formatted) columns.
/project/hrao/miniconda3/envs/imbalance_env/lib/python3.10/site-packages/seqeval/metrics/v1.py:57: UndefinedMetricWarning: Precision and F-score are ill-defined and being set to 0.0 in labels with no predicted samples. Use `zero_division` parameter to control this behavior.
  _warn_prf(average, modifier, msg_start, len(result))
06/03/2025 12:49:23 - DEBUG - filelock - Attempting to release lock 140083098859072 on /home/hrao/.cache/huggingface/metrics/seqeval/default/default_experiment-1-0.arrow.lock
06/03/2025 12:49:23 - DEBUG - filelock - Lock 140083098859072 released on /home/hrao/.cache/huggingface/metrics/seqeval/default/default_experiment-1-0.arrow.lock
{'eval_loss': 0.40478813648223877, 'eval_overall_precision': 0.605718085106383, 'eval_overall_recall': 0.6683785766691123, 'eval_overall_f1': 0.6355074991280084, 'eval_overall_accuracy': 0.8717155346004617, 'eval_runtime': 10.2222, 'eval_samples_per_second': 97.826, 'eval_steps_per_second': 48.913, 'epoch': 1.0}
06/03/2025 12:49:23 - DEBUG - custom_sampler - [Sampler_CalcProbs] Input meta_probs_from_trainer (sum=1.0000, min=0.0000, max=0.0303, num_zeros=0)
06/03/2025 12:49:23 - DEBUG - custom_sampler - [Sampler_CalcProbs] Weights after alpha (sum=1.0068, min=0.0000, max=0.0303, non_zero=6816/6816)
06/03/2025 12:49:23 - DEBUG - custom_sampler - [Sampler] Neighbor_boost (id: 140083201387360, device: cuda:0): using .cpu().float() for calculation. Sum=0.0000, non_zero=0/6816, max=0.0000
06/03/2025 12:49:23 - DEBUG - custom_sampler - [Sampler] Weights after boost (lambda=0.0): sum=1.0068, min=0.0000, max=0.0303, non_zero=6816/6816
06/03/2025 12:49:23 - DEBUG - custom_sampler - [Sampler] Neighbor boost did not significantly change weights or initial weights sum to zero.
06/03/2025 12:49:23 - DEBUG - custom_sampler - [Sampler_CalcProbs] Final sampling probs (sum=1.0000, min=0.0000, max=0.0301, num_zeros=0)
[INFO|trainer.py:4327] 2025-06-03 12:49:59,601 >> 
***** Running Evaluation *****
[INFO|trainer.py:4329] 2025-06-03 12:49:59,601 >>   Num examples = 1000
[INFO|trainer.py:4332] 2025-06-03 12:49:59,601 >>   Batch size = 2
06/03/2025 12:50:06 - INFO - __main__ - compute_metrics received a tuple for predictions. Assuming the first element contains the actual logits. Number of elements in tuple: 2
06/03/2025 12:50:06 - INFO - __main__ -   Tuple element 0: type=<class 'numpy.ndarray'>, shape=(1000, 72, 25)
06/03/2025 12:50:06 - INFO - __main__ -   Tuple element 1: type=<class 'tuple'>, shape=N/A (not an array)
06/03/2025 12:50:06 - DEBUG - filelock - Attempting to acquire lock 140083184789792 on /home/hrao/.cache/huggingface/metrics/seqeval/default/default_experiment-1-0.arrow.lock
06/03/2025 12:50:06 - DEBUG - filelock - Lock 140083184789792 acquired on /home/hrao/.cache/huggingface/metrics/seqeval/default/default_experiment-1-0.arrow.lock
06/03/2025 12:50:06 - DEBUG - fsspec.local - open file: /home/hrao/.cache/huggingface/metrics/seqeval/default/default_experiment-1-0.arrow
Done writing 1000 examples in 352560 bytes /home/hrao/.cache/huggingface/metrics/seqeval/default/default_experiment-1-0.arrow.
06/03/2025 12:50:06 - DEBUG - datasets.arrow_writer - Done writing 1000 examples in 352560 bytes /home/hrao/.cache/huggingface/metrics/seqeval/default/default_experiment-1-0.arrow.
Set __getitem__(key) output type to python objects for no columns  (when key is int or slice) and don't output other (un-formatted) columns.
06/03/2025 12:50:06 - DEBUG - datasets.arrow_dataset - Set __getitem__(key) output type to python objects for no columns  (when key is int or slice) and don't output other (un-formatted) columns.
06/03/2025 12:50:07 - DEBUG - filelock - Attempting to release lock 140083184789792 on /home/hrao/.cache/huggingface/metrics/seqeval/default/default_experiment-1-0.arrow.lock
06/03/2025 12:50:07 - DEBUG - filelock - Lock 140083184789792 released on /home/hrao/.cache/huggingface/metrics/seqeval/default/default_experiment-1-0.arrow.lock
{'eval_loss': 0.6311576962471008, 'eval_overall_precision': 0.5815533980582525, 'eval_overall_recall': 0.6592076302274394, 'eval_overall_f1': 0.6179504814305364, 'eval_overall_accuracy': 0.8629242178674917, 'eval_runtime': 7.5428, 'eval_samples_per_second': 132.578, 'eval_steps_per_second': 66.289, 'epoch': 2.0}
06/03/2025 12:50:07 - DEBUG - custom_sampler - [Sampler_CalcProbs] Input meta_probs_from_trainer (sum=1.0000, min=0.0000, max=0.0920, num_zeros=0)
06/03/2025 12:50:07 - DEBUG - custom_sampler - [Sampler_CalcProbs] Weights after alpha (sum=1.0068, min=0.0000, max=0.0920, non_zero=6816/6816)
06/03/2025 12:50:07 - DEBUG - custom_sampler - [Sampler] Neighbor_boost (id: 140083201387360, device: cuda:0): using .cpu().float() for calculation. Sum=0.0000, non_zero=0/6816, max=0.0000
06/03/2025 12:50:07 - DEBUG - custom_sampler - [Sampler] Weights after boost (lambda=0.0): sum=1.0068, min=0.0000, max=0.0920, non_zero=6816/6816
06/03/2025 12:50:07 - DEBUG - custom_sampler - [Sampler] Neighbor boost did not significantly change weights or initial weights sum to zero.
06/03/2025 12:50:07 - DEBUG - custom_sampler - [Sampler_CalcProbs] Final sampling probs (sum=1.0000, min=0.0000, max=0.0913, num_zeros=0)
[INFO|trainer.py:3993] 2025-06-03 12:50:19,687 >> Saving model checkpoint to /project/hrao/Meta-Resample/output/mit_movie_trivia_bert_run/checkpoint-500
[INFO|configuration_utils.py:424] 2025-06-03 12:50:19,690 >> Configuration saved in /project/hrao/Meta-Resample/output/mit_movie_trivia_bert_run/checkpoint-500/config.json
[INFO|modeling_utils.py:3724] 2025-06-03 12:50:20,888 >> Model weights saved in /project/hrao/Meta-Resample/output/mit_movie_trivia_bert_run/checkpoint-500/model.safetensors
[INFO|tokenization_utils_base.py:2525] 2025-06-03 12:50:20,915 >> tokenizer config file saved in /project/hrao/Meta-Resample/output/mit_movie_trivia_bert_run/checkpoint-500/tokenizer_config.json
[INFO|tokenization_utils_base.py:2534] 2025-06-03 12:50:20,929 >> Special tokens file saved in /project/hrao/Meta-Resample/output/mit_movie_trivia_bert_run/checkpoint-500/special_tokens_map.json
[INFO|trainer.py:4327] 2025-06-03 12:50:47,171 >> 
***** Running Evaluation *****
[INFO|trainer.py:4329] 2025-06-03 12:50:47,171 >>   Num examples = 1000
[INFO|trainer.py:4332] 2025-06-03 12:50:47,171 >>   Batch size = 2
{'loss': 0.3449, 'grad_norm': 0.04112962260842323, 'learning_rate': 1.4143192488262912e-05, 'epoch': 2.347417840375587}
06/03/2025 12:50:54 - INFO - __main__ - compute_metrics received a tuple for predictions. Assuming the first element contains the actual logits. Number of elements in tuple: 2
06/03/2025 12:50:54 - INFO - __main__ -   Tuple element 0: type=<class 'numpy.ndarray'>, shape=(1000, 72, 25)
06/03/2025 12:50:54 - INFO - __main__ -   Tuple element 1: type=<class 'tuple'>, shape=N/A (not an array)
06/03/2025 12:50:54 - DEBUG - filelock - Attempting to acquire lock 140083184891504 on /home/hrao/.cache/huggingface/metrics/seqeval/default/default_experiment-1-0.arrow.lock
06/03/2025 12:50:54 - DEBUG - filelock - Lock 140083184891504 acquired on /home/hrao/.cache/huggingface/metrics/seqeval/default/default_experiment-1-0.arrow.lock
06/03/2025 12:50:54 - DEBUG - fsspec.local - open file: /home/hrao/.cache/huggingface/metrics/seqeval/default/default_experiment-1-0.arrow
Done writing 1000 examples in 355905 bytes /home/hrao/.cache/huggingface/metrics/seqeval/default/default_experiment-1-0.arrow.
06/03/2025 12:50:54 - DEBUG - datasets.arrow_writer - Done writing 1000 examples in 355905 bytes /home/hrao/.cache/huggingface/metrics/seqeval/default/default_experiment-1-0.arrow.
Set __getitem__(key) output type to python objects for no columns  (when key is int or slice) and don't output other (un-formatted) columns.
06/03/2025 12:50:54 - DEBUG - datasets.arrow_dataset - Set __getitem__(key) output type to python objects for no columns  (when key is int or slice) and don't output other (un-formatted) columns.
/project/hrao/miniconda3/envs/imbalance_env/lib/python3.10/site-packages/seqeval/metrics/v1.py:57: UndefinedMetricWarning: Precision and F-score are ill-defined and being set to 0.0 in labels with no predicted samples. Use `zero_division` parameter to control this behavior.
  _warn_prf(average, modifier, msg_start, len(result))
06/03/2025 12:50:54 - DEBUG - filelock - Attempting to release lock 140083184891504 on /home/hrao/.cache/huggingface/metrics/seqeval/default/default_experiment-1-0.arrow.lock
06/03/2025 12:50:54 - DEBUG - filelock - Lock 140083184891504 released on /home/hrao/.cache/huggingface/metrics/seqeval/default/default_experiment-1-0.arrow.lock
{'eval_loss': 0.6289761066436768, 'eval_overall_precision': 0.5861618798955613, 'eval_overall_recall': 0.6588407923697726, 'eval_overall_f1': 0.6203799654576856, 'eval_overall_accuracy': 0.8645449634104415, 'eval_runtime': 7.6193, 'eval_samples_per_second': 131.245, 'eval_steps_per_second': 65.622, 'epoch': 3.0}
06/03/2025 12:50:54 - DEBUG - custom_sampler - [Sampler_CalcProbs] Input meta_probs_from_trainer (sum=1.0000, min=0.0000, max=0.0936, num_zeros=0)
06/03/2025 12:50:54 - DEBUG - custom_sampler - [Sampler_CalcProbs] Weights after alpha (sum=1.0068, min=0.0000, max=0.0936, non_zero=6816/6816)
06/03/2025 12:50:54 - DEBUG - custom_sampler - [Sampler] Neighbor_boost (id: 140083201387360, device: cuda:0): using .cpu().float() for calculation. Sum=0.0000, non_zero=0/6816, max=0.0000
06/03/2025 12:50:54 - DEBUG - custom_sampler - [Sampler] Weights after boost (lambda=0.0): sum=1.0068, min=0.0000, max=0.0936, non_zero=6816/6816
06/03/2025 12:50:54 - DEBUG - custom_sampler - [Sampler] Neighbor boost did not significantly change weights or initial weights sum to zero.
06/03/2025 12:50:54 - DEBUG - custom_sampler - [Sampler_CalcProbs] Final sampling probs (sum=1.0000, min=0.0000, max=0.0930, num_zeros=0)
[INFO|trainer.py:4327] 2025-06-03 12:51:31,139 >> 
***** Running Evaluation *****
[INFO|trainer.py:4329] 2025-06-03 12:51:31,139 >>   Num examples = 1000
[INFO|trainer.py:4332] 2025-06-03 12:51:31,139 >>   Batch size = 2
06/03/2025 12:51:38 - INFO - __main__ - compute_metrics received a tuple for predictions. Assuming the first element contains the actual logits. Number of elements in tuple: 2
06/03/2025 12:51:38 - INFO - __main__ -   Tuple element 0: type=<class 'numpy.ndarray'>, shape=(1000, 72, 25)
06/03/2025 12:51:38 - INFO - __main__ -   Tuple element 1: type=<class 'tuple'>, shape=N/A (not an array)
06/03/2025 12:51:38 - DEBUG - filelock - Attempting to acquire lock 140083184889920 on /home/hrao/.cache/huggingface/metrics/seqeval/default/default_experiment-1-0.arrow.lock
06/03/2025 12:51:38 - DEBUG - filelock - Lock 140083184889920 acquired on /home/hrao/.cache/huggingface/metrics/seqeval/default/default_experiment-1-0.arrow.lock
06/03/2025 12:51:38 - DEBUG - fsspec.local - open file: /home/hrao/.cache/huggingface/metrics/seqeval/default/default_experiment-1-0.arrow
Done writing 1000 examples in 359027 bytes /home/hrao/.cache/huggingface/metrics/seqeval/default/default_experiment-1-0.arrow.
06/03/2025 12:51:38 - DEBUG - datasets.arrow_writer - Done writing 1000 examples in 359027 bytes /home/hrao/.cache/huggingface/metrics/seqeval/default/default_experiment-1-0.arrow.
Set __getitem__(key) output type to python objects for no columns  (when key is int or slice) and don't output other (un-formatted) columns.
06/03/2025 12:51:38 - DEBUG - datasets.arrow_dataset - Set __getitem__(key) output type to python objects for no columns  (when key is int or slice) and don't output other (un-formatted) columns.
06/03/2025 12:51:38 - DEBUG - filelock - Attempting to release lock 140083184889920 on /home/hrao/.cache/huggingface/metrics/seqeval/default/default_experiment-1-0.arrow.lock
06/03/2025 12:51:38 - DEBUG - filelock - Lock 140083184889920 released on /home/hrao/.cache/huggingface/metrics/seqeval/default/default_experiment-1-0.arrow.lock
{'eval_loss': 0.5823038816452026, 'eval_overall_precision': 0.5687732342007435, 'eval_overall_recall': 0.673514306676449, 'eval_overall_f1': 0.6167282499160228, 'eval_overall_accuracy': 0.8675408869898336, 'eval_runtime': 7.6289, 'eval_samples_per_second': 131.081, 'eval_steps_per_second': 65.54, 'epoch': 4.0}
06/03/2025 12:51:38 - DEBUG - custom_sampler - [Sampler_CalcProbs] Input meta_probs_from_trainer (sum=1.0000, min=0.0000, max=0.1224, num_zeros=0)
06/03/2025 12:51:38 - DEBUG - custom_sampler - [Sampler_CalcProbs] Weights after alpha (sum=1.0068, min=0.0000, max=0.1224, non_zero=6816/6816)
06/03/2025 12:51:38 - DEBUG - custom_sampler - [Sampler] Neighbor_boost (id: 140083201387360, device: cuda:0): using .cpu().float() for calculation. Sum=0.0000, non_zero=0/6816, max=0.0000
06/03/2025 12:51:38 - DEBUG - custom_sampler - [Sampler] Weights after boost (lambda=0.0): sum=1.0068, min=0.0000, max=0.1224, non_zero=6816/6816
06/03/2025 12:51:38 - DEBUG - custom_sampler - [Sampler] Neighbor boost did not significantly change weights or initial weights sum to zero.
06/03/2025 12:51:38 - DEBUG - custom_sampler - [Sampler_CalcProbs] Final sampling probs (sum=1.0000, min=0.0000, max=0.1216, num_zeros=0)
[INFO|trainer.py:3993] 2025-06-03 12:52:03,689 >> Saving model checkpoint to /project/hrao/Meta-Resample/output/mit_movie_trivia_bert_run/checkpoint-1000
[INFO|configuration_utils.py:424] 2025-06-03 12:52:03,691 >> Configuration saved in /project/hrao/Meta-Resample/output/mit_movie_trivia_bert_run/checkpoint-1000/config.json
[INFO|modeling_utils.py:3724] 2025-06-03 12:52:04,770 >> Model weights saved in /project/hrao/Meta-Resample/output/mit_movie_trivia_bert_run/checkpoint-1000/model.safetensors
[INFO|tokenization_utils_base.py:2525] 2025-06-03 12:52:04,800 >> tokenizer config file saved in /project/hrao/Meta-Resample/output/mit_movie_trivia_bert_run/checkpoint-1000/tokenizer_config.json
[INFO|tokenization_utils_base.py:2534] 2025-06-03 12:52:04,818 >> Special tokens file saved in /project/hrao/Meta-Resample/output/mit_movie_trivia_bert_run/checkpoint-1000/special_tokens_map.json
[INFO|trainer.py:4327] 2025-06-03 12:52:18,075 >> 
***** Running Evaluation *****
[INFO|trainer.py:4329] 2025-06-03 12:52:18,075 >>   Num examples = 1000
[INFO|trainer.py:4332] 2025-06-03 12:52:18,075 >>   Batch size = 2
{'loss': 0.0287, 'grad_norm': 14.770381927490234, 'learning_rate': 8.274647887323944e-06, 'epoch': 4.694835680751174}
06/03/2025 12:52:25 - INFO - __main__ - compute_metrics received a tuple for predictions. Assuming the first element contains the actual logits. Number of elements in tuple: 2
06/03/2025 12:52:25 - INFO - __main__ -   Tuple element 0: type=<class 'numpy.ndarray'>, shape=(1000, 72, 25)
06/03/2025 12:52:25 - INFO - __main__ -   Tuple element 1: type=<class 'tuple'>, shape=N/A (not an array)
06/03/2025 12:52:25 - DEBUG - filelock - Attempting to acquire lock 140083184933120 on /home/hrao/.cache/huggingface/metrics/seqeval/default/default_experiment-1-0.arrow.lock
06/03/2025 12:52:25 - DEBUG - filelock - Lock 140083184933120 acquired on /home/hrao/.cache/huggingface/metrics/seqeval/default/default_experiment-1-0.arrow.lock
06/03/2025 12:52:25 - DEBUG - fsspec.local - open file: /home/hrao/.cache/huggingface/metrics/seqeval/default/default_experiment-1-0.arrow
Done writing 1000 examples in 356919 bytes /home/hrao/.cache/huggingface/metrics/seqeval/default/default_experiment-1-0.arrow.
06/03/2025 12:52:25 - DEBUG - datasets.arrow_writer - Done writing 1000 examples in 356919 bytes /home/hrao/.cache/huggingface/metrics/seqeval/default/default_experiment-1-0.arrow.
Set __getitem__(key) output type to python objects for no columns  (when key is int or slice) and don't output other (un-formatted) columns.
06/03/2025 12:52:25 - DEBUG - datasets.arrow_dataset - Set __getitem__(key) output type to python objects for no columns  (when key is int or slice) and don't output other (un-formatted) columns.
/project/hrao/miniconda3/envs/imbalance_env/lib/python3.10/site-packages/seqeval/metrics/v1.py:57: UndefinedMetricWarning: Precision and F-score are ill-defined and being set to 0.0 in labels with no predicted samples. Use `zero_division` parameter to control this behavior.
  _warn_prf(average, modifier, msg_start, len(result))
06/03/2025 12:52:25 - DEBUG - filelock - Attempting to release lock 140083184933120 on /home/hrao/.cache/huggingface/metrics/seqeval/default/default_experiment-1-0.arrow.lock
06/03/2025 12:52:25 - DEBUG - filelock - Lock 140083184933120 released on /home/hrao/.cache/huggingface/metrics/seqeval/default/default_experiment-1-0.arrow.lock
{'eval_loss': 0.5835135579109192, 'eval_overall_precision': 0.5567550894509562, 'eval_overall_recall': 0.6621423330887748, 'eval_overall_f1': 0.6048927613941019, 'eval_overall_accuracy': 0.8670497519768184, 'eval_runtime': 7.5832, 'eval_samples_per_second': 131.871, 'eval_steps_per_second': 65.936, 'epoch': 5.0}
06/03/2025 12:52:25 - DEBUG - custom_sampler - [Sampler_CalcProbs] Input meta_probs_from_trainer (sum=1.0000, min=0.0000, max=0.1276, num_zeros=0)
06/03/2025 12:52:25 - DEBUG - custom_sampler - [Sampler_CalcProbs] Weights after alpha (sum=1.0068, min=0.0000, max=0.1276, non_zero=6816/6816)
06/03/2025 12:52:25 - DEBUG - custom_sampler - [Sampler] Neighbor_boost (id: 140083201387360, device: cuda:0): using .cpu().float() for calculation. Sum=0.0000, non_zero=0/6816, max=0.0000
06/03/2025 12:52:25 - DEBUG - custom_sampler - [Sampler] Weights after boost (lambda=0.0): sum=1.0068, min=0.0000, max=0.1276, non_zero=6816/6816
06/03/2025 12:52:25 - DEBUG - custom_sampler - [Sampler] Neighbor boost did not significantly change weights or initial weights sum to zero.
06/03/2025 12:52:25 - DEBUG - custom_sampler - [Sampler_CalcProbs] Final sampling probs (sum=1.0000, min=0.0000, max=0.1267, num_zeros=0)
[INFO|trainer.py:4327] 2025-06-03 12:53:02,214 >> 
***** Running Evaluation *****
[INFO|trainer.py:4329] 2025-06-03 12:53:02,215 >>   Num examples = 1000
[INFO|trainer.py:4332] 2025-06-03 12:53:02,215 >>   Batch size = 2
06/03/2025 12:53:09 - INFO - __main__ - compute_metrics received a tuple for predictions. Assuming the first element contains the actual logits. Number of elements in tuple: 2
06/03/2025 12:53:09 - INFO - __main__ -   Tuple element 0: type=<class 'numpy.ndarray'>, shape=(1000, 72, 25)
06/03/2025 12:53:09 - INFO - __main__ -   Tuple element 1: type=<class 'tuple'>, shape=N/A (not an array)
06/03/2025 12:53:09 - DEBUG - filelock - Attempting to acquire lock 140083184942480 on /home/hrao/.cache/huggingface/metrics/seqeval/default/default_experiment-1-0.arrow.lock
06/03/2025 12:53:09 - DEBUG - filelock - Lock 140083184942480 acquired on /home/hrao/.cache/huggingface/metrics/seqeval/default/default_experiment-1-0.arrow.lock
06/03/2025 12:53:09 - DEBUG - fsspec.local - open file: /home/hrao/.cache/huggingface/metrics/seqeval/default/default_experiment-1-0.arrow
Done writing 1000 examples in 355819 bytes /home/hrao/.cache/huggingface/metrics/seqeval/default/default_experiment-1-0.arrow.
06/03/2025 12:53:09 - DEBUG - datasets.arrow_writer - Done writing 1000 examples in 355819 bytes /home/hrao/.cache/huggingface/metrics/seqeval/default/default_experiment-1-0.arrow.
Set __getitem__(key) output type to python objects for no columns  (when key is int or slice) and don't output other (un-formatted) columns.
06/03/2025 12:53:09 - DEBUG - datasets.arrow_dataset - Set __getitem__(key) output type to python objects for no columns  (when key is int or slice) and don't output other (un-formatted) columns.
06/03/2025 12:53:09 - DEBUG - filelock - Attempting to release lock 140083184942480 on /home/hrao/.cache/huggingface/metrics/seqeval/default/default_experiment-1-0.arrow.lock
06/03/2025 12:53:09 - DEBUG - filelock - Lock 140083184942480 released on /home/hrao/.cache/huggingface/metrics/seqeval/default/default_experiment-1-0.arrow.lock
{'eval_loss': 0.5536225438117981, 'eval_overall_precision': 0.5480157528021812, 'eval_overall_recall': 0.6636096845194424, 'eval_overall_f1': 0.600298656047785, 'eval_overall_accuracy': 0.8653798929325671, 'eval_runtime': 7.7138, 'eval_samples_per_second': 129.638, 'eval_steps_per_second': 64.819, 'epoch': 6.0}
06/03/2025 12:53:09 - DEBUG - custom_sampler - [Sampler_CalcProbs] Input meta_probs_from_trainer (sum=1.0000, min=0.0000, max=0.2281, num_zeros=0)
06/03/2025 12:53:09 - DEBUG - custom_sampler - [Sampler_CalcProbs] Weights after alpha (sum=1.0068, min=0.0000, max=0.2281, non_zero=6816/6816)
06/03/2025 12:53:09 - DEBUG - custom_sampler - [Sampler] Neighbor_boost (id: 140083201387360, device: cuda:0): using .cpu().float() for calculation. Sum=0.0000, non_zero=0/6816, max=0.0000
06/03/2025 12:53:09 - DEBUG - custom_sampler - [Sampler] Weights after boost (lambda=0.0): sum=1.0068, min=0.0000, max=0.2281, non_zero=6816/6816
06/03/2025 12:53:09 - DEBUG - custom_sampler - [Sampler] Neighbor boost did not significantly change weights or initial weights sum to zero.
06/03/2025 12:53:09 - DEBUG - custom_sampler - [Sampler_CalcProbs] Final sampling probs (sum=1.0000, min=0.0000, max=0.2265, num_zeros=0)
[INFO|trainer.py:4327] 2025-06-03 12:53:46,515 >> 
***** Running Evaluation *****
[INFO|trainer.py:4329] 2025-06-03 12:53:46,515 >>   Num examples = 1000
[INFO|trainer.py:4332] 2025-06-03 12:53:46,515 >>   Batch size = 2
06/03/2025 12:53:53 - INFO - __main__ - compute_metrics received a tuple for predictions. Assuming the first element contains the actual logits. Number of elements in tuple: 2
06/03/2025 12:53:53 - INFO - __main__ -   Tuple element 0: type=<class 'numpy.ndarray'>, shape=(1000, 72, 25)
06/03/2025 12:53:53 - INFO - __main__ -   Tuple element 1: type=<class 'tuple'>, shape=N/A (not an array)
06/03/2025 12:53:53 - DEBUG - filelock - Attempting to acquire lock 140083098467248 on /home/hrao/.cache/huggingface/metrics/seqeval/default/default_experiment-1-0.arrow.lock
06/03/2025 12:53:53 - DEBUG - filelock - Lock 140083098467248 acquired on /home/hrao/.cache/huggingface/metrics/seqeval/default/default_experiment-1-0.arrow.lock
06/03/2025 12:53:53 - DEBUG - fsspec.local - open file: /home/hrao/.cache/huggingface/metrics/seqeval/default/default_experiment-1-0.arrow
Done writing 1000 examples in 355093 bytes /home/hrao/.cache/huggingface/metrics/seqeval/default/default_experiment-1-0.arrow.
06/03/2025 12:53:53 - DEBUG - datasets.arrow_writer - Done writing 1000 examples in 355093 bytes /home/hrao/.cache/huggingface/metrics/seqeval/default/default_experiment-1-0.arrow.
Set __getitem__(key) output type to python objects for no columns  (when key is int or slice) and don't output other (un-formatted) columns.
06/03/2025 12:53:53 - DEBUG - datasets.arrow_dataset - Set __getitem__(key) output type to python objects for no columns  (when key is int or slice) and don't output other (un-formatted) columns.
06/03/2025 12:53:54 - DEBUG - filelock - Attempting to release lock 140083098467248 on /home/hrao/.cache/huggingface/metrics/seqeval/default/default_experiment-1-0.arrow.lock
06/03/2025 12:53:54 - DEBUG - filelock - Lock 140083098467248 released on /home/hrao/.cache/huggingface/metrics/seqeval/default/default_experiment-1-0.arrow.lock
{'eval_loss': 0.5316696763038635, 'eval_overall_precision': 0.5620167027528611, 'eval_overall_recall': 0.6665443873807777, 'eval_overall_f1': 0.6098338647424064, 'eval_overall_accuracy': 0.8683267030106576, 'eval_runtime': 7.5306, 'eval_samples_per_second': 132.792, 'eval_steps_per_second': 66.396, 'epoch': 7.0}
06/03/2025 12:53:54 - DEBUG - custom_sampler - [Sampler_CalcProbs] Input meta_probs_from_trainer (sum=1.0000, min=0.0000, max=0.1610, num_zeros=0)
06/03/2025 12:53:54 - DEBUG - custom_sampler - [Sampler_CalcProbs] Weights after alpha (sum=1.0068, min=0.0000, max=0.1610, non_zero=6816/6816)
06/03/2025 12:53:54 - DEBUG - custom_sampler - [Sampler] Neighbor_boost (id: 140083201387360, device: cuda:0): using .cpu().float() for calculation. Sum=0.0000, non_zero=0/6816, max=0.0000
06/03/2025 12:53:54 - DEBUG - custom_sampler - [Sampler] Weights after boost (lambda=0.0): sum=1.0068, min=0.0000, max=0.1610, non_zero=6816/6816
06/03/2025 12:53:54 - DEBUG - custom_sampler - [Sampler] Neighbor boost did not significantly change weights or initial weights sum to zero.
06/03/2025 12:53:54 - DEBUG - custom_sampler - [Sampler_CalcProbs] Final sampling probs (sum=1.0000, min=0.0000, max=0.1599, num_zeros=0)
[INFO|trainer.py:3993] 2025-06-03 12:53:55,584 >> Saving model checkpoint to /project/hrao/Meta-Resample/output/mit_movie_trivia_bert_run/checkpoint-1500
[INFO|configuration_utils.py:424] 2025-06-03 12:53:55,587 >> Configuration saved in /project/hrao/Meta-Resample/output/mit_movie_trivia_bert_run/checkpoint-1500/config.json
[INFO|modeling_utils.py:3724] 2025-06-03 12:53:56,884 >> Model weights saved in /project/hrao/Meta-Resample/output/mit_movie_trivia_bert_run/checkpoint-1500/model.safetensors
[INFO|tokenization_utils_base.py:2525] 2025-06-03 12:53:56,914 >> tokenizer config file saved in /project/hrao/Meta-Resample/output/mit_movie_trivia_bert_run/checkpoint-1500/tokenizer_config.json
[INFO|tokenization_utils_base.py:2534] 2025-06-03 12:53:56,931 >> Special tokens file saved in /project/hrao/Meta-Resample/output/mit_movie_trivia_bert_run/checkpoint-1500/special_tokens_map.json
[INFO|trainer.py:3993] 2025-06-03 12:54:34,369 >> Saving model checkpoint to /project/hrao/Meta-Resample/output/mit_movie_trivia_bert_run/checkpoint-1704
[INFO|configuration_utils.py:424] 2025-06-03 12:54:34,380 >> Configuration saved in /project/hrao/Meta-Resample/output/mit_movie_trivia_bert_run/checkpoint-1704/config.json
[INFO|modeling_utils.py:3724] 2025-06-03 12:54:35,529 >> Model weights saved in /project/hrao/Meta-Resample/output/mit_movie_trivia_bert_run/checkpoint-1704/model.safetensors
[INFO|tokenization_utils_base.py:2525] 2025-06-03 12:54:35,559 >> tokenizer config file saved in /project/hrao/Meta-Resample/output/mit_movie_trivia_bert_run/checkpoint-1704/tokenizer_config.json
[INFO|tokenization_utils_base.py:2534] 2025-06-03 12:54:35,576 >> Special tokens file saved in /project/hrao/Meta-Resample/output/mit_movie_trivia_bert_run/checkpoint-1704/special_tokens_map.json
[INFO|trainer.py:4327] 2025-06-03 12:54:37,993 >> 
***** Running Evaluation *****
[INFO|trainer.py:4329] 2025-06-03 12:54:37,993 >>   Num examples = 1000
[INFO|trainer.py:4332] 2025-06-03 12:54:37,993 >>   Batch size = 2
{'loss': 0.0362, 'grad_norm': 0.014479024335741997, 'learning_rate': 2.406103286384977e-06, 'epoch': 7.042253521126761}
06/03/2025 12:54:45 - INFO - __main__ - compute_metrics received a tuple for predictions. Assuming the first element contains the actual logits. Number of elements in tuple: 2
06/03/2025 12:54:45 - INFO - __main__ -   Tuple element 0: type=<class 'numpy.ndarray'>, shape=(1000, 72, 25)
06/03/2025 12:54:45 - INFO - __main__ -   Tuple element 1: type=<class 'tuple'>, shape=N/A (not an array)
06/03/2025 12:54:45 - DEBUG - filelock - Attempting to acquire lock 140083184884064 on /home/hrao/.cache/huggingface/metrics/seqeval/default/default_experiment-1-0.arrow.lock
06/03/2025 12:54:45 - DEBUG - filelock - Lock 140083184884064 acquired on /home/hrao/.cache/huggingface/metrics/seqeval/default/default_experiment-1-0.arrow.lock
06/03/2025 12:54:45 - DEBUG - fsspec.local - open file: /home/hrao/.cache/huggingface/metrics/seqeval/default/default_experiment-1-0.arrow
Done writing 1000 examples in 356656 bytes /home/hrao/.cache/huggingface/metrics/seqeval/default/default_experiment-1-0.arrow.
06/03/2025 12:54:45 - DEBUG - datasets.arrow_writer - Done writing 1000 examples in 356656 bytes /home/hrao/.cache/huggingface/metrics/seqeval/default/default_experiment-1-0.arrow.
Set __getitem__(key) output type to python objects for no columns  (when key is int or slice) and don't output other (un-formatted) columns.
06/03/2025 12:54:45 - DEBUG - datasets.arrow_dataset - Set __getitem__(key) output type to python objects for no columns  (when key is int or slice) and don't output other (un-formatted) columns.
/project/hrao/miniconda3/envs/imbalance_env/lib/python3.10/site-packages/seqeval/metrics/v1.py:57: UndefinedMetricWarning: Precision and F-score are ill-defined and being set to 0.0 in labels with no predicted samples. Use `zero_division` parameter to control this behavior.
  _warn_prf(average, modifier, msg_start, len(result))
06/03/2025 12:54:45 - DEBUG - filelock - Attempting to release lock 140083184884064 on /home/hrao/.cache/huggingface/metrics/seqeval/default/default_experiment-1-0.arrow.lock
06/03/2025 12:54:45 - DEBUG - filelock - Lock 140083184884064 released on /home/hrao/.cache/huggingface/metrics/seqeval/default/default_experiment-1-0.arrow.lock
[INFO|trainer.py:2676] 2025-06-03 12:54:45,541 >> 

Training completed. Do not forget to share your model on huggingface.co/models =)


[INFO|trainer.py:3993] 2025-06-03 12:54:45,546 >> Saving model checkpoint to /project/hrao/Meta-Resample/output/mit_movie_trivia_bert_run
[INFO|configuration_utils.py:424] 2025-06-03 12:54:45,549 >> Configuration saved in /project/hrao/Meta-Resample/output/mit_movie_trivia_bert_run/config.json
[INFO|modeling_utils.py:3724] 2025-06-03 12:54:46,831 >> Model weights saved in /project/hrao/Meta-Resample/output/mit_movie_trivia_bert_run/model.safetensors
[INFO|tokenization_utils_base.py:2525] 2025-06-03 12:54:46,861 >> tokenizer config file saved in /project/hrao/Meta-Resample/output/mit_movie_trivia_bert_run/tokenizer_config.json
[INFO|tokenization_utils_base.py:2534] 2025-06-03 12:54:46,877 >> Special tokens file saved in /project/hrao/Meta-Resample/output/mit_movie_trivia_bert_run/special_tokens_map.json
{'eval_loss': 0.5181507468223572, 'eval_overall_precision': 0.5884615384615385, 'eval_overall_recall': 0.673514306676449, 'eval_overall_f1': 0.6281217926787547, 'eval_overall_accuracy': 0.8715190805952556, 'eval_runtime': 7.5158, 'eval_samples_per_second': 133.053, 'eval_steps_per_second': 66.527, 'epoch': 8.0}
{'train_runtime': 370.645, 'train_samples_per_second': 147.117, 'train_steps_per_second': 4.597, 'train_loss': 0.12424879930388759, 'epoch': 8.0}
***** train metrics *****
  epoch                    =        8.0
  train_loss               =     0.1242
  train_runtime            = 0:06:10.64
  train_samples            =       6816
  train_samples_per_second =    147.117
  train_steps_per_second   =      4.597
06/03/2025 12:54:46 - INFO - __main__ - *** Evaluate ***
06/03/2025 12:54:46 - INFO - __main__ - Temporarily disabled model.config.output_hidden_states for evaluation.
[INFO|trainer.py:4327] 2025-06-03 12:54:46,912 >> 
***** Running Evaluation *****
[INFO|trainer.py:4329] 2025-06-03 12:54:46,912 >>   Num examples = 1000
[INFO|trainer.py:4332] 2025-06-03 12:54:46,912 >>   Batch size = 2
06/03/2025 12:54:50 - DEBUG - filelock - Attempting to acquire lock 140083184885744 on /home/hrao/.cache/huggingface/metrics/seqeval/default/default_experiment-1-0.arrow.lock
06/03/2025 12:54:50 - DEBUG - filelock - Lock 140083184885744 acquired on /home/hrao/.cache/huggingface/metrics/seqeval/default/default_experiment-1-0.arrow.lock
06/03/2025 12:54:50 - DEBUG - fsspec.local - open file: /home/hrao/.cache/huggingface/metrics/seqeval/default/default_experiment-1-0.arrow
Done writing 1000 examples in 356656 bytes /home/hrao/.cache/huggingface/metrics/seqeval/default/default_experiment-1-0.arrow.
06/03/2025 12:54:50 - DEBUG - datasets.arrow_writer - Done writing 1000 examples in 356656 bytes /home/hrao/.cache/huggingface/metrics/seqeval/default/default_experiment-1-0.arrow.
Set __getitem__(key) output type to python objects for no columns  (when key is int or slice) and don't output other (un-formatted) columns.
06/03/2025 12:54:50 - DEBUG - datasets.arrow_dataset - Set __getitem__(key) output type to python objects for no columns  (when key is int or slice) and don't output other (un-formatted) columns.
06/03/2025 12:54:51 - DEBUG - filelock - Attempting to release lock 140083184885744 on /home/hrao/.cache/huggingface/metrics/seqeval/default/default_experiment-1-0.arrow.lock
06/03/2025 12:54:51 - DEBUG - filelock - Lock 140083184885744 released on /home/hrao/.cache/huggingface/metrics/seqeval/default/default_experiment-1-0.arrow.lock
{'eval_loss': 0.5181507468223572, 'eval_overall_precision': 0.5884615384615385, 'eval_overall_recall': 0.673514306676449, 'eval_overall_f1': 0.6281217926787547, 'eval_overall_accuracy': 0.8715190805952556, 'eval_runtime': 4.2638, 'eval_samples_per_second': 234.53, 'eval_steps_per_second': 117.265, 'epoch': 8.0}
06/03/2025 12:54:51 - INFO - __main__ - Restored model.config.output_hidden_states after evaluation.
***** eval metrics *****
  epoch                   =        8.0
  eval_loss               =     0.5182
  eval_overall_accuracy   =     0.8715
  eval_overall_f1         =     0.6281
  eval_overall_precision  =     0.5885
  eval_overall_recall     =     0.6735
  eval_runtime            = 0:00:04.26
  eval_samples            =       1000
  eval_samples_per_second =     234.53
  eval_steps_per_second   =    117.265
06/03/2025 12:54:51 - INFO - __main__ - *** Predict ***
06/03/2025 12:54:51 - INFO - __main__ - Temporarily disabled model.config.output_hidden_states for prediction.
[INFO|trainer.py:4327] 2025-06-03 12:54:51,183 >> 
***** Running Prediction *****
[INFO|trainer.py:4329] 2025-06-03 12:54:51,183 >>   Num examples = 1953
[INFO|trainer.py:4332] 2025-06-03 12:54:51,183 >>   Batch size = 2
06/03/2025 12:54:59 - DEBUG - filelock - Attempting to acquire lock 140083098845440 on /home/hrao/.cache/huggingface/metrics/seqeval/default/default_experiment-1-0.arrow.lock
06/03/2025 12:54:59 - DEBUG - filelock - Lock 140083098845440 acquired on /home/hrao/.cache/huggingface/metrics/seqeval/default/default_experiment-1-0.arrow.lock
06/03/2025 12:54:59 - DEBUG - fsspec.local - open file: /home/hrao/.cache/huggingface/metrics/seqeval/default/default_experiment-1-0.arrow
Done writing 1953 examples in 695888 bytes /home/hrao/.cache/huggingface/metrics/seqeval/default/default_experiment-1-0.arrow.
06/03/2025 12:54:59 - DEBUG - datasets.arrow_writer - Done writing 1953 examples in 695888 bytes /home/hrao/.cache/huggingface/metrics/seqeval/default/default_experiment-1-0.arrow.
Set __getitem__(key) output type to python objects for no columns  (when key is int or slice) and don't output other (un-formatted) columns.
06/03/2025 12:54:59 - DEBUG - datasets.arrow_dataset - Set __getitem__(key) output type to python objects for no columns  (when key is int or slice) and don't output other (un-formatted) columns.
06/03/2025 12:54:59 - DEBUG - filelock - Attempting to release lock 140083098845440 on /home/hrao/.cache/huggingface/metrics/seqeval/default/default_experiment-1-0.arrow.lock
06/03/2025 12:54:59 - DEBUG - filelock - Lock 140083098845440 released on /home/hrao/.cache/huggingface/metrics/seqeval/default/default_experiment-1-0.arrow.lock
06/03/2025 12:54:59 - INFO - __main__ - Restored model.config.output_hidden_states after prediction.
***** predict metrics *****
  predict_loss               =     0.5259
  predict_overall_accuracy   =      0.872
  predict_overall_f1         =     0.6506 ✅
  predict_overall_precision  =      0.616
  predict_overall_recall     =     0.6894
  predict_runtime            = 0:00:08.28
  predict_samples_per_second =    235.739
  predict_steps_per_second   =     117.93
06/03/2025 12:54:59 - DEBUG - urllib3.connectionpool - Resetting dropped connection: huggingface.co
06/03/2025 12:54:59 - DEBUG - urllib3.connectionpool - https://huggingface.co:443 "GET /api/models/google-bert/bert-base-uncased HTTP/1.1" 200 4441
[INFO|modelcard.py:450] 2025-06-03 12:54:59,629 >> Dropping the following result as it does not have all the necessary fields:
{'task': {'name': 'Token Classification', 'type': 'token-classification'}}
