06/03/2025 12:08:22 - WARNING - __main__ - Process rank: 0, device: cuda:0, n_gpu: 1, distributed training: False, 16-bits training: False
06/03/2025 12:08:22 - INFO - __main__ - Training/evaluation parameters TrainingArguments(
_n_gpu=1,
accelerator_config={'split_batches': False, 'dispatch_batches': None, 'even_batches': True, 'use_seedable_sampler': True, 'non_blocking': False, 'gradient_accumulation_kwargs': None, 'use_configured_state': False},
adafactor=False,
adam_beta1=0.9,
adam_beta2=0.999,
adam_epsilon=1e-08,
auto_find_batch_size=False,
average_tokens_across_devices=False,
batch_eval_metrics=False,
bf16=False,
bf16_full_eval=False,
data_seed=None,
dataloader_drop_last=False,
dataloader_num_workers=0,
dataloader_persistent_workers=False,
dataloader_pin_memory=True,
dataloader_prefetch_factor=None,
ddp_backend=None,
ddp_broadcast_buffers=None,
ddp_bucket_cap_mb=None,
ddp_find_unused_parameters=None,
ddp_timeout=1800,
debug=[],
deepspeed=None,
disable_tqdm=True,
do_eval=True,
do_predict=True,
do_train=True,
eval_accumulation_steps=None,
eval_delay=0,
eval_do_concat_batches=True,
eval_on_start=False,
eval_steps=None,
eval_strategy=epoch,
eval_use_gather_object=False,
fp16=False,
fp16_backend=auto,
fp16_full_eval=False,
fp16_opt_level=O1,
fsdp=[],
fsdp_config={'min_num_params': 0, 'xla': False, 'xla_fsdp_v2': False, 'xla_fsdp_grad_ckpt': False},
fsdp_min_num_params=0,
fsdp_transformer_layer_cls_to_wrap=None,
full_determinism=False,
gradient_accumulation_steps=1,
gradient_checkpointing=False,
gradient_checkpointing_kwargs=None,
greater_is_better=None,
group_by_length=False,
half_precision_backend=auto,
hub_always_push=False,
hub_model_id=None,
hub_private_repo=None,
hub_strategy=every_save,
hub_token=<HUB_TOKEN>,
ignore_data_skip=False,
include_for_metrics=[],
include_inputs_for_metrics=False,
include_num_input_tokens_seen=False,
include_tokens_per_second=False,
jit_mode_eval=False,
label_names=None,
label_smoothing_factor=0.0,
learning_rate=2e-05,
length_column_name=length,
load_best_model_at_end=False,
local_rank=0,
log_level=debug,
log_level_replica=warning,
log_on_each_node=True,
logging_dir=/project/hrao/Meta-Resample/output/mit_movie_trivia_bert_run/runs/Jun03_12-08-22_itiger03,
logging_first_step=False,
logging_nan_inf_filter=True,
logging_steps=500,
logging_strategy=steps,
lr_scheduler_kwargs={},
lr_scheduler_type=linear,
max_grad_norm=1.0,
max_steps=-1,
metric_for_best_model=None,
mp_parameters=,
neftune_noise_alpha=None,
no_cuda=False,
num_train_epochs=8.0,
optim=adamw_torch,
optim_args=None,
optim_target_modules=None,
output_dir=/project/hrao/Meta-Resample/output/mit_movie_trivia_bert_run,
overwrite_output_dir=True,
past_index=-1,
per_device_eval_batch_size=2,
per_device_train_batch_size=32,
prediction_loss_only=False,
push_to_hub=False,
push_to_hub_model_id=None,
push_to_hub_organization=None,
push_to_hub_token=<PUSH_TO_HUB_TOKEN>,
ray_scope=last,
remove_unused_columns=False,
report_to=['tensorboard'],
restore_callback_states_from_checkpoint=False,
resume_from_checkpoint=None,
run_name=/project/hrao/Meta-Resample/output/mit_movie_trivia_bert_run,
save_on_each_node=False,
save_only_model=False,
save_safetensors=True,
save_steps=500,
save_strategy=steps,
save_total_limit=None,
seed=42,
skip_memory_metrics=True,
tf32=None,
torch_compile=False,
torch_compile_backend=None,
torch_compile_mode=None,
torch_empty_cache_steps=None,
torchdynamo=None,
tpu_metrics_debug=False,
tpu_num_cores=None,
use_cpu=False,
use_ipex=False,
use_legacy_prediction_loop=False,
use_liger_kernel=False,
use_mps_device=False,
warmup_ratio=0.0,
warmup_steps=0,
weight_decay=0.0,
)
06/03/2025 12:08:22 - DEBUG - urllib3.connectionpool - Starting new HTTPS connection (1): huggingface.co:443
06/03/2025 12:08:23 - DEBUG - urllib3.connectionpool - https://huggingface.co:443 "HEAD /api/telemetry/examples HTTP/1.1" 200 0
06/03/2025 12:08:23 - DEBUG - urllib3.connectionpool - Starting new HTTPS connection (1): huggingface.co:443
06/03/2025 12:08:23 - DEBUG - urllib3.connectionpool - https://huggingface.co:443 "HEAD /google-bert/bert-base-uncased/resolve/main/config.json HTTP/1.1" 200 0
[INFO|configuration_utils.py:698] 2025-06-03 12:08:23,578 >> loading configuration file config.json from cache at /home/hrao/.cache/huggingface/hub/models--google-bert--bert-base-uncased/snapshots/86b5e0934494bd15c9632b12f734a8a67f723594/config.json
[INFO|configuration_utils.py:770] 2025-06-03 12:08:23,581 >> Model config BertConfig {
  "architectures": [
    "BertForMaskedLM"
  ],
  "attention_probs_dropout_prob": 0.1,
  "classifier_dropout": null,
  "finetuning_task": "ner",
  "gradient_checkpointing": false,
  "hidden_act": "gelu",
  "hidden_dropout_prob": 0.1,
  "hidden_size": 768,
  "id2label": {
    "0": "LABEL_0",
    "1": "LABEL_1",
    "2": "LABEL_2",
    "3": "LABEL_3",
    "4": "LABEL_4",
    "5": "LABEL_5",
    "6": "LABEL_6",
    "7": "LABEL_7",
    "8": "LABEL_8",
    "9": "LABEL_9",
    "10": "LABEL_10",
    "11": "LABEL_11",
    "12": "LABEL_12",
    "13": "LABEL_13",
    "14": "LABEL_14",
    "15": "LABEL_15",
    "16": "LABEL_16",
    "17": "LABEL_17",
    "18": "LABEL_18",
    "19": "LABEL_19",
    "20": "LABEL_20",
    "21": "LABEL_21",
    "22": "LABEL_22",
    "23": "LABEL_23",
    "24": "LABEL_24"
  },
  "initializer_range": 0.02,
  "intermediate_size": 3072,
  "label2id": {
    "LABEL_0": 0,
    "LABEL_1": 1,
    "LABEL_10": 10,
    "LABEL_11": 11,
    "LABEL_12": 12,
    "LABEL_13": 13,
    "LABEL_14": 14,
    "LABEL_15": 15,
    "LABEL_16": 16,
    "LABEL_17": 17,
    "LABEL_18": 18,
    "LABEL_19": 19,
    "LABEL_2": 2,
    "LABEL_20": 20,
    "LABEL_21": 21,
    "LABEL_22": 22,
    "LABEL_23": 23,
    "LABEL_24": 24,
    "LABEL_3": 3,
    "LABEL_4": 4,
    "LABEL_5": 5,
    "LABEL_6": 6,
    "LABEL_7": 7,
    "LABEL_8": 8,
    "LABEL_9": 9
  },
  "layer_norm_eps": 1e-12,
  "max_position_embeddings": 512,
  "model_type": "bert",
  "num_attention_heads": 12,
  "num_hidden_layers": 12,
  "pad_token_id": 0,
  "position_embedding_type": "absolute",
  "transformers_version": "4.52.3",
  "type_vocab_size": 2,
  "use_cache": true,
  "vocab_size": 30522
}

06/03/2025 12:08:23 - DEBUG - urllib3.connectionpool - https://huggingface.co:443 "HEAD /google-bert/bert-base-uncased/resolve/main/tokenizer_config.json HTTP/1.1" 200 0
[INFO|configuration_utils.py:698] 2025-06-03 12:08:23,631 >> loading configuration file config.json from cache at /home/hrao/.cache/huggingface/hub/models--google-bert--bert-base-uncased/snapshots/86b5e0934494bd15c9632b12f734a8a67f723594/config.json
[INFO|configuration_utils.py:770] 2025-06-03 12:08:23,632 >> Model config BertConfig {
  "architectures": [
    "BertForMaskedLM"
  ],
  "attention_probs_dropout_prob": 0.1,
  "classifier_dropout": null,
  "gradient_checkpointing": false,
  "hidden_act": "gelu",
  "hidden_dropout_prob": 0.1,
  "hidden_size": 768,
  "initializer_range": 0.02,
  "intermediate_size": 3072,
  "layer_norm_eps": 1e-12,
  "max_position_embeddings": 512,
  "model_type": "bert",
  "num_attention_heads": 12,
  "num_hidden_layers": 12,
  "pad_token_id": 0,
  "position_embedding_type": "absolute",
  "transformers_version": "4.52.3",
  "type_vocab_size": 2,
  "use_cache": true,
  "vocab_size": 30522
}

06/03/2025 12:08:23 - DEBUG - urllib3.connectionpool - https://huggingface.co:443 "GET /api/models/google-bert/bert-base-uncased/tree/main/additional_chat_templates?recursive=False&expand=False HTTP/1.1" 404 64
[INFO|tokenization_utils_base.py:2023] 2025-06-03 12:08:23,694 >> loading file vocab.txt from cache at /home/hrao/.cache/huggingface/hub/models--google-bert--bert-base-uncased/snapshots/86b5e0934494bd15c9632b12f734a8a67f723594/vocab.txt
[INFO|tokenization_utils_base.py:2023] 2025-06-03 12:08:23,694 >> loading file tokenizer.json from cache at /home/hrao/.cache/huggingface/hub/models--google-bert--bert-base-uncased/snapshots/86b5e0934494bd15c9632b12f734a8a67f723594/tokenizer.json
[INFO|tokenization_utils_base.py:2023] 2025-06-03 12:08:23,694 >> loading file added_tokens.json from cache at None
[INFO|tokenization_utils_base.py:2023] 2025-06-03 12:08:23,694 >> loading file special_tokens_map.json from cache at None
[INFO|tokenization_utils_base.py:2023] 2025-06-03 12:08:23,694 >> loading file tokenizer_config.json from cache at /home/hrao/.cache/huggingface/hub/models--google-bert--bert-base-uncased/snapshots/86b5e0934494bd15c9632b12f734a8a67f723594/tokenizer_config.json
[INFO|tokenization_utils_base.py:2023] 2025-06-03 12:08:23,694 >> loading file chat_template.jinja from cache at None
[INFO|configuration_utils.py:698] 2025-06-03 12:08:23,694 >> loading configuration file config.json from cache at /home/hrao/.cache/huggingface/hub/models--google-bert--bert-base-uncased/snapshots/86b5e0934494bd15c9632b12f734a8a67f723594/config.json
[INFO|configuration_utils.py:770] 2025-06-03 12:08:23,695 >> Model config BertConfig {
  "architectures": [
    "BertForMaskedLM"
  ],
  "attention_probs_dropout_prob": 0.1,
  "classifier_dropout": null,
  "gradient_checkpointing": false,
  "hidden_act": "gelu",
  "hidden_dropout_prob": 0.1,
  "hidden_size": 768,
  "initializer_range": 0.02,
  "intermediate_size": 3072,
  "layer_norm_eps": 1e-12,
  "max_position_embeddings": 512,
  "model_type": "bert",
  "num_attention_heads": 12,
  "num_hidden_layers": 12,
  "pad_token_id": 0,
  "position_embedding_type": "absolute",
  "transformers_version": "4.52.3",
  "type_vocab_size": 2,
  "use_cache": true,
  "vocab_size": 30522
}

[INFO|modeling_utils.py:1150] 2025-06-03 12:08:23,889 >> loading weights file model.safetensors from cache at /home/hrao/.cache/huggingface/hub/models--google-bert--bert-base-uncased/snapshots/86b5e0934494bd15c9632b12f734a8a67f723594/model.safetensors
[INFO|logging.py:343] 2025-06-03 12:08:23,911 >> A pretrained model of type `BertForTokenClassification` contains parameters that have been renamed internally (a few are listed below but more are present in the model):
* `cls.predictions.transform.LayerNorm.beta` -> `cls.predictions.transform.LayerNorm.bias`
* `cls.predictions.transform.LayerNorm.gamma` -> `cls.predictions.transform.LayerNorm.weight`
If you are using a model from the Hub, consider submitting a PR to adjust these weights and help future users.
[INFO|modeling_utils.py:5120] 2025-06-03 12:08:23,955 >> Some weights of the model checkpoint at google-bert/bert-base-uncased were not used when initializing BertForTokenClassification: ['bert.pooler.dense.bias', 'bert.pooler.dense.weight', 'cls.predictions.bias', 'cls.predictions.transform.LayerNorm.bias', 'cls.predictions.transform.LayerNorm.weight', 'cls.predictions.transform.dense.bias', 'cls.predictions.transform.dense.weight', 'cls.seq_relationship.bias', 'cls.seq_relationship.weight']
- This IS expected if you are initializing BertForTokenClassification from the checkpoint of a model trained on another task or with another architecture (e.g. initializing a BertForSequenceClassification model from a BertForPreTraining model).
- This IS NOT expected if you are initializing BertForTokenClassification from the checkpoint of a model that you expect to be exactly identical (initializing a BertForSequenceClassification model from a BertForSequenceClassification model).
[WARNING|modeling_utils.py:5132] 2025-06-03 12:08:23,955 >> Some weights of BertForTokenClassification were not initialized from the model checkpoint at google-bert/bert-base-uncased and are newly initialized: ['classifier.bias', 'classifier.weight']
You should probably TRAIN this model on a down-stream task to be able to use it for predictions and inference.
06/03/2025 12:08:23 - INFO - __main__ - [MetaSplit] meta_dataset=340, train_dataset=6476
Running tokenizer on meta dataset:   0%|          | 0/340 [00:00<?, ? examples/s]Set __getitem__(key) output type to arrow for no columns  (when key is int or slice) and don't output other (un-formatted) columns.
06/03/2025 12:08:23 - DEBUG - datasets.arrow_dataset - Set __getitem__(key) output type to arrow for no columns  (when key is int or slice) and don't output other (un-formatted) columns.
Done writing 340 examples in 233863 bytes .
06/03/2025 12:08:23 - DEBUG - datasets.arrow_writer - Done writing 340 examples in 233863 bytes .
Finished processing shard number None of 1.
06/03/2025 12:08:23 - DEBUG - datasets.arrow_dataset - Finished processing shard number None of 1.
Running tokenizer on meta dataset: 100%|██████████| 340/340 [00:00<00:00, 15019.26 examples/s]
Adding original indices to train dataset:   0%|          | 0/6476 [00:00<?, ? examples/s]Set __getitem__(key) output type to arrow for no columns  (when key is int or slice) and don't output other (un-formatted) columns.
06/03/2025 12:08:23 - DEBUG - datasets.arrow_dataset - Set __getitem__(key) output type to arrow for no columns  (when key is int or slice) and don't output other (un-formatted) columns.
Adding original indices to train dataset:  86%|████████▌ | 5546/6476 [00:00<00:00, 55253.23 examples/s]Done writing 6476 examples in 2374480 bytes .
06/03/2025 12:08:24 - DEBUG - datasets.arrow_writer - Done writing 6476 examples in 2374480 bytes .
Finished processing shard number None of 1.
06/03/2025 12:08:24 - DEBUG - datasets.arrow_dataset - Finished processing shard number None of 1.
Adding original indices to train dataset: 100%|██████████| 6476/6476 [00:00<00:00, 53313.06 examples/s]
06/03/2025 12:08:24 - INFO - __main__ - Adding orig_idx for hardness-aware sampling.
06/03/2025 12:08:24 - INFO - __main__ - [DEBUG_ORIG_IDX] After add_original_indices, train_dataset columns: ['tokens', 'ner_tags', 'orig_idx']
06/03/2025 12:08:24 - INFO - __main__ - [DEBUG_ORIG_IDX] Sample 0 after add_original_indices: {'tokens': ['what', 'is', 'the', '1991', 'science', 'action', 'film', 'starring', 'arnold', 'schwarzenegger', 'about', 'a', 'cyborg', 'sent', 'back', 'to', 'the', 'future', 'to', 'save', 'a', 'little', 'boy', 'who', 'will', 'be', 'a', 'great', 'leader', 'in', 'the', 'future'], 'ner_tags': ['O', 'O', 'O', 'B-Year', 'B-Genre', 'I-Genre', 'I-Genre', 'O', 'B-Actor', 'I-Actor', 'O', 'B-Plot', 'I-Plot', 'I-Plot', 'I-Plot', 'I-Plot', 'I-Plot', 'I-Plot', 'I-Plot', 'I-Plot', 'I-Plot', 'I-Plot', 'I-Plot', 'I-Plot', 'I-Plot', 'I-Plot', 'I-Plot', 'I-Plot', 'I-Plot', 'I-Plot', 'I-Plot', 'I-Plot'], 'orig_idx': 0}
Running tokenizer on train dataset:   0%|          | 0/6476 [00:00<?, ? examples/s]Set __getitem__(key) output type to arrow for no columns  (when key is int or slice) and don't output other (un-formatted) columns.
06/03/2025 12:08:24 - DEBUG - datasets.arrow_dataset - Set __getitem__(key) output type to arrow for no columns  (when key is int or slice) and don't output other (un-formatted) columns.
Running tokenizer on train dataset:  31%|███       | 2000/6476 [00:00<00:00, 17093.51 examples/s]Running tokenizer on train dataset:  62%|██████▏   | 4000/6476 [00:00<00:00, 17969.56 examples/s]Running tokenizer on train dataset:  93%|█████████▎| 6000/6476 [00:00<00:00, 18161.22 examples/s]Done writing 6476 examples in 4639122 bytes .
06/03/2025 12:08:24 - DEBUG - datasets.arrow_writer - Done writing 6476 examples in 4639122 bytes .
Finished processing shard number None of 1.
06/03/2025 12:08:24 - DEBUG - datasets.arrow_dataset - Finished processing shard number None of 1.
Running tokenizer on train dataset: 100%|██████████| 6476/6476 [00:00<00:00, 17886.02 examples/s]
06/03/2025 12:08:24 - INFO - __main__ - Train dataset columns after tokenization: ['tokens', 'ner_tags', 'orig_idx', 'input_ids', 'token_type_ids', 'attention_mask', 'labels']
06/03/2025 12:08:24 - INFO - __main__ - [DEBUG_ORIG_IDX] After tokenize_and_align_labels, train_dataset columns: ['tokens', 'ner_tags', 'orig_idx', 'input_ids', 'token_type_ids', 'attention_mask', 'labels']
06/03/2025 12:08:24 - INFO - __main__ - [DEBUG_ORIG_IDX] Sample 0 after tokenize_and_align_labels: {'tokens': ['what', 'is', 'the', '1991', 'science', 'action', 'film', 'starring', 'arnold', 'schwarzenegger', 'about', 'a', 'cyborg', 'sent', 'back', 'to', 'the', 'future', 'to', 'save', 'a', 'little', 'boy', 'who', 'will', 'be', 'a', 'great', 'leader', 'in', 'the', 'future'], 'ner_tags': ['O', 'O', 'O', 'B-Year', 'B-Genre', 'I-Genre', 'I-Genre', 'O', 'B-Actor', 'I-Actor', 'O', 'B-Plot', 'I-Plot', 'I-Plot', 'I-Plot', 'I-Plot', 'I-Plot', 'I-Plot', 'I-Plot', 'I-Plot', 'I-Plot', 'I-Plot', 'I-Plot', 'I-Plot', 'I-Plot', 'I-Plot', 'I-Plot', 'I-Plot', 'I-Plot', 'I-Plot', 'I-Plot', 'I-Plot'], 'orig_idx': 0, 'input_ids': [101, 2054, 2003, 1996, 2889, 2671, 2895, 2143, 4626, 7779, 29058, 8625, 13327, 2055, 1037, 22330, 11755, 2741, 2067, 2000, 1996, 2925, 2000, 3828, 1037, 2210, 2879, 2040, 2097, 2022, 1037, 2307, 3003, 1999, 1996, 2925, 102], 'token_type_ids': [0, 0, 0, 0, 0, 0, 0, 0, 0, 0, 0, 0, 0, 0, 0, 0, 0, 0, 0, 0, 0, 0, 0, 0, 0, 0, 0, 0, 0, 0, 0, 0, 0, 0, 0, 0, 0], 'attention_mask': [1, 1, 1, 1, 1, 1, 1, 1, 1, 1, 1, 1, 1, 1, 1, 1, 1, 1, 1, 1, 1, 1, 1, 1, 1, 1, 1, 1, 1, 1, 1, 1, 1, 1, 1, 1, 1], 'labels': [-100, 24, 24, 24, 11, 4, 16, 16, 24, 0, 12, -100, -100, 24, 7, 19, -100, 19, 19, 19, 19, 19, 19, 19, 19, 19, 19, 19, 19, 19, 19, 19, 19, 19, 19, 19, -100]}
Running tokenizer on validation dataset:   0%|          | 0/1000 [00:00<?, ? examples/s]Set __getitem__(key) output type to arrow for no columns  (when key is int or slice) and don't output other (un-formatted) columns.
06/03/2025 12:08:24 - DEBUG - datasets.arrow_dataset - Set __getitem__(key) output type to arrow for no columns  (when key is int or slice) and don't output other (un-formatted) columns.
Done writing 1000 examples in 701353 bytes .
06/03/2025 12:08:24 - DEBUG - datasets.arrow_writer - Done writing 1000 examples in 701353 bytes .
Finished processing shard number None of 1.
06/03/2025 12:08:24 - DEBUG - datasets.arrow_dataset - Finished processing shard number None of 1.
Running tokenizer on validation dataset: 100%|██████████| 1000/1000 [00:00<00:00, 17894.55 examples/s]
Running tokenizer on prediction dataset:   0%|          | 0/1953 [00:00<?, ? examples/s]Set __getitem__(key) output type to arrow for no columns  (when key is int or slice) and don't output other (un-formatted) columns.
06/03/2025 12:08:24 - DEBUG - datasets.arrow_dataset - Set __getitem__(key) output type to arrow for no columns  (when key is int or slice) and don't output other (un-formatted) columns.
Running tokenizer on prediction dataset: 100%|██████████| 1953/1953 [00:00<00:00, 18669.69 examples/s]Done writing 1953 examples in 1359814 bytes .
06/03/2025 12:08:24 - DEBUG - datasets.arrow_writer - Done writing 1953 examples in 1359814 bytes .
Finished processing shard number None of 1.
06/03/2025 12:08:24 - DEBUG - datasets.arrow_dataset - Finished processing shard number None of 1.
Running tokenizer on prediction dataset: 100%|██████████| 1953/1953 [00:00<00:00, 18357.77 examples/s]
06/03/2025 12:08:24 - INFO - __main__ - Using CustomDataCollatorForTokenClassification for hardness-aware sampling.
06/03/2025 12:08:24 - DEBUG - urllib3.connectionpool - Starting new HTTPS connection (1): s3.amazonaws.com:443
06/03/2025 12:08:24 - DEBUG - urllib3.connectionpool - https://s3.amazonaws.com:443 "HEAD /datasets.huggingface.co/datasets/metrics/evaluate-metric/seqeval/evaluate-metric/seqeval.py HTTP/1.1" 404 0
06/03/2025 12:08:24 - DEBUG - urllib3.connectionpool - Starting new HTTPS connection (1): huggingface.co:443
06/03/2025 12:08:24 - DEBUG - urllib3.connectionpool - https://huggingface.co:443 "HEAD /spaces/evaluate-metric/seqeval/resolve/v0.4.3/seqeval.py HTTP/1.1" 404 0
06/03/2025 12:08:24 - DEBUG - urllib3.connectionpool - Starting new HTTPS connection (1): huggingface.co:443
06/03/2025 12:08:25 - DEBUG - urllib3.connectionpool - https://huggingface.co:443 "HEAD /spaces/evaluate-metric/seqeval/resolve/main/seqeval.py HTTP/1.1" 200 0
06/03/2025 12:08:25 - DEBUG - filelock - Attempting to acquire lock 140111246841824 on /home/hrao/.cache/huggingface/modules/evaluate_modules/metrics/evaluate-metric--seqeval.lock
06/03/2025 12:08:25 - DEBUG - filelock - Lock 140111246841824 acquired on /home/hrao/.cache/huggingface/modules/evaluate_modules/metrics/evaluate-metric--seqeval.lock
06/03/2025 12:08:25 - DEBUG - filelock - Attempting to release lock 140111246841824 on /home/hrao/.cache/huggingface/modules/evaluate_modules/metrics/evaluate-metric--seqeval.lock
06/03/2025 12:08:25 - DEBUG - filelock - Lock 140111246841824 released on /home/hrao/.cache/huggingface/modules/evaluate_modules/metrics/evaluate-metric--seqeval.lock
06/03/2025 12:08:25 - INFO - __main__ - Enabling HardnessAwareTrainer.
/project/hrao/Meta-Resample/step_3/custom_trainer.py:47: FutureWarning: `tokenizer` is deprecated and will be removed in version 5.0.0 for `HardnessAwareTrainer.__init__`. Use `processing_class` instead.
  super().__init__(*args, **kwargs)
06/03/2025 12:08:25 - INFO - custom_trainer - HardnessAwareTrainer initialized. Hardness Sampling Enabled: True
06/03/2025 12:08:25 - INFO - custom_trainer -   H.Alpha: 1.0, VNet LR: 0.0005, MetaUpdateScale: 2.0
06/03/2025 12:08:25 - INFO - custom_trainer -   Normalization: Initial moving_mean=0.0, moving_variance=1.0, decay=0.99
06/03/2025 12:08:25 - INFO - __main__ - Added KnnEpochEndCallback to HardnessAwareTrainer.
[DEBUG|trainer.py:2267] 2025-06-03 12:08:25,468 >> Currently training with a batch size of: 32
06/03/2025 12:08:25 - INFO - custom_trainer - Creating HardnessAwareSampler for training.
06/03/2025 12:08:25 - INFO - custom_trainer - [SamplerSetup] Initializing HardnessAwareSampler with: dataset_len=6476, alpha=1.0, lambda_boost (knn_lambda)=0.0, meta_probs_sum_on_init=1.0000, meta_probs_device=cuda:0, neighbor_boost_is_not_none=True, neighbor_boost_device=cuda:0
06/03/2025 12:08:25 - INFO - custom_trainer -   Trainer._get_train_sampler passing _neighbor_boost id=140111230400240, device=cuda:0
06/03/2025 12:08:25 - INFO - custom_sampler - HardnessAwareSampler initialized with neighbor_boost tensor (id: 140111230400240, device: cuda:0).
[INFO|trainer.py:2409] 2025-06-03 12:08:25,483 >> ***** Running training *****
[INFO|trainer.py:2410] 2025-06-03 12:08:25,483 >>   Num examples = 6,476
[INFO|trainer.py:2411] 2025-06-03 12:08:25,483 >>   Num Epochs = 8
[INFO|trainer.py:2412] 2025-06-03 12:08:25,483 >>   Instantaneous batch size per device = 32
[INFO|trainer.py:2415] 2025-06-03 12:08:25,483 >>   Total train batch size (w. parallel, distributed & accumulation) = 32
[INFO|trainer.py:2416] 2025-06-03 12:08:25,483 >>   Gradient Accumulation steps = 1
[INFO|trainer.py:2417] 2025-06-03 12:08:25,483 >>   Total optimization steps = 1,624
[INFO|trainer.py:2418] 2025-06-03 12:08:25,483 >>   Number of trainable parameters = 108,910,873
06/03/2025 12:08:25 - DEBUG - custom_sampler - [Sampler_CalcProbs] Input meta_probs_from_trainer (sum=1.0000, min=0.0002, max=0.0002, num_zeros=0)
06/03/2025 12:08:25 - DEBUG - custom_sampler - [Sampler_CalcProbs] Weights after alpha (sum=1.0065, min=0.0002, max=0.0002, non_zero=6476/6476)
06/03/2025 12:08:25 - DEBUG - custom_sampler - [Sampler] Neighbor_boost (id: 140111230400240, device: cuda:0): using .cpu().float() for calculation. Sum=0.0000, non_zero=0/6476, max=0.0000
06/03/2025 12:08:25 - DEBUG - custom_sampler - [Sampler] Weights after boost (lambda=0.0): sum=1.0065, min=0.0002, max=0.0002, non_zero=6476/6476
06/03/2025 12:08:25 - DEBUG - custom_sampler - [Sampler] Neighbor boost did not significantly change weights or initial weights sum to zero.
06/03/2025 12:08:25 - DEBUG - custom_sampler - [Sampler_CalcProbs] Final sampling probs (sum=1.0000, min=0.0002, max=0.0002, num_zeros=0)
[INFO|trainer.py:4327] 2025-06-03 12:08:45,342 >> 
***** Running Evaluation *****
[INFO|trainer.py:4329] 2025-06-03 12:08:45,342 >>   Num examples = 1000
[INFO|trainer.py:4332] 2025-06-03 12:08:45,342 >>   Batch size = 2
06/03/2025 12:08:55 - INFO - __main__ - compute_metrics received a tuple for predictions. Assuming the first element contains the actual logits. Number of elements in tuple: 2
06/03/2025 12:08:55 - INFO - __main__ -   Tuple element 0: type=<class 'numpy.ndarray'>, shape=(1000, 72, 25)
06/03/2025 12:08:55 - INFO - __main__ -   Tuple element 1: type=<class 'tuple'>, shape=N/A (not an array)
06/03/2025 12:08:55 - DEBUG - filelock - Attempting to acquire lock 140111253123232 on /home/hrao/.cache/huggingface/metrics/seqeval/default/default_experiment-1-0.arrow.lock
06/03/2025 12:08:55 - DEBUG - filelock - Lock 140111253123232 acquired on /home/hrao/.cache/huggingface/metrics/seqeval/default/default_experiment-1-0.arrow.lock
06/03/2025 12:08:55 - DEBUG - fsspec.local - open file: /home/hrao/.cache/huggingface/metrics/seqeval/default/default_experiment-1-0.arrow
Done writing 1000 examples in 355465 bytes /home/hrao/.cache/huggingface/metrics/seqeval/default/default_experiment-1-0.arrow.
06/03/2025 12:08:55 - DEBUG - datasets.arrow_writer - Done writing 1000 examples in 355465 bytes /home/hrao/.cache/huggingface/metrics/seqeval/default/default_experiment-1-0.arrow.
Set __getitem__(key) output type to python objects for no columns  (when key is int or slice) and don't output other (un-formatted) columns.
06/03/2025 12:08:55 - DEBUG - datasets.arrow_dataset - Set __getitem__(key) output type to python objects for no columns  (when key is int or slice) and don't output other (un-formatted) columns.
/project/hrao/miniconda3/envs/imbalance_env/lib/python3.10/site-packages/seqeval/metrics/v1.py:57: UndefinedMetricWarning: Precision and F-score are ill-defined and being set to 0.0 in labels with no predicted samples. Use `zero_division` parameter to control this behavior.
  _warn_prf(average, modifier, msg_start, len(result))
06/03/2025 12:08:56 - DEBUG - filelock - Attempting to release lock 140111253123232 on /home/hrao/.cache/huggingface/metrics/seqeval/default/default_experiment-1-0.arrow.lock
06/03/2025 12:08:56 - DEBUG - filelock - Lock 140111253123232 released on /home/hrao/.cache/huggingface/metrics/seqeval/default/default_experiment-1-0.arrow.lock
{'eval_loss': 0.4650983214378357, 'eval_overall_precision': 0.6185567010309279, 'eval_overall_recall': 0.6823184152604549, 'eval_overall_f1': 0.6488749345892203, 'eval_overall_accuracy': 0.8733853936447129, 'eval_runtime': 10.7475, 'eval_samples_per_second': 93.045, 'eval_steps_per_second': 46.522, 'epoch': 1.0}
06/03/2025 12:08:56 - DEBUG - custom_sampler - [Sampler_CalcProbs] Input meta_probs_from_trainer (sum=1.0000, min=0.0000, max=0.0750, num_zeros=0)
06/03/2025 12:08:56 - DEBUG - custom_sampler - [Sampler_CalcProbs] Weights after alpha (sum=1.0065, min=0.0000, max=0.0750, non_zero=6476/6476)
06/03/2025 12:08:56 - DEBUG - custom_sampler - [Sampler] Neighbor_boost (id: 140111230400240, device: cuda:0): using .cpu().float() for calculation. Sum=0.0000, non_zero=0/6476, max=0.0000
06/03/2025 12:08:56 - DEBUG - custom_sampler - [Sampler] Weights after boost (lambda=0.0): sum=1.0065, min=0.0000, max=0.0750, non_zero=6476/6476
06/03/2025 12:08:56 - DEBUG - custom_sampler - [Sampler] Neighbor boost did not significantly change weights or initial weights sum to zero.
06/03/2025 12:08:56 - DEBUG - custom_sampler - [Sampler_CalcProbs] Final sampling probs (sum=1.0000, min=0.0000, max=0.0745, num_zeros=0)
[INFO|trainer.py:4327] 2025-06-03 12:09:23,107 >> 
***** Running Evaluation *****
[INFO|trainer.py:4329] 2025-06-03 12:09:23,108 >>   Num examples = 1000
[INFO|trainer.py:4332] 2025-06-03 12:09:23,108 >>   Batch size = 2
06/03/2025 12:09:30 - INFO - __main__ - compute_metrics received a tuple for predictions. Assuming the first element contains the actual logits. Number of elements in tuple: 2
06/03/2025 12:09:30 - INFO - __main__ -   Tuple element 0: type=<class 'numpy.ndarray'>, shape=(1000, 72, 25)
06/03/2025 12:09:30 - INFO - __main__ -   Tuple element 1: type=<class 'tuple'>, shape=N/A (not an array)
06/03/2025 12:09:30 - DEBUG - filelock - Attempting to acquire lock 140111248267472 on /home/hrao/.cache/huggingface/metrics/seqeval/default/default_experiment-1-0.arrow.lock
06/03/2025 12:09:30 - DEBUG - filelock - Lock 140111248267472 acquired on /home/hrao/.cache/huggingface/metrics/seqeval/default/default_experiment-1-0.arrow.lock
06/03/2025 12:09:30 - DEBUG - fsspec.local - open file: /home/hrao/.cache/huggingface/metrics/seqeval/default/default_experiment-1-0.arrow
Done writing 1000 examples in 357588 bytes /home/hrao/.cache/huggingface/metrics/seqeval/default/default_experiment-1-0.arrow.
06/03/2025 12:09:30 - DEBUG - datasets.arrow_writer - Done writing 1000 examples in 357588 bytes /home/hrao/.cache/huggingface/metrics/seqeval/default/default_experiment-1-0.arrow.
Set __getitem__(key) output type to python objects for no columns  (when key is int or slice) and don't output other (un-formatted) columns.
06/03/2025 12:09:30 - DEBUG - datasets.arrow_dataset - Set __getitem__(key) output type to python objects for no columns  (when key is int or slice) and don't output other (un-formatted) columns.
06/03/2025 12:09:30 - DEBUG - filelock - Attempting to release lock 140111248267472 on /home/hrao/.cache/huggingface/metrics/seqeval/default/default_experiment-1-0.arrow.lock
06/03/2025 12:09:30 - DEBUG - filelock - Lock 140111248267472 released on /home/hrao/.cache/huggingface/metrics/seqeval/default/default_experiment-1-0.arrow.lock
{'eval_loss': 0.7408238053321838, 'eval_overall_precision': 0.5854199683042789, 'eval_overall_recall': 0.677549523110785, 'eval_overall_f1': 0.6281244686277844, 'eval_overall_accuracy': 0.8679337950002456, 'eval_runtime': 7.5692, 'eval_samples_per_second': 132.114, 'eval_steps_per_second': 66.057, 'epoch': 2.0}
06/03/2025 12:09:30 - DEBUG - custom_sampler - [Sampler_CalcProbs] Input meta_probs_from_trainer (sum=1.0000, min=0.0000, max=0.1064, num_zeros=0)
06/03/2025 12:09:30 - DEBUG - custom_sampler - [Sampler_CalcProbs] Weights after alpha (sum=1.0065, min=0.0000, max=0.1064, non_zero=6476/6476)
06/03/2025 12:09:30 - DEBUG - custom_sampler - [Sampler] Neighbor_boost (id: 140111230400240, device: cuda:0): using .cpu().float() for calculation. Sum=0.0000, non_zero=0/6476, max=0.0000
06/03/2025 12:09:30 - DEBUG - custom_sampler - [Sampler] Weights after boost (lambda=0.0): sum=1.0065, min=0.0000, max=0.1064, non_zero=6476/6476
06/03/2025 12:09:30 - DEBUG - custom_sampler - [Sampler] Neighbor boost did not significantly change weights or initial weights sum to zero.
06/03/2025 12:09:30 - DEBUG - custom_sampler - [Sampler_CalcProbs] Final sampling probs (sum=1.0000, min=0.0000, max=0.1057, num_zeros=0)
[INFO|trainer.py:3993] 2025-06-03 12:09:41,477 >> Saving model checkpoint to /project/hrao/Meta-Resample/output/mit_movie_trivia_bert_run/checkpoint-500
[INFO|configuration_utils.py:424] 2025-06-03 12:09:41,479 >> Configuration saved in /project/hrao/Meta-Resample/output/mit_movie_trivia_bert_run/checkpoint-500/config.json
[INFO|modeling_utils.py:3724] 2025-06-03 12:09:42,641 >> Model weights saved in /project/hrao/Meta-Resample/output/mit_movie_trivia_bert_run/checkpoint-500/model.safetensors
[INFO|tokenization_utils_base.py:2525] 2025-06-03 12:09:42,671 >> tokenizer config file saved in /project/hrao/Meta-Resample/output/mit_movie_trivia_bert_run/checkpoint-500/tokenizer_config.json
[INFO|tokenization_utils_base.py:2534] 2025-06-03 12:09:42,687 >> Special tokens file saved in /project/hrao/Meta-Resample/output/mit_movie_trivia_bert_run/checkpoint-500/special_tokens_map.json
[INFO|trainer.py:4327] 2025-06-03 12:09:57,277 >> 
***** Running Evaluation *****
[INFO|trainer.py:4329] 2025-06-03 12:09:57,278 >>   Num examples = 1000
[INFO|trainer.py:4332] 2025-06-03 12:09:57,278 >>   Batch size = 2
{'loss': 0.1184, 'grad_norm': 0.3180983364582062, 'learning_rate': 1.3854679802955666e-05, 'epoch': 2.4630541871921183}
06/03/2025 12:10:04 - INFO - __main__ - compute_metrics received a tuple for predictions. Assuming the first element contains the actual logits. Number of elements in tuple: 2
06/03/2025 12:10:04 - INFO - __main__ -   Tuple element 0: type=<class 'numpy.ndarray'>, shape=(1000, 72, 25)
06/03/2025 12:10:04 - INFO - __main__ -   Tuple element 1: type=<class 'tuple'>, shape=N/A (not an array)
06/03/2025 12:10:04 - DEBUG - filelock - Attempting to acquire lock 140111255080576 on /home/hrao/.cache/huggingface/metrics/seqeval/default/default_experiment-1-0.arrow.lock
06/03/2025 12:10:04 - DEBUG - filelock - Lock 140111255080576 acquired on /home/hrao/.cache/huggingface/metrics/seqeval/default/default_experiment-1-0.arrow.lock
06/03/2025 12:10:04 - DEBUG - fsspec.local - open file: /home/hrao/.cache/huggingface/metrics/seqeval/default/default_experiment-1-0.arrow
Done writing 1000 examples in 355988 bytes /home/hrao/.cache/huggingface/metrics/seqeval/default/default_experiment-1-0.arrow.
06/03/2025 12:10:04 - DEBUG - datasets.arrow_writer - Done writing 1000 examples in 355988 bytes /home/hrao/.cache/huggingface/metrics/seqeval/default/default_experiment-1-0.arrow.
Set __getitem__(key) output type to python objects for no columns  (when key is int or slice) and don't output other (un-formatted) columns.
06/03/2025 12:10:04 - DEBUG - datasets.arrow_dataset - Set __getitem__(key) output type to python objects for no columns  (when key is int or slice) and don't output other (un-formatted) columns.
06/03/2025 12:10:04 - DEBUG - filelock - Attempting to release lock 140111255080576 on /home/hrao/.cache/huggingface/metrics/seqeval/default/default_experiment-1-0.arrow.lock
06/03/2025 12:10:04 - DEBUG - filelock - Lock 140111255080576 released on /home/hrao/.cache/huggingface/metrics/seqeval/default/default_experiment-1-0.arrow.lock
{'eval_loss': 0.8015787601470947, 'eval_overall_precision': 0.6104404567699837, 'eval_overall_recall': 0.6863536316947909, 'eval_overall_f1': 0.6461750992920048, 'eval_overall_accuracy': 0.8713226265900496, 'eval_runtime': 7.6101, 'eval_samples_per_second': 131.405, 'eval_steps_per_second': 65.702, 'epoch': 3.0}
06/03/2025 12:10:04 - DEBUG - custom_sampler - [Sampler_CalcProbs] Input meta_probs_from_trainer (sum=1.0000, min=0.0000, max=0.1250, num_zeros=0)
06/03/2025 12:10:04 - DEBUG - custom_sampler - [Sampler_CalcProbs] Weights after alpha (sum=1.0065, min=0.0000, max=0.1250, non_zero=6476/6476)
06/03/2025 12:10:04 - DEBUG - custom_sampler - [Sampler] Neighbor_boost (id: 140111230400240, device: cuda:0): using .cpu().float() for calculation. Sum=0.0000, non_zero=0/6476, max=0.0000
06/03/2025 12:10:04 - DEBUG - custom_sampler - [Sampler] Weights after boost (lambda=0.0): sum=1.0065, min=0.0000, max=0.1250, non_zero=6476/6476
06/03/2025 12:10:04 - DEBUG - custom_sampler - [Sampler] Neighbor boost did not significantly change weights or initial weights sum to zero.
06/03/2025 12:10:04 - DEBUG - custom_sampler - [Sampler_CalcProbs] Final sampling probs (sum=1.0000, min=0.0000, max=0.1242, num_zeros=0)
[INFO|trainer.py:4327] 2025-06-03 12:10:23,809 >> 
***** Running Evaluation *****
[INFO|trainer.py:4329] 2025-06-03 12:10:23,810 >>   Num examples = 1000
[INFO|trainer.py:4332] 2025-06-03 12:10:23,810 >>   Batch size = 2
06/03/2025 12:10:31 - INFO - __main__ - compute_metrics received a tuple for predictions. Assuming the first element contains the actual logits. Number of elements in tuple: 2
06/03/2025 12:10:31 - INFO - __main__ -   Tuple element 0: type=<class 'numpy.ndarray'>, shape=(1000, 72, 25)
06/03/2025 12:10:31 - INFO - __main__ -   Tuple element 1: type=<class 'tuple'>, shape=N/A (not an array)
06/03/2025 12:10:31 - DEBUG - filelock - Attempting to acquire lock 140111255093152 on /home/hrao/.cache/huggingface/metrics/seqeval/default/default_experiment-1-0.arrow.lock
06/03/2025 12:10:31 - DEBUG - filelock - Lock 140111255093152 acquired on /home/hrao/.cache/huggingface/metrics/seqeval/default/default_experiment-1-0.arrow.lock
06/03/2025 12:10:31 - DEBUG - fsspec.local - open file: /home/hrao/.cache/huggingface/metrics/seqeval/default/default_experiment-1-0.arrow
Done writing 1000 examples in 357300 bytes /home/hrao/.cache/huggingface/metrics/seqeval/default/default_experiment-1-0.arrow.
06/03/2025 12:10:31 - DEBUG - datasets.arrow_writer - Done writing 1000 examples in 357300 bytes /home/hrao/.cache/huggingface/metrics/seqeval/default/default_experiment-1-0.arrow.
Set __getitem__(key) output type to python objects for no columns  (when key is int or slice) and don't output other (un-formatted) columns.
06/03/2025 12:10:31 - DEBUG - datasets.arrow_dataset - Set __getitem__(key) output type to python objects for no columns  (when key is int or slice) and don't output other (un-formatted) columns.
06/03/2025 12:10:31 - DEBUG - filelock - Attempting to release lock 140111255093152 on /home/hrao/.cache/huggingface/metrics/seqeval/default/default_experiment-1-0.arrow.lock
06/03/2025 12:10:31 - DEBUG - filelock - Lock 140111255093152 released on /home/hrao/.cache/huggingface/metrics/seqeval/default/default_experiment-1-0.arrow.lock
{'eval_loss': 0.863644540309906, 'eval_overall_precision': 0.5967536600891152, 'eval_overall_recall': 0.6878209831254586, 'eval_overall_f1': 0.6390593047034765, 'eval_overall_accuracy': 0.87068415107313, 'eval_runtime': 7.6211, 'eval_samples_per_second': 131.214, 'eval_steps_per_second': 65.607, 'epoch': 4.0}
06/03/2025 12:10:31 - DEBUG - custom_sampler - [Sampler_CalcProbs] Input meta_probs_from_trainer (sum=1.0000, min=0.0000, max=0.1125, num_zeros=0)
06/03/2025 12:10:31 - DEBUG - custom_sampler - [Sampler_CalcProbs] Weights after alpha (sum=1.0065, min=0.0000, max=0.1125, non_zero=6476/6476)
06/03/2025 12:10:31 - DEBUG - custom_sampler - [Sampler] Neighbor_boost (id: 140111230400240, device: cuda:0): using .cpu().float() for calculation. Sum=0.0000, non_zero=0/6476, max=0.0000
06/03/2025 12:10:31 - DEBUG - custom_sampler - [Sampler] Weights after boost (lambda=0.0): sum=1.0065, min=0.0000, max=0.1125, non_zero=6476/6476
06/03/2025 12:10:31 - DEBUG - custom_sampler - [Sampler] Neighbor boost did not significantly change weights or initial weights sum to zero.
06/03/2025 12:10:31 - DEBUG - custom_sampler - [Sampler_CalcProbs] Final sampling probs (sum=1.0000, min=0.0000, max=0.1118, num_zeros=0)
[INFO|trainer.py:3993] 2025-06-03 12:10:48,527 >> Saving model checkpoint to /project/hrao/Meta-Resample/output/mit_movie_trivia_bert_run/checkpoint-1000
[INFO|configuration_utils.py:424] 2025-06-03 12:10:48,529 >> Configuration saved in /project/hrao/Meta-Resample/output/mit_movie_trivia_bert_run/checkpoint-1000/config.json
[INFO|modeling_utils.py:3724] 2025-06-03 12:10:49,762 >> Model weights saved in /project/hrao/Meta-Resample/output/mit_movie_trivia_bert_run/checkpoint-1000/model.safetensors
[INFO|tokenization_utils_base.py:2525] 2025-06-03 12:10:49,794 >> tokenizer config file saved in /project/hrao/Meta-Resample/output/mit_movie_trivia_bert_run/checkpoint-1000/tokenizer_config.json
[INFO|tokenization_utils_base.py:2534] 2025-06-03 12:10:49,811 >> Special tokens file saved in /project/hrao/Meta-Resample/output/mit_movie_trivia_bert_run/checkpoint-1000/special_tokens_map.json
[INFO|trainer.py:4327] 2025-06-03 12:10:53,436 >> 
***** Running Evaluation *****
[INFO|trainer.py:4329] 2025-06-03 12:10:53,436 >>   Num examples = 1000
[INFO|trainer.py:4332] 2025-06-03 12:10:53,436 >>   Batch size = 2
{'loss': 0.001, 'grad_norm': 0.027479274198412895, 'learning_rate': 7.69704433497537e-06, 'epoch': 4.926108374384237}
06/03/2025 12:11:00 - INFO - __main__ - compute_metrics received a tuple for predictions. Assuming the first element contains the actual logits. Number of elements in tuple: 2
06/03/2025 12:11:00 - INFO - __main__ -   Tuple element 0: type=<class 'numpy.ndarray'>, shape=(1000, 72, 25)
06/03/2025 12:11:00 - INFO - __main__ -   Tuple element 1: type=<class 'tuple'>, shape=N/A (not an array)
06/03/2025 12:11:00 - DEBUG - filelock - Attempting to acquire lock 140111255469888 on /home/hrao/.cache/huggingface/metrics/seqeval/default/default_experiment-1-0.arrow.lock
06/03/2025 12:11:00 - DEBUG - filelock - Lock 140111255469888 acquired on /home/hrao/.cache/huggingface/metrics/seqeval/default/default_experiment-1-0.arrow.lock
06/03/2025 12:11:00 - DEBUG - fsspec.local - open file: /home/hrao/.cache/huggingface/metrics/seqeval/default/default_experiment-1-0.arrow
Done writing 1000 examples in 356545 bytes /home/hrao/.cache/huggingface/metrics/seqeval/default/default_experiment-1-0.arrow.
06/03/2025 12:11:00 - DEBUG - datasets.arrow_writer - Done writing 1000 examples in 356545 bytes /home/hrao/.cache/huggingface/metrics/seqeval/default/default_experiment-1-0.arrow.
Set __getitem__(key) output type to python objects for no columns  (when key is int or slice) and don't output other (un-formatted) columns.
06/03/2025 12:11:00 - DEBUG - datasets.arrow_dataset - Set __getitem__(key) output type to python objects for no columns  (when key is int or slice) and don't output other (un-formatted) columns.
06/03/2025 12:11:01 - DEBUG - filelock - Attempting to release lock 140111255469888 on /home/hrao/.cache/huggingface/metrics/seqeval/default/default_experiment-1-0.arrow.lock
06/03/2025 12:11:01 - DEBUG - filelock - Lock 140111255469888 released on /home/hrao/.cache/huggingface/metrics/seqeval/default/default_experiment-1-0.arrow.lock
{'eval_loss': 0.913224458694458, 'eval_overall_precision': 0.5828144458281445, 'eval_overall_recall': 0.6867204695524578, 'eval_overall_f1': 0.6305153250252611, 'eval_overall_accuracy': 0.867982908501547, 'eval_runtime': 7.6135, 'eval_samples_per_second': 131.345, 'eval_steps_per_second': 65.673, 'epoch': 5.0}
06/03/2025 12:11:01 - DEBUG - custom_sampler - [Sampler_CalcProbs] Input meta_probs_from_trainer (sum=1.0000, min=0.0000, max=0.1269, num_zeros=0)
06/03/2025 12:11:01 - DEBUG - custom_sampler - [Sampler_CalcProbs] Weights after alpha (sum=1.0065, min=0.0000, max=0.1269, non_zero=6476/6476)
06/03/2025 12:11:01 - DEBUG - custom_sampler - [Sampler] Neighbor_boost (id: 140111230400240, device: cuda:0): using .cpu().float() for calculation. Sum=0.0000, non_zero=0/6476, max=0.0000
06/03/2025 12:11:01 - DEBUG - custom_sampler - [Sampler] Weights after boost (lambda=0.0): sum=1.0065, min=0.0000, max=0.1269, non_zero=6476/6476
06/03/2025 12:11:01 - DEBUG - custom_sampler - [Sampler] Neighbor boost did not significantly change weights or initial weights sum to zero.
06/03/2025 12:11:01 - DEBUG - custom_sampler - [Sampler_CalcProbs] Final sampling probs (sum=1.0000, min=0.0000, max=0.1261, num_zeros=0)
[INFO|trainer.py:4327] 2025-06-03 12:11:19,561 >> 
***** Running Evaluation *****
[INFO|trainer.py:4329] 2025-06-03 12:11:19,561 >>   Num examples = 1000
[INFO|trainer.py:4332] 2025-06-03 12:11:19,561 >>   Batch size = 2
06/03/2025 12:11:26 - INFO - __main__ - compute_metrics received a tuple for predictions. Assuming the first element contains the actual logits. Number of elements in tuple: 2
06/03/2025 12:11:26 - INFO - __main__ -   Tuple element 0: type=<class 'numpy.ndarray'>, shape=(1000, 72, 25)
06/03/2025 12:11:26 - INFO - __main__ -   Tuple element 1: type=<class 'tuple'>, shape=N/A (not an array)
06/03/2025 12:11:26 - DEBUG - filelock - Attempting to acquire lock 140111255464320 on /home/hrao/.cache/huggingface/metrics/seqeval/default/default_experiment-1-0.arrow.lock
06/03/2025 12:11:26 - DEBUG - filelock - Lock 140111255464320 acquired on /home/hrao/.cache/huggingface/metrics/seqeval/default/default_experiment-1-0.arrow.lock
06/03/2025 12:11:26 - DEBUG - fsspec.local - open file: /home/hrao/.cache/huggingface/metrics/seqeval/default/default_experiment-1-0.arrow
Done writing 1000 examples in 356087 bytes /home/hrao/.cache/huggingface/metrics/seqeval/default/default_experiment-1-0.arrow.
06/03/2025 12:11:26 - DEBUG - datasets.arrow_writer - Done writing 1000 examples in 356087 bytes /home/hrao/.cache/huggingface/metrics/seqeval/default/default_experiment-1-0.arrow.
Set __getitem__(key) output type to python objects for no columns  (when key is int or slice) and don't output other (un-formatted) columns.
06/03/2025 12:11:26 - DEBUG - datasets.arrow_dataset - Set __getitem__(key) output type to python objects for no columns  (when key is int or slice) and don't output other (un-formatted) columns.
06/03/2025 12:11:27 - DEBUG - filelock - Attempting to release lock 140111255464320 on /home/hrao/.cache/huggingface/metrics/seqeval/default/default_experiment-1-0.arrow.lock
06/03/2025 12:11:27 - DEBUG - filelock - Lock 140111255464320 released on /home/hrao/.cache/huggingface/metrics/seqeval/default/default_experiment-1-0.arrow.lock
{'eval_loss': 0.9027342200279236, 'eval_overall_precision': 0.5946547884187082, 'eval_overall_recall': 0.6856199559794571, 'eval_overall_f1': 0.6369057761117738, 'eval_overall_accuracy': 0.8698492215510044, 'eval_runtime': 7.6253, 'eval_samples_per_second': 131.143, 'eval_steps_per_second': 65.572, 'epoch': 6.0}
06/03/2025 12:11:27 - DEBUG - custom_sampler - [Sampler_CalcProbs] Input meta_probs_from_trainer (sum=1.0000, min=0.0000, max=0.1382, num_zeros=0)
06/03/2025 12:11:27 - DEBUG - custom_sampler - [Sampler_CalcProbs] Weights after alpha (sum=1.0065, min=0.0000, max=0.1382, non_zero=6476/6476)
06/03/2025 12:11:27 - DEBUG - custom_sampler - [Sampler] Neighbor_boost (id: 140111230400240, device: cuda:0): using .cpu().float() for calculation. Sum=0.0000, non_zero=0/6476, max=0.0000
06/03/2025 12:11:27 - DEBUG - custom_sampler - [Sampler] Weights after boost (lambda=0.0): sum=1.0065, min=0.0000, max=0.1382, non_zero=6476/6476
06/03/2025 12:11:27 - DEBUG - custom_sampler - [Sampler] Neighbor boost did not significantly change weights or initial weights sum to zero.
06/03/2025 12:11:27 - DEBUG - custom_sampler - [Sampler_CalcProbs] Final sampling probs (sum=1.0000, min=0.0000, max=0.1374, num_zeros=0)
[INFO|trainer.py:4327] 2025-06-03 12:11:45,824 >> 
***** Running Evaluation *****
[INFO|trainer.py:4329] 2025-06-03 12:11:45,824 >>   Num examples = 1000
[INFO|trainer.py:4332] 2025-06-03 12:11:45,824 >>   Batch size = 2
06/03/2025 12:11:53 - INFO - __main__ - compute_metrics received a tuple for predictions. Assuming the first element contains the actual logits. Number of elements in tuple: 2
06/03/2025 12:11:53 - INFO - __main__ -   Tuple element 0: type=<class 'numpy.ndarray'>, shape=(1000, 72, 25)
06/03/2025 12:11:53 - INFO - __main__ -   Tuple element 1: type=<class 'tuple'>, shape=N/A (not an array)
06/03/2025 12:11:53 - DEBUG - filelock - Attempting to acquire lock 140111253188624 on /home/hrao/.cache/huggingface/metrics/seqeval/default/default_experiment-1-0.arrow.lock
06/03/2025 12:11:53 - DEBUG - filelock - Lock 140111253188624 acquired on /home/hrao/.cache/huggingface/metrics/seqeval/default/default_experiment-1-0.arrow.lock
06/03/2025 12:11:53 - DEBUG - fsspec.local - open file: /home/hrao/.cache/huggingface/metrics/seqeval/default/default_experiment-1-0.arrow
Done writing 1000 examples in 356151 bytes /home/hrao/.cache/huggingface/metrics/seqeval/default/default_experiment-1-0.arrow.
06/03/2025 12:11:53 - DEBUG - datasets.arrow_writer - Done writing 1000 examples in 356151 bytes /home/hrao/.cache/huggingface/metrics/seqeval/default/default_experiment-1-0.arrow.
Set __getitem__(key) output type to python objects for no columns  (when key is int or slice) and don't output other (un-formatted) columns.
06/03/2025 12:11:53 - DEBUG - datasets.arrow_dataset - Set __getitem__(key) output type to python objects for no columns  (when key is int or slice) and don't output other (un-formatted) columns.
06/03/2025 12:11:53 - DEBUG - filelock - Attempting to release lock 140111253188624 on /home/hrao/.cache/huggingface/metrics/seqeval/default/default_experiment-1-0.arrow.lock
06/03/2025 12:11:53 - DEBUG - filelock - Lock 140111253188624 released on /home/hrao/.cache/huggingface/metrics/seqeval/default/default_experiment-1-0.arrow.lock
{'eval_loss': 0.9171574711799622, 'eval_overall_precision': 0.6110565914295061, 'eval_overall_recall': 0.6852531181217901, 'eval_overall_f1': 0.6460314715545564, 'eval_overall_accuracy': 0.8710279455822405, 'eval_runtime': 7.6114, 'eval_samples_per_second': 131.382, 'eval_steps_per_second': 65.691, 'epoch': 7.0}
06/03/2025 12:11:53 - DEBUG - custom_sampler - [Sampler_CalcProbs] Input meta_probs_from_trainer (sum=1.0000, min=0.0000, max=0.1230, num_zeros=0)
06/03/2025 12:11:53 - DEBUG - custom_sampler - [Sampler_CalcProbs] Weights after alpha (sum=1.0065, min=0.0000, max=0.1230, non_zero=6476/6476)
06/03/2025 12:11:53 - DEBUG - custom_sampler - [Sampler] Neighbor_boost (id: 140111230400240, device: cuda:0): using .cpu().float() for calculation. Sum=0.0000, non_zero=0/6476, max=0.0000
06/03/2025 12:11:53 - DEBUG - custom_sampler - [Sampler] Weights after boost (lambda=0.0): sum=1.0065, min=0.0000, max=0.1230, non_zero=6476/6476
06/03/2025 12:11:53 - DEBUG - custom_sampler - [Sampler] Neighbor boost did not significantly change weights or initial weights sum to zero.
06/03/2025 12:11:53 - DEBUG - custom_sampler - [Sampler_CalcProbs] Final sampling probs (sum=1.0000, min=0.0000, max=0.1222, num_zeros=0)
[INFO|trainer.py:3993] 2025-06-03 12:12:00,675 >> Saving model checkpoint to /project/hrao/Meta-Resample/output/mit_movie_trivia_bert_run/checkpoint-1500
[INFO|configuration_utils.py:424] 2025-06-03 12:12:00,677 >> Configuration saved in /project/hrao/Meta-Resample/output/mit_movie_trivia_bert_run/checkpoint-1500/config.json
[INFO|modeling_utils.py:3724] 2025-06-03 12:12:01,753 >> Model weights saved in /project/hrao/Meta-Resample/output/mit_movie_trivia_bert_run/checkpoint-1500/model.safetensors
[INFO|tokenization_utils_base.py:2525] 2025-06-03 12:12:01,784 >> tokenizer config file saved in /project/hrao/Meta-Resample/output/mit_movie_trivia_bert_run/checkpoint-1500/tokenizer_config.json
[INFO|tokenization_utils_base.py:2534] 2025-06-03 12:12:01,802 >> Special tokens file saved in /project/hrao/Meta-Resample/output/mit_movie_trivia_bert_run/checkpoint-1500/special_tokens_map.json
[INFO|trainer.py:3993] 2025-06-03 12:12:15,398 >> Saving model checkpoint to /project/hrao/Meta-Resample/output/mit_movie_trivia_bert_run/checkpoint-1624
[INFO|configuration_utils.py:424] 2025-06-03 12:12:15,408 >> Configuration saved in /project/hrao/Meta-Resample/output/mit_movie_trivia_bert_run/checkpoint-1624/config.json
[INFO|modeling_utils.py:3724] 2025-06-03 12:12:16,533 >> Model weights saved in /project/hrao/Meta-Resample/output/mit_movie_trivia_bert_run/checkpoint-1624/model.safetensors
[INFO|tokenization_utils_base.py:2525] 2025-06-03 12:12:16,561 >> tokenizer config file saved in /project/hrao/Meta-Resample/output/mit_movie_trivia_bert_run/checkpoint-1624/tokenizer_config.json
[INFO|tokenization_utils_base.py:2534] 2025-06-03 12:12:16,577 >> Special tokens file saved in /project/hrao/Meta-Resample/output/mit_movie_trivia_bert_run/checkpoint-1624/special_tokens_map.json
[INFO|trainer.py:4327] 2025-06-03 12:12:18,927 >> 
***** Running Evaluation *****
[INFO|trainer.py:4329] 2025-06-03 12:12:18,927 >>   Num examples = 1000
[INFO|trainer.py:4332] 2025-06-03 12:12:18,927 >>   Batch size = 2
{'loss': 0.0006, 'grad_norm': 0.019962765276432037, 'learning_rate': 1.539408866995074e-06, 'epoch': 7.389162561576355}
06/03/2025 12:12:26 - INFO - __main__ - compute_metrics received a tuple for predictions. Assuming the first element contains the actual logits. Number of elements in tuple: 2
06/03/2025 12:12:26 - INFO - __main__ -   Tuple element 0: type=<class 'numpy.ndarray'>, shape=(1000, 72, 25)
06/03/2025 12:12:26 - INFO - __main__ -   Tuple element 1: type=<class 'tuple'>, shape=N/A (not an array)
06/03/2025 12:12:26 - DEBUG - filelock - Attempting to acquire lock 140111255087920 on /home/hrao/.cache/huggingface/metrics/seqeval/default/default_experiment-1-0.arrow.lock
06/03/2025 12:12:26 - DEBUG - filelock - Lock 140111255087920 acquired on /home/hrao/.cache/huggingface/metrics/seqeval/default/default_experiment-1-0.arrow.lock
06/03/2025 12:12:26 - DEBUG - fsspec.local - open file: /home/hrao/.cache/huggingface/metrics/seqeval/default/default_experiment-1-0.arrow
Done writing 1000 examples in 356134 bytes /home/hrao/.cache/huggingface/metrics/seqeval/default/default_experiment-1-0.arrow.
06/03/2025 12:12:26 - DEBUG - datasets.arrow_writer - Done writing 1000 examples in 356134 bytes /home/hrao/.cache/huggingface/metrics/seqeval/default/default_experiment-1-0.arrow.
Set __getitem__(key) output type to python objects for no columns  (when key is int or slice) and don't output other (un-formatted) columns.
06/03/2025 12:12:26 - DEBUG - datasets.arrow_dataset - Set __getitem__(key) output type to python objects for no columns  (when key is int or slice) and don't output other (un-formatted) columns.
06/03/2025 12:12:26 - DEBUG - filelock - Attempting to release lock 140111255087920 on /home/hrao/.cache/huggingface/metrics/seqeval/default/default_experiment-1-0.arrow.lock
06/03/2025 12:12:26 - DEBUG - filelock - Lock 140111255087920 released on /home/hrao/.cache/huggingface/metrics/seqeval/default/default_experiment-1-0.arrow.lock
[INFO|trainer.py:2676] 2025-06-03 12:12:26,589 >> 

Training completed. Do not forget to share your model on huggingface.co/models =)


[INFO|trainer.py:3993] 2025-06-03 12:12:26,595 >> Saving model checkpoint to /project/hrao/Meta-Resample/output/mit_movie_trivia_bert_run
[INFO|configuration_utils.py:424] 2025-06-03 12:12:26,598 >> Configuration saved in /project/hrao/Meta-Resample/output/mit_movie_trivia_bert_run/config.json
[INFO|modeling_utils.py:3724] 2025-06-03 12:12:27,705 >> Model weights saved in /project/hrao/Meta-Resample/output/mit_movie_trivia_bert_run/model.safetensors
[INFO|tokenization_utils_base.py:2525] 2025-06-03 12:12:27,737 >> tokenizer config file saved in /project/hrao/Meta-Resample/output/mit_movie_trivia_bert_run/tokenizer_config.json
[INFO|tokenization_utils_base.py:2534] 2025-06-03 12:12:27,755 >> Special tokens file saved in /project/hrao/Meta-Resample/output/mit_movie_trivia_bert_run/special_tokens_map.json
{'eval_loss': 0.926362931728363, 'eval_overall_precision': 0.6059527660951148, 'eval_overall_recall': 0.6870873074101247, 'eval_overall_f1': 0.643974557331958, 'eval_overall_accuracy': 0.8700456755562104, 'eval_runtime': 7.6299, 'eval_samples_per_second': 131.063, 'eval_steps_per_second': 65.532, 'epoch': 8.0}
{'train_runtime': 241.1059, 'train_samples_per_second': 214.877, 'train_steps_per_second': 6.736, 'train_loss': 0.03698870928251538, 'epoch': 8.0}
***** train metrics *****
  epoch                    =        8.0
  train_loss               =      0.037
  train_runtime            = 0:04:01.10
  train_samples            =       6476
  train_samples_per_second =    214.877
  train_steps_per_second   =      6.736
06/03/2025 12:12:27 - INFO - __main__ - *** Evaluate ***
06/03/2025 12:12:27 - INFO - __main__ - Temporarily disabled model.config.output_hidden_states for evaluation.
[INFO|trainer.py:4327] 2025-06-03 12:12:27,788 >> 
***** Running Evaluation *****
[INFO|trainer.py:4329] 2025-06-03 12:12:27,788 >>   Num examples = 1000
[INFO|trainer.py:4332] 2025-06-03 12:12:27,788 >>   Batch size = 2
06/03/2025 12:12:31 - DEBUG - filelock - Attempting to acquire lock 140111248081152 on /home/hrao/.cache/huggingface/metrics/seqeval/default/default_experiment-1-0.arrow.lock
06/03/2025 12:12:31 - DEBUG - filelock - Lock 140111248081152 acquired on /home/hrao/.cache/huggingface/metrics/seqeval/default/default_experiment-1-0.arrow.lock
06/03/2025 12:12:31 - DEBUG - fsspec.local - open file: /home/hrao/.cache/huggingface/metrics/seqeval/default/default_experiment-1-0.arrow
Done writing 1000 examples in 356134 bytes /home/hrao/.cache/huggingface/metrics/seqeval/default/default_experiment-1-0.arrow.
06/03/2025 12:12:31 - DEBUG - datasets.arrow_writer - Done writing 1000 examples in 356134 bytes /home/hrao/.cache/huggingface/metrics/seqeval/default/default_experiment-1-0.arrow.
Set __getitem__(key) output type to python objects for no columns  (when key is int or slice) and don't output other (un-formatted) columns.
06/03/2025 12:12:31 - DEBUG - datasets.arrow_dataset - Set __getitem__(key) output type to python objects for no columns  (when key is int or slice) and don't output other (un-formatted) columns.
06/03/2025 12:12:32 - DEBUG - filelock - Attempting to release lock 140111248081152 on /home/hrao/.cache/huggingface/metrics/seqeval/default/default_experiment-1-0.arrow.lock
06/03/2025 12:12:32 - DEBUG - filelock - Lock 140111248081152 released on /home/hrao/.cache/huggingface/metrics/seqeval/default/default_experiment-1-0.arrow.lock
{'eval_loss': 0.926362931728363, 'eval_overall_precision': 0.6059527660951148, 'eval_overall_recall': 0.6870873074101247, 'eval_overall_f1': 0.643974557331958, 'eval_overall_accuracy': 0.8700456755562104, 'eval_runtime': 4.3604, 'eval_samples_per_second': 229.335, 'eval_steps_per_second': 114.667, 'epoch': 8.0}
06/03/2025 12:12:32 - INFO - __main__ - Restored model.config.output_hidden_states after evaluation.
***** eval metrics *****
  epoch                   =        8.0
  eval_loss               =     0.9264
  eval_overall_accuracy   =       0.87
  eval_overall_f1         =      0.644
  eval_overall_precision  =      0.606
  eval_overall_recall     =     0.6871
  eval_runtime            = 0:00:04.36
  eval_samples            =       1000
  eval_samples_per_second =    229.335
  eval_steps_per_second   =    114.667
06/03/2025 12:12:32 - INFO - __main__ - *** Predict ***
06/03/2025 12:12:32 - INFO - __main__ - Temporarily disabled model.config.output_hidden_states for prediction.
[INFO|trainer.py:4327] 2025-06-03 12:12:32,158 >> 
***** Running Prediction *****
[INFO|trainer.py:4329] 2025-06-03 12:12:32,158 >>   Num examples = 1953
[INFO|trainer.py:4332] 2025-06-03 12:12:32,158 >>   Batch size = 2
06/03/2025 12:12:40 - DEBUG - filelock - Attempting to acquire lock 140111248085760 on /home/hrao/.cache/huggingface/metrics/seqeval/default/default_experiment-1-0.arrow.lock
06/03/2025 12:12:40 - DEBUG - filelock - Lock 140111248085760 acquired on /home/hrao/.cache/huggingface/metrics/seqeval/default/default_experiment-1-0.arrow.lock
06/03/2025 12:12:40 - DEBUG - fsspec.local - open file: /home/hrao/.cache/huggingface/metrics/seqeval/default/default_experiment-1-0.arrow
Done writing 1953 examples in 695129 bytes /home/hrao/.cache/huggingface/metrics/seqeval/default/default_experiment-1-0.arrow.
06/03/2025 12:12:40 - DEBUG - datasets.arrow_writer - Done writing 1953 examples in 695129 bytes /home/hrao/.cache/huggingface/metrics/seqeval/default/default_experiment-1-0.arrow.
Set __getitem__(key) output type to python objects for no columns  (when key is int or slice) and don't output other (un-formatted) columns.
06/03/2025 12:12:40 - DEBUG - datasets.arrow_dataset - Set __getitem__(key) output type to python objects for no columns  (when key is int or slice) and don't output other (un-formatted) columns.
06/03/2025 12:12:40 - DEBUG - filelock - Attempting to release lock 140111248085760 on /home/hrao/.cache/huggingface/metrics/seqeval/default/default_experiment-1-0.arrow.lock
06/03/2025 12:12:40 - DEBUG - filelock - Lock 140111248085760 released on /home/hrao/.cache/huggingface/metrics/seqeval/default/default_experiment-1-0.arrow.lock
06/03/2025 12:12:40 - INFO - __main__ - Restored model.config.output_hidden_states after prediction.
***** predict metrics *****
  predict_loss               =     0.9421
  predict_overall_accuracy   =     0.8683
  predict_overall_f1         =     0.6508
  predict_overall_precision  =      0.616
  predict_overall_recall     =     0.6898
  predict_runtime            = 0:00:08.42
  predict_samples_per_second =    231.695
  predict_steps_per_second   =    115.907
06/03/2025 12:12:40 - DEBUG - urllib3.connectionpool - Resetting dropped connection: huggingface.co
06/03/2025 12:12:40 - DEBUG - urllib3.connectionpool - https://huggingface.co:443 "GET /api/models/google-bert/bert-base-uncased HTTP/1.1" 200 4441
[INFO|modelcard.py:450] 2025-06-03 12:12:40,738 >> Dropping the following result as it does not have all the necessary fields:
{'task': {'name': 'Token Classification', 'type': 'token-classification'}}
