06/03/2025 13:34:58 - WARNING - __main__ - Process rank: 0, device: cuda:0, n_gpu: 1, distributed training: False, 16-bits training: False
06/03/2025 13:34:58 - INFO - __main__ - Training/evaluation parameters TrainingArguments(
_n_gpu=1,
accelerator_config={'split_batches': False, 'dispatch_batches': None, 'even_batches': True, 'use_seedable_sampler': True, 'non_blocking': False, 'gradient_accumulation_kwargs': None, 'use_configured_state': False},
adafactor=False,
adam_beta1=0.9,
adam_beta2=0.999,
adam_epsilon=1e-08,
auto_find_batch_size=False,
average_tokens_across_devices=False,
batch_eval_metrics=False,
bf16=False,
bf16_full_eval=False,
data_seed=None,
dataloader_drop_last=False,
dataloader_num_workers=0,
dataloader_persistent_workers=False,
dataloader_pin_memory=True,
dataloader_prefetch_factor=None,
ddp_backend=None,
ddp_broadcast_buffers=None,
ddp_bucket_cap_mb=None,
ddp_find_unused_parameters=None,
ddp_timeout=1800,
debug=[],
deepspeed=None,
disable_tqdm=True,
do_eval=True,
do_predict=True,
do_train=True,
eval_accumulation_steps=None,
eval_delay=0,
eval_do_concat_batches=True,
eval_on_start=False,
eval_steps=None,
eval_strategy=epoch,
eval_use_gather_object=False,
fp16=False,
fp16_backend=auto,
fp16_full_eval=False,
fp16_opt_level=O1,
fsdp=[],
fsdp_config={'min_num_params': 0, 'xla': False, 'xla_fsdp_v2': False, 'xla_fsdp_grad_ckpt': False},
fsdp_min_num_params=0,
fsdp_transformer_layer_cls_to_wrap=None,
full_determinism=False,
gradient_accumulation_steps=1,
gradient_checkpointing=False,
gradient_checkpointing_kwargs=None,
greater_is_better=None,
group_by_length=False,
half_precision_backend=auto,
hub_always_push=False,
hub_model_id=None,
hub_private_repo=None,
hub_strategy=every_save,
hub_token=<HUB_TOKEN>,
ignore_data_skip=False,
include_for_metrics=[],
include_inputs_for_metrics=False,
include_num_input_tokens_seen=False,
include_tokens_per_second=False,
jit_mode_eval=False,
label_names=None,
label_smoothing_factor=0.0,
learning_rate=2e-05,
length_column_name=length,
load_best_model_at_end=False,
local_rank=0,
log_level=debug,
log_level_replica=warning,
log_on_each_node=True,
logging_dir=/project/hrao/Meta-Resample/output/mit_movie_trivia_bert_run/runs/Jun03_13-34-58_itiger03,
logging_first_step=False,
logging_nan_inf_filter=True,
logging_steps=500,
logging_strategy=steps,
lr_scheduler_kwargs={},
lr_scheduler_type=linear,
max_grad_norm=1.0,
max_steps=-1,
metric_for_best_model=None,
mp_parameters=,
neftune_noise_alpha=None,
no_cuda=False,
num_train_epochs=8.0,
optim=adamw_torch,
optim_args=None,
optim_target_modules=None,
output_dir=/project/hrao/Meta-Resample/output/mit_movie_trivia_bert_run,
overwrite_output_dir=True,
past_index=-1,
per_device_eval_batch_size=2,
per_device_train_batch_size=32,
prediction_loss_only=False,
push_to_hub=False,
push_to_hub_model_id=None,
push_to_hub_organization=None,
push_to_hub_token=<PUSH_TO_HUB_TOKEN>,
ray_scope=last,
remove_unused_columns=False,
report_to=['tensorboard'],
restore_callback_states_from_checkpoint=False,
resume_from_checkpoint=None,
run_name=/project/hrao/Meta-Resample/output/mit_movie_trivia_bert_run,
save_on_each_node=False,
save_only_model=False,
save_safetensors=True,
save_steps=500,
save_strategy=steps,
save_total_limit=None,
seed=42,
skip_memory_metrics=True,
tf32=None,
torch_compile=False,
torch_compile_backend=None,
torch_compile_mode=None,
torch_empty_cache_steps=None,
torchdynamo=None,
tpu_metrics_debug=False,
tpu_num_cores=None,
use_cpu=False,
use_ipex=False,
use_legacy_prediction_loop=False,
use_liger_kernel=False,
use_mps_device=False,
warmup_ratio=0.0,
warmup_steps=0,
weight_decay=0.0,
)
06/03/2025 13:34:58 - DEBUG - urllib3.connectionpool - Starting new HTTPS connection (1): huggingface.co:443
06/03/2025 13:34:58 - DEBUG - urllib3.connectionpool - https://huggingface.co:443 "HEAD /api/telemetry/examples HTTP/1.1" 200 0
06/03/2025 13:34:58 - DEBUG - urllib3.connectionpool - Starting new HTTPS connection (1): huggingface.co:443
06/03/2025 13:34:58 - DEBUG - urllib3.connectionpool - https://huggingface.co:443 "HEAD /google-bert/bert-base-uncased/resolve/main/config.json HTTP/1.1" 200 0
[INFO|configuration_utils.py:698] 2025-06-03 13:34:58,894 >> loading configuration file config.json from cache at /home/hrao/.cache/huggingface/hub/models--google-bert--bert-base-uncased/snapshots/86b5e0934494bd15c9632b12f734a8a67f723594/config.json
[INFO|configuration_utils.py:770] 2025-06-03 13:34:58,898 >> Model config BertConfig {
  "architectures": [
    "BertForMaskedLM"
  ],
  "attention_probs_dropout_prob": 0.1,
  "classifier_dropout": null,
  "finetuning_task": "ner",
  "gradient_checkpointing": false,
  "hidden_act": "gelu",
  "hidden_dropout_prob": 0.1,
  "hidden_size": 768,
  "id2label": {
    "0": "LABEL_0",
    "1": "LABEL_1",
    "2": "LABEL_2",
    "3": "LABEL_3",
    "4": "LABEL_4",
    "5": "LABEL_5",
    "6": "LABEL_6",
    "7": "LABEL_7",
    "8": "LABEL_8",
    "9": "LABEL_9",
    "10": "LABEL_10",
    "11": "LABEL_11",
    "12": "LABEL_12",
    "13": "LABEL_13",
    "14": "LABEL_14",
    "15": "LABEL_15",
    "16": "LABEL_16",
    "17": "LABEL_17",
    "18": "LABEL_18",
    "19": "LABEL_19",
    "20": "LABEL_20",
    "21": "LABEL_21",
    "22": "LABEL_22",
    "23": "LABEL_23",
    "24": "LABEL_24"
  },
  "initializer_range": 0.02,
  "intermediate_size": 3072,
  "label2id": {
    "LABEL_0": 0,
    "LABEL_1": 1,
    "LABEL_10": 10,
    "LABEL_11": 11,
    "LABEL_12": 12,
    "LABEL_13": 13,
    "LABEL_14": 14,
    "LABEL_15": 15,
    "LABEL_16": 16,
    "LABEL_17": 17,
    "LABEL_18": 18,
    "LABEL_19": 19,
    "LABEL_2": 2,
    "LABEL_20": 20,
    "LABEL_21": 21,
    "LABEL_22": 22,
    "LABEL_23": 23,
    "LABEL_24": 24,
    "LABEL_3": 3,
    "LABEL_4": 4,
    "LABEL_5": 5,
    "LABEL_6": 6,
    "LABEL_7": 7,
    "LABEL_8": 8,
    "LABEL_9": 9
  },
  "layer_norm_eps": 1e-12,
  "max_position_embeddings": 512,
  "model_type": "bert",
  "num_attention_heads": 12,
  "num_hidden_layers": 12,
  "pad_token_id": 0,
  "position_embedding_type": "absolute",
  "transformers_version": "4.52.3",
  "type_vocab_size": 2,
  "use_cache": true,
  "vocab_size": 30522
}

06/03/2025 13:34:58 - DEBUG - urllib3.connectionpool - https://huggingface.co:443 "HEAD /google-bert/bert-base-uncased/resolve/main/tokenizer_config.json HTTP/1.1" 200 0
[INFO|configuration_utils.py:698] 2025-06-03 13:34:58,960 >> loading configuration file config.json from cache at /home/hrao/.cache/huggingface/hub/models--google-bert--bert-base-uncased/snapshots/86b5e0934494bd15c9632b12f734a8a67f723594/config.json
[INFO|configuration_utils.py:770] 2025-06-03 13:34:58,961 >> Model config BertConfig {
  "architectures": [
    "BertForMaskedLM"
  ],
  "attention_probs_dropout_prob": 0.1,
  "classifier_dropout": null,
  "gradient_checkpointing": false,
  "hidden_act": "gelu",
  "hidden_dropout_prob": 0.1,
  "hidden_size": 768,
  "initializer_range": 0.02,
  "intermediate_size": 3072,
  "layer_norm_eps": 1e-12,
  "max_position_embeddings": 512,
  "model_type": "bert",
  "num_attention_heads": 12,
  "num_hidden_layers": 12,
  "pad_token_id": 0,
  "position_embedding_type": "absolute",
  "transformers_version": "4.52.3",
  "type_vocab_size": 2,
  "use_cache": true,
  "vocab_size": 30522
}

06/03/2025 13:34:59 - DEBUG - urllib3.connectionpool - https://huggingface.co:443 "GET /api/models/google-bert/bert-base-uncased/tree/main/additional_chat_templates?recursive=False&expand=False HTTP/1.1" 404 64
[INFO|tokenization_utils_base.py:2023] 2025-06-03 13:34:59,025 >> loading file vocab.txt from cache at /home/hrao/.cache/huggingface/hub/models--google-bert--bert-base-uncased/snapshots/86b5e0934494bd15c9632b12f734a8a67f723594/vocab.txt
[INFO|tokenization_utils_base.py:2023] 2025-06-03 13:34:59,025 >> loading file tokenizer.json from cache at /home/hrao/.cache/huggingface/hub/models--google-bert--bert-base-uncased/snapshots/86b5e0934494bd15c9632b12f734a8a67f723594/tokenizer.json
[INFO|tokenization_utils_base.py:2023] 2025-06-03 13:34:59,025 >> loading file added_tokens.json from cache at None
[INFO|tokenization_utils_base.py:2023] 2025-06-03 13:34:59,025 >> loading file special_tokens_map.json from cache at None
[INFO|tokenization_utils_base.py:2023] 2025-06-03 13:34:59,025 >> loading file tokenizer_config.json from cache at /home/hrao/.cache/huggingface/hub/models--google-bert--bert-base-uncased/snapshots/86b5e0934494bd15c9632b12f734a8a67f723594/tokenizer_config.json
[INFO|tokenization_utils_base.py:2023] 2025-06-03 13:34:59,025 >> loading file chat_template.jinja from cache at None
[INFO|configuration_utils.py:698] 2025-06-03 13:34:59,025 >> loading configuration file config.json from cache at /home/hrao/.cache/huggingface/hub/models--google-bert--bert-base-uncased/snapshots/86b5e0934494bd15c9632b12f734a8a67f723594/config.json
[INFO|configuration_utils.py:770] 2025-06-03 13:34:59,026 >> Model config BertConfig {
  "architectures": [
    "BertForMaskedLM"
  ],
  "attention_probs_dropout_prob": 0.1,
  "classifier_dropout": null,
  "gradient_checkpointing": false,
  "hidden_act": "gelu",
  "hidden_dropout_prob": 0.1,
  "hidden_size": 768,
  "initializer_range": 0.02,
  "intermediate_size": 3072,
  "layer_norm_eps": 1e-12,
  "max_position_embeddings": 512,
  "model_type": "bert",
  "num_attention_heads": 12,
  "num_hidden_layers": 12,
  "pad_token_id": 0,
  "position_embedding_type": "absolute",
  "transformers_version": "4.52.3",
  "type_vocab_size": 2,
  "use_cache": true,
  "vocab_size": 30522
}

[INFO|modeling_utils.py:1150] 2025-06-03 13:34:59,222 >> loading weights file model.safetensors from cache at /home/hrao/.cache/huggingface/hub/models--google-bert--bert-base-uncased/snapshots/86b5e0934494bd15c9632b12f734a8a67f723594/model.safetensors
[INFO|logging.py:343] 2025-06-03 13:34:59,244 >> A pretrained model of type `BertForTokenClassification` contains parameters that have been renamed internally (a few are listed below but more are present in the model):
* `cls.predictions.transform.LayerNorm.beta` -> `cls.predictions.transform.LayerNorm.bias`
* `cls.predictions.transform.LayerNorm.gamma` -> `cls.predictions.transform.LayerNorm.weight`
If you are using a model from the Hub, consider submitting a PR to adjust these weights and help future users.
[INFO|modeling_utils.py:5120] 2025-06-03 13:34:59,284 >> Some weights of the model checkpoint at google-bert/bert-base-uncased were not used when initializing BertForTokenClassification: ['bert.pooler.dense.bias', 'bert.pooler.dense.weight', 'cls.predictions.bias', 'cls.predictions.transform.LayerNorm.bias', 'cls.predictions.transform.LayerNorm.weight', 'cls.predictions.transform.dense.bias', 'cls.predictions.transform.dense.weight', 'cls.seq_relationship.bias', 'cls.seq_relationship.weight']
- This IS expected if you are initializing BertForTokenClassification from the checkpoint of a model trained on another task or with another architecture (e.g. initializing a BertForSequenceClassification model from a BertForPreTraining model).
- This IS NOT expected if you are initializing BertForTokenClassification from the checkpoint of a model that you expect to be exactly identical (initializing a BertForSequenceClassification model from a BertForSequenceClassification model).
[WARNING|modeling_utils.py:5132] 2025-06-03 13:34:59,284 >> Some weights of BertForTokenClassification were not initialized from the model checkpoint at google-bert/bert-base-uncased and are newly initialized: ['classifier.bias', 'classifier.weight']
You should probably TRAIN this model on a down-stream task to be able to use it for predictions and inference.
Done writing 681 indices in 5448 bytes .
06/03/2025 13:34:59 - DEBUG - datasets.arrow_writer - Done writing 681 indices in 5448 bytes .

Running tokenizer on meta dataset:   0%|          | 0/681 [00:00<?, ? examples/s]Set __getitem__(key) output type to arrow for no columns  (when key is int or slice) and don't output other (un-formatted) columns.
06/03/2025 13:34:59 - DEBUG - datasets.arrow_dataset - Set __getitem__(key) output type to arrow for no columns  (when key is int or slice) and don't output other (un-formatted) columns.
Done writing 681 examples in 480887 bytes .
06/03/2025 13:34:59 - DEBUG - datasets.arrow_writer - Done writing 681 examples in 480887 bytes .
Finished processing shard number None of 1.
06/03/2025 13:34:59 - DEBUG - datasets.arrow_dataset - Finished processing shard number None of 1.

Running tokenizer on meta dataset: 100%|██████████| 681/681 [00:00<00:00, 14703.22 examples/s]
06/03/2025 13:34:59 - INFO - __main__ - [MetaSplit] meta_dataset=681, train_dataset=6816

Adding original indices to train dataset:   0%|          | 0/6816 [00:00<?, ? examples/s]Set __getitem__(key) output type to arrow for no columns  (when key is int or slice) and don't output other (un-formatted) columns.
06/03/2025 13:34:59 - DEBUG - datasets.arrow_dataset - Set __getitem__(key) output type to arrow for no columns  (when key is int or slice) and don't output other (un-formatted) columns.

Adding original indices to train dataset:  81%|████████  | 5495/6816 [00:00<00:00, 54731.87 examples/s]Done writing 6816 examples in 2494995 bytes .
06/03/2025 13:34:59 - DEBUG - datasets.arrow_writer - Done writing 6816 examples in 2494995 bytes .
Finished processing shard number None of 1.
06/03/2025 13:34:59 - DEBUG - datasets.arrow_dataset - Finished processing shard number None of 1.

Adding original indices to train dataset: 100%|██████████| 6816/6816 [00:00<00:00, 52026.92 examples/s]
06/03/2025 13:34:59 - INFO - __main__ - Adding orig_idx for hardness-aware sampling.
06/03/2025 13:34:59 - INFO - __main__ - [DEBUG_ORIG_IDX] After add_original_indices, train_dataset columns: ['tokens', 'ner_tags', 'orig_idx']
06/03/2025 13:34:59 - INFO - __main__ - [DEBUG_ORIG_IDX] Sample 0 after add_original_indices: {'tokens': ['what', '1995', 'romantic', 'comedy', 'film', 'starred', 'michael', 'douglas', 'as', 'a', 'u', 's', 'head', 'of', 'state', 'looking', 'for', 'love'], 'ner_tags': ['O', 'B-Year', 'B-Genre', 'I-Genre', 'O', 'O', 'B-Actor', 'I-Actor', 'O', 'B-Plot', 'I-Plot', 'I-Plot', 'I-Plot', 'I-Plot', 'I-Plot', 'I-Plot', 'I-Plot', 'I-Plot'], 'orig_idx': 0}

Running tokenizer on train dataset:   0%|          | 0/6816 [00:00<?, ? examples/s]Set __getitem__(key) output type to arrow for no columns  (when key is int or slice) and don't output other (un-formatted) columns.
06/03/2025 13:34:59 - DEBUG - datasets.arrow_dataset - Set __getitem__(key) output type to arrow for no columns  (when key is int or slice) and don't output other (un-formatted) columns.

Running tokenizer on train dataset:  29%|██▉       | 2000/6816 [00:00<00:00, 17227.05 examples/s]
Running tokenizer on train dataset:  59%|█████▊    | 4000/6816 [00:00<00:00, 17767.63 examples/s]
Running tokenizer on train dataset:  88%|████████▊ | 6000/6816 [00:00<00:00, 17754.80 examples/s]Done writing 6816 examples in 4875705 bytes .
06/03/2025 13:34:59 - DEBUG - datasets.arrow_writer - Done writing 6816 examples in 4875705 bytes .
Finished processing shard number None of 1.
06/03/2025 13:34:59 - DEBUG - datasets.arrow_dataset - Finished processing shard number None of 1.

Running tokenizer on train dataset: 100%|██████████| 6816/6816 [00:00<00:00, 17577.63 examples/s]
06/03/2025 13:34:59 - INFO - __main__ - Train dataset columns after tokenization: ['tokens', 'ner_tags', 'orig_idx', 'input_ids', 'token_type_ids', 'attention_mask', 'labels']
06/03/2025 13:34:59 - INFO - __main__ - [DEBUG_ORIG_IDX] After tokenize_and_align_labels, train_dataset columns: ['tokens', 'ner_tags', 'orig_idx', 'input_ids', 'token_type_ids', 'attention_mask', 'labels']
06/03/2025 13:34:59 - INFO - __main__ - [DEBUG_ORIG_IDX] Sample 0 after tokenize_and_align_labels: {'tokens': ['what', '1995', 'romantic', 'comedy', 'film', 'starred', 'michael', 'douglas', 'as', 'a', 'u', 's', 'head', 'of', 'state', 'looking', 'for', 'love'], 'ner_tags': ['O', 'B-Year', 'B-Genre', 'I-Genre', 'O', 'O', 'B-Actor', 'I-Actor', 'O', 'B-Plot', 'I-Plot', 'I-Plot', 'I-Plot', 'I-Plot', 'I-Plot', 'I-Plot', 'I-Plot', 'I-Plot'], 'orig_idx': 0, 'input_ids': [101, 2054, 2786, 6298, 4038, 2143, 5652, 2745, 5203, 2004, 1037, 1057, 1055, 2132, 1997, 2110, 2559, 2005, 2293, 102], 'token_type_ids': [0, 0, 0, 0, 0, 0, 0, 0, 0, 0, 0, 0, 0, 0, 0, 0, 0, 0, 0, 0], 'attention_mask': [1, 1, 1, 1, 1, 1, 1, 1, 1, 1, 1, 1, 1, 1, 1, 1, 1, 1, 1, 1], 'labels': [-100, 24, 11, 4, 16, 24, 24, 0, 12, 24, 7, 19, 19, 19, 19, 19, 19, 19, 19, -100]}

Running tokenizer on validation dataset:   0%|          | 0/1000 [00:00<?, ? examples/s]Set __getitem__(key) output type to arrow for no columns  (when key is int or slice) and don't output other (un-formatted) columns.
06/03/2025 13:34:59 - DEBUG - datasets.arrow_dataset - Set __getitem__(key) output type to arrow for no columns  (when key is int or slice) and don't output other (un-formatted) columns.
Done writing 1000 examples in 701353 bytes .
06/03/2025 13:34:59 - DEBUG - datasets.arrow_writer - Done writing 1000 examples in 701353 bytes .
Finished processing shard number None of 1.
06/03/2025 13:34:59 - DEBUG - datasets.arrow_dataset - Finished processing shard number None of 1.

Running tokenizer on validation dataset: 100%|██████████| 1000/1000 [00:00<00:00, 17262.07 examples/s]

Running tokenizer on prediction dataset:   0%|          | 0/1953 [00:00<?, ? examples/s]Set __getitem__(key) output type to arrow for no columns  (when key is int or slice) and don't output other (un-formatted) columns.
06/03/2025 13:34:59 - DEBUG - datasets.arrow_dataset - Set __getitem__(key) output type to arrow for no columns  (when key is int or slice) and don't output other (un-formatted) columns.

Running tokenizer on prediction dataset: 100%|██████████| 1953/1953 [00:00<00:00, 18144.97 examples/s]Done writing 1953 examples in 1359814 bytes .
06/03/2025 13:35:00 - DEBUG - datasets.arrow_writer - Done writing 1953 examples in 1359814 bytes .
Finished processing shard number None of 1.
06/03/2025 13:35:00 - DEBUG - datasets.arrow_dataset - Finished processing shard number None of 1.

Running tokenizer on prediction dataset: 100%|██████████| 1953/1953 [00:00<00:00, 17837.03 examples/s]
06/03/2025 13:35:00 - INFO - __main__ - Using CustomDataCollatorForTokenClassification for hardness-aware sampling.
06/03/2025 13:35:00 - DEBUG - urllib3.connectionpool - Starting new HTTPS connection (1): s3.amazonaws.com:443
06/03/2025 13:35:00 - DEBUG - urllib3.connectionpool - https://s3.amazonaws.com:443 "HEAD /datasets.huggingface.co/datasets/metrics/evaluate-metric/seqeval/evaluate-metric/seqeval.py HTTP/1.1" 404 0
06/03/2025 13:35:00 - DEBUG - urllib3.connectionpool - Starting new HTTPS connection (1): huggingface.co:443
06/03/2025 13:35:00 - DEBUG - urllib3.connectionpool - https://huggingface.co:443 "HEAD /spaces/evaluate-metric/seqeval/resolve/v0.4.3/seqeval.py HTTP/1.1" 404 0
06/03/2025 13:35:00 - DEBUG - urllib3.connectionpool - Starting new HTTPS connection (1): huggingface.co:443
06/03/2025 13:35:00 - DEBUG - urllib3.connectionpool - https://huggingface.co:443 "HEAD /spaces/evaluate-metric/seqeval/resolve/main/seqeval.py HTTP/1.1" 200 0
06/03/2025 13:35:00 - DEBUG - filelock - Attempting to acquire lock 140322257622768 on /home/hrao/.cache/huggingface/modules/evaluate_modules/metrics/evaluate-metric--seqeval.lock
06/03/2025 13:35:00 - DEBUG - filelock - Lock 140322257622768 acquired on /home/hrao/.cache/huggingface/modules/evaluate_modules/metrics/evaluate-metric--seqeval.lock
06/03/2025 13:35:00 - DEBUG - filelock - Attempting to release lock 140322257622768 on /home/hrao/.cache/huggingface/modules/evaluate_modules/metrics/evaluate-metric--seqeval.lock
06/03/2025 13:35:00 - DEBUG - filelock - Lock 140322257622768 released on /home/hrao/.cache/huggingface/modules/evaluate_modules/metrics/evaluate-metric--seqeval.lock
06/03/2025 13:35:00 - INFO - __main__ - Enabling HardnessAwareTrainer.
/project/hrao/Meta-Resample/step_3/custom_trainer.py:47: FutureWarning: `tokenizer` is deprecated and will be removed in version 5.0.0 for `HardnessAwareTrainer.__init__`. Use `processing_class` instead.
  super().__init__(*args, **kwargs)
06/03/2025 13:35:00 - INFO - custom_trainer - HardnessAwareTrainer initialized. Hardness Sampling Enabled: True
06/03/2025 13:35:00 - INFO - custom_trainer -   H.Alpha: 1.0, VNet LR: 0.0001, MetaUpdateScale: 2.0
06/03/2025 13:35:00 - INFO - custom_trainer -   Normalization: Initial moving_mean=0.0, moving_variance=1.0, decay=0.99
06/03/2025 13:35:00 - INFO - __main__ - Added KnnEpochEndCallback to HardnessAwareTrainer.
[DEBUG|trainer.py:2267] 2025-06-03 13:35:00,870 >> Currently training with a batch size of: 32
06/03/2025 13:35:00 - INFO - custom_trainer - Creating HardnessAwareSampler for training.
06/03/2025 13:35:00 - INFO - custom_trainer - [SamplerSetup] Initializing HardnessAwareSampler with: dataset_len=6816, alpha=1.0, lambda_boost (knn_lambda)=0.0, meta_probs_sum_on_init=1.0000, meta_probs_device=cuda:0, neighbor_boost_is_not_none=True, neighbor_boost_device=cuda:0
06/03/2025 13:35:00 - INFO - custom_trainer -   Trainer._get_train_sampler passing _neighbor_boost id=140322498759392, device=cuda:0
06/03/2025 13:35:00 - INFO - custom_sampler - HardnessAwareSampler initialized with neighbor_boost tensor (id: 140322498759392, device: cuda:0).
[INFO|trainer.py:2409] 2025-06-03 13:35:00,885 >> ***** Running training *****
[INFO|trainer.py:2410] 2025-06-03 13:35:00,885 >>   Num examples = 6,816
[INFO|trainer.py:2411] 2025-06-03 13:35:00,885 >>   Num Epochs = 8
[INFO|trainer.py:2412] 2025-06-03 13:35:00,885 >>   Instantaneous batch size per device = 32
[INFO|trainer.py:2415] 2025-06-03 13:35:00,885 >>   Total train batch size (w. parallel, distributed & accumulation) = 32
[INFO|trainer.py:2416] 2025-06-03 13:35:00,885 >>   Gradient Accumulation steps = 1
[INFO|trainer.py:2417] 2025-06-03 13:35:00,885 >>   Total optimization steps = 1,704
[INFO|trainer.py:2418] 2025-06-03 13:35:00,885 >>   Number of trainable parameters = 108,910,873
06/03/2025 13:35:00 - DEBUG - custom_sampler - [Sampler_CalcProbs] Input meta_probs_from_trainer (sum=1.0000, min=0.0001, max=0.0001, num_zeros=0)
06/03/2025 13:35:00 - DEBUG - custom_sampler - [Sampler_CalcProbs] Weights after alpha (sum=1.0068, min=0.0001, max=0.0001, non_zero=6816/6816)
06/03/2025 13:35:00 - DEBUG - custom_sampler - [Sampler] Neighbor_boost (id: 140322498759392, device: cuda:0): using .cpu().float() for calculation. Sum=0.0000, non_zero=0/6816, max=0.0000
06/03/2025 13:35:00 - DEBUG - custom_sampler - [Sampler] Weights after boost (lambda=0.0): sum=1.0068, min=0.0001, max=0.0001, non_zero=6816/6816
06/03/2025 13:35:00 - DEBUG - custom_sampler - [Sampler] Neighbor boost did not significantly change weights or initial weights sum to zero.
06/03/2025 13:35:00 - DEBUG - custom_sampler - [Sampler_CalcProbs] Final sampling probs (sum=1.0000, min=0.0001, max=0.0001, num_zeros=0)
[INFO|trainer.py:4327] 2025-06-03 13:35:40,324 >> 
***** Running Evaluation *****
[INFO|trainer.py:4329] 2025-06-03 13:35:40,324 >>   Num examples = 1000
[INFO|trainer.py:4332] 2025-06-03 13:35:40,324 >>   Batch size = 2
06/03/2025 13:35:50 - INFO - __main__ - compute_metrics received a tuple for predictions. Assuming the first element contains the actual logits. Number of elements in tuple: 2
06/03/2025 13:35:50 - INFO - __main__ -   Tuple element 0: type=<class 'numpy.ndarray'>, shape=(1000, 72, 25)
06/03/2025 13:35:50 - INFO - __main__ -   Tuple element 1: type=<class 'tuple'>, shape=N/A (not an array)
06/03/2025 13:35:50 - DEBUG - filelock - Attempting to acquire lock 140322488876576 on /home/hrao/.cache/huggingface/metrics/seqeval/default/default_experiment-1-0.arrow.lock
06/03/2025 13:35:50 - DEBUG - filelock - Lock 140322488876576 acquired on /home/hrao/.cache/huggingface/metrics/seqeval/default/default_experiment-1-0.arrow.lock
06/03/2025 13:35:50 - DEBUG - fsspec.local - open file: /home/hrao/.cache/huggingface/metrics/seqeval/default/default_experiment-1-0.arrow
Done writing 1000 examples in 354068 bytes /home/hrao/.cache/huggingface/metrics/seqeval/default/default_experiment-1-0.arrow.
06/03/2025 13:35:50 - DEBUG - datasets.arrow_writer - Done writing 1000 examples in 354068 bytes /home/hrao/.cache/huggingface/metrics/seqeval/default/default_experiment-1-0.arrow.
Set __getitem__(key) output type to python objects for no columns  (when key is int or slice) and don't output other (un-formatted) columns.
06/03/2025 13:35:50 - DEBUG - datasets.arrow_dataset - Set __getitem__(key) output type to python objects for no columns  (when key is int or slice) and don't output other (un-formatted) columns.
/project/hrao/miniconda3/envs/imbalance_env/lib/python3.10/site-packages/seqeval/metrics/v1.py:57: UndefinedMetricWarning: Precision and F-score are ill-defined and being set to 0.0 in labels with no predicted samples. Use `zero_division` parameter to control this behavior.
  _warn_prf(average, modifier, msg_start, len(result))
06/03/2025 13:35:50 - DEBUG - filelock - Attempting to release lock 140322488876576 on /home/hrao/.cache/huggingface/metrics/seqeval/default/default_experiment-1-0.arrow.lock
06/03/2025 13:35:50 - DEBUG - filelock - Lock 140322488876576 released on /home/hrao/.cache/huggingface/metrics/seqeval/default/default_experiment-1-0.arrow.lock
{'eval_loss': 0.40363404154777527, 'eval_overall_precision': 0.6116310160427807, 'eval_overall_recall': 0.6713132795304475, 'eval_overall_f1': 0.6400839454354669, 'eval_overall_accuracy': 0.8730415991356024, 'eval_runtime': 10.3451, 'eval_samples_per_second': 96.664, 'eval_steps_per_second': 48.332, 'epoch': 1.0}
06/03/2025 13:35:50 - DEBUG - custom_sampler - [Sampler_CalcProbs] Input meta_probs_from_trainer (sum=1.0000, min=0.0000, max=0.0295, num_zeros=0)
06/03/2025 13:35:50 - DEBUG - custom_sampler - [Sampler_CalcProbs] Weights after alpha (sum=1.0068, min=0.0000, max=0.0295, non_zero=6816/6816)
06/03/2025 13:35:50 - DEBUG - custom_sampler - [Sampler] Neighbor_boost (id: 140322498759392, device: cuda:0): using .cpu().float() for calculation. Sum=0.0000, non_zero=0/6816, max=0.0000
06/03/2025 13:35:50 - DEBUG - custom_sampler - [Sampler] Weights after boost (lambda=0.0): sum=1.0068, min=0.0000, max=0.0295, non_zero=6816/6816
06/03/2025 13:35:50 - DEBUG - custom_sampler - [Sampler] Neighbor boost did not significantly change weights or initial weights sum to zero.
06/03/2025 13:35:50 - DEBUG - custom_sampler - [Sampler_CalcProbs] Final sampling probs (sum=1.0000, min=0.0000, max=0.0293, num_zeros=0)
[INFO|trainer.py:4327] 2025-06-03 13:36:27,830 >> 
***** Running Evaluation *****
[INFO|trainer.py:4329] 2025-06-03 13:36:27,830 >>   Num examples = 1000
[INFO|trainer.py:4332] 2025-06-03 13:36:27,831 >>   Batch size = 2
06/03/2025 13:36:35 - INFO - __main__ - compute_metrics received a tuple for predictions. Assuming the first element contains the actual logits. Number of elements in tuple: 2
06/03/2025 13:36:35 - INFO - __main__ -   Tuple element 0: type=<class 'numpy.ndarray'>, shape=(1000, 72, 25)
06/03/2025 13:36:35 - INFO - __main__ -   Tuple element 1: type=<class 'tuple'>, shape=N/A (not an array)
06/03/2025 13:36:35 - DEBUG - filelock - Attempting to acquire lock 140322279056448 on /home/hrao/.cache/huggingface/metrics/seqeval/default/default_experiment-1-0.arrow.lock
06/03/2025 13:36:35 - DEBUG - filelock - Lock 140322279056448 acquired on /home/hrao/.cache/huggingface/metrics/seqeval/default/default_experiment-1-0.arrow.lock
06/03/2025 13:36:35 - DEBUG - fsspec.local - open file: /home/hrao/.cache/huggingface/metrics/seqeval/default/default_experiment-1-0.arrow
Done writing 1000 examples in 354620 bytes /home/hrao/.cache/huggingface/metrics/seqeval/default/default_experiment-1-0.arrow.
06/03/2025 13:36:35 - DEBUG - datasets.arrow_writer - Done writing 1000 examples in 354620 bytes /home/hrao/.cache/huggingface/metrics/seqeval/default/default_experiment-1-0.arrow.
Set __getitem__(key) output type to python objects for no columns  (when key is int or slice) and don't output other (un-formatted) columns.
06/03/2025 13:36:35 - DEBUG - datasets.arrow_dataset - Set __getitem__(key) output type to python objects for no columns  (when key is int or slice) and don't output other (un-formatted) columns.
06/03/2025 13:36:35 - DEBUG - filelock - Attempting to release lock 140322279056448 on /home/hrao/.cache/huggingface/metrics/seqeval/default/default_experiment-1-0.arrow.lock
06/03/2025 13:36:35 - DEBUG - filelock - Lock 140322279056448 released on /home/hrao/.cache/huggingface/metrics/seqeval/default/default_experiment-1-0.arrow.lock
{'eval_loss': 0.6341524720191956, 'eval_overall_precision': 0.5724225173940544, 'eval_overall_recall': 0.6639765223771094, 'eval_overall_f1': 0.6148097826086956, 'eval_overall_accuracy': 0.8644467364078385, 'eval_runtime': 7.6032, 'eval_samples_per_second': 131.523, 'eval_steps_per_second': 65.762, 'epoch': 2.0}
06/03/2025 13:36:35 - DEBUG - custom_sampler - [Sampler_CalcProbs] Input meta_probs_from_trainer (sum=1.0000, min=0.0000, max=0.1472, num_zeros=0)
06/03/2025 13:36:35 - DEBUG - custom_sampler - [Sampler_CalcProbs] Weights after alpha (sum=1.0068, min=0.0000, max=0.1472, non_zero=6816/6816)
06/03/2025 13:36:35 - DEBUG - custom_sampler - [Sampler] Neighbor_boost (id: 140322498759392, device: cuda:0): using .cpu().float() for calculation. Sum=0.0000, non_zero=0/6816, max=0.0000
06/03/2025 13:36:35 - DEBUG - custom_sampler - [Sampler] Weights after boost (lambda=0.0): sum=1.0068, min=0.0000, max=0.1472, non_zero=6816/6816
06/03/2025 13:36:35 - DEBUG - custom_sampler - [Sampler] Neighbor boost did not significantly change weights or initial weights sum to zero.
06/03/2025 13:36:35 - DEBUG - custom_sampler - [Sampler_CalcProbs] Final sampling probs (sum=1.0000, min=0.0000, max=0.1462, num_zeros=0)
[INFO|trainer.py:3993] 2025-06-03 13:36:47,741 >> Saving model checkpoint to /project/hrao/Meta-Resample/output/mit_movie_trivia_bert_run/checkpoint-500
[INFO|configuration_utils.py:424] 2025-06-03 13:36:47,743 >> Configuration saved in /project/hrao/Meta-Resample/output/mit_movie_trivia_bert_run/checkpoint-500/config.json
[INFO|modeling_utils.py:3724] 2025-06-03 13:36:48,855 >> Model weights saved in /project/hrao/Meta-Resample/output/mit_movie_trivia_bert_run/checkpoint-500/model.safetensors
[INFO|tokenization_utils_base.py:2525] 2025-06-03 13:36:48,883 >> tokenizer config file saved in /project/hrao/Meta-Resample/output/mit_movie_trivia_bert_run/checkpoint-500/tokenizer_config.json
[INFO|tokenization_utils_base.py:2534] 2025-06-03 13:36:48,898 >> Special tokens file saved in /project/hrao/Meta-Resample/output/mit_movie_trivia_bert_run/checkpoint-500/special_tokens_map.json
[INFO|trainer.py:4327] 2025-06-03 13:37:14,702 >> 
***** Running Evaluation *****
[INFO|trainer.py:4329] 2025-06-03 13:37:14,702 >>   Num examples = 1000
[INFO|trainer.py:4332] 2025-06-03 13:37:14,702 >>   Batch size = 2
{'loss': 0.1748, 'grad_norm': 0.0226325374096632, 'learning_rate': 1.4143192488262912e-05, 'epoch': 2.347417840375587}
06/03/2025 13:37:22 - INFO - __main__ - compute_metrics received a tuple for predictions. Assuming the first element contains the actual logits. Number of elements in tuple: 2
06/03/2025 13:37:22 - INFO - __main__ -   Tuple element 0: type=<class 'numpy.ndarray'>, shape=(1000, 72, 25)
06/03/2025 13:37:22 - INFO - __main__ -   Tuple element 1: type=<class 'tuple'>, shape=N/A (not an array)
06/03/2025 13:37:22 - DEBUG - filelock - Attempting to acquire lock 140322278636560 on /home/hrao/.cache/huggingface/metrics/seqeval/default/default_experiment-1-0.arrow.lock
06/03/2025 13:37:22 - DEBUG - filelock - Lock 140322278636560 acquired on /home/hrao/.cache/huggingface/metrics/seqeval/default/default_experiment-1-0.arrow.lock
06/03/2025 13:37:22 - DEBUG - fsspec.local - open file: /home/hrao/.cache/huggingface/metrics/seqeval/default/default_experiment-1-0.arrow
Done writing 1000 examples in 354351 bytes /home/hrao/.cache/huggingface/metrics/seqeval/default/default_experiment-1-0.arrow.
06/03/2025 13:37:22 - DEBUG - datasets.arrow_writer - Done writing 1000 examples in 354351 bytes /home/hrao/.cache/huggingface/metrics/seqeval/default/default_experiment-1-0.arrow.
Set __getitem__(key) output type to python objects for no columns  (when key is int or slice) and don't output other (un-formatted) columns.
06/03/2025 13:37:22 - DEBUG - datasets.arrow_dataset - Set __getitem__(key) output type to python objects for no columns  (when key is int or slice) and don't output other (un-formatted) columns.
/project/hrao/miniconda3/envs/imbalance_env/lib/python3.10/site-packages/seqeval/metrics/v1.py:57: UndefinedMetricWarning: Precision and F-score are ill-defined and being set to 0.0 in labels with no predicted samples. Use `zero_division` parameter to control this behavior.
  _warn_prf(average, modifier, msg_start, len(result))
06/03/2025 13:37:22 - DEBUG - filelock - Attempting to release lock 140322278636560 on /home/hrao/.cache/huggingface/metrics/seqeval/default/default_experiment-1-0.arrow.lock
06/03/2025 13:37:22 - DEBUG - filelock - Lock 140322278636560 released on /home/hrao/.cache/huggingface/metrics/seqeval/default/default_experiment-1-0.arrow.lock
{'eval_loss': 0.649168848991394, 'eval_overall_precision': 0.5892223297838012, 'eval_overall_recall': 0.6698459280997799, 'eval_overall_f1': 0.6269527896995707, 'eval_overall_accuracy': 0.8656745739403762, 'eval_runtime': 7.6011, 'eval_samples_per_second': 131.559, 'eval_steps_per_second': 65.78, 'epoch': 3.0}
06/03/2025 13:37:22 - DEBUG - custom_sampler - [Sampler_CalcProbs] Input meta_probs_from_trainer (sum=1.0000, min=0.0000, max=0.2132, num_zeros=0)
06/03/2025 13:37:22 - DEBUG - custom_sampler - [Sampler_CalcProbs] Weights after alpha (sum=1.0068, min=0.0000, max=0.2132, non_zero=6816/6816)
06/03/2025 13:37:22 - DEBUG - custom_sampler - [Sampler] Neighbor_boost (id: 140322498759392, device: cuda:0): using .cpu().float() for calculation. Sum=0.0000, non_zero=0/6816, max=0.0000
06/03/2025 13:37:22 - DEBUG - custom_sampler - [Sampler] Weights after boost (lambda=0.0): sum=1.0068, min=0.0000, max=0.2132, non_zero=6816/6816
06/03/2025 13:37:22 - DEBUG - custom_sampler - [Sampler] Neighbor boost did not significantly change weights or initial weights sum to zero.
06/03/2025 13:37:22 - DEBUG - custom_sampler - [Sampler_CalcProbs] Final sampling probs (sum=1.0000, min=0.0000, max=0.2118, num_zeros=0)
[INFO|trainer.py:4327] 2025-06-03 13:37:57,480 >> 
***** Running Evaluation *****
[INFO|trainer.py:4329] 2025-06-03 13:37:57,480 >>   Num examples = 1000
[INFO|trainer.py:4332] 2025-06-03 13:37:57,480 >>   Batch size = 2
06/03/2025 13:38:04 - INFO - __main__ - compute_metrics received a tuple for predictions. Assuming the first element contains the actual logits. Number of elements in tuple: 2
06/03/2025 13:38:04 - INFO - __main__ -   Tuple element 0: type=<class 'numpy.ndarray'>, shape=(1000, 72, 25)
06/03/2025 13:38:04 - INFO - __main__ -   Tuple element 1: type=<class 'tuple'>, shape=N/A (not an array)
06/03/2025 13:38:04 - DEBUG - filelock - Attempting to acquire lock 140322278626336 on /home/hrao/.cache/huggingface/metrics/seqeval/default/default_experiment-1-0.arrow.lock
06/03/2025 13:38:04 - DEBUG - filelock - Lock 140322278626336 acquired on /home/hrao/.cache/huggingface/metrics/seqeval/default/default_experiment-1-0.arrow.lock
06/03/2025 13:38:04 - DEBUG - fsspec.local - open file: /home/hrao/.cache/huggingface/metrics/seqeval/default/default_experiment-1-0.arrow
Done writing 1000 examples in 354905 bytes /home/hrao/.cache/huggingface/metrics/seqeval/default/default_experiment-1-0.arrow.
06/03/2025 13:38:04 - DEBUG - datasets.arrow_writer - Done writing 1000 examples in 354905 bytes /home/hrao/.cache/huggingface/metrics/seqeval/default/default_experiment-1-0.arrow.
Set __getitem__(key) output type to python objects for no columns  (when key is int or slice) and don't output other (un-formatted) columns.
06/03/2025 13:38:04 - DEBUG - datasets.arrow_dataset - Set __getitem__(key) output type to python objects for no columns  (when key is int or slice) and don't output other (un-formatted) columns.
06/03/2025 13:38:05 - DEBUG - filelock - Attempting to release lock 140322278626336 on /home/hrao/.cache/huggingface/metrics/seqeval/default/default_experiment-1-0.arrow.lock
06/03/2025 13:38:05 - DEBUG - filelock - Lock 140322278626336 released on /home/hrao/.cache/huggingface/metrics/seqeval/default/default_experiment-1-0.arrow.lock
{'eval_loss': 0.6644529104232788, 'eval_overall_precision': 0.5944715447154472, 'eval_overall_recall': 0.6705796038151137, 'eval_overall_f1': 0.6302361661782451, 'eval_overall_accuracy': 0.867688227493738, 'eval_runtime': 7.5932, 'eval_samples_per_second': 131.696, 'eval_steps_per_second': 65.848, 'epoch': 4.0}
06/03/2025 13:38:05 - DEBUG - custom_sampler - [Sampler_CalcProbs] Input meta_probs_from_trainer (sum=1.0000, min=0.0000, max=0.3090, num_zeros=0)
06/03/2025 13:38:05 - DEBUG - custom_sampler - [Sampler_CalcProbs] Weights after alpha (sum=1.0068, min=0.0000, max=0.3090, non_zero=6816/6816)
06/03/2025 13:38:05 - DEBUG - custom_sampler - [Sampler] Neighbor_boost (id: 140322498759392, device: cuda:0): using .cpu().float() for calculation. Sum=0.0000, non_zero=0/6816, max=0.0000
06/03/2025 13:38:05 - DEBUG - custom_sampler - [Sampler] Weights after boost (lambda=0.0): sum=1.0068, min=0.0000, max=0.3090, non_zero=6816/6816
06/03/2025 13:38:05 - DEBUG - custom_sampler - [Sampler] Neighbor boost did not significantly change weights or initial weights sum to zero.
06/03/2025 13:38:05 - DEBUG - custom_sampler - [Sampler_CalcProbs] Final sampling probs (sum=1.0000, min=0.0000, max=0.3069, num_zeros=0)
[INFO|trainer.py:3993] 2025-06-03 13:38:29,475 >> Saving model checkpoint to /project/hrao/Meta-Resample/output/mit_movie_trivia_bert_run/checkpoint-1000
[INFO|configuration_utils.py:424] 2025-06-03 13:38:29,477 >> Configuration saved in /project/hrao/Meta-Resample/output/mit_movie_trivia_bert_run/checkpoint-1000/config.json
[INFO|modeling_utils.py:3724] 2025-06-03 13:38:30,529 >> Model weights saved in /project/hrao/Meta-Resample/output/mit_movie_trivia_bert_run/checkpoint-1000/model.safetensors
[INFO|tokenization_utils_base.py:2525] 2025-06-03 13:38:30,560 >> tokenizer config file saved in /project/hrao/Meta-Resample/output/mit_movie_trivia_bert_run/checkpoint-1000/tokenizer_config.json
[INFO|tokenization_utils_base.py:2534] 2025-06-03 13:38:30,577 >> Special tokens file saved in /project/hrao/Meta-Resample/output/mit_movie_trivia_bert_run/checkpoint-1000/special_tokens_map.json
[INFO|trainer.py:4327] 2025-06-03 13:38:43,714 >> 
***** Running Evaluation *****
[INFO|trainer.py:4329] 2025-06-03 13:38:43,714 >>   Num examples = 1000
[INFO|trainer.py:4332] 2025-06-03 13:38:43,714 >>   Batch size = 2
{'loss': 0.004, 'grad_norm': 0.013561875559389591, 'learning_rate': 8.274647887323944e-06, 'epoch': 4.694835680751174}
06/03/2025 13:38:51 - INFO - __main__ - compute_metrics received a tuple for predictions. Assuming the first element contains the actual logits. Number of elements in tuple: 2
06/03/2025 13:38:51 - INFO - __main__ -   Tuple element 0: type=<class 'numpy.ndarray'>, shape=(1000, 72, 25)
06/03/2025 13:38:51 - INFO - __main__ -   Tuple element 1: type=<class 'tuple'>, shape=N/A (not an array)
06/03/2025 13:38:51 - DEBUG - filelock - Attempting to acquire lock 140322260497168 on /home/hrao/.cache/huggingface/metrics/seqeval/default/default_experiment-1-0.arrow.lock
06/03/2025 13:38:51 - DEBUG - filelock - Lock 140322260497168 acquired on /home/hrao/.cache/huggingface/metrics/seqeval/default/default_experiment-1-0.arrow.lock
06/03/2025 13:38:51 - DEBUG - fsspec.local - open file: /home/hrao/.cache/huggingface/metrics/seqeval/default/default_experiment-1-0.arrow
Done writing 1000 examples in 356831 bytes /home/hrao/.cache/huggingface/metrics/seqeval/default/default_experiment-1-0.arrow.
06/03/2025 13:38:51 - DEBUG - datasets.arrow_writer - Done writing 1000 examples in 356831 bytes /home/hrao/.cache/huggingface/metrics/seqeval/default/default_experiment-1-0.arrow.
Set __getitem__(key) output type to python objects for no columns  (when key is int or slice) and don't output other (un-formatted) columns.
06/03/2025 13:38:51 - DEBUG - datasets.arrow_dataset - Set __getitem__(key) output type to python objects for no columns  (when key is int or slice) and don't output other (un-formatted) columns.
/project/hrao/miniconda3/envs/imbalance_env/lib/python3.10/site-packages/seqeval/metrics/v1.py:57: UndefinedMetricWarning: Precision and F-score are ill-defined and being set to 0.0 in labels with no predicted samples. Use `zero_division` parameter to control this behavior.
  _warn_prf(average, modifier, msg_start, len(result))
06/03/2025 13:38:51 - DEBUG - filelock - Attempting to release lock 140322260497168 on /home/hrao/.cache/huggingface/metrics/seqeval/default/default_experiment-1-0.arrow.lock
06/03/2025 13:38:51 - DEBUG - filelock - Lock 140322260497168 released on /home/hrao/.cache/huggingface/metrics/seqeval/default/default_experiment-1-0.arrow.lock
{'eval_loss': 0.6261540651321411, 'eval_overall_precision': 0.5480943738656987, 'eval_overall_recall': 0.6647101980924431, 'eval_overall_f1': 0.6007957559681697, 'eval_overall_accuracy': 0.8651343254260596, 'eval_runtime': 7.5978, 'eval_samples_per_second': 131.618, 'eval_steps_per_second': 65.809, 'epoch': 5.0}
06/03/2025 13:38:51 - DEBUG - custom_sampler - [Sampler_CalcProbs] Input meta_probs_from_trainer (sum=1.0000, min=0.0000, max=0.3605, num_zeros=0)
06/03/2025 13:38:51 - DEBUG - custom_sampler - [Sampler_CalcProbs] Weights after alpha (sum=1.0068, min=0.0000, max=0.3605, non_zero=6816/6816)
06/03/2025 13:38:51 - DEBUG - custom_sampler - [Sampler] Neighbor_boost (id: 140322498759392, device: cuda:0): using .cpu().float() for calculation. Sum=0.0000, non_zero=0/6816, max=0.0000
06/03/2025 13:38:51 - DEBUG - custom_sampler - [Sampler] Weights after boost (lambda=0.0): sum=1.0068, min=0.0000, max=0.3605, non_zero=6816/6816
06/03/2025 13:38:51 - DEBUG - custom_sampler - [Sampler] Neighbor boost did not significantly change weights or initial weights sum to zero.
06/03/2025 13:38:51 - DEBUG - custom_sampler - [Sampler_CalcProbs] Final sampling probs (sum=1.0000, min=0.0000, max=0.3581, num_zeros=0)
[INFO|trainer.py:4327] 2025-06-03 13:39:26,912 >> 
***** Running Evaluation *****
[INFO|trainer.py:4329] 2025-06-03 13:39:26,912 >>   Num examples = 1000
[INFO|trainer.py:4332] 2025-06-03 13:39:26,912 >>   Batch size = 2
06/03/2025 13:39:34 - INFO - __main__ - compute_metrics received a tuple for predictions. Assuming the first element contains the actual logits. Number of elements in tuple: 2
06/03/2025 13:39:34 - INFO - __main__ -   Tuple element 0: type=<class 'numpy.ndarray'>, shape=(1000, 72, 25)
06/03/2025 13:39:34 - INFO - __main__ -   Tuple element 1: type=<class 'tuple'>, shape=N/A (not an array)
06/03/2025 13:39:34 - DEBUG - filelock - Attempting to acquire lock 140322488502640 on /home/hrao/.cache/huggingface/metrics/seqeval/default/default_experiment-1-0.arrow.lock
06/03/2025 13:39:34 - DEBUG - filelock - Lock 140322488502640 acquired on /home/hrao/.cache/huggingface/metrics/seqeval/default/default_experiment-1-0.arrow.lock
06/03/2025 13:39:34 - DEBUG - fsspec.local - open file: /home/hrao/.cache/huggingface/metrics/seqeval/default/default_experiment-1-0.arrow
Done writing 1000 examples in 357646 bytes /home/hrao/.cache/huggingface/metrics/seqeval/default/default_experiment-1-0.arrow.
06/03/2025 13:39:34 - DEBUG - datasets.arrow_writer - Done writing 1000 examples in 357646 bytes /home/hrao/.cache/huggingface/metrics/seqeval/default/default_experiment-1-0.arrow.
Set __getitem__(key) output type to python objects for no columns  (when key is int or slice) and don't output other (un-formatted) columns.
06/03/2025 13:39:34 - DEBUG - datasets.arrow_dataset - Set __getitem__(key) output type to python objects for no columns  (when key is int or slice) and don't output other (un-formatted) columns.
06/03/2025 13:39:34 - DEBUG - filelock - Attempting to release lock 140322488502640 on /home/hrao/.cache/huggingface/metrics/seqeval/default/default_experiment-1-0.arrow.lock
06/03/2025 13:39:34 - DEBUG - filelock - Lock 140322488502640 released on /home/hrao/.cache/huggingface/metrics/seqeval/default/default_experiment-1-0.arrow.lock
{'eval_loss': 0.617063581943512, 'eval_overall_precision': 0.5395488721804511, 'eval_overall_recall': 0.6581071166544388, 'eval_overall_f1': 0.5929598413485374, 'eval_overall_accuracy': 0.8655763469377732, 'eval_runtime': 7.6019, 'eval_samples_per_second': 131.546, 'eval_steps_per_second': 65.773, 'epoch': 6.0}
06/03/2025 13:39:34 - DEBUG - custom_sampler - [Sampler_CalcProbs] Input meta_probs_from_trainer (sum=1.0000, min=0.0000, max=0.2115, num_zeros=0)
06/03/2025 13:39:34 - DEBUG - custom_sampler - [Sampler_CalcProbs] Weights after alpha (sum=1.0068, min=0.0000, max=0.2115, non_zero=6816/6816)
06/03/2025 13:39:34 - DEBUG - custom_sampler - [Sampler] Neighbor_boost (id: 140322498759392, device: cuda:0): using .cpu().float() for calculation. Sum=0.0000, non_zero=0/6816, max=0.0000
06/03/2025 13:39:34 - DEBUG - custom_sampler - [Sampler] Weights after boost (lambda=0.0): sum=1.0068, min=0.0000, max=0.2115, non_zero=6816/6816
06/03/2025 13:39:34 - DEBUG - custom_sampler - [Sampler] Neighbor boost did not significantly change weights or initial weights sum to zero.
06/03/2025 13:39:34 - DEBUG - custom_sampler - [Sampler_CalcProbs] Final sampling probs (sum=1.0000, min=0.0000, max=0.2101, num_zeros=0)
[INFO|trainer.py:4327] 2025-06-03 13:40:09,657 >> 
***** Running Evaluation *****
[INFO|trainer.py:4329] 2025-06-03 13:40:09,658 >>   Num examples = 1000
[INFO|trainer.py:4332] 2025-06-03 13:40:09,658 >>   Batch size = 2
06/03/2025 13:40:17 - INFO - __main__ - compute_metrics received a tuple for predictions. Assuming the first element contains the actual logits. Number of elements in tuple: 2
06/03/2025 13:40:17 - INFO - __main__ -   Tuple element 0: type=<class 'numpy.ndarray'>, shape=(1000, 72, 25)
06/03/2025 13:40:17 - INFO - __main__ -   Tuple element 1: type=<class 'tuple'>, shape=N/A (not an array)
06/03/2025 13:40:17 - DEBUG - filelock - Attempting to acquire lock 140322278391184 on /home/hrao/.cache/huggingface/metrics/seqeval/default/default_experiment-1-0.arrow.lock
06/03/2025 13:40:17 - DEBUG - filelock - Lock 140322278391184 acquired on /home/hrao/.cache/huggingface/metrics/seqeval/default/default_experiment-1-0.arrow.lock
06/03/2025 13:40:17 - DEBUG - fsspec.local - open file: /home/hrao/.cache/huggingface/metrics/seqeval/default/default_experiment-1-0.arrow
Done writing 1000 examples in 356854 bytes /home/hrao/.cache/huggingface/metrics/seqeval/default/default_experiment-1-0.arrow.
06/03/2025 13:40:17 - DEBUG - datasets.arrow_writer - Done writing 1000 examples in 356854 bytes /home/hrao/.cache/huggingface/metrics/seqeval/default/default_experiment-1-0.arrow.
Set __getitem__(key) output type to python objects for no columns  (when key is int or slice) and don't output other (un-formatted) columns.
06/03/2025 13:40:17 - DEBUG - datasets.arrow_dataset - Set __getitem__(key) output type to python objects for no columns  (when key is int or slice) and don't output other (un-formatted) columns.
06/03/2025 13:40:17 - DEBUG - filelock - Attempting to release lock 140322278391184 on /home/hrao/.cache/huggingface/metrics/seqeval/default/default_experiment-1-0.arrow.lock
06/03/2025 13:40:17 - DEBUG - filelock - Lock 140322278391184 released on /home/hrao/.cache/huggingface/metrics/seqeval/default/default_experiment-1-0.arrow.lock
{'eval_loss': 0.6183765530586243, 'eval_overall_precision': 0.5772969582941361, 'eval_overall_recall': 0.6753484959647835, 'eval_overall_f1': 0.6224852071005917, 'eval_overall_accuracy': 0.8697509945484013, 'eval_runtime': 7.6033, 'eval_samples_per_second': 131.522, 'eval_steps_per_second': 65.761, 'epoch': 7.0}
06/03/2025 13:40:17 - DEBUG - custom_sampler - [Sampler_CalcProbs] Input meta_probs_from_trainer (sum=1.0000, min=0.0000, max=0.1910, num_zeros=0)
06/03/2025 13:40:17 - DEBUG - custom_sampler - [Sampler_CalcProbs] Weights after alpha (sum=1.0068, min=0.0000, max=0.1910, non_zero=6816/6816)
06/03/2025 13:40:17 - DEBUG - custom_sampler - [Sampler] Neighbor_boost (id: 140322498759392, device: cuda:0): using .cpu().float() for calculation. Sum=0.0000, non_zero=0/6816, max=0.0000
06/03/2025 13:40:17 - DEBUG - custom_sampler - [Sampler] Weights after boost (lambda=0.0): sum=1.0068, min=0.0000, max=0.1910, non_zero=6816/6816
06/03/2025 13:40:17 - DEBUG - custom_sampler - [Sampler] Neighbor boost did not significantly change weights or initial weights sum to zero.
06/03/2025 13:40:17 - DEBUG - custom_sampler - [Sampler_CalcProbs] Final sampling probs (sum=1.0000, min=0.0000, max=0.1897, num_zeros=0)
[INFO|trainer.py:3993] 2025-06-03 13:40:18,725 >> Saving model checkpoint to /project/hrao/Meta-Resample/output/mit_movie_trivia_bert_run/checkpoint-1500
[INFO|configuration_utils.py:424] 2025-06-03 13:40:18,727 >> Configuration saved in /project/hrao/Meta-Resample/output/mit_movie_trivia_bert_run/checkpoint-1500/config.json
[INFO|modeling_utils.py:3724] 2025-06-03 13:40:19,889 >> Model weights saved in /project/hrao/Meta-Resample/output/mit_movie_trivia_bert_run/checkpoint-1500/model.safetensors
[INFO|tokenization_utils_base.py:2525] 2025-06-03 13:40:19,924 >> tokenizer config file saved in /project/hrao/Meta-Resample/output/mit_movie_trivia_bert_run/checkpoint-1500/tokenizer_config.json
[INFO|tokenization_utils_base.py:2534] 2025-06-03 13:40:19,944 >> Special tokens file saved in /project/hrao/Meta-Resample/output/mit_movie_trivia_bert_run/checkpoint-1500/special_tokens_map.json
[INFO|trainer.py:3993] 2025-06-03 13:40:56,020 >> Saving model checkpoint to /project/hrao/Meta-Resample/output/mit_movie_trivia_bert_run/checkpoint-1704
[INFO|configuration_utils.py:424] 2025-06-03 13:40:56,031 >> Configuration saved in /project/hrao/Meta-Resample/output/mit_movie_trivia_bert_run/checkpoint-1704/config.json
[INFO|modeling_utils.py:3724] 2025-06-03 13:40:57,160 >> Model weights saved in /project/hrao/Meta-Resample/output/mit_movie_trivia_bert_run/checkpoint-1704/model.safetensors
[INFO|tokenization_utils_base.py:2525] 2025-06-03 13:40:57,190 >> tokenizer config file saved in /project/hrao/Meta-Resample/output/mit_movie_trivia_bert_run/checkpoint-1704/tokenizer_config.json
[INFO|tokenization_utils_base.py:2534] 2025-06-03 13:40:57,207 >> Special tokens file saved in /project/hrao/Meta-Resample/output/mit_movie_trivia_bert_run/checkpoint-1704/special_tokens_map.json
[INFO|trainer.py:4327] 2025-06-03 13:40:59,828 >> 
***** Running Evaluation *****
[INFO|trainer.py:4329] 2025-06-03 13:40:59,829 >>   Num examples = 1000
[INFO|trainer.py:4332] 2025-06-03 13:40:59,829 >>   Batch size = 2
{'loss': 0.0039, 'grad_norm': 0.4013122618198395, 'learning_rate': 2.406103286384977e-06, 'epoch': 7.042253521126761}
06/03/2025 13:41:07 - INFO - __main__ - compute_metrics received a tuple for predictions. Assuming the first element contains the actual logits. Number of elements in tuple: 2
06/03/2025 13:41:07 - INFO - __main__ -   Tuple element 0: type=<class 'numpy.ndarray'>, shape=(1000, 72, 25)
06/03/2025 13:41:07 - INFO - __main__ -   Tuple element 1: type=<class 'tuple'>, shape=N/A (not an array)
06/03/2025 13:41:07 - DEBUG - filelock - Attempting to acquire lock 140322488501056 on /home/hrao/.cache/huggingface/metrics/seqeval/default/default_experiment-1-0.arrow.lock
06/03/2025 13:41:07 - DEBUG - filelock - Lock 140322488501056 acquired on /home/hrao/.cache/huggingface/metrics/seqeval/default/default_experiment-1-0.arrow.lock
06/03/2025 13:41:07 - DEBUG - fsspec.local - open file: /home/hrao/.cache/huggingface/metrics/seqeval/default/default_experiment-1-0.arrow
Done writing 1000 examples in 357547 bytes /home/hrao/.cache/huggingface/metrics/seqeval/default/default_experiment-1-0.arrow.
06/03/2025 13:41:07 - DEBUG - datasets.arrow_writer - Done writing 1000 examples in 357547 bytes /home/hrao/.cache/huggingface/metrics/seqeval/default/default_experiment-1-0.arrow.
Set __getitem__(key) output type to python objects for no columns  (when key is int or slice) and don't output other (un-formatted) columns.
06/03/2025 13:41:07 - DEBUG - datasets.arrow_dataset - Set __getitem__(key) output type to python objects for no columns  (when key is int or slice) and don't output other (un-formatted) columns.
/project/hrao/miniconda3/envs/imbalance_env/lib/python3.10/site-packages/seqeval/metrics/v1.py:57: UndefinedMetricWarning: Precision and F-score are ill-defined and being set to 0.0 in labels with no predicted samples. Use `zero_division` parameter to control this behavior.
  _warn_prf(average, modifier, msg_start, len(result))
06/03/2025 13:41:07 - DEBUG - filelock - Attempting to release lock 140322488501056 on /home/hrao/.cache/huggingface/metrics/seqeval/default/default_experiment-1-0.arrow.lock
06/03/2025 13:41:07 - DEBUG - filelock - Lock 140322488501056 released on /home/hrao/.cache/huggingface/metrics/seqeval/default/default_experiment-1-0.arrow.lock
[INFO|trainer.py:2676] 2025-06-03 13:41:07,543 >> 

Training completed. Do not forget to share your model on huggingface.co/models =)


[INFO|trainer.py:3993] 2025-06-03 13:41:07,548 >> Saving model checkpoint to /project/hrao/Meta-Resample/output/mit_movie_trivia_bert_run
[INFO|configuration_utils.py:424] 2025-06-03 13:41:07,551 >> Configuration saved in /project/hrao/Meta-Resample/output/mit_movie_trivia_bert_run/config.json
[INFO|modeling_utils.py:3724] 2025-06-03 13:41:08,937 >> Model weights saved in /project/hrao/Meta-Resample/output/mit_movie_trivia_bert_run/model.safetensors
[INFO|tokenization_utils_base.py:2525] 2025-06-03 13:41:08,965 >> tokenizer config file saved in /project/hrao/Meta-Resample/output/mit_movie_trivia_bert_run/tokenizer_config.json
[INFO|tokenization_utils_base.py:2534] 2025-06-03 13:41:08,981 >> Special tokens file saved in /project/hrao/Meta-Resample/output/mit_movie_trivia_bert_run/special_tokens_map.json
{'eval_loss': 0.6086444854736328, 'eval_overall_precision': 0.5716506061548026, 'eval_overall_recall': 0.6746148202494497, 'eval_overall_f1': 0.618879353861686, 'eval_overall_accuracy': 0.871077059083542, 'eval_runtime': 7.6845, 'eval_samples_per_second': 130.132, 'eval_steps_per_second': 65.066, 'epoch': 8.0}
{'train_runtime': 366.658, 'train_samples_per_second': 148.716, 'train_steps_per_second': 4.647, 'train_loss': 0.05403759295531842, 'epoch': 8.0}
***** train metrics *****
  epoch                    =        8.0
  train_loss               =      0.054
  train_runtime            = 0:06:06.65
  train_samples            =       6816
  train_samples_per_second =    148.716
  train_steps_per_second   =      4.647
06/03/2025 13:41:09 - INFO - __main__ - *** Evaluate ***
06/03/2025 13:41:09 - INFO - __main__ - Temporarily disabled model.config.output_hidden_states for evaluation.
[INFO|trainer.py:4327] 2025-06-03 13:41:09,011 >> 
***** Running Evaluation *****
[INFO|trainer.py:4329] 2025-06-03 13:41:09,012 >>   Num examples = 1000
[INFO|trainer.py:4332] 2025-06-03 13:41:09,012 >>   Batch size = 2
06/03/2025 13:41:13 - DEBUG - filelock - Attempting to acquire lock 140322488502448 on /home/hrao/.cache/huggingface/metrics/seqeval/default/default_experiment-1-0.arrow.lock
06/03/2025 13:41:13 - DEBUG - filelock - Lock 140322488502448 acquired on /home/hrao/.cache/huggingface/metrics/seqeval/default/default_experiment-1-0.arrow.lock
06/03/2025 13:41:13 - DEBUG - fsspec.local - open file: /home/hrao/.cache/huggingface/metrics/seqeval/default/default_experiment-1-0.arrow
Done writing 1000 examples in 357547 bytes /home/hrao/.cache/huggingface/metrics/seqeval/default/default_experiment-1-0.arrow.
06/03/2025 13:41:13 - DEBUG - datasets.arrow_writer - Done writing 1000 examples in 357547 bytes /home/hrao/.cache/huggingface/metrics/seqeval/default/default_experiment-1-0.arrow.
Set __getitem__(key) output type to python objects for no columns  (when key is int or slice) and don't output other (un-formatted) columns.
06/03/2025 13:41:13 - DEBUG - datasets.arrow_dataset - Set __getitem__(key) output type to python objects for no columns  (when key is int or slice) and don't output other (un-formatted) columns.
06/03/2025 13:41:13 - DEBUG - filelock - Attempting to release lock 140322488502448 on /home/hrao/.cache/huggingface/metrics/seqeval/default/default_experiment-1-0.arrow.lock
06/03/2025 13:41:13 - DEBUG - filelock - Lock 140322488502448 released on /home/hrao/.cache/huggingface/metrics/seqeval/default/default_experiment-1-0.arrow.lock
{'eval_loss': 0.6086444854736328, 'eval_overall_precision': 0.5716506061548026, 'eval_overall_recall': 0.6746148202494497, 'eval_overall_f1': 0.618879353861686, 'eval_overall_accuracy': 0.871077059083542, 'eval_runtime': 4.4104, 'eval_samples_per_second': 226.738, 'eval_steps_per_second': 113.369, 'epoch': 8.0}
06/03/2025 13:41:13 - INFO - __main__ - Restored model.config.output_hidden_states after evaluation.
***** eval metrics *****
  epoch                   =        8.0
  eval_loss               =     0.6086
  eval_overall_accuracy   =     0.8711
  eval_overall_f1         =     0.6189
  eval_overall_precision  =     0.5717
  eval_overall_recall     =     0.6746
  eval_runtime            = 0:00:04.41
  eval_samples            =       1000
  eval_samples_per_second =    226.738
  eval_steps_per_second   =    113.369
06/03/2025 13:41:13 - INFO - __main__ - *** Predict ***
06/03/2025 13:41:13 - INFO - __main__ - Temporarily disabled model.config.output_hidden_states for prediction.
[INFO|trainer.py:4327] 2025-06-03 13:41:13,430 >> 
***** Running Prediction *****
[INFO|trainer.py:4329] 2025-06-03 13:41:13,430 >>   Num examples = 1953
[INFO|trainer.py:4332] 2025-06-03 13:41:13,430 >>   Batch size = 2
06/03/2025 13:41:21 - DEBUG - filelock - Attempting to acquire lock 140322488861792 on /home/hrao/.cache/huggingface/metrics/seqeval/default/default_experiment-1-0.arrow.lock
06/03/2025 13:41:21 - DEBUG - filelock - Lock 140322488861792 acquired on /home/hrao/.cache/huggingface/metrics/seqeval/default/default_experiment-1-0.arrow.lock
06/03/2025 13:41:21 - DEBUG - fsspec.local - open file: /home/hrao/.cache/huggingface/metrics/seqeval/default/default_experiment-1-0.arrow
Done writing 1953 examples in 698538 bytes /home/hrao/.cache/huggingface/metrics/seqeval/default/default_experiment-1-0.arrow.
06/03/2025 13:41:21 - DEBUG - datasets.arrow_writer - Done writing 1953 examples in 698538 bytes /home/hrao/.cache/huggingface/metrics/seqeval/default/default_experiment-1-0.arrow.
Set __getitem__(key) output type to python objects for no columns  (when key is int or slice) and don't output other (un-formatted) columns.
06/03/2025 13:41:21 - DEBUG - datasets.arrow_dataset - Set __getitem__(key) output type to python objects for no columns  (when key is int or slice) and don't output other (un-formatted) columns.
06/03/2025 13:41:22 - DEBUG - filelock - Attempting to release lock 140322488861792 on /home/hrao/.cache/huggingface/metrics/seqeval/default/default_experiment-1-0.arrow.lock
06/03/2025 13:41:22 - DEBUG - filelock - Lock 140322488861792 released on /home/hrao/.cache/huggingface/metrics/seqeval/default/default_experiment-1-0.arrow.lock
06/03/2025 13:41:22 - INFO - __main__ - Restored model.config.output_hidden_states after prediction.
***** predict metrics *****
  predict_loss               =     0.6121
  predict_overall_accuracy   =     0.8706
  predict_overall_f1         =     0.6484 ✅
  predict_overall_precision  =     0.6048
  predict_overall_recall     =     0.6987
  predict_runtime            = 0:00:08.60
  predict_samples_per_second =    227.063
  predict_steps_per_second   =     113.59
06/03/2025 13:41:22 - DEBUG - urllib3.connectionpool - Resetting dropped connection: huggingface.co
06/03/2025 13:41:22 - DEBUG - urllib3.connectionpool - https://huggingface.co:443 "GET /api/models/google-bert/bert-base-uncased HTTP/1.1" 200 4441
[INFO|modelcard.py:450] 2025-06-03 13:41:22,242 >> Dropping the following result as it does not have all the necessary fields:
{'task': {'name': 'Token Classification', 'type': 'token-classification'}}
