06/03/2025 07:31:57 - WARNING - __main__ - Process rank: 0, device: cuda:0, n_gpu: 1, distributed training: False, 16-bits training: False
06/03/2025 07:31:57 - INFO - __main__ - Training/evaluation parameters TrainingArguments(
_n_gpu=1,
accelerator_config={'split_batches': False, 'dispatch_batches': None, 'even_batches': True, 'use_seedable_sampler': True, 'non_blocking': False, 'gradient_accumulation_kwargs': None, 'use_configured_state': False},
adafactor=False,
adam_beta1=0.9,
adam_beta2=0.999,
adam_epsilon=1e-08,
auto_find_batch_size=False,
average_tokens_across_devices=False,
batch_eval_metrics=False,
bf16=False,
bf16_full_eval=False,
data_seed=None,
dataloader_drop_last=False,
dataloader_num_workers=0,
dataloader_persistent_workers=False,
dataloader_pin_memory=True,
dataloader_prefetch_factor=None,
ddp_backend=None,
ddp_broadcast_buffers=None,
ddp_bucket_cap_mb=None,
ddp_find_unused_parameters=None,
ddp_timeout=1800,
debug=[],
deepspeed=None,
disable_tqdm=True,
do_eval=True,
do_predict=True,
do_train=True,
eval_accumulation_steps=None,
eval_delay=0,
eval_do_concat_batches=True,
eval_on_start=False,
eval_steps=None,
eval_strategy=epoch,
eval_use_gather_object=False,
fp16=False,
fp16_backend=auto,
fp16_full_eval=False,
fp16_opt_level=O1,
fsdp=[],
fsdp_config={'min_num_params': 0, 'xla': False, 'xla_fsdp_v2': False, 'xla_fsdp_grad_ckpt': False},
fsdp_min_num_params=0,
fsdp_transformer_layer_cls_to_wrap=None,
full_determinism=False,
gradient_accumulation_steps=1,
gradient_checkpointing=False,
gradient_checkpointing_kwargs=None,
greater_is_better=None,
group_by_length=False,
half_precision_backend=auto,
hub_always_push=False,
hub_model_id=None,
hub_private_repo=None,
hub_strategy=every_save,
hub_token=<HUB_TOKEN>,
ignore_data_skip=False,
include_for_metrics=[],
include_inputs_for_metrics=False,
include_num_input_tokens_seen=False,
include_tokens_per_second=False,
jit_mode_eval=False,
label_names=None,
label_smoothing_factor=0.0,
learning_rate=2e-05,
length_column_name=length,
load_best_model_at_end=False,
local_rank=0,
log_level=debug,
log_level_replica=warning,
log_on_each_node=True,
logging_dir=/project/hrao/Meta-Resample/output/mit_movie_trivia_bert_run/runs/Jun03_07-31-56_itiger03,
logging_first_step=False,
logging_nan_inf_filter=True,
logging_steps=500,
logging_strategy=steps,
lr_scheduler_kwargs={},
lr_scheduler_type=linear,
max_grad_norm=1.0,
max_steps=-1,
metric_for_best_model=None,
mp_parameters=,
neftune_noise_alpha=None,
no_cuda=False,
num_train_epochs=8.0,
optim=adamw_torch,
optim_args=None,
optim_target_modules=None,
output_dir=/project/hrao/Meta-Resample/output/mit_movie_trivia_bert_run,
overwrite_output_dir=True,
past_index=-1,
per_device_eval_batch_size=2,
per_device_train_batch_size=32,
prediction_loss_only=False,
push_to_hub=False,
push_to_hub_model_id=None,
push_to_hub_organization=None,
push_to_hub_token=<PUSH_TO_HUB_TOKEN>,
ray_scope=last,
remove_unused_columns=False,
report_to=['tensorboard'],
restore_callback_states_from_checkpoint=False,
resume_from_checkpoint=None,
run_name=/project/hrao/Meta-Resample/output/mit_movie_trivia_bert_run,
save_on_each_node=False,
save_only_model=False,
save_safetensors=True,
save_steps=500,
save_strategy=steps,
save_total_limit=None,
seed=42,
skip_memory_metrics=True,
tf32=None,
torch_compile=False,
torch_compile_backend=None,
torch_compile_mode=None,
torch_empty_cache_steps=None,
torchdynamo=None,
tpu_metrics_debug=False,
tpu_num_cores=None,
use_cpu=False,
use_ipex=False,
use_legacy_prediction_loop=False,
use_liger_kernel=False,
use_mps_device=False,
warmup_ratio=0.0,
warmup_steps=0,
weight_decay=0.0,
)
06/03/2025 07:31:57 - DEBUG - urllib3.connectionpool - Starting new HTTPS connection (1): huggingface.co:443
06/03/2025 07:31:57 - DEBUG - urllib3.connectionpool - https://huggingface.co:443 "HEAD /api/telemetry/examples HTTP/1.1" 200 0
06/03/2025 07:31:57 - DEBUG - urllib3.connectionpool - Starting new HTTPS connection (1): huggingface.co:443
06/03/2025 07:31:57 - DEBUG - urllib3.connectionpool - https://huggingface.co:443 "HEAD /google-bert/bert-base-uncased/resolve/main/config.json HTTP/1.1" 200 0
[INFO|configuration_utils.py:698] 2025-06-03 07:31:57,518 >> loading configuration file config.json from cache at /home/hrao/.cache/huggingface/hub/models--google-bert--bert-base-uncased/snapshots/86b5e0934494bd15c9632b12f734a8a67f723594/config.json
[INFO|configuration_utils.py:770] 2025-06-03 07:31:57,521 >> Model config BertConfig {
  "architectures": [
    "BertForMaskedLM"
  ],
  "attention_probs_dropout_prob": 0.1,
  "classifier_dropout": null,
  "finetuning_task": "ner",
  "gradient_checkpointing": false,
  "hidden_act": "gelu",
  "hidden_dropout_prob": 0.1,
  "hidden_size": 768,
  "id2label": {
    "0": "LABEL_0",
    "1": "LABEL_1",
    "2": "LABEL_2",
    "3": "LABEL_3",
    "4": "LABEL_4",
    "5": "LABEL_5",
    "6": "LABEL_6",
    "7": "LABEL_7",
    "8": "LABEL_8",
    "9": "LABEL_9",
    "10": "LABEL_10",
    "11": "LABEL_11",
    "12": "LABEL_12",
    "13": "LABEL_13",
    "14": "LABEL_14",
    "15": "LABEL_15",
    "16": "LABEL_16",
    "17": "LABEL_17",
    "18": "LABEL_18",
    "19": "LABEL_19",
    "20": "LABEL_20",
    "21": "LABEL_21",
    "22": "LABEL_22",
    "23": "LABEL_23",
    "24": "LABEL_24"
  },
  "initializer_range": 0.02,
  "intermediate_size": 3072,
  "label2id": {
    "LABEL_0": 0,
    "LABEL_1": 1,
    "LABEL_10": 10,
    "LABEL_11": 11,
    "LABEL_12": 12,
    "LABEL_13": 13,
    "LABEL_14": 14,
    "LABEL_15": 15,
    "LABEL_16": 16,
    "LABEL_17": 17,
    "LABEL_18": 18,
    "LABEL_19": 19,
    "LABEL_2": 2,
    "LABEL_20": 20,
    "LABEL_21": 21,
    "LABEL_22": 22,
    "LABEL_23": 23,
    "LABEL_24": 24,
    "LABEL_3": 3,
    "LABEL_4": 4,
    "LABEL_5": 5,
    "LABEL_6": 6,
    "LABEL_7": 7,
    "LABEL_8": 8,
    "LABEL_9": 9
  },
  "layer_norm_eps": 1e-12,
  "max_position_embeddings": 512,
  "model_type": "bert",
  "num_attention_heads": 12,
  "num_hidden_layers": 12,
  "pad_token_id": 0,
  "position_embedding_type": "absolute",
  "transformers_version": "4.52.3",
  "type_vocab_size": 2,
  "use_cache": true,
  "vocab_size": 30522
}

06/03/2025 07:31:57 - DEBUG - urllib3.connectionpool - https://huggingface.co:443 "HEAD /google-bert/bert-base-uncased/resolve/main/tokenizer_config.json HTTP/1.1" 200 0
[INFO|configuration_utils.py:698] 2025-06-03 07:31:57,566 >> loading configuration file config.json from cache at /home/hrao/.cache/huggingface/hub/models--google-bert--bert-base-uncased/snapshots/86b5e0934494bd15c9632b12f734a8a67f723594/config.json
[INFO|configuration_utils.py:770] 2025-06-03 07:31:57,566 >> Model config BertConfig {
  "architectures": [
    "BertForMaskedLM"
  ],
  "attention_probs_dropout_prob": 0.1,
  "classifier_dropout": null,
  "gradient_checkpointing": false,
  "hidden_act": "gelu",
  "hidden_dropout_prob": 0.1,
  "hidden_size": 768,
  "initializer_range": 0.02,
  "intermediate_size": 3072,
  "layer_norm_eps": 1e-12,
  "max_position_embeddings": 512,
  "model_type": "bert",
  "num_attention_heads": 12,
  "num_hidden_layers": 12,
  "pad_token_id": 0,
  "position_embedding_type": "absolute",
  "transformers_version": "4.52.3",
  "type_vocab_size": 2,
  "use_cache": true,
  "vocab_size": 30522
}

06/03/2025 07:31:57 - DEBUG - urllib3.connectionpool - https://huggingface.co:443 "GET /api/models/google-bert/bert-base-uncased/tree/main/additional_chat_templates?recursive=False&expand=False HTTP/1.1" 404 64
[INFO|tokenization_utils_base.py:2023] 2025-06-03 07:31:57,945 >> loading file vocab.txt from cache at /home/hrao/.cache/huggingface/hub/models--google-bert--bert-base-uncased/snapshots/86b5e0934494bd15c9632b12f734a8a67f723594/vocab.txt
[INFO|tokenization_utils_base.py:2023] 2025-06-03 07:31:57,945 >> loading file tokenizer.json from cache at /home/hrao/.cache/huggingface/hub/models--google-bert--bert-base-uncased/snapshots/86b5e0934494bd15c9632b12f734a8a67f723594/tokenizer.json
[INFO|tokenization_utils_base.py:2023] 2025-06-03 07:31:57,945 >> loading file added_tokens.json from cache at None
[INFO|tokenization_utils_base.py:2023] 2025-06-03 07:31:57,945 >> loading file special_tokens_map.json from cache at None
[INFO|tokenization_utils_base.py:2023] 2025-06-03 07:31:57,945 >> loading file tokenizer_config.json from cache at /home/hrao/.cache/huggingface/hub/models--google-bert--bert-base-uncased/snapshots/86b5e0934494bd15c9632b12f734a8a67f723594/tokenizer_config.json
[INFO|tokenization_utils_base.py:2023] 2025-06-03 07:31:57,945 >> loading file chat_template.jinja from cache at None
[INFO|configuration_utils.py:698] 2025-06-03 07:31:57,946 >> loading configuration file config.json from cache at /home/hrao/.cache/huggingface/hub/models--google-bert--bert-base-uncased/snapshots/86b5e0934494bd15c9632b12f734a8a67f723594/config.json
[INFO|configuration_utils.py:770] 2025-06-03 07:31:57,946 >> Model config BertConfig {
  "architectures": [
    "BertForMaskedLM"
  ],
  "attention_probs_dropout_prob": 0.1,
  "classifier_dropout": null,
  "gradient_checkpointing": false,
  "hidden_act": "gelu",
  "hidden_dropout_prob": 0.1,
  "hidden_size": 768,
  "initializer_range": 0.02,
  "intermediate_size": 3072,
  "layer_norm_eps": 1e-12,
  "max_position_embeddings": 512,
  "model_type": "bert",
  "num_attention_heads": 12,
  "num_hidden_layers": 12,
  "pad_token_id": 0,
  "position_embedding_type": "absolute",
  "transformers_version": "4.52.3",
  "type_vocab_size": 2,
  "use_cache": true,
  "vocab_size": 30522
}

[INFO|modeling_utils.py:1150] 2025-06-03 07:31:58,141 >> loading weights file model.safetensors from cache at /home/hrao/.cache/huggingface/hub/models--google-bert--bert-base-uncased/snapshots/86b5e0934494bd15c9632b12f734a8a67f723594/model.safetensors
[INFO|logging.py:343] 2025-06-03 07:31:58,162 >> A pretrained model of type `BertForTokenClassification` contains parameters that have been renamed internally (a few are listed below but more are present in the model):
* `cls.predictions.transform.LayerNorm.beta` -> `cls.predictions.transform.LayerNorm.bias`
* `cls.predictions.transform.LayerNorm.gamma` -> `cls.predictions.transform.LayerNorm.weight`
If you are using a model from the Hub, consider submitting a PR to adjust these weights and help future users.
[INFO|modeling_utils.py:5120] 2025-06-03 07:31:58,203 >> Some weights of the model checkpoint at google-bert/bert-base-uncased were not used when initializing BertForTokenClassification: ['bert.pooler.dense.bias', 'bert.pooler.dense.weight', 'cls.predictions.bias', 'cls.predictions.transform.LayerNorm.bias', 'cls.predictions.transform.LayerNorm.weight', 'cls.predictions.transform.dense.bias', 'cls.predictions.transform.dense.weight', 'cls.seq_relationship.bias', 'cls.seq_relationship.weight']
- This IS expected if you are initializing BertForTokenClassification from the checkpoint of a model trained on another task or with another architecture (e.g. initializing a BertForSequenceClassification model from a BertForPreTraining model).
- This IS NOT expected if you are initializing BertForTokenClassification from the checkpoint of a model that you expect to be exactly identical (initializing a BertForSequenceClassification model from a BertForSequenceClassification model).
[WARNING|modeling_utils.py:5132] 2025-06-03 07:31:58,203 >> Some weights of BertForTokenClassification were not initialized from the model checkpoint at google-bert/bert-base-uncased and are newly initialized: ['classifier.bias', 'classifier.weight']
You should probably TRAIN this model on a down-stream task to be able to use it for predictions and inference.
Adding original indices to train dataset:   0%|          | 0/6816 [00:00<?, ? examples/s]Set __getitem__(key) output type to arrow for no columns  (when key is int or slice) and don't output other (un-formatted) columns.
06/03/2025 07:31:58 - DEBUG - datasets.arrow_dataset - Set __getitem__(key) output type to arrow for no columns  (when key is int or slice) and don't output other (un-formatted) columns.
Adding original indices to train dataset:  80%|███████▉  | 5419/6816 [00:00<00:00, 53919.83 examples/s]Done writing 6816 examples in 2494995 bytes .
06/03/2025 07:31:58 - DEBUG - datasets.arrow_writer - Done writing 6816 examples in 2494995 bytes .
Finished processing shard number None of 1.
06/03/2025 07:31:58 - DEBUG - datasets.arrow_dataset - Finished processing shard number None of 1.
Adding original indices to train dataset: 100%|██████████| 6816/6816 [00:00<00:00, 52651.56 examples/s]
06/03/2025 07:31:58 - INFO - __main__ - Adding orig_idx for hardness-aware sampling.
06/03/2025 07:31:58 - INFO - __main__ - [DEBUG_ORIG_IDX] After add_original_indices, train_dataset columns: ['tokens', 'ner_tags', 'orig_idx']
06/03/2025 07:31:58 - INFO - __main__ - [DEBUG_ORIG_IDX] Sample 0 after add_original_indices: {'tokens': ['what', '1995', 'romantic', 'comedy', 'film', 'starred', 'michael', 'douglas', 'as', 'a', 'u', 's', 'head', 'of', 'state', 'looking', 'for', 'love'], 'ner_tags': ['O', 'B-Year', 'B-Genre', 'I-Genre', 'O', 'O', 'B-Actor', 'I-Actor', 'O', 'B-Plot', 'I-Plot', 'I-Plot', 'I-Plot', 'I-Plot', 'I-Plot', 'I-Plot', 'I-Plot', 'I-Plot'], 'orig_idx': 0}
Running tokenizer on train dataset:   0%|          | 0/6816 [00:00<?, ? examples/s]Set __getitem__(key) output type to arrow for no columns  (when key is int or slice) and don't output other (un-formatted) columns.
06/03/2025 07:31:58 - DEBUG - datasets.arrow_dataset - Set __getitem__(key) output type to arrow for no columns  (when key is int or slice) and don't output other (un-formatted) columns.
Running tokenizer on train dataset:  29%|██▉       | 2000/6816 [00:00<00:00, 16587.26 examples/s]Running tokenizer on train dataset:  59%|█████▊    | 4000/6816 [00:00<00:00, 17632.88 examples/s]Running tokenizer on train dataset:  88%|████████▊ | 6000/6816 [00:00<00:00, 17855.41 examples/s]Done writing 6816 examples in 4875705 bytes .
06/03/2025 07:31:58 - DEBUG - datasets.arrow_writer - Done writing 6816 examples in 4875705 bytes .
Finished processing shard number None of 1.
06/03/2025 07:31:58 - DEBUG - datasets.arrow_dataset - Finished processing shard number None of 1.
Running tokenizer on train dataset: 100%|██████████| 6816/6816 [00:00<00:00, 17603.30 examples/s]
06/03/2025 07:31:58 - INFO - __main__ - Train dataset columns after tokenization: ['tokens', 'ner_tags', 'orig_idx', 'input_ids', 'token_type_ids', 'attention_mask', 'labels']
06/03/2025 07:31:58 - INFO - __main__ - [DEBUG_ORIG_IDX] After tokenize_and_align_labels, train_dataset columns: ['tokens', 'ner_tags', 'orig_idx', 'input_ids', 'token_type_ids', 'attention_mask', 'labels']
06/03/2025 07:31:58 - INFO - __main__ - [DEBUG_ORIG_IDX] Sample 0 after tokenize_and_align_labels: {'tokens': ['what', '1995', 'romantic', 'comedy', 'film', 'starred', 'michael', 'douglas', 'as', 'a', 'u', 's', 'head', 'of', 'state', 'looking', 'for', 'love'], 'ner_tags': ['O', 'B-Year', 'B-Genre', 'I-Genre', 'O', 'O', 'B-Actor', 'I-Actor', 'O', 'B-Plot', 'I-Plot', 'I-Plot', 'I-Plot', 'I-Plot', 'I-Plot', 'I-Plot', 'I-Plot', 'I-Plot'], 'orig_idx': 0, 'input_ids': [101, 2054, 2786, 6298, 4038, 2143, 5652, 2745, 5203, 2004, 1037, 1057, 1055, 2132, 1997, 2110, 2559, 2005, 2293, 102], 'token_type_ids': [0, 0, 0, 0, 0, 0, 0, 0, 0, 0, 0, 0, 0, 0, 0, 0, 0, 0, 0, 0], 'attention_mask': [1, 1, 1, 1, 1, 1, 1, 1, 1, 1, 1, 1, 1, 1, 1, 1, 1, 1, 1, 1], 'labels': [-100, 24, 11, 4, 16, 24, 24, 0, 12, 24, 7, 19, 19, 19, 19, 19, 19, 19, 19, -100]}
Running tokenizer on validation dataset:   0%|          | 0/1000 [00:00<?, ? examples/s]Set __getitem__(key) output type to arrow for no columns  (when key is int or slice) and don't output other (un-formatted) columns.
06/03/2025 07:31:58 - DEBUG - datasets.arrow_dataset - Set __getitem__(key) output type to arrow for no columns  (when key is int or slice) and don't output other (un-formatted) columns.
Done writing 1000 examples in 701353 bytes .
06/03/2025 07:31:58 - DEBUG - datasets.arrow_writer - Done writing 1000 examples in 701353 bytes .
Finished processing shard number None of 1.
06/03/2025 07:31:58 - DEBUG - datasets.arrow_dataset - Finished processing shard number None of 1.
Running tokenizer on validation dataset: 100%|██████████| 1000/1000 [00:00<00:00, 17543.15 examples/s]
Running tokenizer on prediction dataset:   0%|          | 0/1953 [00:00<?, ? examples/s]Set __getitem__(key) output type to arrow for no columns  (when key is int or slice) and don't output other (un-formatted) columns.
06/03/2025 07:31:58 - DEBUG - datasets.arrow_dataset - Set __getitem__(key) output type to arrow for no columns  (when key is int or slice) and don't output other (un-formatted) columns.
Running tokenizer on prediction dataset: 100%|██████████| 1953/1953 [00:00<00:00, 18359.50 examples/s]Done writing 1953 examples in 1359814 bytes .
06/03/2025 07:31:58 - DEBUG - datasets.arrow_writer - Done writing 1953 examples in 1359814 bytes .
Finished processing shard number None of 1.
06/03/2025 07:31:58 - DEBUG - datasets.arrow_dataset - Finished processing shard number None of 1.
Running tokenizer on prediction dataset: 100%|██████████| 1953/1953 [00:00<00:00, 18059.76 examples/s]
06/03/2025 07:31:58 - INFO - __main__ - Using CustomDataCollatorForTokenClassification for hardness-aware sampling.
06/03/2025 07:31:58 - DEBUG - urllib3.connectionpool - Starting new HTTPS connection (1): s3.amazonaws.com:443
06/03/2025 07:31:59 - DEBUG - urllib3.connectionpool - https://s3.amazonaws.com:443 "HEAD /datasets.huggingface.co/datasets/metrics/evaluate-metric/seqeval/evaluate-metric/seqeval.py HTTP/1.1" 404 0
06/03/2025 07:31:59 - DEBUG - urllib3.connectionpool - Starting new HTTPS connection (1): huggingface.co:443
06/03/2025 07:31:59 - DEBUG - urllib3.connectionpool - https://huggingface.co:443 "HEAD /spaces/evaluate-metric/seqeval/resolve/v0.4.3/seqeval.py HTTP/1.1" 404 0
06/03/2025 07:31:59 - DEBUG - urllib3.connectionpool - Starting new HTTPS connection (1): huggingface.co:443
06/03/2025 07:31:59 - DEBUG - urllib3.connectionpool - https://huggingface.co:443 "HEAD /spaces/evaluate-metric/seqeval/resolve/main/seqeval.py HTTP/1.1" 200 0
06/03/2025 07:31:59 - DEBUG - filelock - Attempting to acquire lock 139676967943520 on /home/hrao/.cache/huggingface/modules/evaluate_modules/metrics/evaluate-metric--seqeval.lock
06/03/2025 07:31:59 - DEBUG - filelock - Lock 139676967943520 acquired on /home/hrao/.cache/huggingface/modules/evaluate_modules/metrics/evaluate-metric--seqeval.lock
06/03/2025 07:31:59 - DEBUG - filelock - Attempting to release lock 139676967943520 on /home/hrao/.cache/huggingface/modules/evaluate_modules/metrics/evaluate-metric--seqeval.lock
06/03/2025 07:31:59 - DEBUG - filelock - Lock 139676967943520 released on /home/hrao/.cache/huggingface/modules/evaluate_modules/metrics/evaluate-metric--seqeval.lock
06/03/2025 07:31:59 - INFO - __main__ - Enabling HardnessAwareTrainer.
/project/hrao/Meta-Resample/step_3/custom_trainer.py:43: FutureWarning: `tokenizer` is deprecated and will be removed in version 5.0.0 for `HardnessAwareTrainer.__init__`. Use `processing_class` instead.
  super().__init__(*args, **kwargs)
06/03/2025 07:31:59 - INFO - custom_trainer - HardnessAwareTrainer initialized. Hardness Sampling Enabled: True
06/03/2025 07:31:59 - INFO - custom_trainer -   KNN K: 15, KNN Lambda: 0.0, KNN Build Freq: 1
06/03/2025 07:31:59 - INFO - custom_trainer -   VNet LR: 0.001, Meta Update LR: 0.001
06/03/2025 07:32:00 - WARNING - custom_trainer - Label 2 只有 29 个样本，少于 n_meta=50，使用全部样本
06/03/2025 07:32:00 - WARNING - custom_trainer - Label 11 只有 48 个样本，少于 n_meta=50，使用全部样本
06/03/2025 07:32:00 - WARNING - custom_trainer - Label 4 只有 44 个样本，少于 n_meta=50，使用全部样本
06/03/2025 07:32:00 - WARNING - custom_trainer - Label 6 只有 19 个样本，少于 n_meta=50，使用全部样本
06/03/2025 07:32:00 - WARNING - custom_trainer - Label 5 只有 25 个样本，少于 n_meta=50，使用全部样本
06/03/2025 07:32:00 - WARNING - custom_trainer - Label 8 只有 14 个样本，少于 n_meta=50，使用全部样本
06/03/2025 07:32:00 - WARNING - custom_trainer - Label 9 只有 13 个样本，少于 n_meta=50，使用全部样本
06/03/2025 07:32:00 - WARNING - custom_trainer - Label 1 只有 3 个样本，少于 n_meta=50，使用全部样本
06/03/2025 07:32:00 - INFO - custom_trainer - Built meta_loader with 395 samples from 12 labels (n_meta target per label: 50)
Done writing 395 indices in 3160 bytes .
06/03/2025 07:32:00 - DEBUG - datasets.arrow_writer - Done writing 395 indices in 3160 bytes .
06/03/2025 07:32:00 - INFO - custom_trainer -   Initialized meta_probs tensor on device cuda:0 with shape (6816,)
06/03/2025 07:32:00 - INFO - custom_trainer -   Initialized VNet and meta_loader
06/03/2025 07:32:00 - INFO - __main__ - Added KnnEpochEndCallback to HardnessAwareTrainer.
[DEBUG|trainer.py:2267] 2025-06-03 07:32:00,285 >> Currently training with a batch size of: 32
06/03/2025 07:32:00 - INFO - custom_trainer - Creating HardnessAwareSampler for training.
06/03/2025 07:32:00 - INFO - custom_trainer - [SamplerSetup] Initializing HardnessAwareSampler with: dataset_len=6816, alpha=0.8, lambda_boost (knn_lambda)=0.0, meta_probs_sum_on_init=1.0000, meta_probs_device=cuda:0, neighbor_boost_is_not_none=True, neighbor_boost_device=cuda:0
06/03/2025 07:32:00 - INFO - custom_trainer -   Trainer._get_train_sampler passing _neighbor_boost id=139677002185712, device=cuda:0
06/03/2025 07:32:00 - INFO - custom_sampler - HardnessAwareSampler initialized with neighbor_boost tensor (id: 139677002185712, device: cuda:0).
[INFO|trainer.py:2409] 2025-06-03 07:32:00,300 >> ***** Running training *****
[INFO|trainer.py:2410] 2025-06-03 07:32:00,300 >>   Num examples = 6,816
[INFO|trainer.py:2411] 2025-06-03 07:32:00,300 >>   Num Epochs = 8
[INFO|trainer.py:2412] 2025-06-03 07:32:00,300 >>   Instantaneous batch size per device = 32
[INFO|trainer.py:2415] 2025-06-03 07:32:00,300 >>   Total train batch size (w. parallel, distributed & accumulation) = 32
[INFO|trainer.py:2416] 2025-06-03 07:32:00,300 >>   Gradient Accumulation steps = 1
[INFO|trainer.py:2417] 2025-06-03 07:32:00,300 >>   Total optimization steps = 1,704
[INFO|trainer.py:2418] 2025-06-03 07:32:00,301 >>   Number of trainable parameters = 108,910,873
06/03/2025 07:32:00 - DEBUG - custom_sampler - [Sampler_CalcProbs] Input meta_probs_from_trainer (sum=1.0000, min=0.0001, max=0.0001, num_zeros=0)
06/03/2025 07:32:00 - DEBUG - custom_sampler - [Sampler_CalcProbs] Weights after alpha (sum=5.8758, min=0.0009, max=0.0009, non_zero=6816/6816)
06/03/2025 07:32:00 - DEBUG - custom_sampler - [Sampler] Neighbor_boost (id: 139677002185712, device: cuda:0): using .cpu().float() for calculation. Sum=0.0000, non_zero=0/6816, max=0.0000
06/03/2025 07:32:00 - DEBUG - custom_sampler - [Sampler] Weights after boost (lambda=0.0): sum=5.8758, min=0.0009, max=0.0009, non_zero=6816/6816
06/03/2025 07:32:00 - DEBUG - custom_sampler - [Sampler] Neighbor boost did not significantly change weights or initial weights sum to zero.
06/03/2025 07:32:00 - DEBUG - custom_sampler - [Sampler_CalcProbs] Final sampling probs (sum=1.0000, min=0.0001, max=0.0001, num_zeros=0)
06/03/2025 07:32:00 - DEBUG - custom_trainer - [ComputeLoss_Popped] original_indices_is_not_none: True, Popped_labels_shape: torch.Size([32, 36])
06/03/2025 07:32:00 - DEBUG - custom_trainer - [ComputeLoss_PreModelCall] model_inputs_keys (after_pop): ['input_ids', 'token_type_ids', 'attention_mask']
06/03/2025 07:32:00 - DEBUG - custom_trainer - [PSL_Stats] per_sentence_loss: shape=torch.Size([32]), min=3.2146, max=3.9909, mean=3.5392, std=0.1924, num_zeros=0
06/03/2025 07:32:00 - DEBUG - custom_trainer - [Embeddings] Added 7 embeddings. Total: 7.
06/03/2025 07:32:00 - DEBUG - custom_trainer - [VNetInput_Stats] normalized_loss_for_vnet: min=-1.6872, max=2.3477, mean=-0.0000, std=1.0000
06/03/2025 07:32:00 - DEBUG - custom_trainer - [MetaProbs_Update] After normalization, meta_probs_sum=1.000000
06/03/2025 07:32:00 - DEBUG - custom_trainer - [Meta-ReSample] Updated_meta_probs_for 32 samples. v_out_range: [0.2399, 0.4472]
06/03/2025 07:32:00 - DEBUG - custom_trainer - [MetaModel_PreCall] meta_model_inputs_keys: ['input_ids', 'token_type_ids', 'attention_mask', 'labels'], meta_model_labels_shape: torch.Size([32, 36])
06/03/2025 07:32:00 - DEBUG - custom_trainer - [PSL_Meta_Stats] per_sentence_loss_meta: shape=torch.Size([32]), min=2.8104, max=4.0701, mean=3.5219
06/03/2025 07:32:00 - DEBUG - custom_trainer - [VNetTrain] cost_v_for_VNet_update: 46.9664
06/03/2025 07:32:00 - DEBUG - custom_trainer - [VNetTrain] Computed grads_for_meta_model. Number of grads: 199
06/03/2025 07:32:00 - DEBUG - custom_trainer - [VNetTrain] Created updated_param_dict for functional_call. Num params: 201
06/03/2025 07:32:00 - DEBUG - custom_trainer - [MetaBatch] meta_batch_keys: ['input_ids', 'token_type_ids', 'attention_mask', 'labels', 'orig_idx']
06/03/2025 07:32:00 - DEBUG - custom_trainer - [MetaBatch_PreFunctionalCall] x_meta_inputs_for_functional_call keys: ['attention_mask', 'token_type_ids', 'input_ids'], y_meta_labels_shape: torch.Size([32, 34])
06/03/2025 07:32:00 - INFO - custom_trainer - Temporarily setting meta_model.config._attn_implementation from 'math' to 'math' for functional_call.
06/03/2025 07:32:00 - DEBUG - custom_trainer - [Meta-ReSample] VNet_Meta-loss (l_f_meta_for_vnet): 3.1508
Traceback (most recent call last):
  File "/project/hrao/Meta-Resample/step_3/step3_run_ner.py", line 901, in <module>
    main()
  File "/project/hrao/Meta-Resample/step_3/step3_run_ner.py", line 777, in main
    train_result = trainer.train(resume_from_checkpoint=checkpoint)
  File "/project/hrao/miniconda3/envs/imbalance_env/lib/python3.10/site-packages/transformers/trainer.py", line 2240, in train
    return inner_training_loop(
  File "/project/hrao/miniconda3/envs/imbalance_env/lib/python3.10/site-packages/transformers/trainer.py", line 2555, in _inner_training_loop
    tr_loss_step = self.training_step(model, inputs, num_items_in_batch)
  File "/project/hrao/miniconda3/envs/imbalance_env/lib/python3.10/site-packages/transformers/trainer.py", line 3745, in training_step
    loss = self.compute_loss(model, inputs, num_items_in_batch=num_items_in_batch)
  File "/project/hrao/Meta-Resample/step_3/custom_trainer.py", line 433, in compute_loss
    l_f_meta_for_vnet.backward()
  File "/project/hrao/miniconda3/envs/imbalance_env/lib/python3.10/site-packages/torch/_tensor.py", line 626, in backward
    torch.autograd.backward(
  File "/project/hrao/miniconda3/envs/imbalance_env/lib/python3.10/site-packages/torch/autograd/__init__.py", line 347, in backward
    _engine_run_backward(
  File "/project/hrao/miniconda3/envs/imbalance_env/lib/python3.10/site-packages/torch/autograd/graph.py", line 823, in _engine_run_backward
    return Variable._execution_engine.run_backward(  # Calls into the C++ engine to run the backward pass
RuntimeError: derivative for aten::_scaled_dot_product_efficient_attention_backward is not implemented
