Current Transformers version lacks `evaluation_strategy` in TrainingArguments; argument will be ignored.
07/22/2025 07:32:39 - WARNING - __main__ - Process rank: 0, device: cuda:0, n_gpu: 1, distributed training: False, 16-bits training: True
07/22/2025 07:32:39 - INFO - __main__ - Training/evaluation parameters TrainingArguments(
_n_gpu=1,
accelerator_config={'split_batches': False, 'dispatch_batches': None, 'even_batches': True, 'use_seedable_sampler': True, 'non_blocking': False, 'gradient_accumulation_kwargs': None, 'use_configured_state': False},
adafactor=False,
adam_beta1=0.9,
adam_beta2=0.999,
adam_epsilon=1e-08,
auto_find_batch_size=False,
average_tokens_across_devices=False,
batch_eval_metrics=False,
bf16=False,
bf16_full_eval=False,
data_seed=None,
dataloader_drop_last=False,
dataloader_num_workers=0,
dataloader_persistent_workers=False,
dataloader_pin_memory=True,
dataloader_prefetch_factor=None,
ddp_backend=None,
ddp_broadcast_buffers=None,
ddp_bucket_cap_mb=None,
ddp_find_unused_parameters=None,
ddp_timeout=1800,
debug=[],
deepspeed=None,
disable_tqdm=False,
do_eval=True,
do_predict=True,
do_train=True,
eval_accumulation_steps=None,
eval_delay=0,
eval_do_concat_batches=True,
eval_on_start=False,
eval_steps=500.0,
eval_strategy=no,
eval_use_gather_object=False,
fp16=True,
fp16_backend=auto,
fp16_full_eval=False,
fp16_opt_level=O1,
fsdp=[],
fsdp_config={'min_num_params': 0, 'xla': False, 'xla_fsdp_v2': False, 'xla_fsdp_grad_ckpt': False},
fsdp_min_num_params=0,
fsdp_transformer_layer_cls_to_wrap=None,
full_determinism=False,
gradient_accumulation_steps=4,
gradient_checkpointing=False,
gradient_checkpointing_kwargs=None,
greater_is_better=None,
group_by_length=False,
half_precision_backend=auto,
hub_always_push=False,
hub_model_id=None,
hub_private_repo=None,
hub_strategy=every_save,
hub_token=<HUB_TOKEN>,
ignore_data_skip=False,
include_for_metrics=[],
include_inputs_for_metrics=False,
include_num_input_tokens_seen=False,
include_tokens_per_second=False,
jit_mode_eval=False,
label_names=None,
label_smoothing_factor=0.0,
learning_rate=5e-05,
length_column_name=length,
load_best_model_at_end=False,
local_rank=0,
log_level=passive,
log_level_replica=warning,
log_on_each_node=True,
logging_dir=./re_model/runs/Jul22_07-32-38_itiger01,
logging_first_step=False,
logging_nan_inf_filter=True,
logging_steps=50,
logging_strategy=steps,
lr_scheduler_kwargs={},
lr_scheduler_type=linear,
max_grad_norm=1.0,
max_steps=-1,
metric_for_best_model=None,
mp_parameters=,
neftune_noise_alpha=None,
no_cuda=False,
num_train_epochs=8.0,
optim=adamw_torch,
optim_args=None,
optim_target_modules=None,
output_dir=./re_model_16525,
overwrite_output_dir=False,
past_index=-1,
per_device_eval_batch_size=8,
per_device_train_batch_size=8,
prediction_loss_only=False,
push_to_hub=False,
push_to_hub_model_id=None,
push_to_hub_organization=None,
push_to_hub_token=<PUSH_TO_HUB_TOKEN>,
ray_scope=last,
remove_unused_columns=True,
report_to=['tensorboard'],
restore_callback_states_from_checkpoint=False,
resume_from_checkpoint=None,
run_name=./re_model,
save_on_each_node=False,
save_only_model=False,
save_safetensors=True,
save_steps=500,
save_strategy=steps,
save_total_limit=None,
seed=42,
skip_memory_metrics=True,
tf32=None,
torch_compile=False,
torch_compile_backend=None,
torch_compile_mode=None,
torch_empty_cache_steps=None,
torchdynamo=None,
tpu_metrics_debug=False,
tpu_num_cores=None,
use_cpu=False,
use_ipex=False,
use_legacy_prediction_loop=False,
use_liger_kernel=False,
use_mps_device=False,
warmup_ratio=0.0,
warmup_steps=0,
weight_decay=0.0,
)
07/22/2025 07:32:39 - INFO - __main__ - load a local file for train: /project/hrao/data/conll04_json/train.json
07/22/2025 07:32:39 - INFO - __main__ - load a local file for validation: /project/hrao/data/conll04_json/validation.json
07/22/2025 07:32:39 - INFO - __main__ - load a local file for test: /project/hrao/data/conll04_json/test.json
Using custom data configuration default-d8fdee35c91b9532
07/22/2025 07:32:39 - INFO - datasets.builder - Using custom data configuration default-d8fdee35c91b9532
Found cached dataset json (/home/hrao/.cache/huggingface/datasets/json/default-d8fdee35c91b9532/0.0.0/f4e89e8750d5d5ffbef2c078bf0ddfedef29dc2faff52a6255cf513c05eb1092)
07/22/2025 07:32:39 - INFO - datasets.builder - Found cached dataset json (/home/hrao/.cache/huggingface/datasets/json/default-d8fdee35c91b9532/0.0.0/f4e89e8750d5d5ffbef2c078bf0ddfedef29dc2faff52a6255cf513c05eb1092)
[INFO|configuration_utils.py:698] 2025-07-22 07:32:39,560 >> loading configuration file config.json from cache at /home/hrao/.cache/huggingface/hub/models--microsoft--deberta-v3-base/snapshots/8ccc9b6f36199bec6961081d44eb72fb3f7353f3/config.json
[INFO|configuration_utils.py:770] 2025-07-22 07:32:39,563 >> Model config DebertaV2Config {
  "attention_probs_dropout_prob": 0.1,
  "finetuning_task": "relation-extraction",
  "hidden_act": "gelu",
  "hidden_dropout_prob": 0.1,
  "hidden_size": 768,
  "id2label": {
    "0": "LABEL_0",
    "1": "LABEL_1",
    "2": "LABEL_2",
    "3": "LABEL_3",
    "4": "LABEL_4",
    "5": "LABEL_5"
  },
  "initializer_range": 0.02,
  "intermediate_size": 3072,
  "label2id": {
    "LABEL_0": 0,
    "LABEL_1": 1,
    "LABEL_2": 2,
    "LABEL_3": 3,
    "LABEL_4": 4,
    "LABEL_5": 5
  },
  "layer_norm_eps": 1e-07,
  "legacy": true,
  "max_position_embeddings": 512,
  "max_relative_positions": -1,
  "model_type": "deberta-v2",
  "norm_rel_ebd": "layer_norm",
  "num_attention_heads": 12,
  "num_hidden_layers": 12,
  "pad_token_id": 0,
  "pooler_dropout": 0,
  "pooler_hidden_act": "gelu",
  "pooler_hidden_size": 768,
  "pos_att_type": [
    "p2c",
    "c2p"
  ],
  "position_biased_input": false,
  "position_buckets": 256,
  "relative_attention": true,
  "share_att_key": true,
  "transformers_version": "4.52.3",
  "type_vocab_size": 0,
  "vocab_size": 128100
}

07/22/2025 07:32:39 - INFO - __main__ - setting problem type to single label classification
[INFO|configuration_utils.py:698] 2025-07-22 07:32:39,653 >> loading configuration file config.json from cache at /home/hrao/.cache/huggingface/hub/models--microsoft--deberta-v3-base/snapshots/8ccc9b6f36199bec6961081d44eb72fb3f7353f3/config.json
[INFO|configuration_utils.py:770] 2025-07-22 07:32:39,653 >> Model config DebertaV2Config {
  "attention_probs_dropout_prob": 0.1,
  "hidden_act": "gelu",
  "hidden_dropout_prob": 0.1,
  "hidden_size": 768,
  "initializer_range": 0.02,
  "intermediate_size": 3072,
  "layer_norm_eps": 1e-07,
  "legacy": true,
  "max_position_embeddings": 512,
  "max_relative_positions": -1,
  "model_type": "deberta-v2",
  "norm_rel_ebd": "layer_norm",
  "num_attention_heads": 12,
  "num_hidden_layers": 12,
  "pad_token_id": 0,
  "pooler_dropout": 0,
  "pooler_hidden_act": "gelu",
  "pooler_hidden_size": 768,
  "pos_att_type": [
    "p2c",
    "c2p"
  ],
  "position_biased_input": false,
  "position_buckets": 256,
  "relative_attention": true,
  "share_att_key": true,
  "transformers_version": "4.52.3",
  "type_vocab_size": 0,
  "vocab_size": 128100
}

[INFO|tokenization_utils_base.py:2023] 2025-07-22 07:32:39,720 >> loading file spm.model from cache at /home/hrao/.cache/huggingface/hub/models--microsoft--deberta-v3-base/snapshots/8ccc9b6f36199bec6961081d44eb72fb3f7353f3/spm.model
[INFO|tokenization_utils_base.py:2023] 2025-07-22 07:32:39,720 >> loading file tokenizer.json from cache at None
[INFO|tokenization_utils_base.py:2023] 2025-07-22 07:32:39,720 >> loading file added_tokens.json from cache at None
[INFO|tokenization_utils_base.py:2023] 2025-07-22 07:32:39,720 >> loading file special_tokens_map.json from cache at None
[INFO|tokenization_utils_base.py:2023] 2025-07-22 07:32:39,720 >> loading file tokenizer_config.json from cache at /home/hrao/.cache/huggingface/hub/models--microsoft--deberta-v3-base/snapshots/8ccc9b6f36199bec6961081d44eb72fb3f7353f3/tokenizer_config.json
[INFO|tokenization_utils_base.py:2023] 2025-07-22 07:32:39,720 >> loading file chat_template.jinja from cache at None
[INFO|configuration_utils.py:698] 2025-07-22 07:32:39,721 >> loading configuration file config.json from cache at /home/hrao/.cache/huggingface/hub/models--microsoft--deberta-v3-base/snapshots/8ccc9b6f36199bec6961081d44eb72fb3f7353f3/config.json
[INFO|configuration_utils.py:770] 2025-07-22 07:32:39,721 >> Model config DebertaV2Config {
  "attention_probs_dropout_prob": 0.1,
  "hidden_act": "gelu",
  "hidden_dropout_prob": 0.1,
  "hidden_size": 768,
  "initializer_range": 0.02,
  "intermediate_size": 3072,
  "layer_norm_eps": 1e-07,
  "legacy": true,
  "max_position_embeddings": 512,
  "max_relative_positions": -1,
  "model_type": "deberta-v2",
  "norm_rel_ebd": "layer_norm",
  "num_attention_heads": 12,
  "num_hidden_layers": 12,
  "pad_token_id": 0,
  "pooler_dropout": 0,
  "pooler_hidden_act": "gelu",
  "pooler_hidden_size": 768,
  "pos_att_type": [
    "p2c",
    "c2p"
  ],
  "position_biased_input": false,
  "position_buckets": 256,
  "relative_attention": true,
  "share_att_key": true,
  "transformers_version": "4.52.3",
  "type_vocab_size": 0,
  "vocab_size": 128100
}

[INFO|configuration_utils.py:698] 2025-07-22 07:32:39,999 >> loading configuration file config.json from cache at /home/hrao/.cache/huggingface/hub/models--microsoft--deberta-v3-base/snapshots/8ccc9b6f36199bec6961081d44eb72fb3f7353f3/config.json
[INFO|configuration_utils.py:770] 2025-07-22 07:32:39,999 >> Model config DebertaV2Config {
  "attention_probs_dropout_prob": 0.1,
  "hidden_act": "gelu",
  "hidden_dropout_prob": 0.1,
  "hidden_size": 768,
  "initializer_range": 0.02,
  "intermediate_size": 3072,
  "layer_norm_eps": 1e-07,
  "legacy": true,
  "max_position_embeddings": 512,
  "max_relative_positions": -1,
  "model_type": "deberta-v2",
  "norm_rel_ebd": "layer_norm",
  "num_attention_heads": 12,
  "num_hidden_layers": 12,
  "pad_token_id": 0,
  "pooler_dropout": 0,
  "pooler_hidden_act": "gelu",
  "pooler_hidden_size": 768,
  "pos_att_type": [
    "p2c",
    "c2p"
  ],
  "position_biased_input": false,
  "position_buckets": 256,
  "relative_attention": true,
  "share_att_key": true,
  "transformers_version": "4.52.3",
  "type_vocab_size": 0,
  "vocab_size": 128100
}

/project/hrao/miniconda3/envs/imbalance_env/lib/python3.10/site-packages/transformers/convert_slow_tokenizer.py:564: UserWarning: The sentencepiece tokenizer that you are converting to a fast tokenizer uses the byte fallback option which is not implemented in the fast tokenizers. In practice this means that the fast version of the tokenizer can produce unknown tokens whereas the sentencepiece version would have converted these unknown tokens into a sequence of byte tokens matching the original piece of text.
  warnings.warn(
[INFO|modeling_utils.py:1150] 2025-07-22 07:32:40,460 >> loading weights file pytorch_model.bin from cache at /home/hrao/.cache/huggingface/hub/models--microsoft--deberta-v3-base/snapshots/8ccc9b6f36199bec6961081d44eb72fb3f7353f3/pytorch_model.bin
[INFO|modeling_utils.py:5120] 2025-07-22 07:32:40,601 >> Some weights of the model checkpoint at microsoft/deberta-v3-base were not used when initializing DebertaV2ForSequenceClassification: ['lm_predictions.lm_head.LayerNorm.bias', 'lm_predictions.lm_head.LayerNorm.weight', 'lm_predictions.lm_head.bias', 'lm_predictions.lm_head.dense.bias', 'lm_predictions.lm_head.dense.weight', 'mask_predictions.LayerNorm.bias', 'mask_predictions.LayerNorm.weight', 'mask_predictions.classifier.bias', 'mask_predictions.classifier.weight', 'mask_predictions.dense.bias', 'mask_predictions.dense.weight']
- This IS expected if you are initializing DebertaV2ForSequenceClassification from the checkpoint of a model trained on another task or with another architecture (e.g. initializing a BertForSequenceClassification model from a BertForPreTraining model).
- This IS NOT expected if you are initializing DebertaV2ForSequenceClassification from the checkpoint of a model that you expect to be exactly identical (initializing a BertForSequenceClassification model from a BertForSequenceClassification model).
[WARNING|modeling_utils.py:5132] 2025-07-22 07:32:40,601 >> Some weights of DebertaV2ForSequenceClassification were not initialized from the model checkpoint at microsoft/deberta-v3-base and are newly initialized: ['classifier.bias', 'classifier.weight', 'pooler.dense.bias', 'pooler.dense.weight']
You should probably TRAIN this model on a down-stream task to be able to use it for predictions and inference.
[INFO|modeling_utils.py:2876] 2025-07-22 07:32:40,619 >> You are resizing the embedding layer without providing a `pad_to_multiple_of` parameter. This means that the new embedding dimension will be 128005. This might induce some performance reduction as *Tensor Cores* will not be available. For more details about this, or help on choosing the correct value for resizing, refer to this guide: https://docs.nvidia.com/deeplearning/performance/dl-performance-matrix-multiplication/index.html#requirements-tc
[INFO|safetensors_conversion.py:61] 2025-07-22 07:32:40,688 >> Attempting to create safetensors variant
[INFO|safetensors_conversion.py:74] 2025-07-22 07:32:40,920 >> Safetensors PR exists
07/22/2025 07:32:41 - WARNING - __main__ - The label2id key in the model config.json is not equal to the label2id key of this run. You can ignore this if you are doing finetuning.
Loading cached processed dataset at /home/hrao/.cache/huggingface/datasets/json/default-d8fdee35c91b9532/0.0.0/f4e89e8750d5d5ffbef2c078bf0ddfedef29dc2faff52a6255cf513c05eb1092/cache-062fb077f98951b0_*_of_00001.arrow
07/22/2025 07:32:41 - INFO - datasets.arrow_dataset - Loading cached processed dataset at /home/hrao/.cache/huggingface/datasets/json/default-d8fdee35c91b9532/0.0.0/f4e89e8750d5d5ffbef2c078bf0ddfedef29dc2faff52a6255cf513c05eb1092/cache-062fb077f98951b0_*_of_00001.arrow
Loading cached processed dataset at /home/hrao/.cache/huggingface/datasets/json/default-d8fdee35c91b9532/0.0.0/f4e89e8750d5d5ffbef2c078bf0ddfedef29dc2faff52a6255cf513c05eb1092/cache-9243c79a6c5ad65c_*_of_00001.arrow
07/22/2025 07:32:41 - INFO - datasets.arrow_dataset - Loading cached processed dataset at /home/hrao/.cache/huggingface/datasets/json/default-d8fdee35c91b9532/0.0.0/f4e89e8750d5d5ffbef2c078bf0ddfedef29dc2faff52a6255cf513c05eb1092/cache-9243c79a6c5ad65c_*_of_00001.arrow
Loading cached processed dataset at /home/hrao/.cache/huggingface/datasets/json/default-d8fdee35c91b9532/0.0.0/f4e89e8750d5d5ffbef2c078bf0ddfedef29dc2faff52a6255cf513c05eb1092/cache-d20e729ff412d39d_*_of_00001.arrow
07/22/2025 07:32:41 - INFO - datasets.arrow_dataset - Loading cached processed dataset at /home/hrao/.cache/huggingface/datasets/json/default-d8fdee35c91b9532/0.0.0/f4e89e8750d5d5ffbef2c078bf0ddfedef29dc2faff52a6255cf513c05eb1092/cache-d20e729ff412d39d_*_of_00001.arrow
Loading cached shuffled indices for dataset at /home/hrao/.cache/huggingface/datasets/json/default-d8fdee35c91b9532/0.0.0/f4e89e8750d5d5ffbef2c078bf0ddfedef29dc2faff52a6255cf513c05eb1092/cache-cee2e27e34c5a651.arrow
07/22/2025 07:32:41 - INFO - datasets.arrow_dataset - Loading cached shuffled indices for dataset at /home/hrao/.cache/huggingface/datasets/json/default-d8fdee35c91b9532/0.0.0/f4e89e8750d5d5ffbef2c078bf0ddfedef29dc2faff52a6255cf513c05eb1092/cache-cee2e27e34c5a651.arrow
07/22/2025 07:32:41 - INFO - __main__ - [Embeddings] 成功加载 /project/hrao/imbalance/embedding_data/conll04_json/train_embeddings.npy, shape=(2829, 768)
07/22/2025 07:32:41 - INFO - __main__ - Sample 2619 of the training set: {'input_ids': [1, 3518, 66643, 6875, 1011, 260, 64523, 357, 313, 3232, 378, 2973, 275, 128003, 2523, 902, 2556, 128004, 366, 23702, 366, 1893, 128001, 7326, 26654, 128002, 263, 1083, 718, 120442, 482, 315, 3510, 836, 264, 923, 2037, 323, 2, 0, 0, 0, 0, 0, 0, 0, 0, 0, 0, 0, 0, 0, 0, 0, 0, 0, 0, 0, 0, 0, 0, 0, 0, 0, 0, 0, 0, 0, 0, 0, 0, 0, 0, 0, 0, 0, 0, 0, 0, 0, 0, 0, 0, 0, 0, 0, 0, 0, 0, 0, 0, 0, 0, 0, 0, 0, 0, 0, 0, 0, 0, 0, 0, 0, 0, 0, 0, 0, 0, 0, 0, 0, 0, 0, 0, 0, 0, 0, 0, 0, 0, 0, 0, 0, 0, 0, 0, 0, 0, 0, 0, 0, 0, 0, 0, 0, 0, 0, 0, 0, 0, 0, 0, 0, 0, 0, 0, 0, 0, 0, 0, 0, 0, 0, 0, 0, 0, 0, 0, 0, 0, 0, 0, 0, 0, 0, 0, 0, 0, 0, 0, 0, 0, 0, 0, 0, 0, 0, 0, 0, 0, 0, 0, 0, 0, 0, 0, 0, 0, 0, 0, 0, 0, 0, 0, 0, 0, 0, 0, 0, 0, 0, 0, 0, 0, 0, 0, 0, 0, 0, 0, 0, 0, 0, 0, 0, 0, 0, 0, 0, 0, 0, 0, 0, 0, 0, 0, 0, 0, 0, 0, 0, 0, 0, 0, 0, 0, 0, 0, 0, 0, 0, 0, 0, 0, 0, 0, 0, 0, 0, 0, 0, 0, 0, 0, 0, 0, 0, 0, 0, 0, 0, 0, 0, 0, 0, 0, 0, 0, 0, 0, 0, 0, 0, 0, 0, 0, 0, 0, 0, 0, 0, 0, 0, 0, 0, 0, 0, 0, 0, 0, 0, 0, 0, 0, 0, 0, 0, 0, 0, 0, 0, 0, 0, 0, 0, 0, 0, 0, 0, 0, 0, 0, 0, 0, 0, 0, 0, 0, 0, 0, 0, 0, 0, 0, 0, 0, 0, 0, 0, 0, 0, 0, 0, 0, 0, 0, 0, 0, 0, 0, 0, 0, 0, 0, 0, 0, 0, 0, 0, 0, 0, 0, 0, 0, 0, 0, 0, 0, 0, 0, 0, 0, 0, 0, 0, 0, 0, 0, 0, 0, 0, 0, 0, 0, 0, 0, 0, 0, 0, 0, 0, 0, 0, 0, 0, 0, 0, 0, 0, 0, 0, 0, 0, 0, 0, 0, 0, 0, 0, 0, 0, 0, 0, 0, 0, 0, 0, 0, 0, 0, 0, 0, 0, 0, 0, 0, 0, 0, 0, 0, 0, 0, 0, 0, 0, 0, 0, 0, 0, 0, 0, 0, 0, 0, 0, 0, 0, 0, 0, 0, 0, 0, 0, 0, 0, 0, 0, 0, 0, 0, 0, 0, 0, 0, 0, 0, 0, 0, 0, 0, 0, 0, 0, 0, 0, 0, 0, 0, 0, 0, 0, 0, 0, 0, 0, 0, 0, 0, 0, 0, 0, 0, 0, 0, 0, 0, 0, 0, 0, 0, 0, 0, 0, 0, 0, 0, 0, 0, 0, 0, 0, 0, 0, 0, 0, 0, 0, 0, 0, 0, 0], 'token_type_ids': [0, 0, 0, 0, 0, 0, 0, 0, 0, 0, 0, 0, 0, 0, 0, 0, 0, 0, 0, 0, 0, 0, 0, 0, 0, 0, 0, 0, 0, 0, 0, 0, 0, 0, 0, 0, 0, 0, 0, 0, 0, 0, 0, 0, 0, 0, 0, 0, 0, 0, 0, 0, 0, 0, 0, 0, 0, 0, 0, 0, 0, 0, 0, 0, 0, 0, 0, 0, 0, 0, 0, 0, 0, 0, 0, 0, 0, 0, 0, 0, 0, 0, 0, 0, 0, 0, 0, 0, 0, 0, 0, 0, 0, 0, 0, 0, 0, 0, 0, 0, 0, 0, 0, 0, 0, 0, 0, 0, 0, 0, 0, 0, 0, 0, 0, 0, 0, 0, 0, 0, 0, 0, 0, 0, 0, 0, 0, 0, 0, 0, 0, 0, 0, 0, 0, 0, 0, 0, 0, 0, 0, 0, 0, 0, 0, 0, 0, 0, 0, 0, 0, 0, 0, 0, 0, 0, 0, 0, 0, 0, 0, 0, 0, 0, 0, 0, 0, 0, 0, 0, 0, 0, 0, 0, 0, 0, 0, 0, 0, 0, 0, 0, 0, 0, 0, 0, 0, 0, 0, 0, 0, 0, 0, 0, 0, 0, 0, 0, 0, 0, 0, 0, 0, 0, 0, 0, 0, 0, 0, 0, 0, 0, 0, 0, 0, 0, 0, 0, 0, 0, 0, 0, 0, 0, 0, 0, 0, 0, 0, 0, 0, 0, 0, 0, 0, 0, 0, 0, 0, 0, 0, 0, 0, 0, 0, 0, 0, 0, 0, 0, 0, 0, 0, 0, 0, 0, 0, 0, 0, 0, 0, 0, 0, 0, 0, 0, 0, 0, 0, 0, 0, 0, 0, 0, 0, 0, 0, 0, 0, 0, 0, 0, 0, 0, 0, 0, 0, 0, 0, 0, 0, 0, 0, 0, 0, 0, 0, 0, 0, 0, 0, 0, 0, 0, 0, 0, 0, 0, 0, 0, 0, 0, 0, 0, 0, 0, 0, 0, 0, 0, 0, 0, 0, 0, 0, 0, 0, 0, 0, 0, 0, 0, 0, 0, 0, 0, 0, 0, 0, 0, 0, 0, 0, 0, 0, 0, 0, 0, 0, 0, 0, 0, 0, 0, 0, 0, 0, 0, 0, 0, 0, 0, 0, 0, 0, 0, 0, 0, 0, 0, 0, 0, 0, 0, 0, 0, 0, 0, 0, 0, 0, 0, 0, 0, 0, 0, 0, 0, 0, 0, 0, 0, 0, 0, 0, 0, 0, 0, 0, 0, 0, 0, 0, 0, 0, 0, 0, 0, 0, 0, 0, 0, 0, 0, 0, 0, 0, 0, 0, 0, 0, 0, 0, 0, 0, 0, 0, 0, 0, 0, 0, 0, 0, 0, 0, 0, 0, 0, 0, 0, 0, 0, 0, 0, 0, 0, 0, 0, 0, 0, 0, 0, 0, 0, 0, 0, 0, 0, 0, 0, 0, 0, 0, 0, 0, 0, 0, 0, 0, 0, 0, 0, 0, 0, 0, 0, 0, 0, 0, 0, 0, 0, 0, 0, 0, 0, 0, 0, 0, 0, 0, 0, 0, 0, 0, 0, 0, 0, 0, 0, 0, 0, 0, 0, 0, 0, 0, 0, 0, 0, 0, 0], 'attention_mask': [1, 1, 1, 1, 1, 1, 1, 1, 1, 1, 1, 1, 1, 1, 1, 1, 1, 1, 1, 1, 1, 1, 1, 1, 1, 1, 1, 1, 1, 1, 1, 1, 1, 1, 1, 1, 1, 1, 1, 0, 0, 0, 0, 0, 0, 0, 0, 0, 0, 0, 0, 0, 0, 0, 0, 0, 0, 0, 0, 0, 0, 0, 0, 0, 0, 0, 0, 0, 0, 0, 0, 0, 0, 0, 0, 0, 0, 0, 0, 0, 0, 0, 0, 0, 0, 0, 0, 0, 0, 0, 0, 0, 0, 0, 0, 0, 0, 0, 0, 0, 0, 0, 0, 0, 0, 0, 0, 0, 0, 0, 0, 0, 0, 0, 0, 0, 0, 0, 0, 0, 0, 0, 0, 0, 0, 0, 0, 0, 0, 0, 0, 0, 0, 0, 0, 0, 0, 0, 0, 0, 0, 0, 0, 0, 0, 0, 0, 0, 0, 0, 0, 0, 0, 0, 0, 0, 0, 0, 0, 0, 0, 0, 0, 0, 0, 0, 0, 0, 0, 0, 0, 0, 0, 0, 0, 0, 0, 0, 0, 0, 0, 0, 0, 0, 0, 0, 0, 0, 0, 0, 0, 0, 0, 0, 0, 0, 0, 0, 0, 0, 0, 0, 0, 0, 0, 0, 0, 0, 0, 0, 0, 0, 0, 0, 0, 0, 0, 0, 0, 0, 0, 0, 0, 0, 0, 0, 0, 0, 0, 0, 0, 0, 0, 0, 0, 0, 0, 0, 0, 0, 0, 0, 0, 0, 0, 0, 0, 0, 0, 0, 0, 0, 0, 0, 0, 0, 0, 0, 0, 0, 0, 0, 0, 0, 0, 0, 0, 0, 0, 0, 0, 0, 0, 0, 0, 0, 0, 0, 0, 0, 0, 0, 0, 0, 0, 0, 0, 0, 0, 0, 0, 0, 0, 0, 0, 0, 0, 0, 0, 0, 0, 0, 0, 0, 0, 0, 0, 0, 0, 0, 0, 0, 0, 0, 0, 0, 0, 0, 0, 0, 0, 0, 0, 0, 0, 0, 0, 0, 0, 0, 0, 0, 0, 0, 0, 0, 0, 0, 0, 0, 0, 0, 0, 0, 0, 0, 0, 0, 0, 0, 0, 0, 0, 0, 0, 0, 0, 0, 0, 0, 0, 0, 0, 0, 0, 0, 0, 0, 0, 0, 0, 0, 0, 0, 0, 0, 0, 0, 0, 0, 0, 0, 0, 0, 0, 0, 0, 0, 0, 0, 0, 0, 0, 0, 0, 0, 0, 0, 0, 0, 0, 0, 0, 0, 0, 0, 0, 0, 0, 0, 0, 0, 0, 0, 0, 0, 0, 0, 0, 0, 0, 0, 0, 0, 0, 0, 0, 0, 0, 0, 0, 0, 0, 0, 0, 0, 0, 0, 0, 0, 0, 0, 0, 0, 0, 0, 0, 0, 0, 0, 0, 0, 0, 0, 0, 0, 0, 0, 0, 0, 0, 0, 0, 0, 0, 0, 0, 0, 0, 0, 0, 0, 0, 0, 0, 0, 0, 0, 0, 0, 0, 0, 0, 0, 0, 0, 0, 0, 0, 0, 0, 0, 0, 0, 0, 0, 0, 0, 0, 0, 0, 0, 0, 0, 0, 0, 0, 0, 0, 0, 0, 0], 'label': 4, 'orig_idx': 2619}.
07/22/2025 07:32:41 - INFO - __main__ - Sample 456 of the training set: {'input_ids': [1, 287, 7655, 1263, 5778, 903, 712, 11031, 558, 341, 271, 945, 7326, 36998, 20431, 26640, 3427, 26654, 284, 8316, 68395, 1574, 265, 262, 128001, 4205, 265, 923, 2037, 128002, 288, 621, 260, 2160, 8424, 277, 1420, 128003, 287, 712, 903, 128004, 1263, 323, 2, 0, 0, 0, 0, 0, 0, 0, 0, 0, 0, 0, 0, 0, 0, 0, 0, 0, 0, 0, 0, 0, 0, 0, 0, 0, 0, 0, 0, 0, 0, 0, 0, 0, 0, 0, 0, 0, 0, 0, 0, 0, 0, 0, 0, 0, 0, 0, 0, 0, 0, 0, 0, 0, 0, 0, 0, 0, 0, 0, 0, 0, 0, 0, 0, 0, 0, 0, 0, 0, 0, 0, 0, 0, 0, 0, 0, 0, 0, 0, 0, 0, 0, 0, 0, 0, 0, 0, 0, 0, 0, 0, 0, 0, 0, 0, 0, 0, 0, 0, 0, 0, 0, 0, 0, 0, 0, 0, 0, 0, 0, 0, 0, 0, 0, 0, 0, 0, 0, 0, 0, 0, 0, 0, 0, 0, 0, 0, 0, 0, 0, 0, 0, 0, 0, 0, 0, 0, 0, 0, 0, 0, 0, 0, 0, 0, 0, 0, 0, 0, 0, 0, 0, 0, 0, 0, 0, 0, 0, 0, 0, 0, 0, 0, 0, 0, 0, 0, 0, 0, 0, 0, 0, 0, 0, 0, 0, 0, 0, 0, 0, 0, 0, 0, 0, 0, 0, 0, 0, 0, 0, 0, 0, 0, 0, 0, 0, 0, 0, 0, 0, 0, 0, 0, 0, 0, 0, 0, 0, 0, 0, 0, 0, 0, 0, 0, 0, 0, 0, 0, 0, 0, 0, 0, 0, 0, 0, 0, 0, 0, 0, 0, 0, 0, 0, 0, 0, 0, 0, 0, 0, 0, 0, 0, 0, 0, 0, 0, 0, 0, 0, 0, 0, 0, 0, 0, 0, 0, 0, 0, 0, 0, 0, 0, 0, 0, 0, 0, 0, 0, 0, 0, 0, 0, 0, 0, 0, 0, 0, 0, 0, 0, 0, 0, 0, 0, 0, 0, 0, 0, 0, 0, 0, 0, 0, 0, 0, 0, 0, 0, 0, 0, 0, 0, 0, 0, 0, 0, 0, 0, 0, 0, 0, 0, 0, 0, 0, 0, 0, 0, 0, 0, 0, 0, 0, 0, 0, 0, 0, 0, 0, 0, 0, 0, 0, 0, 0, 0, 0, 0, 0, 0, 0, 0, 0, 0, 0, 0, 0, 0, 0, 0, 0, 0, 0, 0, 0, 0, 0, 0, 0, 0, 0, 0, 0, 0, 0, 0, 0, 0, 0, 0, 0, 0, 0, 0, 0, 0, 0, 0, 0, 0, 0, 0, 0, 0, 0, 0, 0, 0, 0, 0, 0, 0, 0, 0, 0, 0, 0, 0, 0, 0, 0, 0, 0, 0, 0, 0, 0, 0, 0, 0, 0, 0, 0, 0, 0, 0, 0, 0, 0, 0, 0, 0, 0, 0, 0, 0, 0, 0, 0, 0, 0, 0, 0, 0, 0, 0, 0, 0, 0, 0, 0, 0, 0, 0, 0, 0, 0, 0, 0, 0, 0, 0, 0, 0, 0, 0, 0, 0, 0, 0, 0, 0, 0, 0, 0, 0], 'token_type_ids': [0, 0, 0, 0, 0, 0, 0, 0, 0, 0, 0, 0, 0, 0, 0, 0, 0, 0, 0, 0, 0, 0, 0, 0, 0, 0, 0, 0, 0, 0, 0, 0, 0, 0, 0, 0, 0, 0, 0, 0, 0, 0, 0, 0, 0, 0, 0, 0, 0, 0, 0, 0, 0, 0, 0, 0, 0, 0, 0, 0, 0, 0, 0, 0, 0, 0, 0, 0, 0, 0, 0, 0, 0, 0, 0, 0, 0, 0, 0, 0, 0, 0, 0, 0, 0, 0, 0, 0, 0, 0, 0, 0, 0, 0, 0, 0, 0, 0, 0, 0, 0, 0, 0, 0, 0, 0, 0, 0, 0, 0, 0, 0, 0, 0, 0, 0, 0, 0, 0, 0, 0, 0, 0, 0, 0, 0, 0, 0, 0, 0, 0, 0, 0, 0, 0, 0, 0, 0, 0, 0, 0, 0, 0, 0, 0, 0, 0, 0, 0, 0, 0, 0, 0, 0, 0, 0, 0, 0, 0, 0, 0, 0, 0, 0, 0, 0, 0, 0, 0, 0, 0, 0, 0, 0, 0, 0, 0, 0, 0, 0, 0, 0, 0, 0, 0, 0, 0, 0, 0, 0, 0, 0, 0, 0, 0, 0, 0, 0, 0, 0, 0, 0, 0, 0, 0, 0, 0, 0, 0, 0, 0, 0, 0, 0, 0, 0, 0, 0, 0, 0, 0, 0, 0, 0, 0, 0, 0, 0, 0, 0, 0, 0, 0, 0, 0, 0, 0, 0, 0, 0, 0, 0, 0, 0, 0, 0, 0, 0, 0, 0, 0, 0, 0, 0, 0, 0, 0, 0, 0, 0, 0, 0, 0, 0, 0, 0, 0, 0, 0, 0, 0, 0, 0, 0, 0, 0, 0, 0, 0, 0, 0, 0, 0, 0, 0, 0, 0, 0, 0, 0, 0, 0, 0, 0, 0, 0, 0, 0, 0, 0, 0, 0, 0, 0, 0, 0, 0, 0, 0, 0, 0, 0, 0, 0, 0, 0, 0, 0, 0, 0, 0, 0, 0, 0, 0, 0, 0, 0, 0, 0, 0, 0, 0, 0, 0, 0, 0, 0, 0, 0, 0, 0, 0, 0, 0, 0, 0, 0, 0, 0, 0, 0, 0, 0, 0, 0, 0, 0, 0, 0, 0, 0, 0, 0, 0, 0, 0, 0, 0, 0, 0, 0, 0, 0, 0, 0, 0, 0, 0, 0, 0, 0, 0, 0, 0, 0, 0, 0, 0, 0, 0, 0, 0, 0, 0, 0, 0, 0, 0, 0, 0, 0, 0, 0, 0, 0, 0, 0, 0, 0, 0, 0, 0, 0, 0, 0, 0, 0, 0, 0, 0, 0, 0, 0, 0, 0, 0, 0, 0, 0, 0, 0, 0, 0, 0, 0, 0, 0, 0, 0, 0, 0, 0, 0, 0, 0, 0, 0, 0, 0, 0, 0, 0, 0, 0, 0, 0, 0, 0, 0, 0, 0, 0, 0, 0, 0, 0, 0, 0, 0, 0, 0, 0, 0, 0, 0, 0, 0, 0, 0, 0, 0, 0, 0, 0, 0, 0, 0, 0, 0, 0, 0, 0, 0, 0, 0, 0, 0, 0, 0, 0, 0, 0, 0, 0, 0, 0, 0, 0, 0, 0, 0], 'attention_mask': [1, 1, 1, 1, 1, 1, 1, 1, 1, 1, 1, 1, 1, 1, 1, 1, 1, 1, 1, 1, 1, 1, 1, 1, 1, 1, 1, 1, 1, 1, 1, 1, 1, 1, 1, 1, 1, 1, 1, 1, 1, 1, 1, 1, 1, 0, 0, 0, 0, 0, 0, 0, 0, 0, 0, 0, 0, 0, 0, 0, 0, 0, 0, 0, 0, 0, 0, 0, 0, 0, 0, 0, 0, 0, 0, 0, 0, 0, 0, 0, 0, 0, 0, 0, 0, 0, 0, 0, 0, 0, 0, 0, 0, 0, 0, 0, 0, 0, 0, 0, 0, 0, 0, 0, 0, 0, 0, 0, 0, 0, 0, 0, 0, 0, 0, 0, 0, 0, 0, 0, 0, 0, 0, 0, 0, 0, 0, 0, 0, 0, 0, 0, 0, 0, 0, 0, 0, 0, 0, 0, 0, 0, 0, 0, 0, 0, 0, 0, 0, 0, 0, 0, 0, 0, 0, 0, 0, 0, 0, 0, 0, 0, 0, 0, 0, 0, 0, 0, 0, 0, 0, 0, 0, 0, 0, 0, 0, 0, 0, 0, 0, 0, 0, 0, 0, 0, 0, 0, 0, 0, 0, 0, 0, 0, 0, 0, 0, 0, 0, 0, 0, 0, 0, 0, 0, 0, 0, 0, 0, 0, 0, 0, 0, 0, 0, 0, 0, 0, 0, 0, 0, 0, 0, 0, 0, 0, 0, 0, 0, 0, 0, 0, 0, 0, 0, 0, 0, 0, 0, 0, 0, 0, 0, 0, 0, 0, 0, 0, 0, 0, 0, 0, 0, 0, 0, 0, 0, 0, 0, 0, 0, 0, 0, 0, 0, 0, 0, 0, 0, 0, 0, 0, 0, 0, 0, 0, 0, 0, 0, 0, 0, 0, 0, 0, 0, 0, 0, 0, 0, 0, 0, 0, 0, 0, 0, 0, 0, 0, 0, 0, 0, 0, 0, 0, 0, 0, 0, 0, 0, 0, 0, 0, 0, 0, 0, 0, 0, 0, 0, 0, 0, 0, 0, 0, 0, 0, 0, 0, 0, 0, 0, 0, 0, 0, 0, 0, 0, 0, 0, 0, 0, 0, 0, 0, 0, 0, 0, 0, 0, 0, 0, 0, 0, 0, 0, 0, 0, 0, 0, 0, 0, 0, 0, 0, 0, 0, 0, 0, 0, 0, 0, 0, 0, 0, 0, 0, 0, 0, 0, 0, 0, 0, 0, 0, 0, 0, 0, 0, 0, 0, 0, 0, 0, 0, 0, 0, 0, 0, 0, 0, 0, 0, 0, 0, 0, 0, 0, 0, 0, 0, 0, 0, 0, 0, 0, 0, 0, 0, 0, 0, 0, 0, 0, 0, 0, 0, 0, 0, 0, 0, 0, 0, 0, 0, 0, 0, 0, 0, 0, 0, 0, 0, 0, 0, 0, 0, 0, 0, 0, 0, 0, 0, 0, 0, 0, 0, 0, 0, 0, 0, 0, 0, 0, 0, 0, 0, 0, 0, 0, 0, 0, 0, 0, 0, 0, 0, 0, 0, 0, 0, 0, 0, 0, 0, 0, 0, 0, 0, 0, 0, 0, 0, 0, 0, 0, 0, 0, 0, 0, 0, 0, 0, 0, 0, 0, 0, 0, 0, 0, 0, 0, 0], 'label': 5, 'orig_idx': 456}.
07/22/2025 07:32:41 - INFO - __main__ - Sample 102 of the training set: {'input_ids': [1, 9043, 9043, 458, 301, 286, 8315, 366, 267, 262, 5331, 22589, 267, 747, 270, 262, 21610, 265, 308, 355, 366, 287, 269, 1263, 272, 2742, 1610, 490, 282, 7570, 2742, 263, 272, 273, 875, 262, 128001, 780, 1017, 128002, 296, 380, 291, 1062, 270, 15637, 899, 354, 22589, 366, 382, 382, 128003, 3868, 260, 7739, 128004, 357, 267, 299, 2109, 292, 342, 425, 941, 91889, 267, 4494, 6404, 260, 2, 0, 0, 0, 0, 0, 0, 0, 0, 0, 0, 0, 0, 0, 0, 0, 0, 0, 0, 0, 0, 0, 0, 0, 0, 0, 0, 0, 0, 0, 0, 0, 0, 0, 0, 0, 0, 0, 0, 0, 0, 0, 0, 0, 0, 0, 0, 0, 0, 0, 0, 0, 0, 0, 0, 0, 0, 0, 0, 0, 0, 0, 0, 0, 0, 0, 0, 0, 0, 0, 0, 0, 0, 0, 0, 0, 0, 0, 0, 0, 0, 0, 0, 0, 0, 0, 0, 0, 0, 0, 0, 0, 0, 0, 0, 0, 0, 0, 0, 0, 0, 0, 0, 0, 0, 0, 0, 0, 0, 0, 0, 0, 0, 0, 0, 0, 0, 0, 0, 0, 0, 0, 0, 0, 0, 0, 0, 0, 0, 0, 0, 0, 0, 0, 0, 0, 0, 0, 0, 0, 0, 0, 0, 0, 0, 0, 0, 0, 0, 0, 0, 0, 0, 0, 0, 0, 0, 0, 0, 0, 0, 0, 0, 0, 0, 0, 0, 0, 0, 0, 0, 0, 0, 0, 0, 0, 0, 0, 0, 0, 0, 0, 0, 0, 0, 0, 0, 0, 0, 0, 0, 0, 0, 0, 0, 0, 0, 0, 0, 0, 0, 0, 0, 0, 0, 0, 0, 0, 0, 0, 0, 0, 0, 0, 0, 0, 0, 0, 0, 0, 0, 0, 0, 0, 0, 0, 0, 0, 0, 0, 0, 0, 0, 0, 0, 0, 0, 0, 0, 0, 0, 0, 0, 0, 0, 0, 0, 0, 0, 0, 0, 0, 0, 0, 0, 0, 0, 0, 0, 0, 0, 0, 0, 0, 0, 0, 0, 0, 0, 0, 0, 0, 0, 0, 0, 0, 0, 0, 0, 0, 0, 0, 0, 0, 0, 0, 0, 0, 0, 0, 0, 0, 0, 0, 0, 0, 0, 0, 0, 0, 0, 0, 0, 0, 0, 0, 0, 0, 0, 0, 0, 0, 0, 0, 0, 0, 0, 0, 0, 0, 0, 0, 0, 0, 0, 0, 0, 0, 0, 0, 0, 0, 0, 0, 0, 0, 0, 0, 0, 0, 0, 0, 0, 0, 0, 0, 0, 0, 0, 0, 0, 0, 0, 0, 0, 0, 0, 0, 0, 0, 0, 0, 0, 0, 0, 0, 0, 0, 0, 0, 0, 0, 0, 0, 0, 0, 0, 0, 0, 0, 0, 0, 0, 0, 0, 0, 0, 0, 0, 0, 0, 0, 0, 0, 0, 0, 0, 0, 0, 0, 0, 0, 0, 0, 0, 0, 0, 0, 0, 0, 0, 0, 0, 0, 0, 0, 0, 0, 0, 0, 0, 0, 0, 0, 0, 0, 0, 0, 0, 0, 0, 0, 0, 0, 0, 0, 0, 0, 0, 0, 0, 0], 'token_type_ids': [0, 0, 0, 0, 0, 0, 0, 0, 0, 0, 0, 0, 0, 0, 0, 0, 0, 0, 0, 0, 0, 0, 0, 0, 0, 0, 0, 0, 0, 0, 0, 0, 0, 0, 0, 0, 0, 0, 0, 0, 0, 0, 0, 0, 0, 0, 0, 0, 0, 0, 0, 0, 0, 0, 0, 0, 0, 0, 0, 0, 0, 0, 0, 0, 0, 0, 0, 0, 0, 0, 0, 0, 0, 0, 0, 0, 0, 0, 0, 0, 0, 0, 0, 0, 0, 0, 0, 0, 0, 0, 0, 0, 0, 0, 0, 0, 0, 0, 0, 0, 0, 0, 0, 0, 0, 0, 0, 0, 0, 0, 0, 0, 0, 0, 0, 0, 0, 0, 0, 0, 0, 0, 0, 0, 0, 0, 0, 0, 0, 0, 0, 0, 0, 0, 0, 0, 0, 0, 0, 0, 0, 0, 0, 0, 0, 0, 0, 0, 0, 0, 0, 0, 0, 0, 0, 0, 0, 0, 0, 0, 0, 0, 0, 0, 0, 0, 0, 0, 0, 0, 0, 0, 0, 0, 0, 0, 0, 0, 0, 0, 0, 0, 0, 0, 0, 0, 0, 0, 0, 0, 0, 0, 0, 0, 0, 0, 0, 0, 0, 0, 0, 0, 0, 0, 0, 0, 0, 0, 0, 0, 0, 0, 0, 0, 0, 0, 0, 0, 0, 0, 0, 0, 0, 0, 0, 0, 0, 0, 0, 0, 0, 0, 0, 0, 0, 0, 0, 0, 0, 0, 0, 0, 0, 0, 0, 0, 0, 0, 0, 0, 0, 0, 0, 0, 0, 0, 0, 0, 0, 0, 0, 0, 0, 0, 0, 0, 0, 0, 0, 0, 0, 0, 0, 0, 0, 0, 0, 0, 0, 0, 0, 0, 0, 0, 0, 0, 0, 0, 0, 0, 0, 0, 0, 0, 0, 0, 0, 0, 0, 0, 0, 0, 0, 0, 0, 0, 0, 0, 0, 0, 0, 0, 0, 0, 0, 0, 0, 0, 0, 0, 0, 0, 0, 0, 0, 0, 0, 0, 0, 0, 0, 0, 0, 0, 0, 0, 0, 0, 0, 0, 0, 0, 0, 0, 0, 0, 0, 0, 0, 0, 0, 0, 0, 0, 0, 0, 0, 0, 0, 0, 0, 0, 0, 0, 0, 0, 0, 0, 0, 0, 0, 0, 0, 0, 0, 0, 0, 0, 0, 0, 0, 0, 0, 0, 0, 0, 0, 0, 0, 0, 0, 0, 0, 0, 0, 0, 0, 0, 0, 0, 0, 0, 0, 0, 0, 0, 0, 0, 0, 0, 0, 0, 0, 0, 0, 0, 0, 0, 0, 0, 0, 0, 0, 0, 0, 0, 0, 0, 0, 0, 0, 0, 0, 0, 0, 0, 0, 0, 0, 0, 0, 0, 0, 0, 0, 0, 0, 0, 0, 0, 0, 0, 0, 0, 0, 0, 0, 0, 0, 0, 0, 0, 0, 0, 0, 0, 0, 0, 0, 0, 0, 0, 0, 0, 0, 0, 0, 0, 0, 0, 0, 0, 0, 0, 0, 0, 0, 0, 0, 0, 0, 0, 0, 0, 0, 0, 0, 0, 0, 0, 0, 0, 0, 0, 0, 0, 0, 0, 0, 0, 0, 0], 'attention_mask': [1, 1, 1, 1, 1, 1, 1, 1, 1, 1, 1, 1, 1, 1, 1, 1, 1, 1, 1, 1, 1, 1, 1, 1, 1, 1, 1, 1, 1, 1, 1, 1, 1, 1, 1, 1, 1, 1, 1, 1, 1, 1, 1, 1, 1, 1, 1, 1, 1, 1, 1, 1, 1, 1, 1, 1, 1, 1, 1, 1, 1, 1, 1, 1, 1, 1, 1, 1, 1, 1, 1, 0, 0, 0, 0, 0, 0, 0, 0, 0, 0, 0, 0, 0, 0, 0, 0, 0, 0, 0, 0, 0, 0, 0, 0, 0, 0, 0, 0, 0, 0, 0, 0, 0, 0, 0, 0, 0, 0, 0, 0, 0, 0, 0, 0, 0, 0, 0, 0, 0, 0, 0, 0, 0, 0, 0, 0, 0, 0, 0, 0, 0, 0, 0, 0, 0, 0, 0, 0, 0, 0, 0, 0, 0, 0, 0, 0, 0, 0, 0, 0, 0, 0, 0, 0, 0, 0, 0, 0, 0, 0, 0, 0, 0, 0, 0, 0, 0, 0, 0, 0, 0, 0, 0, 0, 0, 0, 0, 0, 0, 0, 0, 0, 0, 0, 0, 0, 0, 0, 0, 0, 0, 0, 0, 0, 0, 0, 0, 0, 0, 0, 0, 0, 0, 0, 0, 0, 0, 0, 0, 0, 0, 0, 0, 0, 0, 0, 0, 0, 0, 0, 0, 0, 0, 0, 0, 0, 0, 0, 0, 0, 0, 0, 0, 0, 0, 0, 0, 0, 0, 0, 0, 0, 0, 0, 0, 0, 0, 0, 0, 0, 0, 0, 0, 0, 0, 0, 0, 0, 0, 0, 0, 0, 0, 0, 0, 0, 0, 0, 0, 0, 0, 0, 0, 0, 0, 0, 0, 0, 0, 0, 0, 0, 0, 0, 0, 0, 0, 0, 0, 0, 0, 0, 0, 0, 0, 0, 0, 0, 0, 0, 0, 0, 0, 0, 0, 0, 0, 0, 0, 0, 0, 0, 0, 0, 0, 0, 0, 0, 0, 0, 0, 0, 0, 0, 0, 0, 0, 0, 0, 0, 0, 0, 0, 0, 0, 0, 0, 0, 0, 0, 0, 0, 0, 0, 0, 0, 0, 0, 0, 0, 0, 0, 0, 0, 0, 0, 0, 0, 0, 0, 0, 0, 0, 0, 0, 0, 0, 0, 0, 0, 0, 0, 0, 0, 0, 0, 0, 0, 0, 0, 0, 0, 0, 0, 0, 0, 0, 0, 0, 0, 0, 0, 0, 0, 0, 0, 0, 0, 0, 0, 0, 0, 0, 0, 0, 0, 0, 0, 0, 0, 0, 0, 0, 0, 0, 0, 0, 0, 0, 0, 0, 0, 0, 0, 0, 0, 0, 0, 0, 0, 0, 0, 0, 0, 0, 0, 0, 0, 0, 0, 0, 0, 0, 0, 0, 0, 0, 0, 0, 0, 0, 0, 0, 0, 0, 0, 0, 0, 0, 0, 0, 0, 0, 0, 0, 0, 0, 0, 0, 0, 0, 0, 0, 0, 0, 0, 0, 0, 0, 0, 0, 0, 0, 0, 0, 0, 0, 0, 0, 0, 0, 0, 0, 0, 0, 0, 0, 0, 0, 0, 0, 0, 0, 0, 0, 0, 0, 0, 0, 0, 0], 'label': 5, 'orig_idx': 102}.
07/22/2025 07:32:42 - INFO - __main__ - Metrics loaded: macro-F1, micro-F1, accuracy
/project/hrao/imbalance/re_meta_emb/meta/custom_trainer.py:72: FutureWarning: `tokenizer` is deprecated and will be removed in version 5.0.0 for `HardnessAwareTrainer.__init__`. Use `processing_class` instead.
  super().__init__(*args, **kwargs)
[INFO|trainer.py:756] 2025-07-22 07:32:42,252 >> Using auto half precision backend
07/22/2025 07:32:42 - INFO - __main__ - KnnEpochEndCallback has been added to the trainer.
[INFO|trainer.py:934] 2025-07-22 07:32:42,407 >> The following columns in the Training set don't have a corresponding argument in `DebertaV2ForSequenceClassification.forward` and have been ignored: orig_idx. If orig_idx are not expected by `DebertaV2ForSequenceClassification.forward`,  you can safely ignore this message.
[INFO|trainer.py:2409] 2025-07-22 07:32:42,421 >> ***** Running training *****
[INFO|trainer.py:2410] 2025-07-22 07:32:42,421 >>   Num examples = 2,829
[INFO|trainer.py:2411] 2025-07-22 07:32:42,421 >>   Num Epochs = 8
[INFO|trainer.py:2412] 2025-07-22 07:32:42,421 >>   Instantaneous batch size per device = 8
[INFO|trainer.py:2415] 2025-07-22 07:32:42,421 >>   Total train batch size (w. parallel, distributed & accumulation) = 32
[INFO|trainer.py:2416] 2025-07-22 07:32:42,421 >>   Gradient Accumulation steps = 4
[INFO|trainer.py:2417] 2025-07-22 07:32:42,421 >>   Total optimization steps = 712
[INFO|trainer.py:2418] 2025-07-22 07:32:42,422 >>   Number of trainable parameters = 184,353,798

  0%|          | 0/712 [00:00<?, ?it/s]
  0%|          | 1/712 [00:01<17:18,  1.46s/it]
  0%|          | 2/712 [00:02<13:43,  1.16s/it]
  0%|          | 3/712 [00:03<12:34,  1.06s/it]
  1%|          | 4/712 [00:04<12:01,  1.02s/it]
  1%|          | 5/712 [00:05<11:43,  1.01it/s]
  1%|          | 6/712 [00:06<11:31,  1.02it/s]
  1%|          | 7/712 [00:07<11:24,  1.03it/s]
  1%|          | 8/712 [00:08<11:18,  1.04it/s]
  1%|▏         | 9/712 [00:09<11:23,  1.03it/s]
  1%|▏         | 10/712 [00:10<11:18,  1.04it/s]
  2%|▏         | 11/712 [00:11<11:14,  1.04it/s]
  2%|▏         | 12/712 [00:11<11:11,  1.04it/s]
  2%|▏         | 13/712 [00:12<11:08,  1.05it/s]
  2%|▏         | 14/712 [00:13<11:06,  1.05it/s]
  2%|▏         | 15/712 [00:14<11:04,  1.05it/s]
  2%|▏         | 16/712 [00:15<11:03,  1.05it/s]
  2%|▏         | 17/712 [00:16<11:01,  1.05it/s]
  3%|▎         | 18/712 [00:17<10:56,  1.06it/s]
  3%|▎         | 19/712 [00:18<10:56,  1.05it/s]
  3%|▎         | 20/712 [00:19<10:56,  1.05it/s]
  3%|▎         | 21/712 [00:20<10:56,  1.05it/s]
  3%|▎         | 22/712 [00:21<10:55,  1.05it/s]
  3%|▎         | 23/712 [00:22<10:54,  1.05it/s]
  3%|▎         | 24/712 [00:23<10:53,  1.05it/s]
  4%|▎         | 25/712 [00:24<10:53,  1.05it/s]
  4%|▎         | 26/712 [00:25<10:52,  1.05it/s]
  4%|▍         | 27/712 [00:26<10:47,  1.06it/s]
  4%|▍         | 28/712 [00:27<10:47,  1.06it/s]
  4%|▍         | 29/712 [00:28<10:47,  1.06it/s]
  4%|▍         | 30/712 [00:29<10:47,  1.05it/s]
  4%|▍         | 31/712 [00:29<10:46,  1.05it/s]
  4%|▍         | 32/712 [00:30<10:45,  1.05it/s]
  5%|▍         | 33/712 [00:31<10:45,  1.05it/s]
  5%|▍         | 34/712 [00:32<10:44,  1.05it/s]
  5%|▍         | 35/712 [00:33<10:43,  1.05it/s]
  5%|▌         | 36/712 [00:34<10:38,  1.06it/s]
  5%|▌         | 37/712 [00:35<10:38,  1.06it/s]
  5%|▌         | 38/712 [00:36<10:38,  1.06it/s]
  5%|▌         | 39/712 [00:37<10:38,  1.05it/s]
  6%|▌         | 40/712 [00:38<10:37,  1.05it/s]
  6%|▌         | 41/712 [00:39<10:37,  1.05it/s]
  6%|▌         | 42/712 [00:40<10:36,  1.05it/s]
  6%|▌         | 43/712 [00:41<10:35,  1.05it/s]
  6%|▌         | 44/712 [00:42<10:34,  1.05it/s]
  6%|▋         | 45/712 [00:43<10:30,  1.06it/s]
  6%|▋         | 46/712 [00:44<10:30,  1.06it/s]
  7%|▋         | 47/712 [00:45<10:30,  1.06it/s]
  7%|▋         | 48/712 [00:46<10:30,  1.05it/s]
  7%|▋         | 49/712 [00:47<10:29,  1.05it/s]
  7%|▋         | 50/712 [00:48<10:28,  1.05it/s]
                                                

  7%|▋         | 50/712 [00:48<10:28,  1.05it/s]
  7%|▋         | 51/712 [00:48<10:29,  1.05it/s]
  7%|▋         | 52/712 [00:49<10:27,  1.05it/s]
  7%|▋         | 53/712 [00:50<10:26,  1.05it/s]
  8%|▊         | 54/712 [00:51<10:22,  1.06it/s]
  8%|▊         | 55/712 [00:52<10:22,  1.06it/s]
  8%|▊         | 56/712 [00:53<10:21,  1.05it/s]
  8%|▊         | 57/712 [00:54<10:21,  1.05it/s]
  8%|▊         | 58/712 [00:55<10:20,  1.05it/s]
  8%|▊         | 59/712 [00:56<10:20,  1.05it/s]
  8%|▊         | 60/712 [00:57<10:19,  1.05it/s]
  9%|▊         | 61/712 [00:58<10:18,  1.05it/s]
  9%|▊         | 62/712 [00:59<10:17,  1.05it/s]
  9%|▉         | 63/712 [01:00<10:13,  1.06it/s]
  9%|▉         | 64/712 [01:01<10:13,  1.06it/s]
  9%|▉         | 65/712 [01:02<10:13,  1.06it/s]
  9%|▉         | 66/712 [01:03<10:12,  1.05it/s]
  9%|▉         | 67/712 [01:04<10:12,  1.05it/s]
 10%|▉         | 68/712 [01:05<10:11,  1.05it/s]
 10%|▉         | 69/712 [01:06<10:11,  1.05it/s]
 10%|▉         | 70/712 [01:07<10:10,  1.05it/s]
 10%|▉         | 71/712 [01:07<10:09,  1.05it/s]
 10%|█         | 72/712 [01:08<10:04,  1.06it/s]
 10%|█         | 73/712 [01:09<10:05,  1.06it/s]
 10%|█         | 74/712 [01:10<10:04,  1.06it/s]
 11%|█         | 75/712 [01:11<10:04,  1.05it/s]
 11%|█         | 76/712 [01:12<10:03,  1.05it/s]
 11%|█         | 77/712 [01:13<10:03,  1.05it/s]
 11%|█         | 78/712 [01:14<10:02,  1.05it/s]
 11%|█         | 79/712 [01:15<10:00,  1.05it/s]
 11%|█         | 80/712 [01:16<10:00,  1.05it/s]
 11%|█▏        | 81/712 [01:17<09:55,  1.06it/s]
 12%|█▏        | 82/712 [01:18<09:56,  1.06it/s]
 12%|█▏        | 83/712 [01:19<09:55,  1.06it/s]
 12%|█▏        | 84/712 [01:20<09:55,  1.05it/s]
 12%|█▏        | 85/712 [01:21<09:55,  1.05it/s]
 12%|█▏        | 86/712 [01:22<09:54,  1.05it/s]
 12%|█▏        | 87/712 [01:23<09:53,  1.05it/s]
 12%|█▏        | 88/712 [01:24<09:52,  1.05it/s]
 12%|█▎        | 89/712 [01:24<08:18,  1.25it/s]
 13%|█▎        | 90/712 [01:25<09:27,  1.10it/s]
 13%|█▎        | 91/712 [01:26<09:29,  1.09it/s]
 13%|█▎        | 92/712 [01:27<09:35,  1.08it/s]
 13%|█▎        | 93/712 [01:28<09:38,  1.07it/s]
 13%|█▎        | 94/712 [01:29<09:40,  1.06it/s]
 13%|█▎        | 95/712 [01:30<09:41,  1.06it/s]
 13%|█▎        | 96/712 [01:31<09:42,  1.06it/s]
 14%|█▎        | 97/712 [01:32<09:42,  1.06it/s]
 14%|█▍        | 98/712 [01:33<09:42,  1.05it/s]
 14%|█▍        | 99/712 [01:34<09:41,  1.05it/s]
 14%|█▍        | 100/712 [01:35<09:37,  1.06it/s]
                                                 

 14%|█▍        | 100/712 [01:35<09:37,  1.06it/s]
 14%|█▍        | 101/712 [01:36<09:45,  1.04it/s]
 14%|█▍        | 102/712 [01:37<09:42,  1.05it/s]
 14%|█▍        | 103/712 [01:38<09:40,  1.05it/s]
 15%|█▍        | 104/712 [01:39<09:39,  1.05it/s]
 15%|█▍        | 105/712 [01:39<09:38,  1.05it/s]
 15%|█▍        | 106/712 [01:40<09:36,  1.05it/s]
 15%|█▌        | 107/712 [01:41<09:35,  1.05it/s]
 15%|█▌        | 108/712 [01:42<09:34,  1.05it/s]
 15%|█▌        | 109/712 [01:43<09:29,  1.06it/s]
 15%|█▌        | 110/712 [01:44<09:29,  1.06it/s]
 16%|█▌        | 111/712 [01:45<09:29,  1.05it/s]
 16%|█▌        | 112/712 [01:46<09:29,  1.05it/s]
 16%|█▌        | 113/712 [01:47<09:28,  1.05it/s]
 16%|█▌        | 114/712 [01:48<09:28,  1.05it/s]
 16%|█▌        | 115/712 [01:49<09:27,  1.05it/s]
 16%|█▋        | 116/712 [01:50<09:26,  1.05it/s]
 16%|█▋        | 117/712 [01:51<09:25,  1.05it/s]
 17%|█▋        | 118/712 [01:52<09:21,  1.06it/s]
 17%|█▋        | 119/712 [01:53<09:21,  1.06it/s]
 17%|█▋        | 120/712 [01:54<09:21,  1.06it/s]
 17%|█▋        | 121/712 [01:55<09:20,  1.05it/s]
 17%|█▋        | 122/712 [01:56<09:19,  1.05it/s]
 17%|█▋        | 123/712 [01:57<09:19,  1.05it/s]
 17%|█▋        | 124/712 [01:57<09:18,  1.05it/s]
 18%|█▊        | 125/712 [01:58<09:17,  1.05it/s]
 18%|█▊        | 126/712 [01:59<09:17,  1.05it/s]
 18%|█▊        | 127/712 [02:00<09:12,  1.06it/s]
 18%|█▊        | 128/712 [02:01<09:12,  1.06it/s]
 18%|█▊        | 129/712 [02:02<09:12,  1.06it/s]
 18%|█▊        | 130/712 [02:03<09:12,  1.05it/s]
 18%|█▊        | 131/712 [02:04<09:11,  1.05it/s]
 19%|█▊        | 132/712 [02:05<09:10,  1.05it/s]
 19%|█▊        | 133/712 [02:06<09:10,  1.05it/s]
 19%|█▉        | 134/712 [02:07<09:09,  1.05it/s]
 19%|█▉        | 135/712 [02:08<09:08,  1.05it/s]
 19%|█▉        | 136/712 [02:09<09:04,  1.06it/s]
 19%|█▉        | 137/712 [02:10<09:04,  1.06it/s]
 19%|█▉        | 138/712 [02:11<09:03,  1.06it/s]
 20%|█▉        | 139/712 [02:12<09:03,  1.05it/s]
 20%|█▉        | 140/712 [02:13<09:03,  1.05it/s]
 20%|█▉        | 141/712 [02:14<09:02,  1.05it/s]
 20%|█▉        | 142/712 [02:15<09:01,  1.05it/s]
 20%|██        | 143/712 [02:16<09:00,  1.05it/s]
 20%|██        | 144/712 [02:16<08:59,  1.05it/s]
 20%|██        | 145/712 [02:17<08:55,  1.06it/s]
 21%|██        | 146/712 [02:18<08:55,  1.06it/s]
 21%|██        | 147/712 [02:19<08:55,  1.06it/s]
 21%|██        | 148/712 [02:20<08:55,  1.05it/s]
 21%|██        | 149/712 [02:21<08:54,  1.05it/s]
 21%|██        | 150/712 [02:22<08:53,  1.05it/s]
                                                 

 21%|██        | 150/712 [02:22<08:53,  1.05it/s]
 21%|██        | 151/712 [02:23<08:53,  1.05it/s]
 21%|██▏       | 152/712 [02:24<08:52,  1.05it/s]
 21%|██▏       | 153/712 [02:25<08:51,  1.05it/s]
 22%|██▏       | 154/712 [02:26<08:47,  1.06it/s]
 22%|██▏       | 155/712 [02:27<08:47,  1.06it/s]
 22%|██▏       | 156/712 [02:28<08:47,  1.05it/s]
 22%|██▏       | 157/712 [02:29<08:46,  1.05it/s]
 22%|██▏       | 158/712 [02:30<08:45,  1.05it/s]
 22%|██▏       | 159/712 [02:31<08:45,  1.05it/s]
 22%|██▏       | 160/712 [02:32<08:44,  1.05it/s]
 23%|██▎       | 161/712 [02:33<08:43,  1.05it/s]
 23%|██▎       | 162/712 [02:34<08:42,  1.05it/s]
 23%|██▎       | 163/712 [02:34<08:38,  1.06it/s]
 23%|██▎       | 164/712 [02:35<08:38,  1.06it/s]
 23%|██▎       | 165/712 [02:36<08:38,  1.06it/s]
 23%|██▎       | 166/712 [02:37<08:39,  1.05it/s]
 23%|██▎       | 167/712 [02:38<08:38,  1.05it/s]
 24%|██▎       | 168/712 [02:39<08:37,  1.05it/s]
 24%|██▎       | 169/712 [02:40<08:36,  1.05it/s]
 24%|██▍       | 170/712 [02:41<08:35,  1.05it/s]
 24%|██▍       | 171/712 [02:42<08:34,  1.05it/s]
 24%|██▍       | 172/712 [02:43<08:30,  1.06it/s]
 24%|██▍       | 173/712 [02:44<08:30,  1.06it/s]
 24%|██▍       | 174/712 [02:45<08:29,  1.06it/s]
 25%|██▍       | 175/712 [02:46<08:29,  1.05it/s]
 25%|██▍       | 176/712 [02:47<08:28,  1.05it/s]
 25%|██▍       | 177/712 [02:48<08:28,  1.05it/s]
 25%|██▌       | 178/712 [02:48<07:02,  1.26it/s]
 25%|██▌       | 179/712 [02:49<08:01,  1.11it/s]
 25%|██▌       | 180/712 [02:50<08:08,  1.09it/s]
 25%|██▌       | 181/712 [02:51<08:09,  1.08it/s]
 26%|██▌       | 182/712 [02:52<08:13,  1.07it/s]
 26%|██▌       | 183/712 [02:53<08:15,  1.07it/s]
 26%|██▌       | 184/712 [02:54<08:16,  1.06it/s]
 26%|██▌       | 185/712 [02:55<08:17,  1.06it/s]
 26%|██▌       | 186/712 [02:56<08:17,  1.06it/s]
 26%|██▋       | 187/712 [02:57<08:17,  1.06it/s]
 26%|██▋       | 188/712 [02:58<08:17,  1.05it/s]
 27%|██▋       | 189/712 [02:59<08:16,  1.05it/s]
 27%|██▋       | 190/712 [03:00<08:12,  1.06it/s]
 27%|██▋       | 191/712 [03:01<08:12,  1.06it/s]
 27%|██▋       | 192/712 [03:02<08:12,  1.06it/s]
 27%|██▋       | 193/712 [03:03<08:12,  1.05it/s]
 27%|██▋       | 194/712 [03:04<08:11,  1.05it/s]
 27%|██▋       | 195/712 [03:05<08:10,  1.05it/s]
 28%|██▊       | 196/712 [03:05<08:10,  1.05it/s]
 28%|██▊       | 197/712 [03:06<08:09,  1.05it/s]
 28%|██▊       | 198/712 [03:07<08:08,  1.05it/s]
 28%|██▊       | 199/712 [03:08<08:04,  1.06it/s]
 28%|██▊       | 200/712 [03:09<08:04,  1.06it/s]
                                                 

 28%|██▊       | 200/712 [03:09<08:04,  1.06it/s]
 28%|██▊       | 201/712 [03:10<08:05,  1.05it/s]
 28%|██▊       | 202/712 [03:11<08:04,  1.05it/s]
 29%|██▊       | 203/712 [03:12<08:03,  1.05it/s]
 29%|██▊       | 204/712 [03:13<08:02,  1.05it/s]
 29%|██▉       | 205/712 [03:14<08:02,  1.05it/s]
 29%|██▉       | 206/712 [03:15<08:01,  1.05it/s]
 29%|██▉       | 207/712 [03:16<08:00,  1.05it/s]
 29%|██▉       | 208/712 [03:17<07:56,  1.06it/s]
 29%|██▉       | 209/712 [03:18<07:56,  1.06it/s]
 29%|██▉       | 210/712 [03:19<07:55,  1.05it/s]
 30%|██▉       | 211/712 [03:20<07:55,  1.05it/s]
 30%|██▉       | 212/712 [03:21<07:54,  1.05it/s]
 30%|██▉       | 213/712 [03:22<07:54,  1.05it/s]
 30%|███       | 214/712 [03:23<07:53,  1.05it/s]
 30%|███       | 215/712 [03:24<07:52,  1.05it/s]
 30%|███       | 216/712 [03:24<07:51,  1.05it/s]
 30%|███       | 217/712 [03:25<07:47,  1.06it/s]
 31%|███       | 218/712 [03:26<07:47,  1.06it/s]
 31%|███       | 219/712 [03:27<07:47,  1.06it/s]
 31%|███       | 220/712 [03:28<07:46,  1.05it/s]
 31%|███       | 221/712 [03:29<07:46,  1.05it/s]
 31%|███       | 222/712 [03:30<07:45,  1.05it/s]
 31%|███▏      | 223/712 [03:31<07:44,  1.05it/s]
 31%|███▏      | 224/712 [03:32<07:43,  1.05it/s]
 32%|███▏      | 225/712 [03:33<07:43,  1.05it/s]
 32%|███▏      | 226/712 [03:34<07:39,  1.06it/s]
 32%|███▏      | 227/712 [03:35<07:39,  1.06it/s]
 32%|███▏      | 228/712 [03:36<07:38,  1.05it/s]
 32%|███▏      | 229/712 [03:37<07:38,  1.05it/s]
 32%|███▏      | 230/712 [03:38<07:37,  1.05it/s]
 32%|███▏      | 231/712 [03:39<07:36,  1.05it/s]
 33%|███▎      | 232/712 [03:40<07:36,  1.05it/s]
 33%|███▎      | 233/712 [03:41<07:35,  1.05it/s]
 33%|███▎      | 234/712 [03:42<07:34,  1.05it/s]
 33%|███▎      | 235/712 [03:42<07:30,  1.06it/s]
 33%|███▎      | 236/712 [03:43<07:30,  1.06it/s]
 33%|███▎      | 237/712 [03:44<07:30,  1.05it/s]
 33%|███▎      | 238/712 [03:45<07:29,  1.05it/s]
 34%|███▎      | 239/712 [03:46<07:29,  1.05it/s]
 34%|███▎      | 240/712 [03:47<07:28,  1.05it/s]
 34%|███▍      | 241/712 [03:48<07:27,  1.05it/s]
 34%|███▍      | 242/712 [03:49<07:26,  1.05it/s]
 34%|███▍      | 243/712 [03:50<07:25,  1.05it/s]
 34%|███▍      | 244/712 [03:51<07:22,  1.06it/s]
 34%|███▍      | 245/712 [03:52<07:22,  1.06it/s]
 35%|███▍      | 246/712 [03:53<07:21,  1.06it/s]
 35%|███▍      | 247/712 [03:54<07:21,  1.05it/s]
 35%|███▍      | 248/712 [03:55<07:20,  1.05it/s]
 35%|███▍      | 249/712 [03:56<07:19,  1.05it/s]
 35%|███▌      | 250/712 [03:57<07:19,  1.05it/s]
                                                 

 35%|███▌      | 250/712 [03:57<07:19,  1.05it/s]
 35%|███▌      | 251/712 [03:58<07:18,  1.05it/s]
 35%|███▌      | 252/712 [03:59<07:17,  1.05it/s]
 36%|███▌      | 253/712 [04:00<07:13,  1.06it/s]
 36%|███▌      | 254/712 [04:01<07:13,  1.06it/s]
 36%|███▌      | 255/712 [04:01<07:13,  1.05it/s]
 36%|███▌      | 256/712 [04:02<07:12,  1.05it/s]
 36%|███▌      | 257/712 [04:03<07:12,  1.05it/s]
 36%|███▌      | 258/712 [04:04<07:11,  1.05it/s]
 36%|███▋      | 259/712 [04:05<07:10,  1.05it/s]
 37%|███▋      | 260/712 [04:06<07:09,  1.05it/s]
 37%|███▋      | 261/712 [04:07<07:08,  1.05it/s]
 37%|███▋      | 262/712 [04:08<07:05,  1.06it/s]
 37%|███▋      | 263/712 [04:09<07:05,  1.06it/s]
 37%|███▋      | 264/712 [04:10<07:04,  1.06it/s]
 37%|███▋      | 265/712 [04:11<07:04,  1.05it/s]
 37%|███▋      | 266/712 [04:12<07:03,  1.05it/s]
 38%|███▊      | 267/712 [04:12<05:51,  1.26it/s]
 38%|███▊      | 268/712 [04:13<06:40,  1.11it/s]
 38%|███▊      | 269/712 [04:14<06:46,  1.09it/s]
 38%|███▊      | 270/712 [04:15<06:49,  1.08it/s]
 38%|███▊      | 271/712 [04:16<06:51,  1.07it/s]
 38%|███▊      | 272/712 [04:17<06:50,  1.07it/s]
 38%|███▊      | 273/712 [04:18<06:51,  1.07it/s]
 38%|███▊      | 274/712 [04:19<06:52,  1.06it/s]
 39%|███▊      | 275/712 [04:20<06:53,  1.06it/s]
 39%|███▉      | 276/712 [04:21<06:52,  1.06it/s]
 39%|███▉      | 277/712 [04:22<06:52,  1.05it/s]
 39%|███▉      | 278/712 [04:23<06:51,  1.05it/s]
 39%|███▉      | 279/712 [04:24<06:51,  1.05it/s]
 39%|███▉      | 280/712 [04:25<06:50,  1.05it/s]
 39%|███▉      | 281/712 [04:26<06:46,  1.06it/s]
 40%|███▉      | 282/712 [04:27<06:46,  1.06it/s]
 40%|███▉      | 283/712 [04:28<06:46,  1.06it/s]
 40%|███▉      | 284/712 [04:29<06:45,  1.05it/s]
 40%|████      | 285/712 [04:30<06:45,  1.05it/s]
 40%|████      | 286/712 [04:31<06:44,  1.05it/s]
 40%|████      | 287/712 [04:32<06:43,  1.05it/s]
 40%|████      | 288/712 [04:32<06:43,  1.05it/s]
 41%|████      | 289/712 [04:33<06:42,  1.05it/s]
 41%|████      | 290/712 [04:34<06:38,  1.06it/s]
 41%|████      | 291/712 [04:35<06:38,  1.06it/s]
 41%|████      | 292/712 [04:36<06:38,  1.06it/s]
 41%|████      | 293/712 [04:37<06:37,  1.05it/s]
 41%|████▏     | 294/712 [04:38<06:36,  1.05it/s]
 41%|████▏     | 295/712 [04:39<06:36,  1.05it/s]
 42%|████▏     | 296/712 [04:40<06:35,  1.05it/s]
 42%|████▏     | 297/712 [04:41<06:34,  1.05it/s]
 42%|████▏     | 298/712 [04:42<06:33,  1.05it/s]
 42%|████▏     | 299/712 [04:43<06:30,  1.06it/s]
 42%|████▏     | 300/712 [04:44<06:29,  1.06it/s]
                                                 

 42%|████▏     | 300/712 [04:44<06:29,  1.06it/s]
 42%|████▏     | 301/712 [04:45<06:30,  1.05it/s]
 42%|████▏     | 302/712 [04:46<06:29,  1.05it/s]
 43%|████▎     | 303/712 [04:47<06:28,  1.05it/s]
 43%|████▎     | 304/712 [04:48<06:27,  1.05it/s]
 43%|████▎     | 305/712 [04:49<06:26,  1.05it/s]
 43%|████▎     | 306/712 [04:50<06:25,  1.05it/s]
 43%|████▎     | 307/712 [04:50<06:24,  1.05it/s]
 43%|████▎     | 308/712 [04:51<06:21,  1.06it/s]
 43%|████▎     | 309/712 [04:52<06:21,  1.06it/s]
 44%|████▎     | 310/712 [04:53<06:21,  1.05it/s]
 44%|████▎     | 311/712 [04:54<06:20,  1.05it/s]
 44%|████▍     | 312/712 [04:55<06:19,  1.05it/s]
 44%|████▍     | 313/712 [04:56<06:18,  1.05it/s]
 44%|████▍     | 314/712 [04:57<06:18,  1.05it/s]
 44%|████▍     | 315/712 [04:58<06:17,  1.05it/s]
 44%|████▍     | 316/712 [04:59<06:16,  1.05it/s]
 45%|████▍     | 317/712 [05:00<06:13,  1.06it/s]
 45%|████▍     | 318/712 [05:01<06:12,  1.06it/s]
 45%|████▍     | 319/712 [05:02<06:12,  1.06it/s]
 45%|████▍     | 320/712 [05:03<06:11,  1.05it/s]
 45%|████▌     | 321/712 [05:04<06:11,  1.05it/s]
 45%|████▌     | 322/712 [05:05<06:10,  1.05it/s]
 45%|████▌     | 323/712 [05:06<06:09,  1.05it/s]
 46%|████▌     | 324/712 [05:07<06:08,  1.05it/s]
 46%|████▌     | 325/712 [05:08<06:07,  1.05it/s]
 46%|████▌     | 326/712 [05:08<06:04,  1.06it/s]
 46%|████▌     | 327/712 [05:09<06:04,  1.06it/s]
 46%|████▌     | 328/712 [05:10<06:04,  1.05it/s]
 46%|████▌     | 329/712 [05:11<06:03,  1.05it/s]
 46%|████▋     | 330/712 [05:12<06:02,  1.05it/s]
 46%|████▋     | 331/712 [05:13<06:01,  1.05it/s]
 47%|████▋     | 332/712 [05:14<06:01,  1.05it/s]
 47%|████▋     | 333/712 [05:15<06:00,  1.05it/s]
 47%|████▋     | 334/712 [05:16<05:59,  1.05it/s]
 47%|████▋     | 335/712 [05:17<05:56,  1.06it/s]
 47%|████▋     | 336/712 [05:18<05:55,  1.06it/s]
 47%|████▋     | 337/712 [05:19<05:55,  1.05it/s]
 47%|████▋     | 338/712 [05:20<05:54,  1.05it/s]
 48%|████▊     | 339/712 [05:21<05:54,  1.05it/s]
 48%|████▊     | 340/712 [05:22<05:53,  1.05it/s]
 48%|████▊     | 341/712 [05:23<05:52,  1.05it/s]
 48%|████▊     | 342/712 [05:24<05:51,  1.05it/s]
 48%|████▊     | 343/712 [05:25<05:50,  1.05it/s]
 48%|████▊     | 344/712 [05:26<05:47,  1.06it/s]
 48%|████▊     | 345/712 [05:27<05:47,  1.06it/s]
 49%|████▊     | 346/712 [05:27<05:46,  1.05it/s]
 49%|████▊     | 347/712 [05:28<05:46,  1.05it/s]
 49%|████▉     | 348/712 [05:29<05:45,  1.05it/s]
 49%|████▉     | 349/712 [05:30<05:44,  1.05it/s]
 49%|████▉     | 350/712 [05:31<05:43,  1.05it/s]
                                                 

 49%|████▉     | 350/712 [05:31<05:43,  1.05it/s]
 49%|████▉     | 351/712 [05:32<05:43,  1.05it/s]
 49%|████▉     | 352/712 [05:33<05:42,  1.05it/s]
 50%|████▉     | 353/712 [05:34<05:39,  1.06it/s]
 50%|████▉     | 354/712 [05:35<05:38,  1.06it/s]
 50%|████▉     | 355/712 [05:36<05:38,  1.05it/s]
 50%|█████     | 356/712 [05:36<04:41,  1.27it/s]
 50%|█████     | 357/712 [05:38<05:20,  1.11it/s]
 50%|█████     | 358/712 [05:39<05:24,  1.09it/s]
 50%|█████     | 359/712 [05:40<05:27,  1.08it/s]
 51%|█████     | 360/712 [05:40<05:28,  1.07it/s]
 51%|█████     | 361/712 [05:41<05:29,  1.06it/s]
 51%|█████     | 362/712 [05:42<05:27,  1.07it/s]
 51%|█████     | 363/712 [05:43<05:28,  1.06it/s]
 51%|█████     | 364/712 [05:44<05:28,  1.06it/s]
 51%|█████▏    | 365/712 [05:45<05:28,  1.06it/s]
 51%|█████▏    | 366/712 [05:46<05:27,  1.06it/s]
 52%|█████▏    | 367/712 [05:47<05:27,  1.05it/s]
 52%|█████▏    | 368/712 [05:48<05:26,  1.05it/s]
 52%|█████▏    | 369/712 [05:49<05:25,  1.05it/s]
 52%|█████▏    | 370/712 [05:50<05:24,  1.05it/s]
 52%|█████▏    | 371/712 [05:51<05:21,  1.06it/s]
 52%|█████▏    | 372/712 [05:52<05:21,  1.06it/s]
 52%|█████▏    | 373/712 [05:53<05:21,  1.06it/s]
 53%|█████▎    | 374/712 [05:54<05:20,  1.05it/s]
 53%|█████▎    | 375/712 [05:55<05:19,  1.05it/s]
 53%|█████▎    | 376/712 [05:56<06:06,  1.09s/it]
 53%|█████▎    | 377/712 [05:57<05:51,  1.05s/it]
 53%|█████▎    | 378/712 [05:58<05:40,  1.02s/it]
 53%|█████▎    | 379/712 [05:59<05:32,  1.00it/s]
 53%|█████▎    | 380/712 [06:00<05:24,  1.02it/s]
 54%|█████▎    | 381/712 [06:01<05:21,  1.03it/s]
 54%|█████▎    | 382/712 [06:02<05:18,  1.04it/s]
 54%|█████▍    | 383/712 [06:03<05:15,  1.04it/s]
 54%|█████▍    | 384/712 [06:04<05:14,  1.04it/s]
 54%|█████▍    | 385/712 [06:05<05:12,  1.05it/s]
 54%|█████▍    | 386/712 [06:06<05:11,  1.05it/s]
 54%|█████▍    | 387/712 [06:07<05:09,  1.05it/s]
 54%|█████▍    | 388/712 [06:07<05:08,  1.05it/s]
 55%|█████▍    | 389/712 [06:08<05:05,  1.06it/s]
 55%|█████▍    | 390/712 [06:09<05:05,  1.06it/s]
 55%|█████▍    | 391/712 [06:10<05:04,  1.05it/s]
 55%|█████▌    | 392/712 [06:11<05:03,  1.05it/s]
 55%|█████▌    | 393/712 [06:12<05:02,  1.05it/s]
 55%|█████▌    | 394/712 [06:13<05:02,  1.05it/s]
 55%|█████▌    | 395/712 [06:14<05:01,  1.05it/s]
 56%|█████▌    | 396/712 [06:15<05:00,  1.05it/s]
 56%|█████▌    | 397/712 [06:16<04:59,  1.05it/s]
 56%|█████▌    | 398/712 [06:17<04:56,  1.06it/s]
 56%|█████▌    | 399/712 [06:18<04:56,  1.06it/s]
 56%|█████▌    | 400/712 [06:19<04:55,  1.06it/s]
                                                 

 56%|█████▌    | 400/712 [06:19<04:55,  1.06it/s]
 56%|█████▋    | 401/712 [06:20<04:57,  1.05it/s]
 56%|█████▋    | 402/712 [06:21<04:56,  1.05it/s]
 57%|█████▋    | 403/712 [06:22<04:54,  1.05it/s]
 57%|█████▋    | 404/712 [06:23<04:53,  1.05it/s]
 57%|█████▋    | 405/712 [06:24<04:52,  1.05it/s]
 57%|█████▋    | 406/712 [06:25<04:51,  1.05it/s]
 57%|█████▋    | 407/712 [06:26<04:48,  1.06it/s]
 57%|█████▋    | 408/712 [06:26<04:47,  1.06it/s]
 57%|█████▋    | 409/712 [06:27<04:47,  1.05it/s]
 58%|█████▊    | 410/712 [06:28<04:46,  1.05it/s]
 58%|█████▊    | 411/712 [06:29<04:45,  1.05it/s]
 58%|█████▊    | 412/712 [06:30<04:44,  1.05it/s]
 58%|█████▊    | 413/712 [06:31<04:44,  1.05it/s]
 58%|█████▊    | 414/712 [06:32<04:43,  1.05it/s]
 58%|█████▊    | 415/712 [06:33<04:42,  1.05it/s]
 58%|█████▊    | 416/712 [06:34<04:39,  1.06it/s]
 59%|█████▊    | 417/712 [06:35<04:39,  1.06it/s]
 59%|█████▊    | 418/712 [06:36<04:38,  1.06it/s]
 59%|█████▉    | 419/712 [06:37<04:37,  1.05it/s]
 59%|█████▉    | 420/712 [06:38<04:37,  1.05it/s]
 59%|█████▉    | 421/712 [06:39<04:36,  1.05it/s]
 59%|█████▉    | 422/712 [06:40<04:49,  1.00it/s]
 59%|█████▉    | 423/712 [06:41<04:44,  1.02it/s]
 60%|█████▉    | 424/712 [06:42<04:40,  1.03it/s]
 60%|█████▉    | 425/712 [06:43<04:35,  1.04it/s]
 60%|█████▉    | 426/712 [06:44<04:33,  1.04it/s]
 60%|█████▉    | 427/712 [06:45<04:32,  1.05it/s]
 60%|██████    | 428/712 [06:46<04:31,  1.05it/s]
 60%|██████    | 429/712 [06:47<04:29,  1.05it/s]
 60%|██████    | 430/712 [06:48<04:28,  1.05it/s]
 61%|██████    | 431/712 [06:48<04:27,  1.05it/s]
 61%|██████    | 432/712 [06:49<04:26,  1.05it/s]
 61%|██████    | 433/712 [06:50<04:25,  1.05it/s]
 61%|██████    | 434/712 [06:51<04:22,  1.06it/s]
 61%|██████    | 435/712 [06:52<04:22,  1.06it/s]
 61%|██████    | 436/712 [06:53<04:21,  1.05it/s]
 61%|██████▏   | 437/712 [06:54<04:20,  1.05it/s]
 62%|██████▏   | 438/712 [06:55<04:20,  1.05it/s]
 62%|██████▏   | 439/712 [06:56<04:19,  1.05it/s]
 62%|██████▏   | 440/712 [06:57<04:18,  1.05it/s]
 62%|██████▏   | 441/712 [06:58<04:17,  1.05it/s]
 62%|██████▏   | 442/712 [06:59<04:16,  1.05it/s]
 62%|██████▏   | 443/712 [07:00<04:14,  1.06it/s]
 62%|██████▏   | 444/712 [07:01<04:13,  1.06it/s]
 62%|██████▎   | 445/712 [07:01<03:30,  1.27it/s]
 63%|██████▎   | 446/712 [07:02<03:59,  1.11it/s]
 63%|██████▎   | 447/712 [07:03<04:02,  1.09it/s]
 63%|██████▎   | 448/712 [07:04<04:04,  1.08it/s]
 63%|██████▎   | 449/712 [07:05<04:05,  1.07it/s]
 63%|██████▎   | 450/712 [07:06<04:06,  1.06it/s]
                                                 

 63%|██████▎   | 450/712 [07:06<04:06,  1.06it/s]
 63%|██████▎   | 451/712 [07:07<04:06,  1.06it/s]
 63%|██████▎   | 452/712 [07:08<04:05,  1.06it/s]
 64%|██████▎   | 453/712 [07:09<04:03,  1.06it/s]
 64%|██████▍   | 454/712 [07:10<04:03,  1.06it/s]
 64%|██████▍   | 455/712 [07:11<04:03,  1.06it/s]
 64%|██████▍   | 456/712 [07:12<04:02,  1.06it/s]
 64%|██████▍   | 457/712 [07:13<04:01,  1.05it/s]
 64%|██████▍   | 458/712 [07:14<04:01,  1.05it/s]
 64%|██████▍   | 459/712 [07:15<04:00,  1.05it/s]
 65%|██████▍   | 460/712 [07:16<03:59,  1.05it/s]
 65%|██████▍   | 461/712 [07:17<03:58,  1.05it/s]
 65%|██████▍   | 462/712 [07:18<03:56,  1.06it/s]
 65%|██████▌   | 463/712 [07:18<03:55,  1.06it/s]
 65%|██████▌   | 464/712 [07:19<03:55,  1.06it/s]
 65%|██████▌   | 465/712 [07:20<03:54,  1.05it/s]
 65%|██████▌   | 466/712 [07:21<03:53,  1.05it/s]
 66%|██████▌   | 467/712 [07:22<03:52,  1.05it/s]
 66%|██████▌   | 468/712 [07:23<03:51,  1.05it/s]
 66%|██████▌   | 469/712 [07:24<03:50,  1.05it/s]
 66%|██████▌   | 470/712 [07:25<03:50,  1.05it/s]
 66%|██████▌   | 471/712 [07:26<03:47,  1.06it/s]
 66%|██████▋   | 472/712 [07:27<03:47,  1.06it/s]
 66%|██████▋   | 473/712 [07:28<03:46,  1.06it/s]
 67%|██████▋   | 474/712 [07:29<03:45,  1.05it/s]
 67%|██████▋   | 475/712 [07:30<03:44,  1.05it/s]
 67%|██████▋   | 476/712 [07:31<03:44,  1.05it/s]
 67%|██████▋   | 477/712 [07:32<03:43,  1.05it/s]
 67%|██████▋   | 478/712 [07:33<03:42,  1.05it/s]
 67%|██████▋   | 479/712 [07:34<03:41,  1.05it/s]
 67%|██████▋   | 480/712 [07:35<03:39,  1.06it/s]
 68%|██████▊   | 481/712 [07:36<03:38,  1.06it/s]
 68%|██████▊   | 482/712 [07:37<03:37,  1.06it/s]
 68%|██████▊   | 483/712 [07:37<03:37,  1.05it/s]
 68%|██████▊   | 484/712 [07:38<03:36,  1.05it/s]
 68%|██████▊   | 485/712 [07:39<03:35,  1.05it/s]
 68%|██████▊   | 486/712 [07:40<03:34,  1.05it/s]
 68%|██████▊   | 487/712 [07:41<03:33,  1.05it/s]
 69%|██████▊   | 488/712 [07:42<03:32,  1.05it/s]
 69%|██████▊   | 489/712 [07:43<03:30,  1.06it/s]
 69%|██████▉   | 490/712 [07:44<03:30,  1.06it/s]
 69%|██████▉   | 491/712 [07:45<03:29,  1.06it/s]
 69%|██████▉   | 492/712 [07:46<03:28,  1.05it/s]
 69%|██████▉   | 493/712 [07:47<03:27,  1.05it/s]
 69%|██████▉   | 494/712 [07:48<03:27,  1.05it/s]
 70%|██████▉   | 495/712 [07:49<03:26,  1.05it/s]
 70%|██████▉   | 496/712 [07:50<03:25,  1.05it/s]
 70%|██████▉   | 497/712 [07:51<03:24,  1.05it/s]
 70%|██████▉   | 498/712 [07:52<03:22,  1.06it/s]
 70%|███████   | 499/712 [07:53<03:21,  1.06it/s]
 70%|███████   | 500/712 [07:54<03:20,  1.06it/s]
                                                 

 70%|███████   | 500/712 [07:54<03:20,  1.06it/s][INFO|trainer.py:3993] 2025-07-22 07:40:36,518 >> Saving model checkpoint to ./re_model_16525/checkpoint-500
[INFO|configuration_utils.py:424] 2025-07-22 07:40:36,520 >> Configuration saved in ./re_model_16525/checkpoint-500/config.json
[INFO|modeling_utils.py:3724] 2025-07-22 07:40:38,410 >> Model weights saved in ./re_model_16525/checkpoint-500/model.safetensors
[INFO|tokenization_utils_base.py:2525] 2025-07-22 07:40:38,459 >> tokenizer config file saved in ./re_model_16525/checkpoint-500/tokenizer_config.json
[INFO|tokenization_utils_base.py:2534] 2025-07-22 07:40:38,486 >> Special tokens file saved in ./re_model_16525/checkpoint-500/special_tokens_map.json

 70%|███████   | 501/712 [08:00<09:19,  2.65s/it]
 71%|███████   | 502/712 [08:01<07:29,  2.14s/it]
 71%|███████   | 503/712 [08:02<06:12,  1.78s/it]
 71%|███████   | 504/712 [08:03<05:18,  1.53s/it]
 71%|███████   | 505/712 [08:04<04:41,  1.36s/it]
 71%|███████   | 506/712 [08:05<04:14,  1.24s/it]
 71%|███████   | 507/712 [08:06<03:54,  1.14s/it]
 71%|███████▏  | 508/712 [08:07<03:41,  1.09s/it]
 71%|███████▏  | 509/712 [08:08<03:32,  1.05s/it]
 72%|███████▏  | 510/712 [08:09<03:25,  1.02s/it]
 72%|███████▏  | 511/712 [08:10<03:20,  1.00it/s]
 72%|███████▏  | 512/712 [08:11<03:16,  1.02it/s]
 72%|███████▏  | 513/712 [08:12<03:13,  1.03it/s]
 72%|███████▏  | 514/712 [08:13<03:11,  1.03it/s]
 72%|███████▏  | 515/712 [08:13<03:09,  1.04it/s]
 72%|███████▏  | 516/712 [08:14<03:06,  1.05it/s]
 73%|███████▎  | 517/712 [08:15<03:05,  1.05it/s]
 73%|███████▎  | 518/712 [08:16<03:04,  1.05it/s]
 73%|███████▎  | 519/712 [08:17<03:03,  1.05it/s]
 73%|███████▎  | 520/712 [08:18<03:02,  1.05it/s]
 73%|███████▎  | 521/712 [08:19<03:01,  1.05it/s]
 73%|███████▎  | 522/712 [08:20<03:00,  1.05it/s]
 73%|███████▎  | 523/712 [08:21<02:59,  1.05it/s]
 74%|███████▎  | 524/712 [08:22<02:58,  1.05it/s]
 74%|███████▎  | 525/712 [08:23<02:56,  1.06it/s]
 74%|███████▍  | 526/712 [08:24<02:55,  1.06it/s]
 74%|███████▍  | 527/712 [08:25<02:55,  1.06it/s]
 74%|███████▍  | 528/712 [08:26<02:54,  1.05it/s]
 74%|███████▍  | 529/712 [08:27<02:53,  1.05it/s]
 74%|███████▍  | 530/712 [08:28<02:52,  1.05it/s]
 75%|███████▍  | 531/712 [08:29<02:51,  1.05it/s]
 75%|███████▍  | 532/712 [08:30<02:51,  1.05it/s]
 75%|███████▍  | 533/712 [08:31<02:50,  1.05it/s]
 75%|███████▌  | 534/712 [08:31<02:19,  1.27it/s]
 75%|███████▌  | 535/712 [08:32<02:39,  1.11it/s]
 75%|███████▌  | 536/712 [08:33<02:41,  1.09it/s]
 75%|███████▌  | 537/712 [08:34<02:42,  1.08it/s]
 76%|███████▌  | 538/712 [08:35<02:42,  1.07it/s]
 76%|███████▌  | 539/712 [08:36<02:42,  1.07it/s]
 76%|███████▌  | 540/712 [08:37<02:42,  1.06it/s]
 76%|███████▌  | 541/712 [08:38<02:41,  1.06it/s]
 76%|███████▌  | 542/712 [08:39<02:40,  1.06it/s]
 76%|███████▋  | 543/712 [08:40<02:39,  1.06it/s]
 76%|███████▋  | 544/712 [08:41<02:38,  1.06it/s]
 77%|███████▋  | 545/712 [08:42<02:38,  1.06it/s]
 77%|███████▋  | 546/712 [08:43<02:37,  1.06it/s]
 77%|███████▋  | 547/712 [08:44<02:36,  1.05it/s]
 77%|███████▋  | 548/712 [08:44<02:35,  1.05it/s]
 77%|███████▋  | 549/712 [08:45<02:34,  1.05it/s]
 77%|███████▋  | 550/712 [08:46<02:33,  1.05it/s]
                                                 

 77%|███████▋  | 550/712 [08:46<02:33,  1.05it/s]
 77%|███████▋  | 551/712 [08:47<02:33,  1.05it/s]
 78%|███████▊  | 552/712 [08:48<02:31,  1.06it/s]
 78%|███████▊  | 553/712 [08:49<02:30,  1.06it/s]
 78%|███████▊  | 554/712 [08:50<02:29,  1.05it/s]
 78%|███████▊  | 555/712 [08:51<02:29,  1.05it/s]
 78%|███████▊  | 556/712 [08:52<02:28,  1.05it/s]
 78%|███████▊  | 557/712 [08:53<02:27,  1.05it/s]
 78%|███████▊  | 558/712 [08:54<02:26,  1.05it/s]
 79%|███████▊  | 559/712 [08:55<02:25,  1.05it/s]
 79%|███████▊  | 560/712 [08:56<02:24,  1.05it/s]
 79%|███████▉  | 561/712 [08:57<02:22,  1.06it/s]
 79%|███████▉  | 562/712 [08:58<02:21,  1.06it/s]
 79%|███████▉  | 563/712 [08:59<02:21,  1.05it/s]
 79%|███████▉  | 564/712 [09:00<02:20,  1.05it/s]
 79%|███████▉  | 565/712 [09:01<02:19,  1.05it/s]
 79%|███████▉  | 566/712 [09:02<02:18,  1.05it/s]
 80%|███████▉  | 567/712 [09:02<02:17,  1.05it/s]
 80%|███████▉  | 568/712 [09:03<02:16,  1.05it/s]
 80%|███████▉  | 569/712 [09:04<02:15,  1.05it/s]
 80%|████████  | 570/712 [09:05<02:14,  1.06it/s]
 80%|████████  | 571/712 [09:06<02:13,  1.06it/s]
 80%|████████  | 572/712 [09:07<02:12,  1.06it/s]
 80%|████████  | 573/712 [09:08<02:11,  1.05it/s]
 81%|████████  | 574/712 [09:09<02:10,  1.05it/s]
 81%|████████  | 575/712 [09:10<02:10,  1.05it/s]
 81%|████████  | 576/712 [09:11<02:09,  1.05it/s]
 81%|████████  | 577/712 [09:12<02:08,  1.05it/s]
 81%|████████  | 578/712 [09:13<02:07,  1.05it/s]
 81%|████████▏ | 579/712 [09:14<02:05,  1.06it/s]
 81%|████████▏ | 580/712 [09:15<02:04,  1.06it/s]
 82%|████████▏ | 581/712 [09:16<02:04,  1.06it/s]
 82%|████████▏ | 582/712 [09:17<02:03,  1.05it/s]
 82%|████████▏ | 583/712 [09:18<02:02,  1.05it/s]
 82%|████████▏ | 584/712 [09:19<02:01,  1.05it/s]
 82%|████████▏ | 585/712 [09:20<02:00,  1.05it/s]
 82%|████████▏ | 586/712 [09:21<01:59,  1.05it/s]
 82%|████████▏ | 587/712 [09:21<01:58,  1.05it/s]
 83%|████████▎ | 588/712 [09:22<01:57,  1.06it/s]
 83%|████████▎ | 589/712 [09:23<01:56,  1.06it/s]
 83%|████████▎ | 590/712 [09:24<01:55,  1.06it/s]
 83%|████████▎ | 591/712 [09:25<01:54,  1.05it/s]
 83%|████████▎ | 592/712 [09:26<01:53,  1.05it/s]
 83%|████████▎ | 593/712 [09:27<01:53,  1.05it/s]
 83%|████████▎ | 594/712 [09:28<01:52,  1.05it/s]
 84%|████████▎ | 595/712 [09:29<01:51,  1.05it/s]
 84%|████████▎ | 596/712 [09:30<01:50,  1.05it/s]
 84%|████████▍ | 597/712 [09:31<01:48,  1.06it/s]
 84%|████████▍ | 598/712 [09:32<01:47,  1.06it/s]
 84%|████████▍ | 599/712 [09:33<01:47,  1.05it/s]
 84%|████████▍ | 600/712 [09:34<01:46,  1.05it/s]
                                                 

 84%|████████▍ | 600/712 [09:34<01:46,  1.05it/s]
 84%|████████▍ | 601/712 [09:35<01:52,  1.01s/it]
 85%|████████▍ | 602/712 [09:36<01:49,  1.01it/s]
 85%|████████▍ | 603/712 [09:37<01:46,  1.02it/s]
 85%|████████▍ | 604/712 [09:38<01:44,  1.03it/s]
 85%|████████▍ | 605/712 [09:39<01:43,  1.04it/s]
 85%|████████▌ | 606/712 [09:40<01:41,  1.05it/s]
 85%|████████▌ | 607/712 [09:41<01:40,  1.05it/s]
 85%|████████▌ | 608/712 [09:42<01:39,  1.05it/s]
 86%|████████▌ | 609/712 [09:43<01:38,  1.05it/s]
 86%|████████▌ | 610/712 [09:43<01:37,  1.05it/s]
 86%|████████▌ | 611/712 [09:44<01:36,  1.05it/s]
 86%|████████▌ | 612/712 [09:45<01:35,  1.05it/s]
 86%|████████▌ | 613/712 [09:46<01:34,  1.05it/s]
 86%|████████▌ | 614/712 [09:47<01:33,  1.05it/s]
 86%|████████▋ | 615/712 [09:48<01:31,  1.06it/s]
 87%|████████▋ | 616/712 [09:49<01:30,  1.06it/s]
 87%|████████▋ | 617/712 [09:50<01:30,  1.05it/s]
 87%|████████▋ | 618/712 [09:51<01:29,  1.05it/s]
 87%|████████▋ | 619/712 [09:52<01:28,  1.05it/s]
 87%|████████▋ | 620/712 [09:53<01:27,  1.05it/s]
 87%|████████▋ | 621/712 [09:54<01:26,  1.05it/s]
 87%|████████▋ | 622/712 [09:55<01:25,  1.05it/s]
 88%|████████▊ | 623/712 [09:55<01:10,  1.26it/s]
 88%|████████▊ | 624/712 [09:56<01:19,  1.11it/s]
 88%|████████▊ | 625/712 [09:57<01:19,  1.10it/s]
 88%|████████▊ | 626/712 [09:58<01:19,  1.08it/s]
 88%|████████▊ | 627/712 [09:59<01:19,  1.07it/s]
 88%|████████▊ | 628/712 [10:00<01:18,  1.07it/s]
 88%|████████▊ | 629/712 [10:01<01:18,  1.06it/s]
 88%|████████▊ | 630/712 [10:02<01:17,  1.06it/s]
 89%|████████▊ | 631/712 [10:03<01:16,  1.06it/s]
 89%|████████▉ | 632/712 [10:04<01:15,  1.05it/s]
 89%|████████▉ | 633/712 [10:05<01:14,  1.05it/s]
 89%|████████▉ | 634/712 [10:06<01:13,  1.06it/s]
 89%|████████▉ | 635/712 [10:07<01:12,  1.06it/s]
 89%|████████▉ | 636/712 [10:08<01:11,  1.06it/s]
 89%|████████▉ | 637/712 [10:09<01:11,  1.05it/s]
 90%|████████▉ | 638/712 [10:10<01:10,  1.05it/s]
 90%|████████▉ | 639/712 [10:11<01:09,  1.05it/s]
 90%|████████▉ | 640/712 [10:12<01:08,  1.05it/s]
 90%|█████████ | 641/712 [10:13<01:07,  1.05it/s]
 90%|█████████ | 642/712 [10:14<01:06,  1.05it/s]
 90%|█████████ | 643/712 [10:14<01:05,  1.06it/s]
 90%|█████████ | 644/712 [10:15<01:04,  1.06it/s]
 91%|█████████ | 645/712 [10:16<01:03,  1.05it/s]
 91%|█████████ | 646/712 [10:17<01:02,  1.05it/s]
 91%|█████████ | 647/712 [10:18<01:01,  1.05it/s]
 91%|█████████ | 648/712 [10:19<01:00,  1.05it/s]
 91%|█████████ | 649/712 [10:20<00:59,  1.05it/s]
 91%|█████████▏| 650/712 [10:21<00:58,  1.05it/s]
                                                 

 91%|█████████▏| 650/712 [10:21<00:58,  1.05it/s]
 91%|█████████▏| 651/712 [10:22<00:58,  1.05it/s]
 92%|█████████▏| 652/712 [10:23<00:56,  1.06it/s]
 92%|█████████▏| 653/712 [10:24<00:55,  1.06it/s]
 92%|█████████▏| 654/712 [10:25<00:55,  1.05it/s]
 92%|█████████▏| 655/712 [10:26<00:54,  1.05it/s]
 92%|█████████▏| 656/712 [10:27<00:53,  1.05it/s]
 92%|█████████▏| 657/712 [10:28<00:52,  1.05it/s]
 92%|█████████▏| 658/712 [10:29<00:51,  1.05it/s]
 93%|█████████▎| 659/712 [10:30<00:50,  1.05it/s]
 93%|█████████▎| 660/712 [10:31<00:49,  1.05it/s]
 93%|█████████▎| 661/712 [10:32<00:48,  1.06it/s]
 93%|█████████▎| 662/712 [10:33<00:47,  1.06it/s]
 93%|█████████▎| 663/712 [10:33<00:46,  1.05it/s]
 93%|█████████▎| 664/712 [10:34<00:45,  1.05it/s]
 93%|█████████▎| 665/712 [10:35<00:44,  1.05it/s]
 94%|█████████▎| 666/712 [10:36<00:43,  1.05it/s]
 94%|█████████▎| 667/712 [10:37<00:42,  1.05it/s]
 94%|█████████▍| 668/712 [10:38<00:41,  1.05it/s]
 94%|█████████▍| 669/712 [10:39<00:40,  1.05it/s]
 94%|█████████▍| 670/712 [10:40<00:39,  1.06it/s]
 94%|█████████▍| 671/712 [10:41<00:38,  1.05it/s]
 94%|█████████▍| 672/712 [10:42<00:37,  1.05it/s]
 95%|█████████▍| 673/712 [10:43<00:37,  1.05it/s]
 95%|█████████▍| 674/712 [10:44<00:36,  1.05it/s]
 95%|█████████▍| 675/712 [10:45<00:35,  1.05it/s]
 95%|█████████▍| 676/712 [10:46<00:34,  1.05it/s]
 95%|█████████▌| 677/712 [10:47<00:33,  1.05it/s]
 95%|█████████▌| 678/712 [10:48<00:32,  1.05it/s]
 95%|█████████▌| 679/712 [10:49<00:31,  1.06it/s]
 96%|█████████▌| 680/712 [10:50<00:30,  1.06it/s]
 96%|█████████▌| 681/712 [10:51<00:29,  1.05it/s]
 96%|█████████▌| 682/712 [10:52<00:28,  1.05it/s]
 96%|█████████▌| 683/712 [10:52<00:27,  1.05it/s]
 96%|█████████▌| 684/712 [10:53<00:26,  1.05it/s]
 96%|█████████▌| 685/712 [10:54<00:25,  1.05it/s]
 96%|█████████▋| 686/712 [10:55<00:24,  1.05it/s]
 96%|█████████▋| 687/712 [10:56<00:23,  1.05it/s]
 97%|█████████▋| 688/712 [10:57<00:22,  1.06it/s]
 97%|█████████▋| 689/712 [10:58<00:21,  1.06it/s]
 97%|█████████▋| 690/712 [10:59<00:20,  1.05it/s]
 97%|█████████▋| 691/712 [11:00<00:19,  1.05it/s]
 97%|█████████▋| 692/712 [11:01<00:18,  1.05it/s]
 97%|█████████▋| 693/712 [11:02<00:18,  1.05it/s]
 97%|█████████▋| 694/712 [11:03<00:17,  1.05it/s]
 98%|█████████▊| 695/712 [11:04<00:16,  1.05it/s]
 98%|█████████▊| 696/712 [11:05<00:15,  1.05it/s]
 98%|█████████▊| 697/712 [11:06<00:14,  1.06it/s]
 98%|█████████▊| 698/712 [11:07<00:13,  1.06it/s]
 98%|█████████▊| 699/712 [11:08<00:12,  1.05it/s]
 98%|█████████▊| 700/712 [11:09<00:11,  1.05it/s]
                                                 

 98%|█████████▊| 700/712 [11:09<00:11,  1.05it/s]
 98%|█████████▊| 701/712 [11:10<00:10,  1.05it/s]
 99%|█████████▊| 702/712 [11:10<00:09,  1.05it/s]
 99%|█████████▊| 703/712 [11:11<00:08,  1.05it/s]
 99%|█████████▉| 704/712 [11:12<00:07,  1.05it/s]
 99%|█████████▉| 705/712 [11:13<00:06,  1.05it/s]
 99%|█████████▉| 706/712 [11:14<00:05,  1.06it/s]
 99%|█████████▉| 707/712 [11:15<00:04,  1.06it/s]
 99%|█████████▉| 708/712 [11:16<00:03,  1.05it/s]
100%|█████████▉| 709/712 [11:17<00:02,  1.05it/s]
100%|█████████▉| 710/712 [11:18<00:01,  1.05it/s]
100%|█████████▉| 711/712 [11:19<00:00,  1.05it/s]
100%|██████████| 712/712 [11:19<00:00,  1.26it/s][INFO|trainer.py:3993] 2025-07-22 07:44:02,384 >> Saving model checkpoint to ./re_model_16525/checkpoint-712
[INFO|configuration_utils.py:424] 2025-07-22 07:44:02,387 >> Configuration saved in ./re_model_16525/checkpoint-712/config.json
[INFO|modeling_utils.py:3724] 2025-07-22 07:44:04,587 >> Model weights saved in ./re_model_16525/checkpoint-712/model.safetensors
[INFO|tokenization_utils_base.py:2525] 2025-07-22 07:44:04,614 >> tokenizer config file saved in ./re_model_16525/checkpoint-712/tokenizer_config.json
[INFO|tokenization_utils_base.py:2534] 2025-07-22 07:44:04,646 >> Special tokens file saved in ./re_model_16525/checkpoint-712/special_tokens_map.json
[INFO|trainer.py:2676] 2025-07-22 07:44:09,232 >> 

Training completed. Do not forget to share your model on huggingface.co/models =)



                                                 

100%|██████████| 712/712 [11:26<00:00,  1.26it/s]
100%|██████████| 712/712 [11:26<00:00,  1.04it/s]
[INFO|trainer.py:3993] 2025-07-22 07:44:09,261 >> Saving model checkpoint to ./re_model_16525
[INFO|configuration_utils.py:424] 2025-07-22 07:44:09,265 >> Configuration saved in ./re_model_16525/config.json
[INFO|modeling_utils.py:3724] 2025-07-22 07:44:11,083 >> Model weights saved in ./re_model_16525/model.safetensors
[INFO|tokenization_utils_base.py:2525] 2025-07-22 07:44:11,123 >> tokenizer config file saved in ./re_model_16525/tokenizer_config.json
[INFO|tokenization_utils_base.py:2534] 2025-07-22 07:44:11,145 >> Special tokens file saved in ./re_model_16525/special_tokens_map.json
{'loss': 1.6407, 'grad_norm': 2.602999210357666, 'learning_rate': 4.655898876404495e-05, 'epoch': 0.56}
{'loss': 1.5661, 'grad_norm': 8.24024486541748, 'learning_rate': 4.3117977528089894e-05, 'epoch': 1.12}
{'loss': 1.6092, 'grad_norm': 7.857404708862305, 'learning_rate': 3.960674157303371e-05, 'epoch': 1.69}
{'loss': 1.5535, 'grad_norm': 4.2315545082092285, 'learning_rate': 3.609550561797753e-05, 'epoch': 2.25}
{'loss': 1.5712, 'grad_norm': 3.1238582134246826, 'learning_rate': 3.258426966292135e-05, 'epoch': 2.81}
{'loss': 1.5606, 'grad_norm': 2.6794419288635254, 'learning_rate': 2.907303370786517e-05, 'epoch': 3.37}
{'loss': 1.5375, 'grad_norm': 5.088181972503662, 'learning_rate': 2.556179775280899e-05, 'epoch': 3.94}
{'loss': 1.4873, 'grad_norm': 4.302820682525635, 'learning_rate': 2.205056179775281e-05, 'epoch': 4.5}
{'loss': 1.4792, 'grad_norm': 3.1081488132476807, 'learning_rate': 1.8539325842696632e-05, 'epoch': 5.06}
{'loss': 1.4375, 'grad_norm': 3.802553653717041, 'learning_rate': 1.5028089887640451e-05, 'epoch': 5.62}
{'loss': 1.386, 'grad_norm': 5.057755470275879, 'learning_rate': 1.151685393258427e-05, 'epoch': 6.18}
{'loss': 1.3008, 'grad_norm': 3.7528436183929443, 'learning_rate': 8.00561797752809e-06, 'epoch': 6.75}
{'loss': 1.2505, 'grad_norm': 5.641796588897705, 'learning_rate': 4.49438202247191e-06, 'epoch': 7.31}
{'loss': 1.221, 'grad_norm': 7.29728889465332, 'learning_rate': 9.831460674157304e-07, 'epoch': 7.87}
{'train_runtime': 686.8107, 'train_samples_per_second': 32.952, 'train_steps_per_second': 1.037, 'train_loss': 1.4656618994273496, 'epoch': 8.0}
***** train metrics *****
  epoch                    =        8.0
  total_flos               =  5546072GF
  train_loss               =     1.4657
  train_runtime            = 0:11:26.81
  train_samples            =       2829
  train_samples_per_second =     32.952
  train_steps_per_second   =      1.037
07/22/2025 07:44:11 - INFO - __main__ - *** Evaluate ***
[INFO|trainer.py:4327] 2025-07-22 07:44:11,205 >> 
***** Running Evaluation *****
[INFO|trainer.py:4329] 2025-07-22 07:44:11,205 >>   Num examples = 336
[INFO|trainer.py:4332] 2025-07-22 07:44:11,205 >>   Batch size = 8

  0%|          | 0/42 [00:00<?, ?it/s]
 17%|█▋        | 7/42 [00:00<00:00, 58.78it/s]
 31%|███       | 13/42 [00:00<00:00, 53.80it/s]
 45%|████▌     | 19/42 [00:00<00:00, 52.25it/s]
 60%|█████▉    | 25/42 [00:00<00:00, 51.55it/s]
 74%|███████▍  | 31/42 [00:00<00:00, 51.12it/s]
 88%|████████▊ | 37/42 [00:00<00:00, 50.90it/s]/home/hrao/.local/lib/python3.10/site-packages/sklearn/metrics/_classification.py:1531: UndefinedMetricWarning: Precision is ill-defined and being set to 0.0 in labels with no predicted samples. Use `zero_division` parameter to control this behavior.
  _warn_prf(average, modifier, f"{metric.capitalize()} is", len(result))
/home/hrao/.local/lib/python3.10/site-packages/sklearn/metrics/_classification.py:1531: UndefinedMetricWarning: Precision is ill-defined and being set to 0.0 in labels with no predicted samples. Use `zero_division` parameter to control this behavior.
  _warn_prf(average, modifier, f"{metric.capitalize()} is", len(result))
/home/hrao/.local/lib/python3.10/site-packages/sklearn/metrics/_classification.py:1531: UndefinedMetricWarning: Precision is ill-defined and being set to 0.0 in labels with no predicted samples. Use `zero_division` parameter to control this behavior.
  _warn_prf(average, modifier, f"{metric.capitalize()} is", len(result))

100%|██████████| 42/42 [00:00<00:00, 49.74it/s]

              precision    recall  f1-score   support

        Kill     0.4154    1.0000    0.5870        27
     Live_In     0.0000    0.0000    0.0000        53
  Located_In     0.0000    0.0000    0.0000        34
 OrgBased_In     0.5000    0.5294    0.5143        34
    Work_For     0.0000    0.0000    0.0000        47
 no_relation     0.4426    0.7376    0.5532       141

    accuracy                         0.4435       336
   macro avg     0.2263    0.3778    0.2757       336
weighted avg     0.2697    0.4435    0.3313       336

***** eval metrics *****
  epoch                   =        8.0
  eval_accuracy           =     0.4435
  eval_loss               =     1.1758
  eval_macro_f1           =     0.2757
  eval_micro_f1           =     0.4435
  eval_runtime            = 0:00:00.86
  eval_samples            =        336
  eval_samples_per_second =    388.141
  eval_steps_per_second   =     48.518
07/22/2025 07:44:12 - INFO - __main__ - *** Predict ***
[INFO|trainer.py:4327] 2025-07-22 07:44:12,077 >> 
***** Running Prediction *****
[INFO|trainer.py:4329] 2025-07-22 07:44:12,077 >>   Num examples = 361
[INFO|trainer.py:4332] 2025-07-22 07:44:12,077 >>   Batch size = 8

  0%|          | 0/46 [00:00<?, ?it/s]
 15%|█▌        | 7/46 [00:00<00:00, 59.05it/s]
 28%|██▊       | 13/46 [00:00<00:00, 54.05it/s]
 41%|████▏     | 19/46 [00:00<00:00, 52.44it/s]
 54%|█████▍    | 25/46 [00:00<00:00, 51.69it/s]
 67%|██████▋   | 31/46 [00:00<00:00, 51.28it/s]
 80%|████████  | 37/46 [00:00<00:00, 51.02it/s]
 93%|█████████▎| 43/46 [00:00<00:00, 50.87it/s]/home/hrao/.local/lib/python3.10/site-packages/sklearn/metrics/_classification.py:1531: UndefinedMetricWarning: Precision is ill-defined and being set to 0.0 in labels with no predicted samples. Use `zero_division` parameter to control this behavior.
  _warn_prf(average, modifier, f"{metric.capitalize()} is", len(result))
/home/hrao/.local/lib/python3.10/site-packages/sklearn/metrics/_classification.py:1531: UndefinedMetricWarning: Precision is ill-defined and being set to 0.0 in labels with no predicted samples. Use `zero_division` parameter to control this behavior.
  _warn_prf(average, modifier, f"{metric.capitalize()} is", len(result))
/home/hrao/.local/lib/python3.10/site-packages/sklearn/metrics/_classification.py:1531: UndefinedMetricWarning: Precision is ill-defined and being set to 0.0 in labels with no predicted samples. Use `zero_division` parameter to control this behavior.
  _warn_prf(average, modifier, f"{metric.capitalize()} is", len(result))

100%|██████████| 46/46 [00:00<00:00, 47.51it/s]

              precision    recall  f1-score   support

        Kill     0.3833    0.9583    0.5476        24
     Live_In     0.0000    0.0000    0.0000        53
  Located_In     0.0000    0.0000    0.0000        48
 OrgBased_In     0.2381    0.2885    0.2609        52
    Work_For     0.0000    0.0000    0.0000        30
 no_relation     0.4622    0.7143    0.5612       154

    accuracy                         0.4100       361
   macro avg     0.1806    0.3268    0.2283       361
weighted avg     0.2569    0.4100    0.3134       361

***** test metrics *****
  test_accuracy           =       0.41
  test_loss               =     1.1989
  test_macro_f1           =     0.2283
  test_micro_f1           =       0.41
  test_runtime            = 0:00:00.99
  test_samples_per_second =    363.579
  test_steps_per_second   =     46.329
07/22/2025 07:44:13 - INFO - __main__ - Test predictions saved at ./re_model_16525/test_predictions.txt
脚本测试完成！
0.2283/0.41