05/26/2025 10:40:51 - WARNING - __main__ - Process rank: 0, device: cuda:0, n_gpu: 1, distributed training: False, 16-bits training: False
05/26/2025 10:40:51 - INFO - __main__ - Training/evaluation parameters TrainingArguments(
_n_gpu=1,
accelerator_config={'split_batches': False, 'dispatch_batches': None, 'even_batches': True, 'use_seedable_sampler': True, 'non_blocking': False, 'gradient_accumulation_kwargs': None, 'use_configured_state': False},
adafactor=False,
adam_beta1=0.9,
adam_beta2=0.999,
adam_epsilon=1e-08,
auto_find_batch_size=False,
average_tokens_across_devices=False,
batch_eval_metrics=False,
bf16=False,
bf16_full_eval=False,
data_seed=None,
dataloader_drop_last=False,
dataloader_num_workers=0,
dataloader_persistent_workers=False,
dataloader_pin_memory=True,
dataloader_prefetch_factor=None,
ddp_backend=None,
ddp_broadcast_buffers=None,
ddp_bucket_cap_mb=None,
ddp_find_unused_parameters=None,
ddp_timeout=1800,
debug=[],
deepspeed=None,
disable_tqdm=True,
do_eval=True,
do_predict=True,
do_train=True,
eval_accumulation_steps=None,
eval_delay=0,
eval_do_concat_batches=True,
eval_on_start=False,
eval_steps=None,
eval_strategy=epoch,
eval_use_gather_object=False,
fp16=False,
fp16_backend=auto,
fp16_full_eval=False,
fp16_opt_level=O1,
fsdp=[],
fsdp_config={'min_num_params': 0, 'xla': False, 'xla_fsdp_v2': False, 'xla_fsdp_grad_ckpt': False},
fsdp_min_num_params=0,
fsdp_transformer_layer_cls_to_wrap=None,
full_determinism=False,
gradient_accumulation_steps=1,
gradient_checkpointing=False,
gradient_checkpointing_kwargs=None,
greater_is_better=None,
group_by_length=False,
half_precision_backend=auto,
hub_always_push=False,
hub_model_id=None,
hub_private_repo=None,
hub_strategy=every_save,
hub_token=<HUB_TOKEN>,
ignore_data_skip=False,
include_for_metrics=[],
include_inputs_for_metrics=False,
include_num_input_tokens_seen=False,
include_tokens_per_second=False,
jit_mode_eval=False,
label_names=None,
label_smoothing_factor=0.0,
learning_rate=2e-05,
length_column_name=length,
load_best_model_at_end=False,
local_rank=0,
log_level=info,
log_level_replica=warning,
log_on_each_node=True,
logging_dir=/project/hrao/Meta-Resample/output/mit_movie_trivia_bert_run1/runs/May26_10-40-51_itiger03,
logging_first_step=False,
logging_nan_inf_filter=True,
logging_steps=500,
logging_strategy=steps,
lr_scheduler_kwargs={},
lr_scheduler_type=linear,
max_grad_norm=1.0,
max_steps=-1,
metric_for_best_model=None,
mp_parameters=,
neftune_noise_alpha=None,
no_cuda=False,
num_train_epochs=8.0,
optim=adamw_torch,
optim_args=None,
optim_target_modules=None,
output_dir=/project/hrao/Meta-Resample/output/mit_movie_trivia_bert_run1,
overwrite_output_dir=True,
past_index=-1,
per_device_eval_batch_size=8,
per_device_train_batch_size=32,
prediction_loss_only=False,
push_to_hub=False,
push_to_hub_model_id=None,
push_to_hub_organization=None,
push_to_hub_token=<PUSH_TO_HUB_TOKEN>,
ray_scope=last,
remove_unused_columns=True,
report_to=['tensorboard'],
restore_callback_states_from_checkpoint=False,
resume_from_checkpoint=None,
run_name=/project/hrao/Meta-Resample/output/mit_movie_trivia_bert_run1,
save_on_each_node=False,
save_only_model=False,
save_safetensors=True,
save_steps=500,
save_strategy=steps,
save_total_limit=None,
seed=42,
skip_memory_metrics=True,
tf32=None,
torch_compile=False,
torch_compile_backend=None,
torch_compile_mode=None,
torch_empty_cache_steps=None,
torchdynamo=None,
tpu_metrics_debug=False,
tpu_num_cores=None,
use_cpu=False,
use_ipex=False,
use_legacy_prediction_loop=False,
use_liger_kernel=False,
use_mps_device=False,
warmup_ratio=0.0,
warmup_steps=0,
weight_decay=0.0,
)
[INFO|configuration_utils.py:698] 2025-05-26 10:40:52,153 >> loading configuration file config.json from cache at /home/hrao/.cache/huggingface/hub/models--google-bert--bert-base-uncased/snapshots/86b5e0934494bd15c9632b12f734a8a67f723594/config.json
[INFO|configuration_utils.py:770] 2025-05-26 10:40:52,157 >> Model config BertConfig {
  "architectures": [
    "BertForMaskedLM"
  ],
  "attention_probs_dropout_prob": 0.1,
  "classifier_dropout": null,
  "finetuning_task": "ner",
  "gradient_checkpointing": false,
  "hidden_act": "gelu",
  "hidden_dropout_prob": 0.1,
  "hidden_size": 768,
  "id2label": {
    "0": "LABEL_0",
    "1": "LABEL_1",
    "2": "LABEL_2",
    "3": "LABEL_3",
    "4": "LABEL_4",
    "5": "LABEL_5",
    "6": "LABEL_6",
    "7": "LABEL_7",
    "8": "LABEL_8",
    "9": "LABEL_9",
    "10": "LABEL_10",
    "11": "LABEL_11",
    "12": "LABEL_12",
    "13": "LABEL_13",
    "14": "LABEL_14",
    "15": "LABEL_15",
    "16": "LABEL_16",
    "17": "LABEL_17",
    "18": "LABEL_18",
    "19": "LABEL_19",
    "20": "LABEL_20",
    "21": "LABEL_21",
    "22": "LABEL_22",
    "23": "LABEL_23",
    "24": "LABEL_24"
  },
  "initializer_range": 0.02,
  "intermediate_size": 3072,
  "label2id": {
    "LABEL_0": 0,
    "LABEL_1": 1,
    "LABEL_10": 10,
    "LABEL_11": 11,
    "LABEL_12": 12,
    "LABEL_13": 13,
    "LABEL_14": 14,
    "LABEL_15": 15,
    "LABEL_16": 16,
    "LABEL_17": 17,
    "LABEL_18": 18,
    "LABEL_19": 19,
    "LABEL_2": 2,
    "LABEL_20": 20,
    "LABEL_21": 21,
    "LABEL_22": 22,
    "LABEL_23": 23,
    "LABEL_24": 24,
    "LABEL_3": 3,
    "LABEL_4": 4,
    "LABEL_5": 5,
    "LABEL_6": 6,
    "LABEL_7": 7,
    "LABEL_8": 8,
    "LABEL_9": 9
  },
  "layer_norm_eps": 1e-12,
  "max_position_embeddings": 512,
  "model_type": "bert",
  "num_attention_heads": 12,
  "num_hidden_layers": 12,
  "pad_token_id": 0,
  "position_embedding_type": "absolute",
  "transformers_version": "4.52.3",
  "type_vocab_size": 2,
  "use_cache": true,
  "vocab_size": 30522
}

[INFO|configuration_utils.py:698] 2025-05-26 10:40:52,201 >> loading configuration file config.json from cache at /home/hrao/.cache/huggingface/hub/models--google-bert--bert-base-uncased/snapshots/86b5e0934494bd15c9632b12f734a8a67f723594/config.json
[INFO|configuration_utils.py:770] 2025-05-26 10:40:52,202 >> Model config BertConfig {
  "architectures": [
    "BertForMaskedLM"
  ],
  "attention_probs_dropout_prob": 0.1,
  "classifier_dropout": null,
  "gradient_checkpointing": false,
  "hidden_act": "gelu",
  "hidden_dropout_prob": 0.1,
  "hidden_size": 768,
  "initializer_range": 0.02,
  "intermediate_size": 3072,
  "layer_norm_eps": 1e-12,
  "max_position_embeddings": 512,
  "model_type": "bert",
  "num_attention_heads": 12,
  "num_hidden_layers": 12,
  "pad_token_id": 0,
  "position_embedding_type": "absolute",
  "transformers_version": "4.52.3",
  "type_vocab_size": 2,
  "use_cache": true,
  "vocab_size": 30522
}

[INFO|tokenization_utils_base.py:2023] 2025-05-26 10:40:52,252 >> loading file vocab.txt from cache at /home/hrao/.cache/huggingface/hub/models--google-bert--bert-base-uncased/snapshots/86b5e0934494bd15c9632b12f734a8a67f723594/vocab.txt
[INFO|tokenization_utils_base.py:2023] 2025-05-26 10:40:52,252 >> loading file tokenizer.json from cache at /home/hrao/.cache/huggingface/hub/models--google-bert--bert-base-uncased/snapshots/86b5e0934494bd15c9632b12f734a8a67f723594/tokenizer.json
[INFO|tokenization_utils_base.py:2023] 2025-05-26 10:40:52,252 >> loading file added_tokens.json from cache at None
[INFO|tokenization_utils_base.py:2023] 2025-05-26 10:40:52,252 >> loading file special_tokens_map.json from cache at None
[INFO|tokenization_utils_base.py:2023] 2025-05-26 10:40:52,252 >> loading file tokenizer_config.json from cache at /home/hrao/.cache/huggingface/hub/models--google-bert--bert-base-uncased/snapshots/86b5e0934494bd15c9632b12f734a8a67f723594/tokenizer_config.json
[INFO|tokenization_utils_base.py:2023] 2025-05-26 10:40:52,252 >> loading file chat_template.jinja from cache at None
[INFO|configuration_utils.py:698] 2025-05-26 10:40:52,253 >> loading configuration file config.json from cache at /home/hrao/.cache/huggingface/hub/models--google-bert--bert-base-uncased/snapshots/86b5e0934494bd15c9632b12f734a8a67f723594/config.json
[INFO|configuration_utils.py:770] 2025-05-26 10:40:52,254 >> Model config BertConfig {
  "architectures": [
    "BertForMaskedLM"
  ],
  "attention_probs_dropout_prob": 0.1,
  "classifier_dropout": null,
  "gradient_checkpointing": false,
  "hidden_act": "gelu",
  "hidden_dropout_prob": 0.1,
  "hidden_size": 768,
  "initializer_range": 0.02,
  "intermediate_size": 3072,
  "layer_norm_eps": 1e-12,
  "max_position_embeddings": 512,
  "model_type": "bert",
  "num_attention_heads": 12,
  "num_hidden_layers": 12,
  "pad_token_id": 0,
  "position_embedding_type": "absolute",
  "transformers_version": "4.52.3",
  "type_vocab_size": 2,
  "use_cache": true,
  "vocab_size": 30522
}

[INFO|modeling_utils.py:1150] 2025-05-26 10:40:52,592 >> loading weights file model.safetensors from cache at /home/hrao/.cache/huggingface/hub/models--google-bert--bert-base-uncased/snapshots/86b5e0934494bd15c9632b12f734a8a67f723594/model.safetensors
[INFO|logging.py:343] 2025-05-26 10:40:52,614 >> A pretrained model of type `BertForTokenClassification` contains parameters that have been renamed internally (a few are listed below but more are present in the model):
* `cls.predictions.transform.LayerNorm.beta` -> `cls.predictions.transform.LayerNorm.bias`
* `cls.predictions.transform.LayerNorm.gamma` -> `cls.predictions.transform.LayerNorm.weight`
If you are using a model from the Hub, consider submitting a PR to adjust these weights and help future users.
[INFO|modeling_utils.py:5120] 2025-05-26 10:40:52,655 >> Some weights of the model checkpoint at google-bert/bert-base-uncased were not used when initializing BertForTokenClassification: ['bert.pooler.dense.bias', 'bert.pooler.dense.weight', 'cls.predictions.bias', 'cls.predictions.transform.LayerNorm.bias', 'cls.predictions.transform.LayerNorm.weight', 'cls.predictions.transform.dense.bias', 'cls.predictions.transform.dense.weight', 'cls.seq_relationship.bias', 'cls.seq_relationship.weight']
- This IS expected if you are initializing BertForTokenClassification from the checkpoint of a model trained on another task or with another architecture (e.g. initializing a BertForSequenceClassification model from a BertForPreTraining model).
- This IS NOT expected if you are initializing BertForTokenClassification from the checkpoint of a model that you expect to be exactly identical (initializing a BertForSequenceClassification model from a BertForSequenceClassification model).
[WARNING|modeling_utils.py:5132] 2025-05-26 10:40:52,655 >> Some weights of BertForTokenClassification were not initialized from the model checkpoint at google-bert/bert-base-uncased and are newly initialized: ['classifier.bias', 'classifier.weight']
You should probably TRAIN this model on a down-stream task to be able to use it for predictions and inference.

Running tokenizer on train dataset:   0%|          | 0/6816 [00:00<?, ? examples/s]
Running tokenizer on train dataset:  29%|██▉       | 2000/6816 [00:00<00:00, 16942.71 examples/s]
Running tokenizer on train dataset:  59%|█████▊    | 4000/6816 [00:00<00:00, 17752.87 examples/s]
Running tokenizer on train dataset:  88%|████████▊ | 6000/6816 [00:00<00:00, 17989.82 examples/s]
Running tokenizer on train dataset: 100%|██████████| 6816/6816 [00:00<00:00, 17772.72 examples/s]

Running tokenizer on validation dataset:   0%|          | 0/1000 [00:00<?, ? examples/s]
Running tokenizer on validation dataset: 100%|██████████| 1000/1000 [00:00<00:00, 17768.48 examples/s]

Running tokenizer on prediction dataset:   0%|          | 0/1953 [00:00<?, ? examples/s]
Running tokenizer on prediction dataset: 100%|██████████| 1953/1953 [00:00<00:00, 18448.11 examples/s]
Running tokenizer on prediction dataset: 100%|██████████| 1953/1953 [00:00<00:00, 18143.85 examples/s]
05/26/2025 10:40:53 - INFO - __main__ - Using standard DataCollatorForTokenClassification.
05/26/2025 10:40:53 - INFO - __main__ - Using standard Trainer.
/project/hrao/Meta-Resample/step_2/step2_run_ner.py:777: FutureWarning: `tokenizer` is deprecated and will be removed in version 5.0.0 for `Trainer.__init__`. Use `processing_class` instead.
  trainer = Trainer(**trainer_kwargs)
[INFO|trainer.py:934] 2025-05-26 10:40:54,019 >> The following columns in the Training set don't have a corresponding argument in `BertForTokenClassification.forward` and have been ignored: ner_tags, tokens. If ner_tags, tokens are not expected by `BertForTokenClassification.forward`,  you can safely ignore this message.
[INFO|trainer.py:2409] 2025-05-26 10:40:54,026 >> ***** Running training *****
[INFO|trainer.py:2410] 2025-05-26 10:40:54,026 >>   Num examples = 6,816
[INFO|trainer.py:2411] 2025-05-26 10:40:54,026 >>   Num Epochs = 8
[INFO|trainer.py:2412] 2025-05-26 10:40:54,026 >>   Instantaneous batch size per device = 32
[INFO|trainer.py:2415] 2025-05-26 10:40:54,026 >>   Total train batch size (w. parallel, distributed & accumulation) = 32
[INFO|trainer.py:2416] 2025-05-26 10:40:54,026 >>   Gradient Accumulation steps = 1
[INFO|trainer.py:2417] 2025-05-26 10:40:54,026 >>   Total optimization steps = 1,704
[INFO|trainer.py:2418] 2025-05-26 10:40:54,026 >>   Number of trainable parameters = 108,910,873
[INFO|trainer.py:934] 2025-05-26 10:41:03,109 >> The following columns in the Evaluation set don't have a corresponding argument in `BertForTokenClassification.forward` and have been ignored: ner_tags, tokens. If ner_tags, tokens are not expected by `BertForTokenClassification.forward`,  you can safely ignore this message.
[INFO|trainer.py:4327] 2025-05-26 10:41:03,111 >> 
***** Running Evaluation *****
[INFO|trainer.py:4329] 2025-05-26 10:41:03,111 >>   Num examples = 1000
[INFO|trainer.py:4332] 2025-05-26 10:41:03,111 >>   Batch size = 8
05/26/2025 10:41:06 - INFO - __main__ - compute_metrics received a tuple for predictions. Assuming the first element contains the actual logits. Number of elements in tuple: 2
05/26/2025 10:41:06 - INFO - __main__ -   Tuple element 0: type=<class 'numpy.ndarray'>, shape=(1000, 72, 25)
05/26/2025 10:41:06 - INFO - __main__ -   Tuple element 1: type=<class 'tuple'>, shape=N/A (not an array)
/project/hrao/miniconda3/envs/imbalance_env/lib/python3.10/site-packages/seqeval/metrics/v1.py:57: UndefinedMetricWarning: Precision and F-score are ill-defined and being set to 0.0 in labels with no predicted samples. Use `zero_division` parameter to control this behavior.
  _warn_prf(average, modifier, msg_start, len(result))
[INFO|trainer.py:934] 2025-05-26 10:41:16,101 >> The following columns in the Evaluation set don't have a corresponding argument in `BertForTokenClassification.forward` and have been ignored: ner_tags, tokens. If ner_tags, tokens are not expected by `BertForTokenClassification.forward`,  you can safely ignore this message.
[INFO|trainer.py:4327] 2025-05-26 10:41:16,103 >> 
***** Running Evaluation *****
[INFO|trainer.py:4329] 2025-05-26 10:41:16,103 >>   Num examples = 1000
[INFO|trainer.py:4332] 2025-05-26 10:41:16,103 >>   Batch size = 8
{'eval_loss': 0.39807453751564026, 'eval_overall_precision': 0.6200403496973773, 'eval_overall_recall': 0.6764490095377843, 'eval_overall_f1': 0.6470175438596492, 'eval_overall_accuracy': 0.8734345071460144, 'eval_runtime': 4.0624, 'eval_samples_per_second': 246.161, 'eval_steps_per_second': 30.77, 'epoch': 1.0}
05/26/2025 10:41:18 - INFO - __main__ - compute_metrics received a tuple for predictions. Assuming the first element contains the actual logits. Number of elements in tuple: 2
05/26/2025 10:41:18 - INFO - __main__ -   Tuple element 0: type=<class 'numpy.ndarray'>, shape=(1000, 72, 25)
05/26/2025 10:41:18 - INFO - __main__ -   Tuple element 1: type=<class 'tuple'>, shape=N/A (not an array)
[INFO|trainer.py:3993] 2025-05-26 10:41:21,418 >> Saving model checkpoint to /project/hrao/Meta-Resample/output/mit_movie_trivia_bert_run1/checkpoint-500
[INFO|configuration_utils.py:424] 2025-05-26 10:41:21,421 >> Configuration saved in /project/hrao/Meta-Resample/output/mit_movie_trivia_bert_run1/checkpoint-500/config.json
[INFO|modeling_utils.py:3724] 2025-05-26 10:41:22,598 >> Model weights saved in /project/hrao/Meta-Resample/output/mit_movie_trivia_bert_run1/checkpoint-500/model.safetensors
[INFO|tokenization_utils_base.py:2525] 2025-05-26 10:41:22,627 >> tokenizer config file saved in /project/hrao/Meta-Resample/output/mit_movie_trivia_bert_run1/checkpoint-500/tokenizer_config.json
[INFO|tokenization_utils_base.py:2534] 2025-05-26 10:41:22,643 >> Special tokens file saved in /project/hrao/Meta-Resample/output/mit_movie_trivia_bert_run1/checkpoint-500/special_tokens_map.json
[INFO|trainer.py:934] 2025-05-26 10:41:30,918 >> The following columns in the Evaluation set don't have a corresponding argument in `BertForTokenClassification.forward` and have been ignored: ner_tags, tokens. If ner_tags, tokens are not expected by `BertForTokenClassification.forward`,  you can safely ignore this message.
[INFO|trainer.py:4327] 2025-05-26 10:41:30,920 >> 
***** Running Evaluation *****
[INFO|trainer.py:4329] 2025-05-26 10:41:30,920 >>   Num examples = 1000
[INFO|trainer.py:4332] 2025-05-26 10:41:30,920 >>   Batch size = 8
{'eval_loss': 0.3560269773006439, 'eval_overall_precision': 0.6328740157480315, 'eval_overall_recall': 0.7076302274394718, 'eval_overall_f1': 0.6681676480775892, 'eval_overall_accuracy': 0.883158980403713, 'eval_runtime': 2.2074, 'eval_samples_per_second': 453.017, 'eval_steps_per_second': 56.627, 'epoch': 2.0}
{'loss': 0.5132, 'grad_norm': 1.5124645233154297, 'learning_rate': 1.4143192488262912e-05, 'epoch': 2.347417840375587}
05/26/2025 10:41:32 - INFO - __main__ - compute_metrics received a tuple for predictions. Assuming the first element contains the actual logits. Number of elements in tuple: 2
05/26/2025 10:41:32 - INFO - __main__ -   Tuple element 0: type=<class 'numpy.ndarray'>, shape=(1000, 72, 25)
05/26/2025 10:41:32 - INFO - __main__ -   Tuple element 1: type=<class 'tuple'>, shape=N/A (not an array)
[INFO|trainer.py:934] 2025-05-26 10:41:42,148 >> The following columns in the Evaluation set don't have a corresponding argument in `BertForTokenClassification.forward` and have been ignored: ner_tags, tokens. If ner_tags, tokens are not expected by `BertForTokenClassification.forward`,  you can safely ignore this message.
[INFO|trainer.py:4327] 2025-05-26 10:41:42,149 >> 
***** Running Evaluation *****
[INFO|trainer.py:4329] 2025-05-26 10:41:42,150 >>   Num examples = 1000
[INFO|trainer.py:4332] 2025-05-26 10:41:42,150 >>   Batch size = 8
{'eval_loss': 0.3402412235736847, 'eval_overall_precision': 0.6642461964038727, 'eval_overall_recall': 0.7046955245781364, 'eval_overall_f1': 0.683873264506942, 'eval_overall_accuracy': 0.8865478119935171, 'eval_runtime': 2.2106, 'eval_samples_per_second': 452.369, 'eval_steps_per_second': 56.546, 'epoch': 3.0}
05/26/2025 10:41:44 - INFO - __main__ - compute_metrics received a tuple for predictions. Assuming the first element contains the actual logits. Number of elements in tuple: 2
05/26/2025 10:41:44 - INFO - __main__ -   Tuple element 0: type=<class 'numpy.ndarray'>, shape=(1000, 72, 25)
05/26/2025 10:41:44 - INFO - __main__ -   Tuple element 1: type=<class 'tuple'>, shape=N/A (not an array)
[INFO|trainer.py:3993] 2025-05-26 10:41:50,629 >> Saving model checkpoint to /project/hrao/Meta-Resample/output/mit_movie_trivia_bert_run1/checkpoint-1000
[INFO|configuration_utils.py:424] 2025-05-26 10:41:50,631 >> Configuration saved in /project/hrao/Meta-Resample/output/mit_movie_trivia_bert_run1/checkpoint-1000/config.json
[INFO|modeling_utils.py:3724] 2025-05-26 10:41:51,775 >> Model weights saved in /project/hrao/Meta-Resample/output/mit_movie_trivia_bert_run1/checkpoint-1000/model.safetensors
[INFO|tokenization_utils_base.py:2525] 2025-05-26 10:41:51,803 >> tokenizer config file saved in /project/hrao/Meta-Resample/output/mit_movie_trivia_bert_run1/checkpoint-1000/tokenizer_config.json
[INFO|tokenization_utils_base.py:2534] 2025-05-26 10:41:51,819 >> Special tokens file saved in /project/hrao/Meta-Resample/output/mit_movie_trivia_bert_run1/checkpoint-1000/special_tokens_map.json
[INFO|trainer.py:934] 2025-05-26 10:41:57,042 >> The following columns in the Evaluation set don't have a corresponding argument in `BertForTokenClassification.forward` and have been ignored: ner_tags, tokens. If ner_tags, tokens are not expected by `BertForTokenClassification.forward`,  you can safely ignore this message.
[INFO|trainer.py:4327] 2025-05-26 10:41:57,043 >> 
***** Running Evaluation *****
[INFO|trainer.py:4329] 2025-05-26 10:41:57,044 >>   Num examples = 1000
[INFO|trainer.py:4332] 2025-05-26 10:41:57,044 >>   Batch size = 8
{'eval_loss': 0.3496648669242859, 'eval_overall_precision': 0.6575525175058353, 'eval_overall_recall': 0.723404255319149, 'eval_overall_f1': 0.6889082969432315, 'eval_overall_accuracy': 0.8880212170325622, 'eval_runtime': 2.2081, 'eval_samples_per_second': 452.874, 'eval_steps_per_second': 56.609, 'epoch': 4.0}
{'loss': 0.2465, 'grad_norm': 2.1419079303741455, 'learning_rate': 8.274647887323944e-06, 'epoch': 4.694835680751174}
05/26/2025 10:41:59 - INFO - __main__ - compute_metrics received a tuple for predictions. Assuming the first element contains the actual logits. Number of elements in tuple: 2
05/26/2025 10:41:59 - INFO - __main__ -   Tuple element 0: type=<class 'numpy.ndarray'>, shape=(1000, 72, 25)
05/26/2025 10:41:59 - INFO - __main__ -   Tuple element 1: type=<class 'tuple'>, shape=N/A (not an array)
[INFO|trainer.py:934] 2025-05-26 10:42:08,285 >> The following columns in the Evaluation set don't have a corresponding argument in `BertForTokenClassification.forward` and have been ignored: ner_tags, tokens. If ner_tags, tokens are not expected by `BertForTokenClassification.forward`,  you can safely ignore this message.
[INFO|trainer.py:4327] 2025-05-26 10:42:08,287 >> 
***** Running Evaluation *****
[INFO|trainer.py:4329] 2025-05-26 10:42:08,287 >>   Num examples = 1000
[INFO|trainer.py:4332] 2025-05-26 10:42:08,287 >>   Batch size = 8
{'eval_loss': 0.3671081066131592, 'eval_overall_precision': 0.6540112248266755, 'eval_overall_recall': 0.7267057960381511, 'eval_overall_f1': 0.6884448305821026, 'eval_overall_accuracy': 0.8881194440351653, 'eval_runtime': 2.21, 'eval_samples_per_second': 452.481, 'eval_steps_per_second': 56.56, 'epoch': 5.0}
05/26/2025 10:42:10 - INFO - __main__ - compute_metrics received a tuple for predictions. Assuming the first element contains the actual logits. Number of elements in tuple: 2
05/26/2025 10:42:10 - INFO - __main__ -   Tuple element 0: type=<class 'numpy.ndarray'>, shape=(1000, 72, 25)
05/26/2025 10:42:10 - INFO - __main__ -   Tuple element 1: type=<class 'tuple'>, shape=N/A (not an array)
[INFO|trainer.py:934] 2025-05-26 10:42:19,503 >> The following columns in the Evaluation set don't have a corresponding argument in `BertForTokenClassification.forward` and have been ignored: ner_tags, tokens. If ner_tags, tokens are not expected by `BertForTokenClassification.forward`,  you can safely ignore this message.
[INFO|trainer.py:4327] 2025-05-26 10:42:19,504 >> 
***** Running Evaluation *****
[INFO|trainer.py:4329] 2025-05-26 10:42:19,504 >>   Num examples = 1000
[INFO|trainer.py:4332] 2025-05-26 10:42:19,504 >>   Batch size = 8
{'eval_loss': 0.38685142993927, 'eval_overall_precision': 0.6500655307994757, 'eval_overall_recall': 0.7278063096111519, 'eval_overall_f1': 0.6867428175839391, 'eval_overall_accuracy': 0.8861549039831049, 'eval_runtime': 2.2107, 'eval_samples_per_second': 452.348, 'eval_steps_per_second': 56.544, 'epoch': 6.0}
05/26/2025 10:42:21 - INFO - __main__ - compute_metrics received a tuple for predictions. Assuming the first element contains the actual logits. Number of elements in tuple: 2
05/26/2025 10:42:21 - INFO - __main__ -   Tuple element 0: type=<class 'numpy.ndarray'>, shape=(1000, 72, 25)
05/26/2025 10:42:21 - INFO - __main__ -   Tuple element 1: type=<class 'tuple'>, shape=N/A (not an array)
[INFO|trainer.py:3993] 2025-05-26 10:42:22,131 >> Saving model checkpoint to /project/hrao/Meta-Resample/output/mit_movie_trivia_bert_run1/checkpoint-1500
[INFO|configuration_utils.py:424] 2025-05-26 10:42:22,133 >> Configuration saved in /project/hrao/Meta-Resample/output/mit_movie_trivia_bert_run1/checkpoint-1500/config.json
[INFO|modeling_utils.py:3724] 2025-05-26 10:42:23,247 >> Model weights saved in /project/hrao/Meta-Resample/output/mit_movie_trivia_bert_run1/checkpoint-1500/model.safetensors
[INFO|tokenization_utils_base.py:2525] 2025-05-26 10:42:23,279 >> tokenizer config file saved in /project/hrao/Meta-Resample/output/mit_movie_trivia_bert_run1/checkpoint-1500/tokenizer_config.json
[INFO|tokenization_utils_base.py:2534] 2025-05-26 10:42:23,297 >> Special tokens file saved in /project/hrao/Meta-Resample/output/mit_movie_trivia_bert_run1/checkpoint-1500/special_tokens_map.json
[INFO|trainer.py:3993] 2025-05-26 10:42:34,579 >> Saving model checkpoint to /project/hrao/Meta-Resample/output/mit_movie_trivia_bert_run1/checkpoint-1704
[INFO|configuration_utils.py:424] 2025-05-26 10:42:34,583 >> Configuration saved in /project/hrao/Meta-Resample/output/mit_movie_trivia_bert_run1/checkpoint-1704/config.json
[INFO|modeling_utils.py:3724] 2025-05-26 10:42:35,912 >> Model weights saved in /project/hrao/Meta-Resample/output/mit_movie_trivia_bert_run1/checkpoint-1704/model.safetensors
[INFO|tokenization_utils_base.py:2525] 2025-05-26 10:42:35,936 >> tokenizer config file saved in /project/hrao/Meta-Resample/output/mit_movie_trivia_bert_run1/checkpoint-1704/tokenizer_config.json
[INFO|tokenization_utils_base.py:2534] 2025-05-26 10:42:35,949 >> Special tokens file saved in /project/hrao/Meta-Resample/output/mit_movie_trivia_bert_run1/checkpoint-1704/special_tokens_map.json
[INFO|trainer.py:934] 2025-05-26 10:42:38,493 >> The following columns in the Evaluation set don't have a corresponding argument in `BertForTokenClassification.forward` and have been ignored: ner_tags, tokens. If ner_tags, tokens are not expected by `BertForTokenClassification.forward`,  you can safely ignore this message.
[INFO|trainer.py:4327] 2025-05-26 10:42:38,495 >> 
***** Running Evaluation *****
[INFO|trainer.py:4329] 2025-05-26 10:42:38,495 >>   Num examples = 1000
[INFO|trainer.py:4332] 2025-05-26 10:42:38,495 >>   Batch size = 8
{'eval_loss': 0.38270819187164307, 'eval_overall_precision': 0.6502822982397874, 'eval_overall_recall': 0.7182685253118122, 'eval_overall_f1': 0.6825867177967578, 'eval_overall_accuracy': 0.8877756495260547, 'eval_runtime': 2.21, 'eval_samples_per_second': 452.482, 'eval_steps_per_second': 56.56, 'epoch': 7.0}
{'loss': 0.1882, 'grad_norm': 1.2613143920898438, 'learning_rate': 2.406103286384977e-06, 'epoch': 7.042253521126761}
05/26/2025 10:42:40 - INFO - __main__ - compute_metrics received a tuple for predictions. Assuming the first element contains the actual logits. Number of elements in tuple: 2
05/26/2025 10:42:40 - INFO - __main__ -   Tuple element 0: type=<class 'numpy.ndarray'>, shape=(1000, 72, 25)
05/26/2025 10:42:40 - INFO - __main__ -   Tuple element 1: type=<class 'tuple'>, shape=N/A (not an array)
[INFO|trainer.py:2676] 2025-05-26 10:42:40,736 >> 

Training completed. Do not forget to share your model on huggingface.co/models =)


[INFO|trainer.py:3993] 2025-05-26 10:42:40,741 >> Saving model checkpoint to /project/hrao/Meta-Resample/output/mit_movie_trivia_bert_run1
[INFO|configuration_utils.py:424] 2025-05-26 10:42:40,743 >> Configuration saved in /project/hrao/Meta-Resample/output/mit_movie_trivia_bert_run1/config.json
[INFO|modeling_utils.py:3724] 2025-05-26 10:42:41,979 >> Model weights saved in /project/hrao/Meta-Resample/output/mit_movie_trivia_bert_run1/model.safetensors
[INFO|tokenization_utils_base.py:2525] 2025-05-26 10:42:42,014 >> tokenizer config file saved in /project/hrao/Meta-Resample/output/mit_movie_trivia_bert_run1/tokenizer_config.json
[INFO|tokenization_utils_base.py:2534] 2025-05-26 10:42:42,034 >> Special tokens file saved in /project/hrao/Meta-Resample/output/mit_movie_trivia_bert_run1/special_tokens_map.json
{'eval_loss': 0.3947678804397583, 'eval_overall_precision': 0.6519446275543836, 'eval_overall_recall': 0.7256052824651504, 'eval_overall_f1': 0.6868055555555556, 'eval_overall_accuracy': 0.8877756495260547, 'eval_runtime': 2.2094, 'eval_samples_per_second': 452.614, 'eval_steps_per_second': 56.577, 'epoch': 8.0}
{'train_runtime': 106.7098, 'train_samples_per_second': 510.994, 'train_steps_per_second': 15.969, 'train_loss': 0.29797197171779866, 'epoch': 8.0}
***** train metrics *****
  epoch                    =        8.0
  train_loss               =      0.298
  train_runtime            = 0:01:46.70
  train_samples            =       6816
  train_samples_per_second =    510.994
  train_steps_per_second   =     15.969
05/26/2025 10:42:42 - INFO - __main__ - *** Evaluate ***
[INFO|trainer.py:934] 2025-05-26 10:42:42,066 >> The following columns in the Evaluation set don't have a corresponding argument in `BertForTokenClassification.forward` and have been ignored: ner_tags, tokens. If ner_tags, tokens are not expected by `BertForTokenClassification.forward`,  you can safely ignore this message.
[INFO|trainer.py:4327] 2025-05-26 10:42:42,067 >> 
***** Running Evaluation *****
[INFO|trainer.py:4329] 2025-05-26 10:42:42,067 >>   Num examples = 1000
[INFO|trainer.py:4332] 2025-05-26 10:42:42,067 >>   Batch size = 8
05/26/2025 10:42:44 - INFO - __main__ - compute_metrics received a tuple for predictions. Assuming the first element contains the actual logits. Number of elements in tuple: 2
05/26/2025 10:42:44 - INFO - __main__ -   Tuple element 0: type=<class 'numpy.ndarray'>, shape=(1000, 72, 25)
05/26/2025 10:42:44 - INFO - __main__ -   Tuple element 1: type=<class 'tuple'>, shape=N/A (not an array)
{'eval_loss': 0.3947678804397583, 'eval_overall_precision': 0.6519446275543836, 'eval_overall_recall': 0.7256052824651504, 'eval_overall_f1': 0.6868055555555556, 'eval_overall_accuracy': 0.8877756495260547, 'eval_runtime': 2.203, 'eval_samples_per_second': 453.936, 'eval_steps_per_second': 56.742, 'epoch': 8.0}
***** eval metrics *****
  epoch                   =        8.0
  eval_loss               =     0.3948
  eval_overall_accuracy   =     0.8878
  eval_overall_f1         =     0.6868
  eval_overall_precision  =     0.6519
  eval_overall_recall     =     0.7256
  eval_runtime            = 0:00:02.20
  eval_samples            =       1000
  eval_samples_per_second =    453.936
  eval_steps_per_second   =     56.742
05/26/2025 10:42:44 - INFO - __main__ - *** Predict ***
[INFO|trainer.py:934] 2025-05-26 10:42:44,284 >> The following columns in the test set don't have a corresponding argument in `BertForTokenClassification.forward` and have been ignored: ner_tags, tokens. If ner_tags, tokens are not expected by `BertForTokenClassification.forward`,  you can safely ignore this message.
[INFO|trainer.py:4327] 2025-05-26 10:42:44,285 >> 
***** Running Prediction *****
[INFO|trainer.py:4329] 2025-05-26 10:42:44,285 >>   Num examples = 1953
[INFO|trainer.py:4332] 2025-05-26 10:42:44,286 >>   Batch size = 8
05/26/2025 10:42:56 - INFO - __main__ - compute_metrics received a tuple for predictions. Assuming the first element contains the actual logits. Number of elements in tuple: 2
05/26/2025 10:42:56 - INFO - __main__ -   Tuple element 0: type=<class 'numpy.ndarray'>, shape=(1953, 78, 25)
05/26/2025 10:42:56 - INFO - __main__ -   Tuple element 1: type=<class 'tuple'>, shape=N/A (not an array)
05/26/2025 10:42:56 - INFO - __main__ - [Predict Block] Received a tuple for predictions. Assuming the first element contains the actual logits. Number of elements in tuple: 2
05/26/2025 10:42:56 - INFO - __main__ -   [Predict Block] Tuple element 0: type=<class 'numpy.ndarray'>, shape=(1953, 78, 25)
05/26/2025 10:42:56 - INFO - __main__ -   [Predict Block] Tuple element 1: type=<class 'tuple'>, shape=N/A (not an array)
[INFO|modelcard.py:450] 2025-05-26 10:42:57,002 >> Dropping the following result as it does not have all the necessary fields:
{'task': {'name': 'Token Classification', 'type': 'token-classification'}}
***** predict metrics *****
  predict_loss               =     0.4108
  predict_overall_accuracy   =     0.8864
  predict_overall_f1         =     0.7014 ✅
  predict_overall_precision  =     0.6734
  predict_overall_recall     =      0.732
  predict_runtime            = 0:00:12.63
  predict_samples_per_second =    154.551
  predict_steps_per_second   =     19.388
