05/25/2025 09:50:23 - WARNING - __main__ - Process rank: 0, device: cuda:0, n_gpu: 1, distributed training: False, 16-bits training: False
05/25/2025 09:50:23 - INFO - __main__ - Training/evaluation parameters TrainingArguments(
_n_gpu=1,
accelerator_config={'split_batches': False, 'dispatch_batches': None, 'even_batches': True, 'use_seedable_sampler': True, 'non_blocking': False, 'gradient_accumulation_kwargs': None, 'use_configured_state': False},
adafactor=False,
adam_beta1=0.9,
adam_beta2=0.999,
adam_epsilon=1e-08,
auto_find_batch_size=False,
average_tokens_across_devices=False,
batch_eval_metrics=False,
bf16=False,
bf16_full_eval=False,
data_seed=None,
dataloader_drop_last=False,
dataloader_num_workers=0,
dataloader_persistent_workers=False,
dataloader_pin_memory=True,
dataloader_prefetch_factor=None,
ddp_backend=None,
ddp_broadcast_buffers=None,
ddp_bucket_cap_mb=None,
ddp_find_unused_parameters=None,
ddp_timeout=1800,
debug=[],
deepspeed=None,
disable_tqdm=False,
do_eval=True,
do_predict=True,
do_train=True,
eval_accumulation_steps=None,
eval_delay=0,
eval_do_concat_batches=True,
eval_on_start=False,
eval_steps=None,
eval_strategy=no,
eval_use_gather_object=False,
fp16=False,
fp16_backend=auto,
fp16_full_eval=False,
fp16_opt_level=O1,
fsdp=[],
fsdp_config={'min_num_params': 0, 'xla': False, 'xla_fsdp_v2': False, 'xla_fsdp_grad_ckpt': False},
fsdp_min_num_params=0,
fsdp_transformer_layer_cls_to_wrap=None,
full_determinism=False,
gradient_accumulation_steps=1,
gradient_checkpointing=False,
gradient_checkpointing_kwargs=None,
greater_is_better=None,
group_by_length=False,
half_precision_backend=auto,
hub_always_push=False,
hub_model_id=None,
hub_private_repo=None,
hub_strategy=every_save,
hub_token=<HUB_TOKEN>,
ignore_data_skip=False,
include_for_metrics=[],
include_inputs_for_metrics=False,
include_num_input_tokens_seen=False,
include_tokens_per_second=False,
jit_mode_eval=False,
label_names=None,
label_smoothing_factor=0.0,
learning_rate=2e-05,
length_column_name=length,
load_best_model_at_end=False,
local_rank=0,
log_level=passive,
log_level_replica=warning,
log_on_each_node=True,
logging_dir=/project/hrao/Meta-Resample/output/mit_movie_trivia_bert_run1/runs/May25_09-50-23_itiger07,
logging_first_step=False,
logging_nan_inf_filter=True,
logging_steps=500,
logging_strategy=steps,
lr_scheduler_kwargs={},
lr_scheduler_type=linear,
max_grad_norm=1.0,
max_steps=-1,
metric_for_best_model=None,
mp_parameters=,
neftune_noise_alpha=None,
no_cuda=False,
num_train_epochs=8.0,
optim=adamw_torch,
optim_args=None,
optim_target_modules=None,
output_dir=/project/hrao/Meta-Resample/output/mit_movie_trivia_bert_run1,
overwrite_output_dir=True,
past_index=-1,
per_device_eval_batch_size=8,
per_device_train_batch_size=32,
prediction_loss_only=False,
push_to_hub=False,
push_to_hub_model_id=None,
push_to_hub_organization=None,
push_to_hub_token=<PUSH_TO_HUB_TOKEN>,
ray_scope=last,
remove_unused_columns=True,
report_to=['tensorboard'],
restore_callback_states_from_checkpoint=False,
resume_from_checkpoint=None,
run_name=/project/hrao/Meta-Resample/output/mit_movie_trivia_bert_run1,
save_on_each_node=False,
save_only_model=False,
save_safetensors=True,
save_steps=500,
save_strategy=steps,
save_total_limit=None,
seed=42,
skip_memory_metrics=True,
tf32=None,
torch_compile=False,
torch_compile_backend=None,
torch_compile_mode=None,
torch_empty_cache_steps=None,
torchdynamo=None,
tpu_metrics_debug=False,
tpu_num_cores=None,
use_cpu=False,
use_ipex=False,
use_legacy_prediction_loop=False,
use_liger_kernel=False,
use_mps_device=False,
warmup_ratio=0.0,
warmup_steps=0,
weight_decay=0.0,
)
[INFO|configuration_utils.py:698] 2025-05-25 09:50:24,003 >> loading configuration file config.json from cache at /home/hrao/.cache/huggingface/hub/models--google-bert--bert-base-uncased/snapshots/86b5e0934494bd15c9632b12f734a8a67f723594/config.json
[INFO|configuration_utils.py:770] 2025-05-25 09:50:24,008 >> Model config BertConfig {
  "architectures": [
    "BertForMaskedLM"
  ],
  "attention_probs_dropout_prob": 0.1,
  "classifier_dropout": null,
  "finetuning_task": "ner",
  "gradient_checkpointing": false,
  "hidden_act": "gelu",
  "hidden_dropout_prob": 0.1,
  "hidden_size": 768,
  "id2label": {
    "0": "LABEL_0",
    "1": "LABEL_1",
    "2": "LABEL_2",
    "3": "LABEL_3",
    "4": "LABEL_4",
    "5": "LABEL_5",
    "6": "LABEL_6",
    "7": "LABEL_7",
    "8": "LABEL_8",
    "9": "LABEL_9",
    "10": "LABEL_10",
    "11": "LABEL_11",
    "12": "LABEL_12",
    "13": "LABEL_13",
    "14": "LABEL_14",
    "15": "LABEL_15",
    "16": "LABEL_16",
    "17": "LABEL_17",
    "18": "LABEL_18",
    "19": "LABEL_19",
    "20": "LABEL_20",
    "21": "LABEL_21",
    "22": "LABEL_22",
    "23": "LABEL_23",
    "24": "LABEL_24"
  },
  "initializer_range": 0.02,
  "intermediate_size": 3072,
  "label2id": {
    "LABEL_0": 0,
    "LABEL_1": 1,
    "LABEL_10": 10,
    "LABEL_11": 11,
    "LABEL_12": 12,
    "LABEL_13": 13,
    "LABEL_14": 14,
    "LABEL_15": 15,
    "LABEL_16": 16,
    "LABEL_17": 17,
    "LABEL_18": 18,
    "LABEL_19": 19,
    "LABEL_2": 2,
    "LABEL_20": 20,
    "LABEL_21": 21,
    "LABEL_22": 22,
    "LABEL_23": 23,
    "LABEL_24": 24,
    "LABEL_3": 3,
    "LABEL_4": 4,
    "LABEL_5": 5,
    "LABEL_6": 6,
    "LABEL_7": 7,
    "LABEL_8": 8,
    "LABEL_9": 9
  },
  "layer_norm_eps": 1e-12,
  "max_position_embeddings": 512,
  "model_type": "bert",
  "num_attention_heads": 12,
  "num_hidden_layers": 12,
  "pad_token_id": 0,
  "position_embedding_type": "absolute",
  "transformers_version": "4.52.3",
  "type_vocab_size": 2,
  "use_cache": true,
  "vocab_size": 30522
}

[INFO|configuration_utils.py:698] 2025-05-25 09:50:24,094 >> loading configuration file config.json from cache at /home/hrao/.cache/huggingface/hub/models--google-bert--bert-base-uncased/snapshots/86b5e0934494bd15c9632b12f734a8a67f723594/config.json
[INFO|configuration_utils.py:770] 2025-05-25 09:50:24,095 >> Model config BertConfig {
  "architectures": [
    "BertForMaskedLM"
  ],
  "attention_probs_dropout_prob": 0.1,
  "classifier_dropout": null,
  "gradient_checkpointing": false,
  "hidden_act": "gelu",
  "hidden_dropout_prob": 0.1,
  "hidden_size": 768,
  "initializer_range": 0.02,
  "intermediate_size": 3072,
  "layer_norm_eps": 1e-12,
  "max_position_embeddings": 512,
  "model_type": "bert",
  "num_attention_heads": 12,
  "num_hidden_layers": 12,
  "pad_token_id": 0,
  "position_embedding_type": "absolute",
  "transformers_version": "4.52.3",
  "type_vocab_size": 2,
  "use_cache": true,
  "vocab_size": 30522
}

[INFO|tokenization_utils_base.py:2023] 2025-05-25 09:50:24,161 >> loading file vocab.txt from cache at /home/hrao/.cache/huggingface/hub/models--google-bert--bert-base-uncased/snapshots/86b5e0934494bd15c9632b12f734a8a67f723594/vocab.txt
[INFO|tokenization_utils_base.py:2023] 2025-05-25 09:50:24,161 >> loading file tokenizer.json from cache at /home/hrao/.cache/huggingface/hub/models--google-bert--bert-base-uncased/snapshots/86b5e0934494bd15c9632b12f734a8a67f723594/tokenizer.json
[INFO|tokenization_utils_base.py:2023] 2025-05-25 09:50:24,161 >> loading file added_tokens.json from cache at None
[INFO|tokenization_utils_base.py:2023] 2025-05-25 09:50:24,161 >> loading file special_tokens_map.json from cache at None
[INFO|tokenization_utils_base.py:2023] 2025-05-25 09:50:24,161 >> loading file tokenizer_config.json from cache at /home/hrao/.cache/huggingface/hub/models--google-bert--bert-base-uncased/snapshots/86b5e0934494bd15c9632b12f734a8a67f723594/tokenizer_config.json
[INFO|tokenization_utils_base.py:2023] 2025-05-25 09:50:24,161 >> loading file chat_template.jinja from cache at None
[INFO|configuration_utils.py:698] 2025-05-25 09:50:24,162 >> loading configuration file config.json from cache at /home/hrao/.cache/huggingface/hub/models--google-bert--bert-base-uncased/snapshots/86b5e0934494bd15c9632b12f734a8a67f723594/config.json
[INFO|configuration_utils.py:770] 2025-05-25 09:50:24,163 >> Model config BertConfig {
  "architectures": [
    "BertForMaskedLM"
  ],
  "attention_probs_dropout_prob": 0.1,
  "classifier_dropout": null,
  "gradient_checkpointing": false,
  "hidden_act": "gelu",
  "hidden_dropout_prob": 0.1,
  "hidden_size": 768,
  "initializer_range": 0.02,
  "intermediate_size": 3072,
  "layer_norm_eps": 1e-12,
  "max_position_embeddings": 512,
  "model_type": "bert",
  "num_attention_heads": 12,
  "num_hidden_layers": 12,
  "pad_token_id": 0,
  "position_embedding_type": "absolute",
  "transformers_version": "4.52.3",
  "type_vocab_size": 2,
  "use_cache": true,
  "vocab_size": 30522
}

[INFO|modeling_utils.py:1150] 2025-05-25 09:50:24,375 >> loading weights file model.safetensors from cache at /home/hrao/.cache/huggingface/hub/models--google-bert--bert-base-uncased/snapshots/86b5e0934494bd15c9632b12f734a8a67f723594/model.safetensors
[INFO|logging.py:343] 2025-05-25 09:50:24,396 >> A pretrained model of type `BertForTokenClassification` contains parameters that have been renamed internally (a few are listed below but more are present in the model):
* `cls.predictions.transform.LayerNorm.beta` -> `cls.predictions.transform.LayerNorm.bias`
* `cls.predictions.transform.LayerNorm.gamma` -> `cls.predictions.transform.LayerNorm.weight`
If you are using a model from the Hub, consider submitting a PR to adjust these weights and help future users.
[INFO|modeling_utils.py:5120] 2025-05-25 09:50:24,437 >> Some weights of the model checkpoint at google-bert/bert-base-uncased were not used when initializing BertForTokenClassification: ['bert.pooler.dense.bias', 'bert.pooler.dense.weight', 'cls.predictions.bias', 'cls.predictions.transform.LayerNorm.bias', 'cls.predictions.transform.LayerNorm.weight', 'cls.predictions.transform.dense.bias', 'cls.predictions.transform.dense.weight', 'cls.seq_relationship.bias', 'cls.seq_relationship.weight']
- This IS expected if you are initializing BertForTokenClassification from the checkpoint of a model trained on another task or with another architecture (e.g. initializing a BertForSequenceClassification model from a BertForPreTraining model).
- This IS NOT expected if you are initializing BertForTokenClassification from the checkpoint of a model that you expect to be exactly identical (initializing a BertForSequenceClassification model from a BertForSequenceClassification model).
[WARNING|modeling_utils.py:5132] 2025-05-25 09:50:24,437 >> Some weights of BertForTokenClassification were not initialized from the model checkpoint at google-bert/bert-base-uncased and are newly initialized: ['classifier.bias', 'classifier.weight']
You should probably TRAIN this model on a down-stream task to be able to use it for predictions and inference.

Running tokenizer on train dataset:   0%|          | 0/6816 [00:00<?, ? examples/s]
Running tokenizer on train dataset:  29%|██▉       | 2000/6816 [00:00<00:00, 16829.89 examples/s]
Running tokenizer on train dataset:  59%|█████▊    | 4000/6816 [00:00<00:00, 17560.53 examples/s]
Running tokenizer on train dataset:  88%|████████▊ | 6000/6816 [00:00<00:00, 17731.85 examples/s]
Running tokenizer on train dataset: 100%|██████████| 6816/6816 [00:00<00:00, 17537.02 examples/s]

Running tokenizer on validation dataset:   0%|          | 0/1000 [00:00<?, ? examples/s]
Running tokenizer on validation dataset: 100%|██████████| 1000/1000 [00:00<00:00, 17458.88 examples/s]

Running tokenizer on prediction dataset:   0%|          | 0/1953 [00:00<?, ? examples/s]
Running tokenizer on prediction dataset: 100%|██████████| 1953/1953 [00:00<00:00, 18321.15 examples/s]
Running tokenizer on prediction dataset: 100%|██████████| 1953/1953 [00:00<00:00, 18034.83 examples/s]
[INFO|trainer.py:934] 2025-05-25 09:50:26,007 >> The following columns in the Training set don't have a corresponding argument in `BertForTokenClassification.forward` and have been ignored: ner_tags, tokens. If ner_tags, tokens are not expected by `BertForTokenClassification.forward`,  you can safely ignore this message.
[INFO|trainer.py:2409] 2025-05-25 09:50:26,015 >> ***** Running training *****
[INFO|trainer.py:2410] 2025-05-25 09:50:26,015 >>   Num examples = 6,816
[INFO|trainer.py:2411] 2025-05-25 09:50:26,015 >>   Num Epochs = 8
[INFO|trainer.py:2412] 2025-05-25 09:50:26,015 >>   Instantaneous batch size per device = 32
[INFO|trainer.py:2415] 2025-05-25 09:50:26,015 >>   Total train batch size (w. parallel, distributed & accumulation) = 32
[INFO|trainer.py:2416] 2025-05-25 09:50:26,015 >>   Gradient Accumulation steps = 1
[INFO|trainer.py:2417] 2025-05-25 09:50:26,015 >>   Total optimization steps = 1,704
[INFO|trainer.py:2418] 2025-05-25 09:50:26,015 >>   Number of trainable parameters = 108,910,873

  0%|          | 0/1704 [00:00<?, ?it/s]
  0%|          | 1/1704 [00:00<07:48,  3.63it/s]
  0%|          | 3/1704 [00:00<03:37,  7.82it/s]
  0%|          | 5/1704 [00:00<02:51,  9.92it/s]
  0%|          | 7/1704 [00:00<02:34, 10.98it/s]
  1%|          | 9/1704 [00:00<02:22, 11.85it/s]
  1%|          | 11/1704 [00:01<02:13, 12.64it/s]
  1%|          | 13/1704 [00:01<02:12, 12.80it/s]
  1%|          | 15/1704 [00:01<02:07, 13.25it/s]
  1%|          | 17/1704 [00:01<02:07, 13.27it/s]
  1%|          | 19/1704 [00:01<02:06, 13.30it/s]
  1%|          | 21/1704 [00:01<02:05, 13.46it/s]
  1%|▏         | 23/1704 [00:01<02:07, 13.14it/s]
  1%|▏         | 25/1704 [00:02<02:12, 12.67it/s]
  2%|▏         | 27/1704 [00:02<02:12, 12.65it/s]
  2%|▏         | 29/1704 [00:02<02:11, 12.72it/s]
  2%|▏         | 31/1704 [00:02<02:09, 12.90it/s]
  2%|▏         | 33/1704 [00:02<02:06, 13.21it/s]
  2%|▏         | 35/1704 [00:02<02:06, 13.16it/s]
  2%|▏         | 37/1704 [00:02<02:05, 13.33it/s]
  2%|▏         | 39/1704 [00:03<02:05, 13.24it/s]
  2%|▏         | 41/1704 [00:03<02:05, 13.30it/s]
  3%|▎         | 43/1704 [00:03<02:06, 13.17it/s]
  3%|▎         | 45/1704 [00:03<02:05, 13.23it/s]
  3%|▎         | 47/1704 [00:03<02:05, 13.21it/s]
  3%|▎         | 49/1704 [00:03<02:06, 13.07it/s]
  3%|▎         | 51/1704 [00:04<02:04, 13.27it/s]
  3%|▎         | 53/1704 [00:04<02:07, 12.94it/s]
  3%|▎         | 55/1704 [00:04<02:06, 13.08it/s]
  3%|▎         | 57/1704 [00:04<02:04, 13.21it/s]
  3%|▎         | 59/1704 [00:04<02:04, 13.16it/s]
  4%|▎         | 61/1704 [00:04<02:05, 13.12it/s]
  4%|▎         | 63/1704 [00:04<02:04, 13.23it/s]
  4%|▍         | 65/1704 [00:05<02:05, 13.07it/s]
  4%|▍         | 67/1704 [00:05<02:05, 13.00it/s]
  4%|▍         | 69/1704 [00:05<02:06, 12.91it/s]
  4%|▍         | 71/1704 [00:05<02:04, 13.10it/s]
  4%|▍         | 73/1704 [00:05<02:03, 13.20it/s]
  4%|▍         | 75/1704 [00:05<02:02, 13.28it/s]
  5%|▍         | 77/1704 [00:06<02:02, 13.32it/s]
  5%|▍         | 79/1704 [00:06<02:02, 13.26it/s]
  5%|▍         | 81/1704 [00:06<02:00, 13.48it/s]
  5%|▍         | 83/1704 [00:06<01:59, 13.57it/s]
  5%|▍         | 85/1704 [00:06<01:59, 13.52it/s]
  5%|▌         | 87/1704 [00:06<02:02, 13.19it/s]
  5%|▌         | 89/1704 [00:06<02:00, 13.37it/s]
  5%|▌         | 91/1704 [00:07<02:01, 13.29it/s]
  5%|▌         | 93/1704 [00:07<02:01, 13.24it/s]
  6%|▌         | 95/1704 [00:07<02:01, 13.28it/s]
  6%|▌         | 97/1704 [00:07<01:59, 13.44it/s]
  6%|▌         | 99/1704 [00:07<01:58, 13.53it/s]
  6%|▌         | 101/1704 [00:07<02:00, 13.27it/s]
  6%|▌         | 103/1704 [00:07<02:00, 13.27it/s]
  6%|▌         | 105/1704 [00:08<02:00, 13.32it/s]
  6%|▋         | 107/1704 [00:08<01:58, 13.45it/s]
  6%|▋         | 109/1704 [00:08<01:58, 13.46it/s]
  7%|▋         | 111/1704 [00:08<01:57, 13.55it/s]
  7%|▋         | 113/1704 [00:08<01:56, 13.68it/s]
  7%|▋         | 115/1704 [00:08<01:54, 13.93it/s]
  7%|▋         | 117/1704 [00:09<01:56, 13.64it/s]
  7%|▋         | 119/1704 [00:09<01:54, 13.82it/s]
  7%|▋         | 121/1704 [00:09<01:55, 13.76it/s]
  7%|▋         | 123/1704 [00:09<01:56, 13.58it/s]
  7%|▋         | 125/1704 [00:09<02:01, 13.02it/s]
  7%|▋         | 127/1704 [00:09<01:58, 13.31it/s]
  8%|▊         | 129/1704 [00:09<01:57, 13.46it/s]
  8%|▊         | 131/1704 [00:10<01:56, 13.50it/s]
  8%|▊         | 133/1704 [00:10<01:57, 13.35it/s]
  8%|▊         | 135/1704 [00:10<02:00, 13.05it/s]
  8%|▊         | 137/1704 [00:10<01:58, 13.20it/s]
  8%|▊         | 139/1704 [00:10<02:05, 12.50it/s]
  8%|▊         | 141/1704 [00:10<02:01, 12.83it/s]
  8%|▊         | 143/1704 [00:10<02:00, 12.94it/s]
  9%|▊         | 145/1704 [00:11<01:58, 13.12it/s]
  9%|▊         | 147/1704 [00:11<01:58, 13.12it/s]
  9%|▊         | 149/1704 [00:11<01:56, 13.33it/s]
  9%|▉         | 151/1704 [00:11<01:56, 13.36it/s]
  9%|▉         | 153/1704 [00:11<01:54, 13.49it/s]
  9%|▉         | 155/1704 [00:11<01:54, 13.51it/s]
  9%|▉         | 157/1704 [00:12<02:01, 12.78it/s]
  9%|▉         | 159/1704 [00:12<01:59, 12.95it/s]
  9%|▉         | 161/1704 [00:12<01:58, 13.02it/s]
 10%|▉         | 163/1704 [00:12<01:56, 13.21it/s]
 10%|▉         | 165/1704 [00:12<01:55, 13.32it/s]
 10%|▉         | 167/1704 [00:12<01:57, 13.13it/s]
 10%|▉         | 169/1704 [00:12<01:55, 13.25it/s]
 10%|█         | 171/1704 [00:13<01:56, 13.21it/s]
 10%|█         | 173/1704 [00:13<01:54, 13.38it/s]
 10%|█         | 175/1704 [00:13<01:53, 13.49it/s]
 10%|█         | 177/1704 [00:13<01:54, 13.30it/s]
 11%|█         | 179/1704 [00:13<01:54, 13.27it/s]
 11%|█         | 181/1704 [00:13<01:54, 13.25it/s]
 11%|█         | 183/1704 [00:13<01:54, 13.30it/s]
 11%|█         | 185/1704 [00:14<01:51, 13.62it/s]
 11%|█         | 187/1704 [00:14<01:58, 12.82it/s]
 11%|█         | 189/1704 [00:14<01:55, 13.13it/s]
 11%|█         | 191/1704 [00:14<01:52, 13.46it/s]
 11%|█▏        | 193/1704 [00:14<01:52, 13.43it/s]
 11%|█▏        | 195/1704 [00:14<01:54, 13.23it/s]
 12%|█▏        | 197/1704 [00:15<01:53, 13.30it/s]
 12%|█▏        | 199/1704 [00:15<01:52, 13.39it/s]
 12%|█▏        | 201/1704 [00:15<01:53, 13.28it/s]
 12%|█▏        | 203/1704 [00:15<01:54, 13.12it/s]
 12%|█▏        | 205/1704 [00:15<01:53, 13.20it/s]
 12%|█▏        | 207/1704 [00:15<01:51, 13.40it/s]
 12%|█▏        | 209/1704 [00:15<01:51, 13.42it/s]
 12%|█▏        | 211/1704 [00:16<01:53, 13.13it/s]
 12%|█▎        | 213/1704 [00:16<01:51, 13.35it/s]
 13%|█▎        | 215/1704 [00:16<01:54, 13.05it/s]
 13%|█▎        | 217/1704 [00:16<01:52, 13.21it/s]
 13%|█▎        | 219/1704 [00:16<01:52, 13.24it/s]
 13%|█▎        | 221/1704 [00:16<01:53, 13.09it/s]
 13%|█▎        | 223/1704 [00:17<01:51, 13.28it/s]
 13%|█▎        | 225/1704 [00:17<01:50, 13.39it/s]
 13%|█▎        | 227/1704 [00:17<01:52, 13.12it/s]
 13%|█▎        | 229/1704 [00:17<01:51, 13.20it/s]
 14%|█▎        | 231/1704 [00:17<01:50, 13.39it/s]
 14%|█▎        | 233/1704 [00:17<01:50, 13.28it/s]
 14%|█▍        | 235/1704 [00:17<01:50, 13.34it/s]
 14%|█▍        | 237/1704 [00:18<01:47, 13.70it/s]
 14%|█▍        | 239/1704 [00:18<01:46, 13.72it/s]
 14%|█▍        | 241/1704 [00:18<01:50, 13.19it/s]
 14%|█▍        | 243/1704 [00:18<01:52, 12.97it/s]
 14%|█▍        | 245/1704 [00:18<01:50, 13.17it/s]
 14%|█▍        | 247/1704 [00:18<01:50, 13.18it/s]
 15%|█▍        | 249/1704 [00:18<01:49, 13.33it/s]
 15%|█▍        | 251/1704 [00:19<01:54, 12.70it/s]
 15%|█▍        | 253/1704 [00:19<01:51, 12.97it/s]
 15%|█▍        | 255/1704 [00:19<01:50, 13.15it/s]
 15%|█▌        | 257/1704 [00:19<01:49, 13.20it/s]
 15%|█▌        | 259/1704 [00:19<01:49, 13.19it/s]
 15%|█▌        | 261/1704 [00:19<01:49, 13.17it/s]
 15%|█▌        | 263/1704 [00:20<01:48, 13.28it/s]
 16%|█▌        | 265/1704 [00:20<01:47, 13.37it/s]
 16%|█▌        | 267/1704 [00:20<01:47, 13.43it/s]
 16%|█▌        | 269/1704 [00:20<01:47, 13.33it/s]
 16%|█▌        | 271/1704 [00:20<01:47, 13.34it/s]
 16%|█▌        | 273/1704 [00:20<01:47, 13.29it/s]
 16%|█▌        | 275/1704 [00:20<01:47, 13.32it/s]
 16%|█▋        | 277/1704 [00:21<01:47, 13.28it/s]
 16%|█▋        | 279/1704 [00:21<01:44, 13.67it/s]
 16%|█▋        | 281/1704 [00:21<01:43, 13.69it/s]
 17%|█▋        | 283/1704 [00:21<01:44, 13.63it/s]
 17%|█▋        | 285/1704 [00:21<01:46, 13.35it/s]
 17%|█▋        | 287/1704 [00:21<01:46, 13.26it/s]
 17%|█▋        | 289/1704 [00:21<01:46, 13.28it/s]
 17%|█▋        | 291/1704 [00:22<01:46, 13.33it/s]
 17%|█▋        | 293/1704 [00:22<01:44, 13.45it/s]
 17%|█▋        | 295/1704 [00:22<01:45, 13.39it/s]
 17%|█▋        | 297/1704 [00:22<01:43, 13.66it/s]
 18%|█▊        | 299/1704 [00:22<01:43, 13.54it/s]
 18%|█▊        | 301/1704 [00:22<01:43, 13.53it/s]
 18%|█▊        | 303/1704 [00:23<01:45, 13.22it/s]
 18%|█▊        | 305/1704 [00:23<01:45, 13.21it/s]
 18%|█▊        | 307/1704 [00:23<01:45, 13.26it/s]
 18%|█▊        | 309/1704 [00:23<01:45, 13.27it/s]
 18%|█▊        | 311/1704 [00:23<01:47, 12.96it/s]
 18%|█▊        | 313/1704 [00:23<01:50, 12.56it/s]
 18%|█▊        | 315/1704 [00:23<01:50, 12.61it/s]
 19%|█▊        | 317/1704 [00:24<01:47, 12.93it/s]
 19%|█▊        | 319/1704 [00:24<01:46, 13.00it/s]
 19%|█▉        | 321/1704 [00:24<01:45, 13.15it/s]
 19%|█▉        | 323/1704 [00:24<01:43, 13.39it/s]
 19%|█▉        | 325/1704 [00:24<01:43, 13.35it/s]
 19%|█▉        | 327/1704 [00:24<01:45, 13.00it/s]
 19%|█▉        | 329/1704 [00:25<01:46, 12.95it/s]
 19%|█▉        | 331/1704 [00:25<01:45, 12.98it/s]
 20%|█▉        | 333/1704 [00:25<01:44, 13.14it/s]
 20%|█▉        | 335/1704 [00:25<01:41, 13.52it/s]
 20%|█▉        | 337/1704 [00:25<01:41, 13.53it/s]
 20%|█▉        | 339/1704 [00:25<01:41, 13.44it/s]
 20%|██        | 341/1704 [00:25<01:40, 13.53it/s]
 20%|██        | 343/1704 [00:26<01:40, 13.53it/s]
 20%|██        | 345/1704 [00:26<01:42, 13.27it/s]
 20%|██        | 347/1704 [00:26<01:42, 13.22it/s]
 20%|██        | 349/1704 [00:26<01:42, 13.16it/s]
 21%|██        | 351/1704 [00:26<01:43, 13.05it/s]
 21%|██        | 353/1704 [00:26<01:43, 13.07it/s]
 21%|██        | 355/1704 [00:26<01:44, 12.95it/s]
 21%|██        | 357/1704 [00:27<01:44, 12.94it/s]
 21%|██        | 359/1704 [00:27<01:42, 13.09it/s]
 21%|██        | 361/1704 [00:27<01:41, 13.21it/s]
 21%|██▏       | 363/1704 [00:27<01:41, 13.19it/s]
 21%|██▏       | 365/1704 [00:27<01:40, 13.26it/s]
 22%|██▏       | 367/1704 [00:27<01:41, 13.13it/s]
 22%|██▏       | 369/1704 [00:28<01:42, 13.03it/s]
 22%|██▏       | 371/1704 [00:28<01:41, 13.19it/s]
 22%|██▏       | 373/1704 [00:28<01:42, 13.03it/s]
 22%|██▏       | 375/1704 [00:28<01:41, 13.13it/s]
 22%|██▏       | 377/1704 [00:28<01:40, 13.14it/s]
 22%|██▏       | 379/1704 [00:28<01:41, 13.09it/s]
 22%|██▏       | 381/1704 [00:28<01:41, 13.01it/s]
 22%|██▏       | 383/1704 [00:29<01:40, 13.12it/s]
 23%|██▎       | 385/1704 [00:29<01:40, 13.16it/s]
 23%|██▎       | 387/1704 [00:29<01:38, 13.38it/s]
 23%|██▎       | 389/1704 [00:29<01:38, 13.36it/s]
 23%|██▎       | 391/1704 [00:29<01:37, 13.40it/s]
 23%|██▎       | 393/1704 [00:29<01:39, 13.23it/s]
 23%|██▎       | 395/1704 [00:30<01:41, 12.84it/s]
 23%|██▎       | 397/1704 [00:30<01:38, 13.25it/s]
 23%|██▎       | 399/1704 [00:30<01:37, 13.32it/s]
 24%|██▎       | 401/1704 [00:30<01:39, 13.05it/s]
 24%|██▎       | 403/1704 [00:30<01:40, 12.99it/s]
 24%|██▍       | 405/1704 [00:30<01:39, 13.01it/s]
 24%|██▍       | 407/1704 [00:30<01:37, 13.28it/s]
 24%|██▍       | 409/1704 [00:31<01:37, 13.24it/s]
 24%|██▍       | 411/1704 [00:31<01:37, 13.24it/s]
 24%|██▍       | 413/1704 [00:31<01:37, 13.27it/s]
 24%|██▍       | 415/1704 [00:31<01:37, 13.24it/s]
 24%|██▍       | 417/1704 [00:31<01:36, 13.34it/s]
 25%|██▍       | 419/1704 [00:31<01:36, 13.34it/s]
 25%|██▍       | 421/1704 [00:31<01:35, 13.41it/s]
 25%|██▍       | 423/1704 [00:32<01:36, 13.23it/s]
 25%|██▍       | 425/1704 [00:32<01:36, 13.22it/s]
 25%|██▌       | 427/1704 [00:32<01:35, 13.38it/s]
 25%|██▌       | 429/1704 [00:32<01:34, 13.49it/s]
 25%|██▌       | 431/1704 [00:32<01:33, 13.66it/s]
 25%|██▌       | 433/1704 [00:32<01:32, 13.67it/s]
 26%|██▌       | 435/1704 [00:33<01:33, 13.64it/s]
 26%|██▌       | 437/1704 [00:33<01:32, 13.72it/s]
 26%|██▌       | 439/1704 [00:33<01:33, 13.48it/s]
 26%|██▌       | 441/1704 [00:33<01:34, 13.38it/s]
 26%|██▌       | 443/1704 [00:33<01:34, 13.41it/s]
 26%|██▌       | 445/1704 [00:33<01:33, 13.47it/s]
 26%|██▌       | 447/1704 [00:33<01:35, 13.16it/s]
 26%|██▋       | 449/1704 [00:34<01:35, 13.15it/s]
 26%|██▋       | 451/1704 [00:34<01:35, 13.10it/s]
 27%|██▋       | 453/1704 [00:34<01:36, 12.96it/s]
 27%|██▋       | 455/1704 [00:34<01:36, 12.93it/s]
 27%|██▋       | 457/1704 [00:34<01:34, 13.25it/s]
 27%|██▋       | 459/1704 [00:34<01:32, 13.44it/s]
 27%|██▋       | 461/1704 [00:34<01:32, 13.48it/s]
 27%|██▋       | 463/1704 [00:35<01:33, 13.28it/s]
 27%|██▋       | 465/1704 [00:35<01:33, 13.28it/s]
 27%|██▋       | 467/1704 [00:35<01:34, 13.06it/s]
 28%|██▊       | 469/1704 [00:35<01:32, 13.31it/s]
 28%|██▊       | 471/1704 [00:35<01:33, 13.14it/s]
 28%|██▊       | 473/1704 [00:35<01:34, 13.04it/s]
 28%|██▊       | 475/1704 [00:36<01:32, 13.28it/s]
 28%|██▊       | 477/1704 [00:36<01:31, 13.42it/s]
 28%|██▊       | 479/1704 [00:36<01:30, 13.47it/s]
 28%|██▊       | 481/1704 [00:36<01:30, 13.45it/s]
 28%|██▊       | 483/1704 [00:36<01:31, 13.41it/s]
 28%|██▊       | 485/1704 [00:36<01:32, 13.13it/s]
 29%|██▊       | 487/1704 [00:36<01:32, 13.16it/s]
 29%|██▊       | 489/1704 [00:37<01:30, 13.42it/s]
 29%|██▉       | 491/1704 [00:37<01:30, 13.34it/s]
 29%|██▉       | 493/1704 [00:37<01:30, 13.32it/s]
 29%|██▉       | 495/1704 [00:37<01:32, 13.01it/s]
 29%|██▉       | 497/1704 [00:37<01:32, 13.07it/s]
 29%|██▉       | 499/1704 [00:37<01:29, 13.43it/s]
                                                  

 29%|██▉       | 500/1704 [00:37<01:29, 13.43it/s][INFO|trainer.py:3993] 2025-05-25 09:51:03,946 >> Saving model checkpoint to /project/hrao/Meta-Resample/output/mit_movie_trivia_bert_run1/checkpoint-500
[INFO|configuration_utils.py:424] 2025-05-25 09:51:03,949 >> Configuration saved in /project/hrao/Meta-Resample/output/mit_movie_trivia_bert_run1/checkpoint-500/config.json
[INFO|modeling_utils.py:3724] 2025-05-25 09:51:05,016 >> Model weights saved in /project/hrao/Meta-Resample/output/mit_movie_trivia_bert_run1/checkpoint-500/model.safetensors
[INFO|tokenization_utils_base.py:2525] 2025-05-25 09:51:05,040 >> tokenizer config file saved in /project/hrao/Meta-Resample/output/mit_movie_trivia_bert_run1/checkpoint-500/tokenizer_config.json
[INFO|tokenization_utils_base.py:2534] 2025-05-25 09:51:05,054 >> Special tokens file saved in /project/hrao/Meta-Resample/output/mit_movie_trivia_bert_run1/checkpoint-500/special_tokens_map.json

 29%|██▉       | 501/1704 [00:41<12:10,  1.65it/s]
 30%|██▉       | 503/1704 [00:41<08:57,  2.23it/s]
 30%|██▉       | 505/1704 [00:41<06:42,  2.98it/s]
 30%|██▉       | 507/1704 [00:41<05:08,  3.89it/s]
 30%|██▉       | 509/1704 [00:42<04:03,  4.91it/s]
 30%|██▉       | 511/1704 [00:42<03:16,  6.07it/s]
 30%|███       | 513/1704 [00:42<02:43,  7.27it/s]
 30%|███       | 515/1704 [00:42<02:24,  8.25it/s]
 30%|███       | 517/1704 [00:42<02:07,  9.30it/s]
 30%|███       | 519/1704 [00:42<01:55, 10.29it/s]
 31%|███       | 521/1704 [00:43<01:46, 11.12it/s]
 31%|███       | 523/1704 [00:43<01:40, 11.76it/s]
 31%|███       | 525/1704 [00:43<01:35, 12.35it/s]
 31%|███       | 527/1704 [00:43<01:34, 12.49it/s]
 31%|███       | 529/1704 [00:43<01:34, 12.41it/s]
 31%|███       | 531/1704 [00:43<01:35, 12.30it/s]
 31%|███▏      | 533/1704 [00:44<01:37, 11.97it/s]
 31%|███▏      | 535/1704 [00:44<01:34, 12.32it/s]
 32%|███▏      | 537/1704 [00:44<01:33, 12.42it/s]
 32%|███▏      | 539/1704 [00:44<01:30, 12.89it/s]
 32%|███▏      | 541/1704 [00:44<01:28, 13.12it/s]
 32%|███▏      | 543/1704 [00:44<01:31, 12.67it/s]
 32%|███▏      | 545/1704 [00:44<01:32, 12.55it/s]
 32%|███▏      | 547/1704 [00:45<01:29, 12.89it/s]
 32%|███▏      | 549/1704 [00:45<01:28, 13.02it/s]
 32%|███▏      | 551/1704 [00:45<01:28, 13.00it/s]
 32%|███▏      | 553/1704 [00:45<01:28, 13.01it/s]
 33%|███▎      | 555/1704 [00:45<01:27, 13.12it/s]
 33%|███▎      | 557/1704 [00:45<01:26, 13.21it/s]
 33%|███▎      | 559/1704 [00:45<01:24, 13.48it/s]
 33%|███▎      | 561/1704 [00:46<01:23, 13.72it/s]
 33%|███▎      | 563/1704 [00:46<01:22, 13.80it/s]
 33%|███▎      | 565/1704 [00:46<01:22, 13.73it/s]
 33%|███▎      | 567/1704 [00:46<01:22, 13.79it/s]
 33%|███▎      | 569/1704 [00:46<01:23, 13.58it/s]
 34%|███▎      | 571/1704 [00:46<01:23, 13.51it/s]
 34%|███▎      | 573/1704 [00:46<01:21, 13.82it/s]
 34%|███▎      | 575/1704 [00:47<01:22, 13.75it/s]
 34%|███▍      | 577/1704 [00:47<01:21, 13.83it/s]
 34%|███▍      | 579/1704 [00:47<01:21, 13.72it/s]
 34%|███▍      | 581/1704 [00:47<01:21, 13.77it/s]
 34%|███▍      | 583/1704 [00:47<01:21, 13.69it/s]
 34%|███▍      | 585/1704 [00:47<01:22, 13.59it/s]
 34%|███▍      | 587/1704 [00:48<01:22, 13.51it/s]
 35%|███▍      | 589/1704 [00:48<01:22, 13.54it/s]
 35%|███▍      | 591/1704 [00:48<01:22, 13.42it/s]
 35%|███▍      | 593/1704 [00:48<01:22, 13.40it/s]
 35%|███▍      | 595/1704 [00:48<01:21, 13.60it/s]
 35%|███▌      | 597/1704 [00:48<01:21, 13.55it/s]
 35%|███▌      | 599/1704 [00:48<01:21, 13.48it/s]
 35%|███▌      | 601/1704 [00:49<01:22, 13.38it/s]
 35%|███▌      | 603/1704 [00:49<01:22, 13.39it/s]
 36%|███▌      | 605/1704 [00:49<01:26, 12.73it/s]
 36%|███▌      | 607/1704 [00:49<01:26, 12.72it/s]
 36%|███▌      | 609/1704 [00:49<01:26, 12.64it/s]
 36%|███▌      | 611/1704 [00:49<01:25, 12.85it/s]
 36%|███▌      | 613/1704 [00:50<01:24, 12.85it/s]
 36%|███▌      | 615/1704 [00:50<01:24, 12.96it/s]
 36%|███▌      | 617/1704 [00:50<01:23, 13.00it/s]
 36%|███▋      | 619/1704 [00:50<01:22, 13.14it/s]
 36%|███▋      | 621/1704 [00:50<01:22, 13.14it/s]
 37%|███▋      | 623/1704 [00:50<01:22, 13.13it/s]
 37%|███▋      | 625/1704 [00:50<01:22, 13.12it/s]
 37%|███▋      | 627/1704 [00:51<01:22, 12.98it/s]
 37%|███▋      | 629/1704 [00:51<01:22, 12.99it/s]
 37%|███▋      | 631/1704 [00:51<01:21, 13.14it/s]
 37%|███▋      | 633/1704 [00:51<01:21, 13.22it/s]
 37%|███▋      | 635/1704 [00:51<01:19, 13.38it/s]
 37%|███▋      | 637/1704 [00:51<01:19, 13.40it/s]
 38%|███▊      | 639/1704 [00:51<01:20, 13.21it/s]
 38%|███▊      | 641/1704 [00:52<01:20, 13.13it/s]
 38%|███▊      | 643/1704 [00:52<01:20, 13.23it/s]
 38%|███▊      | 645/1704 [00:52<01:20, 13.10it/s]
 38%|███▊      | 647/1704 [00:52<01:21, 12.96it/s]
 38%|███▊      | 649/1704 [00:52<01:21, 12.97it/s]
 38%|███▊      | 651/1704 [00:52<01:20, 13.08it/s]
 38%|███▊      | 653/1704 [00:53<01:19, 13.15it/s]
 38%|███▊      | 655/1704 [00:53<01:20, 12.99it/s]
 39%|███▊      | 657/1704 [00:53<01:20, 12.97it/s]
 39%|███▊      | 659/1704 [00:53<01:19, 13.12it/s]
 39%|███▉      | 661/1704 [00:53<01:17, 13.51it/s]
 39%|███▉      | 663/1704 [00:53<01:17, 13.35it/s]
 39%|███▉      | 665/1704 [00:53<01:19, 13.12it/s]
 39%|███▉      | 667/1704 [00:54<01:18, 13.28it/s]
 39%|███▉      | 669/1704 [00:54<01:17, 13.42it/s]
 39%|███▉      | 671/1704 [00:54<01:16, 13.42it/s]
 39%|███▉      | 673/1704 [00:54<01:16, 13.44it/s]
 40%|███▉      | 675/1704 [00:54<01:14, 13.76it/s]
 40%|███▉      | 677/1704 [00:54<01:17, 13.33it/s]
 40%|███▉      | 679/1704 [00:55<01:16, 13.32it/s]
 40%|███▉      | 681/1704 [00:55<01:17, 13.17it/s]
 40%|████      | 683/1704 [00:55<01:16, 13.34it/s]
 40%|████      | 685/1704 [00:55<01:17, 13.17it/s]
 40%|████      | 687/1704 [00:55<01:17, 13.21it/s]
 40%|████      | 689/1704 [00:55<01:16, 13.22it/s]
 41%|████      | 691/1704 [00:55<01:15, 13.44it/s]
 41%|████      | 693/1704 [00:56<01:15, 13.38it/s]
 41%|████      | 695/1704 [00:56<01:16, 13.24it/s]
 41%|████      | 697/1704 [00:56<01:16, 13.24it/s]
 41%|████      | 699/1704 [00:56<01:15, 13.38it/s]
 41%|████      | 701/1704 [00:56<01:15, 13.34it/s]
 41%|████▏     | 703/1704 [00:56<01:14, 13.38it/s]
 41%|████▏     | 705/1704 [00:56<01:14, 13.43it/s]
 41%|████▏     | 707/1704 [00:57<01:14, 13.35it/s]
 42%|████▏     | 709/1704 [00:57<01:15, 13.21it/s]
 42%|████▏     | 711/1704 [00:57<01:13, 13.51it/s]
 42%|████▏     | 713/1704 [00:57<01:16, 12.94it/s]
 42%|████▏     | 715/1704 [00:57<01:15, 13.13it/s]
 42%|████▏     | 717/1704 [00:57<01:14, 13.21it/s]
 42%|████▏     | 719/1704 [00:58<01:13, 13.43it/s]
 42%|████▏     | 721/1704 [00:58<01:12, 13.49it/s]
 42%|████▏     | 723/1704 [00:58<01:12, 13.58it/s]
 43%|████▎     | 725/1704 [00:58<01:12, 13.45it/s]
 43%|████▎     | 727/1704 [00:58<01:13, 13.37it/s]
 43%|████▎     | 729/1704 [00:58<01:13, 13.34it/s]
 43%|████▎     | 731/1704 [00:58<01:13, 13.32it/s]
 43%|████▎     | 733/1704 [00:59<01:12, 13.35it/s]
 43%|████▎     | 735/1704 [00:59<01:13, 13.16it/s]
 43%|████▎     | 737/1704 [00:59<01:12, 13.40it/s]
 43%|████▎     | 739/1704 [00:59<01:12, 13.38it/s]
 43%|████▎     | 741/1704 [00:59<01:12, 13.32it/s]
 44%|████▎     | 743/1704 [00:59<01:11, 13.51it/s]
 44%|████▎     | 745/1704 [00:59<01:10, 13.64it/s]
 44%|████▍     | 747/1704 [01:00<01:11, 13.41it/s]
 44%|████▍     | 749/1704 [01:00<01:11, 13.33it/s]
 44%|████▍     | 751/1704 [01:00<01:12, 13.23it/s]
 44%|████▍     | 753/1704 [01:00<01:11, 13.23it/s]
 44%|████▍     | 755/1704 [01:00<01:11, 13.20it/s]
 44%|████▍     | 757/1704 [01:00<01:12, 13.12it/s]
 45%|████▍     | 759/1704 [01:01<01:11, 13.25it/s]
 45%|████▍     | 761/1704 [01:01<01:13, 12.74it/s]
 45%|████▍     | 763/1704 [01:01<01:13, 12.81it/s]
 45%|████▍     | 765/1704 [01:01<01:12, 12.91it/s]
 45%|████▌     | 767/1704 [01:01<01:11, 13.08it/s]
 45%|████▌     | 769/1704 [01:01<01:09, 13.41it/s]
 45%|████▌     | 771/1704 [01:01<01:08, 13.54it/s]
 45%|████▌     | 773/1704 [01:02<01:12, 12.76it/s]
 45%|████▌     | 775/1704 [01:02<01:12, 12.82it/s]
 46%|████▌     | 777/1704 [01:02<01:12, 12.70it/s]
 46%|████▌     | 779/1704 [01:02<01:12, 12.80it/s]
 46%|████▌     | 781/1704 [01:02<01:11, 12.94it/s]
 46%|████▌     | 783/1704 [01:02<01:11, 12.97it/s]
 46%|████▌     | 785/1704 [01:03<01:10, 12.96it/s]
 46%|████▌     | 787/1704 [01:03<01:10, 13.04it/s]
 46%|████▋     | 789/1704 [01:03<01:10, 12.93it/s]
 46%|████▋     | 791/1704 [01:03<01:09, 13.10it/s]
 47%|████▋     | 793/1704 [01:03<01:09, 13.12it/s]
 47%|████▋     | 795/1704 [01:03<01:08, 13.27it/s]
 47%|████▋     | 797/1704 [01:03<01:09, 13.07it/s]
 47%|████▋     | 799/1704 [01:04<01:08, 13.30it/s]
 47%|████▋     | 801/1704 [01:04<01:06, 13.59it/s]
 47%|████▋     | 803/1704 [01:04<01:06, 13.51it/s]
 47%|████▋     | 805/1704 [01:04<01:06, 13.57it/s]
 47%|████▋     | 807/1704 [01:04<01:06, 13.47it/s]
 47%|████▋     | 809/1704 [01:04<01:06, 13.47it/s]
 48%|████▊     | 811/1704 [01:04<01:06, 13.52it/s]
 48%|████▊     | 813/1704 [01:05<01:07, 13.30it/s]
 48%|████▊     | 815/1704 [01:05<01:07, 13.16it/s]
 48%|████▊     | 817/1704 [01:05<01:06, 13.31it/s]
 48%|████▊     | 819/1704 [01:05<01:05, 13.45it/s]
 48%|████▊     | 821/1704 [01:05<01:05, 13.50it/s]
 48%|████▊     | 823/1704 [01:05<01:05, 13.37it/s]
 48%|████▊     | 825/1704 [01:06<01:07, 13.05it/s]
 49%|████▊     | 827/1704 [01:06<01:06, 13.17it/s]
 49%|████▊     | 829/1704 [01:06<01:07, 13.05it/s]
 49%|████▉     | 831/1704 [01:06<01:09, 12.52it/s]
 49%|████▉     | 833/1704 [01:06<01:09, 12.60it/s]
 49%|████▉     | 835/1704 [01:06<01:09, 12.52it/s]
 49%|████▉     | 837/1704 [01:06<01:06, 13.01it/s]
 49%|████▉     | 839/1704 [01:07<01:07, 12.80it/s]
 49%|████▉     | 841/1704 [01:07<01:06, 13.03it/s]
 49%|████▉     | 843/1704 [01:07<01:05, 13.12it/s]
 50%|████▉     | 845/1704 [01:07<01:05, 13.06it/s]
 50%|████▉     | 847/1704 [01:07<01:05, 13.11it/s]
 50%|████▉     | 849/1704 [01:07<01:04, 13.21it/s]
 50%|████▉     | 851/1704 [01:08<01:04, 13.26it/s]
 50%|█████     | 853/1704 [01:08<01:03, 13.36it/s]
 50%|█████     | 855/1704 [01:08<01:03, 13.33it/s]
 50%|█████     | 857/1704 [01:08<01:03, 13.44it/s]
 50%|█████     | 859/1704 [01:08<01:02, 13.44it/s]
 51%|█████     | 861/1704 [01:08<01:03, 13.35it/s]
 51%|█████     | 863/1704 [01:08<01:03, 13.34it/s]
 51%|█████     | 865/1704 [01:09<01:03, 13.24it/s]
 51%|█████     | 867/1704 [01:09<01:03, 13.13it/s]
 51%|█████     | 869/1704 [01:09<01:02, 13.30it/s]
 51%|█████     | 871/1704 [01:09<01:02, 13.28it/s]
 51%|█████     | 873/1704 [01:09<01:03, 13.14it/s]
 51%|█████▏    | 875/1704 [01:09<01:02, 13.34it/s]
 51%|█████▏    | 877/1704 [01:09<01:02, 13.33it/s]
 52%|█████▏    | 879/1704 [01:10<01:02, 13.21it/s]
 52%|█████▏    | 881/1704 [01:10<01:03, 12.97it/s]
 52%|█████▏    | 883/1704 [01:10<01:05, 12.47it/s]
 52%|█████▏    | 885/1704 [01:10<01:04, 12.76it/s]
 52%|█████▏    | 887/1704 [01:10<01:03, 12.80it/s]
 52%|█████▏    | 889/1704 [01:10<01:04, 12.73it/s]
 52%|█████▏    | 891/1704 [01:11<01:04, 12.66it/s]
 52%|█████▏    | 893/1704 [01:11<01:02, 12.88it/s]
 53%|█████▎    | 895/1704 [01:11<01:01, 13.07it/s]
 53%|█████▎    | 897/1704 [01:11<01:01, 13.04it/s]
 53%|█████▎    | 899/1704 [01:11<01:01, 13.13it/s]
 53%|█████▎    | 901/1704 [01:11<01:01, 13.12it/s]
 53%|█████▎    | 903/1704 [01:12<01:01, 13.09it/s]
 53%|█████▎    | 905/1704 [01:12<01:01, 13.05it/s]
 53%|█████▎    | 907/1704 [01:12<01:00, 13.16it/s]
 53%|█████▎    | 909/1704 [01:12<00:59, 13.31it/s]
 53%|█████▎    | 911/1704 [01:12<00:59, 13.38it/s]
 54%|█████▎    | 913/1704 [01:12<00:58, 13.56it/s]
 54%|█████▎    | 915/1704 [01:12<00:58, 13.44it/s]
 54%|█████▍    | 917/1704 [01:13<00:58, 13.57it/s]
 54%|█████▍    | 919/1704 [01:13<00:59, 13.20it/s]
 54%|█████▍    | 921/1704 [01:13<00:58, 13.32it/s]
 54%|█████▍    | 923/1704 [01:13<01:00, 12.91it/s]
 54%|█████▍    | 925/1704 [01:13<00:59, 13.08it/s]
 54%|█████▍    | 927/1704 [01:13<00:57, 13.41it/s]
 55%|█████▍    | 929/1704 [01:13<00:58, 13.31it/s]
 55%|█████▍    | 931/1704 [01:14<00:56, 13.62it/s]
 55%|█████▍    | 933/1704 [01:14<00:56, 13.57it/s]
 55%|█████▍    | 935/1704 [01:14<00:57, 13.33it/s]
 55%|█████▍    | 937/1704 [01:14<00:57, 13.33it/s]
 55%|█████▌    | 939/1704 [01:14<00:57, 13.30it/s]
 55%|█████▌    | 941/1704 [01:14<00:57, 13.30it/s]
 55%|█████▌    | 943/1704 [01:15<00:57, 13.19it/s]
 55%|█████▌    | 945/1704 [01:15<00:57, 13.19it/s]
 56%|█████▌    | 947/1704 [01:15<00:55, 13.55it/s]
 56%|█████▌    | 949/1704 [01:15<00:56, 13.36it/s]
 56%|█████▌    | 951/1704 [01:15<00:56, 13.36it/s]
 56%|█████▌    | 953/1704 [01:15<00:56, 13.26it/s]
 56%|█████▌    | 955/1704 [01:15<00:56, 13.35it/s]
 56%|█████▌    | 957/1704 [01:16<00:56, 13.24it/s]
 56%|█████▋    | 959/1704 [01:16<00:55, 13.36it/s]
 56%|█████▋    | 961/1704 [01:16<00:56, 13.25it/s]
 57%|█████▋    | 963/1704 [01:16<00:56, 13.20it/s]
 57%|█████▋    | 965/1704 [01:16<00:55, 13.27it/s]
 57%|█████▋    | 967/1704 [01:16<00:55, 13.20it/s]
 57%|█████▋    | 969/1704 [01:16<00:55, 13.34it/s]
 57%|█████▋    | 971/1704 [01:17<00:55, 13.24it/s]
 57%|█████▋    | 973/1704 [01:17<00:55, 13.22it/s]
 57%|█████▋    | 975/1704 [01:17<00:54, 13.27it/s]
 57%|█████▋    | 977/1704 [01:17<00:55, 13.07it/s]
 57%|█████▋    | 979/1704 [01:17<00:56, 12.94it/s]
 58%|█████▊    | 981/1704 [01:17<00:55, 13.03it/s]
 58%|█████▊    | 983/1704 [01:18<00:55, 13.08it/s]
 58%|█████▊    | 985/1704 [01:18<00:54, 13.19it/s]
 58%|█████▊    | 987/1704 [01:18<00:55, 13.00it/s]
 58%|█████▊    | 989/1704 [01:18<00:54, 13.18it/s]
 58%|█████▊    | 991/1704 [01:18<00:53, 13.35it/s]
 58%|█████▊    | 993/1704 [01:18<00:53, 13.29it/s]
 58%|█████▊    | 995/1704 [01:18<00:53, 13.29it/s]
 59%|█████▊    | 997/1704 [01:19<00:53, 13.30it/s]
 59%|█████▊    | 999/1704 [01:19<00:54, 12.90it/s]
                                                  

 59%|█████▊    | 1000/1704 [01:19<00:54, 12.90it/s][INFO|trainer.py:3993] 2025-05-25 09:51:45,347 >> Saving model checkpoint to /project/hrao/Meta-Resample/output/mit_movie_trivia_bert_run1/checkpoint-1000
[INFO|configuration_utils.py:424] 2025-05-25 09:51:45,350 >> Configuration saved in /project/hrao/Meta-Resample/output/mit_movie_trivia_bert_run1/checkpoint-1000/config.json
[INFO|modeling_utils.py:3724] 2025-05-25 09:51:46,546 >> Model weights saved in /project/hrao/Meta-Resample/output/mit_movie_trivia_bert_run1/checkpoint-1000/model.safetensors
[INFO|tokenization_utils_base.py:2525] 2025-05-25 09:51:46,578 >> tokenizer config file saved in /project/hrao/Meta-Resample/output/mit_movie_trivia_bert_run1/checkpoint-1000/tokenizer_config.json
[INFO|tokenization_utils_base.py:2534] 2025-05-25 09:51:46,596 >> Special tokens file saved in /project/hrao/Meta-Resample/output/mit_movie_trivia_bert_run1/checkpoint-1000/special_tokens_map.json

 59%|█████▊    | 1001/1704 [01:22<07:00,  1.67it/s]
 59%|█████▉    | 1003/1704 [01:23<05:11,  2.25it/s]
 59%|█████▉    | 1005/1704 [01:23<03:52,  3.00it/s]
 59%|█████▉    | 1007/1704 [01:23<02:58,  3.90it/s]
 59%|█████▉    | 1009/1704 [01:23<02:20,  4.94it/s]
 59%|█████▉    | 1011/1704 [01:23<01:55,  5.99it/s]
 59%|█████▉    | 1013/1704 [01:23<01:37,  7.11it/s]
 60%|█████▉    | 1015/1704 [01:23<01:23,  8.29it/s]
 60%|█████▉    | 1017/1704 [01:24<01:13,  9.32it/s]
 60%|█████▉    | 1019/1704 [01:24<01:07, 10.13it/s]
 60%|█████▉    | 1021/1704 [01:24<01:02, 10.94it/s]
 60%|██████    | 1023/1704 [01:24<00:58, 11.66it/s]
 60%|██████    | 1025/1704 [01:24<00:54, 12.37it/s]
 60%|██████    | 1027/1704 [01:24<00:53, 12.62it/s]
 60%|██████    | 1029/1704 [01:25<00:52, 12.94it/s]
 61%|██████    | 1031/1704 [01:25<00:52, 12.93it/s]
 61%|██████    | 1033/1704 [01:25<00:51, 13.13it/s]
 61%|██████    | 1035/1704 [01:25<00:50, 13.14it/s]
 61%|██████    | 1037/1704 [01:25<00:50, 13.09it/s]
 61%|██████    | 1039/1704 [01:25<00:50, 13.08it/s]
 61%|██████    | 1041/1704 [01:25<00:49, 13.31it/s]
 61%|██████    | 1043/1704 [01:26<00:50, 13.18it/s]
 61%|██████▏   | 1045/1704 [01:26<00:52, 12.58it/s]
 61%|██████▏   | 1047/1704 [01:26<00:51, 12.85it/s]
 62%|██████▏   | 1049/1704 [01:26<00:49, 13.11it/s]
 62%|██████▏   | 1051/1704 [01:26<00:49, 13.22it/s]
 62%|██████▏   | 1053/1704 [01:26<00:49, 13.28it/s]
 62%|██████▏   | 1055/1704 [01:26<00:48, 13.30it/s]
 62%|██████▏   | 1057/1704 [01:27<00:48, 13.31it/s]
 62%|██████▏   | 1059/1704 [01:27<00:48, 13.26it/s]
 62%|██████▏   | 1061/1704 [01:27<00:49, 13.12it/s]
 62%|██████▏   | 1063/1704 [01:27<00:48, 13.11it/s]
 62%|██████▎   | 1065/1704 [01:27<00:48, 13.24it/s]
 63%|██████▎   | 1067/1704 [01:27<00:48, 13.25it/s]
 63%|██████▎   | 1069/1704 [01:28<00:47, 13.31it/s]
 63%|██████▎   | 1071/1704 [01:28<00:47, 13.38it/s]
 63%|██████▎   | 1073/1704 [01:28<00:47, 13.21it/s]
 63%|██████▎   | 1075/1704 [01:28<00:48, 13.09it/s]
 63%|██████▎   | 1077/1704 [01:28<00:47, 13.15it/s]
 63%|██████▎   | 1079/1704 [01:28<00:48, 12.97it/s]
 63%|██████▎   | 1081/1704 [01:28<00:47, 13.07it/s]
 64%|██████▎   | 1083/1704 [01:29<00:47, 13.18it/s]
 64%|██████▎   | 1085/1704 [01:29<00:46, 13.20it/s]
 64%|██████▍   | 1087/1704 [01:29<00:47, 12.93it/s]
 64%|██████▍   | 1089/1704 [01:29<00:47, 13.02it/s]
 64%|██████▍   | 1091/1704 [01:29<00:49, 12.47it/s]
 64%|██████▍   | 1093/1704 [01:29<00:48, 12.70it/s]
 64%|██████▍   | 1095/1704 [01:30<00:47, 12.91it/s]
 64%|██████▍   | 1097/1704 [01:30<00:45, 13.23it/s]
 64%|██████▍   | 1099/1704 [01:30<00:44, 13.58it/s]
 65%|██████▍   | 1101/1704 [01:30<00:44, 13.41it/s]
 65%|██████▍   | 1103/1704 [01:30<00:44, 13.48it/s]
 65%|██████▍   | 1105/1704 [01:30<00:44, 13.48it/s]
 65%|██████▍   | 1107/1704 [01:30<00:44, 13.55it/s]
 65%|██████▌   | 1109/1704 [01:31<00:44, 13.44it/s]
 65%|██████▌   | 1111/1704 [01:31<00:44, 13.46it/s]
 65%|██████▌   | 1113/1704 [01:31<00:44, 13.36it/s]
 65%|██████▌   | 1115/1704 [01:31<00:45, 12.81it/s]
 66%|██████▌   | 1117/1704 [01:31<00:45, 13.02it/s]
 66%|██████▌   | 1119/1704 [01:31<00:44, 13.25it/s]
 66%|██████▌   | 1121/1704 [01:31<00:43, 13.31it/s]
 66%|██████▌   | 1123/1704 [01:32<00:44, 13.02it/s]
 66%|██████▌   | 1125/1704 [01:32<00:43, 13.20it/s]
 66%|██████▌   | 1127/1704 [01:32<00:43, 13.17it/s]
 66%|██████▋   | 1129/1704 [01:32<00:43, 13.27it/s]
 66%|██████▋   | 1131/1704 [01:32<00:42, 13.50it/s]
 66%|██████▋   | 1133/1704 [01:32<00:42, 13.55it/s]
 67%|██████▋   | 1135/1704 [01:33<00:41, 13.62it/s]
 67%|██████▋   | 1137/1704 [01:33<00:42, 13.38it/s]
 67%|██████▋   | 1139/1704 [01:33<00:41, 13.58it/s]
 67%|██████▋   | 1141/1704 [01:33<00:41, 13.43it/s]
 67%|██████▋   | 1143/1704 [01:33<00:42, 13.26it/s]
 67%|██████▋   | 1145/1704 [01:33<00:43, 12.97it/s]
 67%|██████▋   | 1147/1704 [01:33<00:41, 13.37it/s]
 67%|██████▋   | 1149/1704 [01:34<00:41, 13.42it/s]
 68%|██████▊   | 1151/1704 [01:34<00:40, 13.56it/s]
 68%|██████▊   | 1153/1704 [01:34<00:41, 13.30it/s]
 68%|██████▊   | 1155/1704 [01:34<00:41, 13.19it/s]
 68%|██████▊   | 1157/1704 [01:34<00:43, 12.62it/s]
 68%|██████▊   | 1159/1704 [01:34<00:43, 12.65it/s]
 68%|██████▊   | 1161/1704 [01:35<00:42, 12.85it/s]
 68%|██████▊   | 1163/1704 [01:35<00:41, 12.97it/s]
 68%|██████▊   | 1165/1704 [01:35<00:41, 13.00it/s]
 68%|██████▊   | 1167/1704 [01:35<00:41, 13.02it/s]
 69%|██████▊   | 1169/1704 [01:35<00:41, 12.99it/s]
 69%|██████▊   | 1171/1704 [01:35<00:41, 12.81it/s]
 69%|██████▉   | 1173/1704 [01:35<00:41, 12.86it/s]
 69%|██████▉   | 1175/1704 [01:36<00:41, 12.87it/s]
 69%|██████▉   | 1177/1704 [01:36<00:40, 13.03it/s]
 69%|██████▉   | 1179/1704 [01:36<00:40, 13.10it/s]
 69%|██████▉   | 1181/1704 [01:36<00:39, 13.09it/s]
 69%|██████▉   | 1183/1704 [01:36<00:39, 13.25it/s]
 70%|██████▉   | 1185/1704 [01:36<00:38, 13.37it/s]
 70%|██████▉   | 1187/1704 [01:37<00:38, 13.30it/s]
 70%|██████▉   | 1189/1704 [01:37<00:38, 13.31it/s]
 70%|██████▉   | 1191/1704 [01:37<00:38, 13.38it/s]
 70%|███████   | 1193/1704 [01:37<00:38, 13.31it/s]
 70%|███████   | 1195/1704 [01:37<00:38, 13.18it/s]
 70%|███████   | 1197/1704 [01:37<00:38, 13.23it/s]
 70%|███████   | 1199/1704 [01:37<00:37, 13.33it/s]
 70%|███████   | 1201/1704 [01:38<00:38, 13.20it/s]
 71%|███████   | 1203/1704 [01:38<00:37, 13.22it/s]
 71%|███████   | 1205/1704 [01:38<00:37, 13.25it/s]
 71%|███████   | 1207/1704 [01:38<00:37, 13.33it/s]
 71%|███████   | 1209/1704 [01:38<00:36, 13.39it/s]
 71%|███████   | 1211/1704 [01:38<00:37, 13.14it/s]
 71%|███████   | 1213/1704 [01:38<00:37, 13.12it/s]
 71%|███████▏  | 1215/1704 [01:39<00:37, 13.01it/s]
 71%|███████▏  | 1217/1704 [01:39<00:38, 12.79it/s]
 72%|███████▏  | 1219/1704 [01:39<00:37, 12.85it/s]
 72%|███████▏  | 1221/1704 [01:39<00:36, 13.11it/s]
 72%|███████▏  | 1223/1704 [01:39<00:37, 12.95it/s]
 72%|███████▏  | 1225/1704 [01:39<00:36, 13.16it/s]
 72%|███████▏  | 1227/1704 [01:40<00:36, 13.22it/s]
 72%|███████▏  | 1229/1704 [01:40<00:35, 13.35it/s]
 72%|███████▏  | 1231/1704 [01:40<00:35, 13.37it/s]
 72%|███████▏  | 1233/1704 [01:40<00:35, 13.10it/s]
 72%|███████▏  | 1235/1704 [01:40<00:35, 13.03it/s]
 73%|███████▎  | 1237/1704 [01:40<00:35, 13.16it/s]
 73%|███████▎  | 1239/1704 [01:40<00:35, 13.21it/s]
 73%|███████▎  | 1241/1704 [01:41<00:34, 13.35it/s]
 73%|███████▎  | 1243/1704 [01:41<00:35, 12.99it/s]
 73%|███████▎  | 1245/1704 [01:41<00:34, 13.14it/s]
 73%|███████▎  | 1247/1704 [01:41<00:35, 13.01it/s]
 73%|███████▎  | 1249/1704 [01:41<00:34, 13.25it/s]
 73%|███████▎  | 1251/1704 [01:41<00:34, 13.20it/s]
 74%|███████▎  | 1253/1704 [01:42<00:34, 13.21it/s]
 74%|███████▎  | 1255/1704 [01:42<00:34, 12.98it/s]
 74%|███████▍  | 1257/1704 [01:42<00:34, 13.04it/s]
 74%|███████▍  | 1259/1704 [01:42<00:34, 12.92it/s]
 74%|███████▍  | 1261/1704 [01:42<00:33, 13.03it/s]
 74%|███████▍  | 1263/1704 [01:42<00:33, 13.00it/s]
 74%|███████▍  | 1265/1704 [01:42<00:33, 13.21it/s]
 74%|███████▍  | 1267/1704 [01:43<00:32, 13.29it/s]
 74%|███████▍  | 1269/1704 [01:43<00:32, 13.28it/s]
 75%|███████▍  | 1271/1704 [01:43<00:32, 13.50it/s]
 75%|███████▍  | 1273/1704 [01:43<00:32, 13.32it/s]
 75%|███████▍  | 1275/1704 [01:43<00:32, 13.29it/s]
 75%|███████▍  | 1277/1704 [01:43<00:32, 13.22it/s]
 75%|███████▌  | 1279/1704 [01:43<00:31, 13.46it/s]
 75%|███████▌  | 1281/1704 [01:44<00:31, 13.40it/s]
 75%|███████▌  | 1283/1704 [01:44<00:31, 13.51it/s]
 75%|███████▌  | 1285/1704 [01:44<00:30, 13.72it/s]
 76%|███████▌  | 1287/1704 [01:44<00:31, 13.18it/s]
 76%|███████▌  | 1289/1704 [01:44<00:31, 13.20it/s]
 76%|███████▌  | 1291/1704 [01:44<00:30, 13.34it/s]
 76%|███████▌  | 1293/1704 [01:45<00:30, 13.47it/s]
 76%|███████▌  | 1295/1704 [01:45<00:31, 13.19it/s]
 76%|███████▌  | 1297/1704 [01:45<00:31, 13.10it/s]
 76%|███████▌  | 1299/1704 [01:45<00:30, 13.13it/s]
 76%|███████▋  | 1301/1704 [01:45<00:30, 13.24it/s]
 76%|███████▋  | 1303/1704 [01:45<00:30, 13.29it/s]
 77%|███████▋  | 1305/1704 [01:45<00:30, 13.23it/s]
 77%|███████▋  | 1307/1704 [01:46<00:29, 13.24it/s]
 77%|███████▋  | 1309/1704 [01:46<00:29, 13.29it/s]
 77%|███████▋  | 1311/1704 [01:46<00:29, 13.27it/s]
 77%|███████▋  | 1313/1704 [01:46<00:29, 13.31it/s]
 77%|███████▋  | 1315/1704 [01:46<00:29, 13.40it/s]
 77%|███████▋  | 1317/1704 [01:46<00:29, 13.09it/s]
 77%|███████▋  | 1319/1704 [01:47<00:29, 12.99it/s]
 78%|███████▊  | 1321/1704 [01:47<00:28, 13.32it/s]
 78%|███████▊  | 1323/1704 [01:47<00:28, 13.51it/s]
 78%|███████▊  | 1325/1704 [01:47<00:28, 13.48it/s]
 78%|███████▊  | 1327/1704 [01:47<00:28, 13.41it/s]
 78%|███████▊  | 1329/1704 [01:47<00:28, 13.07it/s]
 78%|███████▊  | 1331/1704 [01:47<00:27, 13.44it/s]
 78%|███████▊  | 1333/1704 [01:48<00:28, 13.15it/s]
 78%|███████▊  | 1335/1704 [01:48<00:28, 13.02it/s]
 78%|███████▊  | 1337/1704 [01:48<00:27, 13.35it/s]
 79%|███████▊  | 1339/1704 [01:48<00:27, 13.35it/s]
 79%|███████▊  | 1341/1704 [01:48<00:27, 13.43it/s]
 79%|███████▉  | 1343/1704 [01:48<00:26, 13.68it/s]
 79%|███████▉  | 1345/1704 [01:48<00:26, 13.56it/s]
 79%|███████▉  | 1347/1704 [01:49<00:26, 13.55it/s]
 79%|███████▉  | 1349/1704 [01:49<00:26, 13.48it/s]
 79%|███████▉  | 1351/1704 [01:49<00:26, 13.30it/s]
 79%|███████▉  | 1353/1704 [01:49<00:27, 12.81it/s]
 80%|███████▉  | 1355/1704 [01:49<00:27, 12.87it/s]
 80%|███████▉  | 1357/1704 [01:49<00:26, 13.03it/s]
 80%|███████▉  | 1359/1704 [01:50<00:26, 13.19it/s]
 80%|███████▉  | 1361/1704 [01:50<00:25, 13.21it/s]
 80%|███████▉  | 1363/1704 [01:50<00:25, 13.23it/s]
 80%|████████  | 1365/1704 [01:50<00:25, 13.16it/s]
 80%|████████  | 1367/1704 [01:50<00:25, 13.18it/s]
 80%|████████  | 1369/1704 [01:50<00:25, 13.05it/s]
 80%|████████  | 1371/1704 [01:50<00:25, 13.26it/s]
 81%|████████  | 1373/1704 [01:51<00:24, 13.26it/s]
 81%|████████  | 1375/1704 [01:51<00:25, 12.66it/s]
 81%|████████  | 1377/1704 [01:51<00:25, 12.94it/s]
 81%|████████  | 1379/1704 [01:51<00:24, 13.10it/s]
 81%|████████  | 1381/1704 [01:51<00:24, 13.21it/s]
 81%|████████  | 1383/1704 [01:51<00:24, 13.15it/s]
 81%|████████▏ | 1385/1704 [01:51<00:24, 13.01it/s]
 81%|████████▏ | 1387/1704 [01:52<00:24, 12.79it/s]
 82%|████████▏ | 1389/1704 [01:52<00:24, 12.91it/s]
 82%|████████▏ | 1391/1704 [01:52<00:24, 13.01it/s]
 82%|████████▏ | 1393/1704 [01:52<00:23, 13.03it/s]
 82%|████████▏ | 1395/1704 [01:52<00:23, 13.00it/s]
 82%|████████▏ | 1397/1704 [01:52<00:23, 12.99it/s]
 82%|████████▏ | 1399/1704 [01:53<00:24, 12.65it/s]
 82%|████████▏ | 1401/1704 [01:53<00:24, 12.22it/s]
 82%|████████▏ | 1403/1704 [01:53<00:24, 12.51it/s]
 82%|████████▏ | 1405/1704 [01:53<00:23, 12.99it/s]
 83%|████████▎ | 1407/1704 [01:53<00:22, 13.13it/s]
 83%|████████▎ | 1409/1704 [01:53<00:22, 13.39it/s]
 83%|████████▎ | 1411/1704 [01:53<00:21, 13.64it/s]
 83%|████████▎ | 1413/1704 [01:54<00:21, 13.51it/s]
 83%|████████▎ | 1415/1704 [01:54<00:21, 13.35it/s]
 83%|████████▎ | 1417/1704 [01:54<00:21, 13.32it/s]
 83%|████████▎ | 1419/1704 [01:54<00:21, 13.22it/s]
 83%|████████▎ | 1421/1704 [01:54<00:21, 13.22it/s]
 84%|████████▎ | 1423/1704 [01:54<00:21, 13.12it/s]
 84%|████████▎ | 1425/1704 [01:55<00:21, 13.22it/s]
 84%|████████▎ | 1427/1704 [01:55<00:20, 13.21it/s]
 84%|████████▍ | 1429/1704 [01:55<00:20, 13.11it/s]
 84%|████████▍ | 1431/1704 [01:55<00:20, 13.00it/s]
 84%|████████▍ | 1433/1704 [01:55<00:20, 13.07it/s]
 84%|████████▍ | 1435/1704 [01:55<00:20, 13.25it/s]
 84%|████████▍ | 1437/1704 [01:55<00:19, 13.52it/s]
 84%|████████▍ | 1439/1704 [01:56<00:19, 13.50it/s]
 85%|████████▍ | 1441/1704 [01:56<00:19, 13.29it/s]
 85%|████████▍ | 1443/1704 [01:56<00:19, 13.22it/s]
 85%|████████▍ | 1445/1704 [01:56<00:19, 13.07it/s]
 85%|████████▍ | 1447/1704 [01:56<00:19, 13.20it/s]
 85%|████████▌ | 1449/1704 [01:56<00:18, 13.48it/s]
 85%|████████▌ | 1451/1704 [01:57<00:18, 13.36it/s]
 85%|████████▌ | 1453/1704 [01:57<00:18, 13.46it/s]
 85%|████████▌ | 1455/1704 [01:57<00:18, 13.42it/s]
 86%|████████▌ | 1457/1704 [01:57<00:18, 13.42it/s]
 86%|████████▌ | 1459/1704 [01:57<00:18, 13.50it/s]
 86%|████████▌ | 1461/1704 [01:57<00:18, 13.37it/s]
 86%|████████▌ | 1463/1704 [01:57<00:18, 13.33it/s]
 86%|████████▌ | 1465/1704 [01:58<00:18, 13.10it/s]
 86%|████████▌ | 1467/1704 [01:58<00:18, 12.88it/s]
 86%|████████▌ | 1469/1704 [01:58<00:18, 12.75it/s]
 86%|████████▋ | 1471/1704 [01:58<00:17, 13.06it/s]
 86%|████████▋ | 1473/1704 [01:58<00:18, 12.82it/s]
 87%|████████▋ | 1475/1704 [01:58<00:17, 13.04it/s]
 87%|████████▋ | 1477/1704 [01:58<00:17, 13.15it/s]
 87%|████████▋ | 1479/1704 [01:59<00:17, 13.13it/s]
 87%|████████▋ | 1481/1704 [01:59<00:16, 13.35it/s]
 87%|████████▋ | 1483/1704 [01:59<00:16, 13.15it/s]
 87%|████████▋ | 1485/1704 [01:59<00:16, 13.14it/s]
 87%|████████▋ | 1487/1704 [01:59<00:16, 13.54it/s]
 87%|████████▋ | 1489/1704 [01:59<00:16, 13.26it/s]
 88%|████████▊ | 1491/1704 [02:00<00:16, 13.29it/s]
 88%|████████▊ | 1493/1704 [02:00<00:15, 13.36it/s]
 88%|████████▊ | 1495/1704 [02:00<00:15, 13.23it/s]
 88%|████████▊ | 1497/1704 [02:00<00:15, 13.26it/s]
 88%|████████▊ | 1499/1704 [02:00<00:15, 12.98it/s]
                                                   

 88%|████████▊ | 1500/1704 [02:00<00:15, 12.98it/s][INFO|trainer.py:3993] 2025-05-25 09:52:26,769 >> Saving model checkpoint to /project/hrao/Meta-Resample/output/mit_movie_trivia_bert_run1/checkpoint-1500
[INFO|configuration_utils.py:424] 2025-05-25 09:52:26,772 >> Configuration saved in /project/hrao/Meta-Resample/output/mit_movie_trivia_bert_run1/checkpoint-1500/config.json
[INFO|modeling_utils.py:3724] 2025-05-25 09:52:27,768 >> Model weights saved in /project/hrao/Meta-Resample/output/mit_movie_trivia_bert_run1/checkpoint-1500/model.safetensors
[INFO|tokenization_utils_base.py:2525] 2025-05-25 09:52:27,793 >> tokenizer config file saved in /project/hrao/Meta-Resample/output/mit_movie_trivia_bert_run1/checkpoint-1500/tokenizer_config.json
[INFO|tokenization_utils_base.py:2534] 2025-05-25 09:52:27,807 >> Special tokens file saved in /project/hrao/Meta-Resample/output/mit_movie_trivia_bert_run1/checkpoint-1500/special_tokens_map.json

 88%|████████▊ | 1501/1704 [02:04<01:59,  1.70it/s]
 88%|████████▊ | 1503/1704 [02:04<01:27,  2.31it/s]
 88%|████████▊ | 1505/1704 [02:04<01:05,  3.06it/s]
 88%|████████▊ | 1507/1704 [02:04<00:49,  4.00it/s]
 89%|████████▊ | 1509/1704 [02:04<00:38,  5.05it/s]
 89%|████████▊ | 1511/1704 [02:04<00:31,  6.21it/s]
 89%|████████▉ | 1513/1704 [02:05<00:25,  7.51it/s]
 89%|████████▉ | 1515/1704 [02:05<00:21,  8.69it/s]
 89%|████████▉ | 1517/1704 [02:05<00:18,  9.97it/s]
 89%|████████▉ | 1519/1704 [02:05<00:17, 10.81it/s]
 89%|████████▉ | 1521/1704 [02:05<00:16, 11.19it/s]
 89%|████████▉ | 1523/1704 [02:05<00:15, 11.86it/s]
 89%|████████▉ | 1525/1704 [02:05<00:14, 12.11it/s]
 90%|████████▉ | 1527/1704 [02:06<00:14, 12.59it/s]
 90%|████████▉ | 1529/1704 [02:06<00:13, 12.75it/s]
 90%|████████▉ | 1531/1704 [02:06<00:13, 13.22it/s]
 90%|████████▉ | 1533/1704 [02:06<00:12, 13.16it/s]
 90%|█████████ | 1535/1704 [02:06<00:12, 13.11it/s]
 90%|█████████ | 1537/1704 [02:06<00:12, 13.03it/s]
 90%|█████████ | 1539/1704 [02:07<00:12, 13.00it/s]
 90%|█████████ | 1541/1704 [02:07<00:12, 13.26it/s]
 91%|█████████ | 1543/1704 [02:07<00:12, 13.23it/s]
 91%|█████████ | 1545/1704 [02:07<00:12, 13.02it/s]
 91%|█████████ | 1547/1704 [02:07<00:12, 12.95it/s]
 91%|█████████ | 1549/1704 [02:07<00:12, 12.56it/s]
 91%|█████████ | 1551/1704 [02:07<00:12, 12.43it/s]
 91%|█████████ | 1553/1704 [02:08<00:11, 12.64it/s]
 91%|█████████▏| 1555/1704 [02:08<00:11, 12.67it/s]
 91%|█████████▏| 1557/1704 [02:08<00:11, 12.94it/s]
 91%|█████████▏| 1559/1704 [02:08<00:11, 12.91it/s]
 92%|█████████▏| 1561/1704 [02:08<00:11, 12.88it/s]
 92%|█████████▏| 1563/1704 [02:08<00:10, 12.89it/s]
 92%|█████████▏| 1565/1704 [02:09<00:10, 13.19it/s]
 92%|█████████▏| 1567/1704 [02:09<00:10, 13.41it/s]
 92%|█████████▏| 1569/1704 [02:09<00:10, 13.48it/s]
 92%|█████████▏| 1571/1704 [02:09<00:09, 13.50it/s]
 92%|█████████▏| 1573/1704 [02:09<00:09, 13.41it/s]
 92%|█████████▏| 1575/1704 [02:09<00:09, 13.32it/s]
 93%|█████████▎| 1577/1704 [02:09<00:09, 13.00it/s]
 93%|█████████▎| 1579/1704 [02:10<00:09, 13.10it/s]
 93%|█████████▎| 1581/1704 [02:10<00:09, 13.18it/s]
 93%|█████████▎| 1583/1704 [02:10<00:09, 12.50it/s]
 93%|█████████▎| 1585/1704 [02:10<00:09, 12.68it/s]
 93%|█████████▎| 1587/1704 [02:10<00:08, 13.01it/s]
 93%|█████████▎| 1589/1704 [02:10<00:08, 13.43it/s]
 93%|█████████▎| 1591/1704 [02:11<00:08, 12.95it/s]
 93%|█████████▎| 1593/1704 [02:11<00:08, 12.98it/s]
 94%|█████████▎| 1595/1704 [02:11<00:08, 13.09it/s]
 94%|█████████▎| 1597/1704 [02:11<00:08, 13.31it/s]
 94%|█████████▍| 1599/1704 [02:11<00:07, 13.32it/s]
 94%|█████████▍| 1601/1704 [02:11<00:07, 13.26it/s]
 94%|█████████▍| 1603/1704 [02:11<00:07, 13.28it/s]
 94%|█████████▍| 1605/1704 [02:12<00:07, 13.49it/s]
 94%|█████████▍| 1607/1704 [02:12<00:07, 13.54it/s]
 94%|█████████▍| 1609/1704 [02:12<00:07, 13.55it/s]
 95%|█████████▍| 1611/1704 [02:12<00:06, 13.57it/s]
 95%|█████████▍| 1613/1704 [02:12<00:06, 13.29it/s]
 95%|█████████▍| 1615/1704 [02:12<00:06, 13.14it/s]
 95%|█████████▍| 1617/1704 [02:12<00:06, 13.24it/s]
 95%|█████████▌| 1619/1704 [02:13<00:06, 13.07it/s]
 95%|█████████▌| 1621/1704 [02:13<00:06, 13.32it/s]
 95%|█████████▌| 1623/1704 [02:13<00:06, 12.69it/s]
 95%|█████████▌| 1625/1704 [02:13<00:06, 12.81it/s]
 95%|█████████▌| 1627/1704 [02:13<00:06, 12.76it/s]
 96%|█████████▌| 1629/1704 [02:13<00:05, 13.01it/s]
 96%|█████████▌| 1631/1704 [02:14<00:05, 13.00it/s]
 96%|█████████▌| 1633/1704 [02:14<00:05, 12.97it/s]
 96%|█████████▌| 1635/1704 [02:14<00:05, 13.06it/s]
 96%|█████████▌| 1637/1704 [02:14<00:05, 13.01it/s]
 96%|█████████▌| 1639/1704 [02:14<00:04, 13.08it/s]
 96%|█████████▋| 1641/1704 [02:14<00:04, 13.00it/s]
 96%|█████████▋| 1643/1704 [02:15<00:04, 13.04it/s]
 97%|█████████▋| 1645/1704 [02:15<00:04, 13.12it/s]
 97%|█████████▋| 1647/1704 [02:15<00:04, 13.15it/s]
 97%|█████████▋| 1649/1704 [02:15<00:04, 13.17it/s]
 97%|█████████▋| 1651/1704 [02:15<00:03, 13.27it/s]
 97%|█████████▋| 1653/1704 [02:15<00:03, 13.40it/s]
 97%|█████████▋| 1655/1704 [02:15<00:03, 13.37it/s]
 97%|█████████▋| 1657/1704 [02:16<00:03, 13.51it/s]
 97%|█████████▋| 1659/1704 [02:16<00:03, 13.29it/s]
 97%|█████████▋| 1661/1704 [02:16<00:03, 13.25it/s]
 98%|█████████▊| 1663/1704 [02:16<00:03, 13.36it/s]
 98%|█████████▊| 1665/1704 [02:16<00:02, 13.54it/s]
 98%|█████████▊| 1667/1704 [02:16<00:02, 13.53it/s]
 98%|█████████▊| 1669/1704 [02:16<00:02, 13.52it/s]
 98%|█████████▊| 1671/1704 [02:17<00:02, 13.49it/s]
 98%|█████████▊| 1673/1704 [02:17<00:02, 13.50it/s]
 98%|█████████▊| 1675/1704 [02:17<00:02, 13.39it/s]
 98%|█████████▊| 1677/1704 [02:17<00:02, 13.10it/s]
 99%|█████████▊| 1679/1704 [02:17<00:01, 13.03it/s]
 99%|█████████▊| 1681/1704 [02:17<00:01, 13.05it/s]
 99%|█████████▉| 1683/1704 [02:18<00:01, 13.01it/s]
 99%|█████████▉| 1685/1704 [02:18<00:01, 12.97it/s]
 99%|█████████▉| 1687/1704 [02:18<00:01, 13.34it/s]
 99%|█████████▉| 1689/1704 [02:18<00:01, 13.36it/s]
 99%|█████████▉| 1691/1704 [02:18<00:00, 13.51it/s]
 99%|█████████▉| 1693/1704 [02:18<00:00, 13.33it/s]
 99%|█████████▉| 1695/1704 [02:18<00:00, 13.31it/s]
100%|█████████▉| 1697/1704 [02:19<00:00, 13.31it/s]
100%|█████████▉| 1699/1704 [02:19<00:00, 13.30it/s]
100%|█████████▉| 1701/1704 [02:19<00:00, 13.23it/s]
100%|█████████▉| 1703/1704 [02:19<00:00, 13.26it/s][INFO|trainer.py:3993] 2025-05-25 09:52:45,614 >> Saving model checkpoint to /project/hrao/Meta-Resample/output/mit_movie_trivia_bert_run1/checkpoint-1704
[INFO|configuration_utils.py:424] 2025-05-25 09:52:45,620 >> Configuration saved in /project/hrao/Meta-Resample/output/mit_movie_trivia_bert_run1/checkpoint-1704/config.json
[INFO|modeling_utils.py:3724] 2025-05-25 09:52:46,801 >> Model weights saved in /project/hrao/Meta-Resample/output/mit_movie_trivia_bert_run1/checkpoint-1704/model.safetensors
[INFO|tokenization_utils_base.py:2525] 2025-05-25 09:52:46,824 >> tokenizer config file saved in /project/hrao/Meta-Resample/output/mit_movie_trivia_bert_run1/checkpoint-1704/tokenizer_config.json
[INFO|tokenization_utils_base.py:2534] 2025-05-25 09:52:46,837 >> Special tokens file saved in /project/hrao/Meta-Resample/output/mit_movie_trivia_bert_run1/checkpoint-1704/special_tokens_map.json
[INFO|trainer.py:2676] 2025-05-25 09:52:49,252 >> 

Training completed. Do not forget to share your model on huggingface.co/models =)



                                                   

100%|██████████| 1704/1704 [02:23<00:00, 13.26it/s]
100%|██████████| 1704/1704 [02:23<00:00, 11.89it/s]
[INFO|trainer.py:3993] 2025-05-25 09:52:49,278 >> Saving model checkpoint to /project/hrao/Meta-Resample/output/mit_movie_trivia_bert_run1
[INFO|configuration_utils.py:424] 2025-05-25 09:52:49,282 >> Configuration saved in /project/hrao/Meta-Resample/output/mit_movie_trivia_bert_run1/config.json
[INFO|modeling_utils.py:3724] 2025-05-25 09:52:50,576 >> Model weights saved in /project/hrao/Meta-Resample/output/mit_movie_trivia_bert_run1/model.safetensors
[INFO|tokenization_utils_base.py:2525] 2025-05-25 09:52:50,600 >> tokenizer config file saved in /project/hrao/Meta-Resample/output/mit_movie_trivia_bert_run1/tokenizer_config.json
[INFO|tokenization_utils_base.py:2534] 2025-05-25 09:52:50,614 >> Special tokens file saved in /project/hrao/Meta-Resample/output/mit_movie_trivia_bert_run1/special_tokens_map.json
{'loss': 0.5116, 'grad_norm': 2.2959554195404053, 'learning_rate': 1.4143192488262912e-05, 'epoch': 2.35}
{'loss': 0.2466, 'grad_norm': 2.4568231105804443, 'learning_rate': 8.274647887323944e-06, 'epoch': 4.69}
{'loss': 0.1878, 'grad_norm': 1.494496464729309, 'learning_rate': 2.406103286384977e-06, 'epoch': 7.04}
{'train_runtime': 143.2369, 'train_samples_per_second': 380.684, 'train_steps_per_second': 11.896, 'train_loss': 0.2974027154591162, 'epoch': 8.0}
***** train metrics *****
  epoch                    =        8.0
  total_flos               =  1074438GF
  train_loss               =     0.2974
  train_runtime            = 0:02:23.23
  train_samples            =       6816
  train_samples_per_second =    380.684
  train_steps_per_second   =     11.896
05/25/2025 09:52:50 - INFO - __main__ - *** Evaluate ***
[INFO|trainer.py:934] 2025-05-25 09:52:50,644 >> The following columns in the Evaluation set don't have a corresponding argument in `BertForTokenClassification.forward` and have been ignored: ner_tags, tokens. If ner_tags, tokens are not expected by `BertForTokenClassification.forward`,  you can safely ignore this message.
[INFO|trainer.py:4327] 2025-05-25 09:52:50,646 >> 
***** Running Evaluation *****
[INFO|trainer.py:4329] 2025-05-25 09:52:50,646 >>   Num examples = 1000
[INFO|trainer.py:4332] 2025-05-25 09:52:50,646 >>   Batch size = 8

  0%|          | 0/125 [00:00<?, ?it/s]
  9%|▉         | 11/125 [00:00<00:01, 99.43it/s]
 17%|█▋        | 21/125 [00:00<00:01, 93.75it/s]
 25%|██▍       | 31/125 [00:00<00:01, 92.44it/s]
 33%|███▎      | 41/125 [00:00<00:00, 91.73it/s]
 41%|████      | 51/125 [00:00<00:00, 91.89it/s]
 49%|████▉     | 61/125 [00:00<00:00, 90.58it/s]
 57%|█████▋    | 71/125 [00:00<00:00, 90.06it/s]
 65%|██████▍   | 81/125 [00:00<00:00, 90.65it/s]
 73%|███████▎  | 91/125 [00:00<00:00, 90.52it/s]
 81%|████████  | 101/125 [00:01<00:00, 89.93it/s]
 89%|████████▉ | 111/125 [00:01<00:00, 90.05it/s]
 97%|█████████▋| 121/125 [00:01<00:00, 90.83it/s]
100%|██████████| 125/125 [00:01<00:00, 75.47it/s]
***** eval metrics *****
  epoch                         =        8.0
  eval_Actor_f1                 =     0.9602
  eval_Actor_number             =        591
  eval_Actor_precision          =     0.9415
  eval_Actor_recall             =     0.9797
  eval_Award_f1                 =     0.4894
  eval_Award_number             =         41
  eval_Award_precision          =      0.434
  eval_Award_recall             =      0.561
  eval_Character_Name_f1        =     0.7222
  eval_Character_Name_number    =        104
  eval_Character_Name_precision =     0.6964
  eval_Character_Name_recall    =       0.75
  eval_Director_f1              =     0.8383
  eval_Director_number          =        206
  eval_Director_precision       =     0.7897
  eval_Director_recall          =     0.8932
  eval_Genre_f1                 =     0.6813
  eval_Genre_number             =        387
  eval_Genre_precision          =     0.6804
  eval_Genre_recall             =     0.6822
  eval_Opinion_f1               =     0.3818
  eval_Opinion_number           =         87
  eval_Opinion_precision        =     0.3158
  eval_Opinion_recall           =     0.4828
  eval_Origin_f1                =     0.3463
  eval_Origin_number            =        110
  eval_Origin_precision         =     0.3306
  eval_Origin_recall            =     0.3636
  eval_Plot_f1                  =     0.4962
  eval_Plot_number              =        802
  eval_Plot_precision           =     0.4619
  eval_Plot_recall              =     0.5362
  eval_Quote_f1                 =       0.72
  eval_Quote_number             =         13
  eval_Quote_precision          =       0.75
  eval_Quote_recall             =     0.6923
  eval_Relationship_f1          =     0.3409
  eval_Relationship_number      =         69
  eval_Relationship_precision   =     0.2804
  eval_Relationship_recall      =     0.4348
  eval_Soundtrack_f1            =        0.0
  eval_Soundtrack_number        =          5
  eval_Soundtrack_precision     =        0.0
  eval_Soundtrack_recall        =        0.0
  eval_Year_f1                  =     0.9539
  eval_Year_number              =        311
  eval_Year_precision           =     0.9434
  eval_Year_recall              =     0.9646
  eval_loss                     =     0.3987
  eval_overall_accuracy         =      0.888
  eval_overall_f1               =     0.6879
  eval_overall_precision        =     0.6536
  eval_overall_recall           =      0.726
  eval_runtime                  = 0:00:01.64
  eval_samples                  =       1000
  eval_samples_per_second       =    608.809
  eval_steps_per_second         =     76.101
05/25/2025 09:52:52 - INFO - __main__ - *** Predict ***
[INFO|trainer.py:934] 2025-05-25 09:52:52,320 >> The following columns in the test set don't have a corresponding argument in `BertForTokenClassification.forward` and have been ignored: ner_tags, tokens. If ner_tags, tokens are not expected by `BertForTokenClassification.forward`,  you can safely ignore this message.
[INFO|trainer.py:4327] 2025-05-25 09:52:52,321 >> 
***** Running Prediction *****
[INFO|trainer.py:4329] 2025-05-25 09:52:52,321 >>   Num examples = 1953
[INFO|trainer.py:4332] 2025-05-25 09:52:52,321 >>   Batch size = 8

  0%|          | 0/245 [00:00<?, ?it/s]
  4%|▍         | 11/245 [00:00<00:02, 100.02it/s]
  9%|▉         | 22/245 [00:00<00:02, 97.02it/s] 
 13%|█▎        | 32/245 [00:00<00:02, 95.97it/s]
 17%|█▋        | 42/245 [00:00<00:02, 94.28it/s]
 21%|██        | 52/245 [00:00<00:02, 93.70it/s]
 25%|██▌       | 62/245 [00:00<00:01, 94.08it/s]
 29%|██▉       | 72/245 [00:00<00:01, 92.64it/s]
 33%|███▎      | 82/245 [00:00<00:01, 91.46it/s]
 38%|███▊      | 92/245 [00:00<00:01, 91.59it/s]
 42%|████▏     | 102/245 [00:01<00:01, 91.49it/s]
 46%|████▌     | 112/245 [00:01<00:01, 90.98it/s]
 50%|████▉     | 122/245 [00:01<00:01, 92.18it/s]
 54%|█████▍    | 132/245 [00:01<00:01, 91.40it/s]
 58%|█████▊    | 142/245 [00:01<00:01, 91.63it/s]
 62%|██████▏   | 152/245 [00:01<00:01, 91.53it/s]
 66%|██████▌   | 162/245 [00:01<00:00, 92.05it/s]
 70%|███████   | 172/245 [00:01<00:00, 92.22it/s]
 74%|███████▍  | 182/245 [00:01<00:00, 90.16it/s]
 78%|███████▊  | 192/245 [00:02<00:00, 89.67it/s]
 82%|████████▏ | 202/245 [00:02<00:00, 89.99it/s]
 87%|████████▋ | 212/245 [00:02<00:00, 90.28it/s]
 91%|█████████ | 222/245 [00:02<00:00, 91.42it/s]
 95%|█████████▍| 232/245 [00:02<00:00, 91.93it/s]
 99%|█████████▉| 242/245 [00:02<00:00, 92.86it/s]
100%|██████████| 245/245 [00:03<00:00, 77.01it/s]
[INFO|modelcard.py:450] 2025-05-25 09:52:55,671 >> Dropping the following result as it does not have all the necessary fields:
{'task': {'name': 'Token Classification', 'type': 'token-classification'}}
***** predict metrics *****
  predict_Actor_f1                 =     0.9465
  predict_Actor_number             =       1274
  predict_Actor_precision          =     0.9289
  predict_Actor_recall             =     0.9647
  predict_Award_f1                 =     0.5034
  predict_Award_number             =         66
  predict_Award_precision          =     0.4568
  predict_Award_recall             =     0.5606
  predict_Character_Name_f1        =     0.6789
  predict_Character_Name_number    =        283
  predict_Character_Name_precision =     0.6444
  predict_Character_Name_recall    =     0.7173
  predict_Director_f1              =     0.8795
  predict_Director_number          =        425
  predict_Director_precision       =     0.8505
  predict_Director_recall          =     0.9106
  predict_Genre_f1                 =     0.7325
  predict_Genre_number             =        789
  predict_Genre_precision          =     0.7054
  predict_Genre_recall             =     0.7617
  predict_Opinion_f1               =      0.441
  predict_Opinion_number           =        195
  predict_Opinion_precision        =     0.3898
  predict_Opinion_recall           =     0.5077
  predict_Origin_f1                =     0.3178
  predict_Origin_number            =        190
  predict_Origin_precision         =     0.2968
  predict_Origin_recall            =     0.3421
  predict_Plot_f1                  =     0.4758
  predict_Plot_number              =       1577
  predict_Plot_precision           =     0.4504
  predict_Plot_recall              =     0.5041
  predict_Quote_f1                 =     0.6408
  predict_Quote_number             =         47
  predict_Quote_precision          =     0.5893
  predict_Quote_recall             =     0.7021
  predict_Relationship_f1          =     0.5108
  predict_Relationship_number      =        171
  predict_Relationship_precision   =     0.4726
  predict_Relationship_recall      =     0.5556
  predict_Soundtrack_f1            =     0.1176
  predict_Soundtrack_number        =          8
  predict_Soundtrack_precision     =     0.1111
  predict_Soundtrack_recall        =      0.125
  predict_Year_f1                  =      0.964
  predict_Year_number              =        661
  predict_Year_precision           =     0.9568
  predict_Year_recall              =     0.9713
  predict_loss                     =      0.408
  predict_overall_accuracy         =      0.886
  predict_overall_f1               =     0.7045 ✅
  predict_overall_precision        =     0.6752
  predict_overall_recall           =     0.7364
  predict_runtime                  = 0:00:03.19
  predict_samples_per_second       =    611.483
  predict_steps_per_second         =     76.709
